# NEW LOG
# format=1.3.6nano
# deadtime=on
# NEW LOG
# format=1.3.6nano
# deadtime=on
# NEW LOG
# format=1.3.6nano
# deadtime=on
# NEW LOG
# format=1.3.6nano
# deadtime=on
$BNRDD,1326,2019-03-20T06:35:20Z,24,1,24,V,0629.3175,N,12449.0936,E,98.10,A,9,99*5E
# NEW LOG
# format=1.3.6nano
# deadtime=on
$BNRDD,1326,2019-03-20T08:35:11Z,39,4,110,A,0629.3196,N,12449.0806,E,84.80,A,8,110*40
$BNRDD,1326,2019-03-20T08:35:16Z,39,3,113,A,0629.3178,N,12449.0802,E,84.70,A,8,110*48
# NEW LOG
# format=1.3.6nano
# deadtime=on
$BNRDD,1326,2019-03-20T08:36:23Z,542,93,542,V,0629.3136,N,12449.0759,E,84.50,A,9,89*63
$BNRDD,1326,2019-03-20T08:36:28Z,616,74,616,V,0629.3155,N,12449.0795,E,84.20,A,9,89*63
$BNRDD,1326,2019-03-20T08:36:33Z,674,58,674,V,0629.3185,N,12449.0826,E,84.30,A,10,89*54
$BNRDD,1326,2019-03-20T08:36:38Z,765,90,764,V,0629.3208,N,12449.0855,E,84.70,A,9,99*65
$BNRDD,1326,2019-03-20T08:36:43Z,849,84,848,V,0629.3194,N,12449.0882,E,85.00,A,9,99*66
$BNRDD,1326,2019-03-20T08:36:48Z,979,130,978,V,0629.3191,N,12449.0874,E,85.10,A,9,99*5E
$BNRDD,1326,2019-03-20T08:36:53Z,1138,158,1136,V,0629.3197,N,12449.0869,E,85.20,A,9,99*5C
$BNRDD,1326,2019-03-20T08:36:58Z,1293,154,1290,V,0629.3198,N,12449.0865,E,85.20,A,9,99*55
$BNRDD,1326,2019-03-20T08:37:03Z,1461,167,1457,V,0629.3198,N,12449.0861,E,85.20,A,10,95*6C
$BNRDD,1326,2019-03-20T08:37:08Z,1625,164,1621,V,0629.3200,N,12449.0853,E,85.20,A,10,95*66
$BNRDD,1326,2019-03-20T08:37:13Z,1442,146,1767,A,0629.3199,N,12449.0849,E,85.20,A,9,100*76
$BNRDD,1326,2019-03-20T08:37:18Z,1462,140,1907,A,0629.3199,N,12449.0848,E,85.20,A,9,100*70
$BNRDD,1326,2019-03-20T08:37:23Z,1511,142,2049,A,0629.3199,N,12449.0847,E,85.20,A,9,100*70
$BNRDD,1326,2019-03-20T08:37:28Z,1590,153,2202,A,0629.3204,N,12449.0854,E,85.10,A,11,84*7D
$BNRDD,1326,2019-03-20T08:37:33Z,1700,167,2369,A,0629.3204,N,12449.0854,E,85.10,A,11,84*77
$BNRDD,1326,2019-03-20T08:37:38Z,1772,162,2531,A,0629.3204,N,12449.0853,E,85.10,A,10,105*49
$BNRDD,1326,2019-03-20T08:37:43Z,1850,161,2692,A,0629.3204,N,12449.0852,E,85.10,A,10,105*42
$BNRDD,1326,2019-03-20T08:37:48Z,1826,106,2798,A,0629.3204,N,12449.0852,E,85.10,A,10,109*4E
$BNRDD,1326,2019-03-20T08:37:53Z,1690,23,2821,A,0629.3205,N,12449.0851,E,85.10,A,10,105*72
$BNRDD,1326,2019-03-20T08:37:58Z,1544,9,2830,A,0629.3207,N,12449.0848,E,85.20,A,12,77*74
$BNRDD,1326,2019-03-20T08:38:03Z,1391,15,2845,A,0629.3207,N,12449.0848,E,85.20,A,12,77*44
$BNRDD,1326,2019-03-20T08:38:08Z,1231,5,2850,A,0629.3208,N,12449.0846,E,85.20,A,11,77*73
$BNRDD,1326,2019-03-20T08:38:13Z,1088,3,2853,A,0629.3209,N,12449.0842,E,85.20,A,11,77*79
$BNRDD,1326,2019-03-20T08:38:18Z,959,12,2865,A,0629.3211,N,12449.0840,E,85.20,A,10,85*74
$BNRDD,1326,2019-03-20T08:38:23Z,832,15,2880,A,0629.3213,N,12449.0836,E,85.20,A,12,77*70
$BNRDD,1326,2019-03-20T08:38:28Z,687,9,2889,A,0629.3214,N,12449.0835,E,85.20,A,12,77*4B
$BNRDD,1326,2019-03-20T08:38:33Z,532,12,2901,A,0629.3216,N,12449.0834,E,85.20,A,12,77*74
$BNRDD,1326,2019-03-20T08:38:38Z,381,11,2912,A,0629.3217,N,12449.0832,E,85.20,A,10,85*78
$BNRDD,1326,2019-03-20T08:38:43Z,230,10,2922,A,0629.3217,N,12449.0832,E,85.20,A,11,77*71
$BNRDD,1326,2019-03-20T08:38:48Z,135,11,2933,A,0629.3216,N,12449.0832,E,85.20,A,11,77*7C
$BNRDD,1326,2019-03-20T08:38:53Z,122,10,2943,A,0629.3215,N,12449.0834,E,85.20,A,11,77*73
$BNRDD,1326,2019-03-20T08:38:58Z,118,5,2948,A,0629.3213,N,12449.0836,E,85.20,A,11,77*4A
$BNRDD,1326,2019-03-20T08:39:03Z,115,12,2960,A,0629.3213,N,12449.0835,E,85.20,A,10,85*7B
$BNRDD,1326,2019-03-20T08:39:08Z,122,12,2972,A,0629.3215,N,12449.0835,E,85.20,A,10,85*71
$BNRDD,1326,2019-03-20T08:39:13Z,135,16,2988,A,0629.3215,N,12449.0834,E,85.20,A,10,85*7D
$BNRDD,1326,2019-03-20T08:39:18Z,133,10,2998,A,0629.3215,N,12449.0833,E,85.20,A,10,85*70
$BNRDD,1326,2019-03-20T08:39:23Z,129,11,3009,A,0629.3217,N,12449.0832,E,85.20,A,10,86*72
$BNRDD,1326,2019-03-20T08:39:28Z,136,16,3025,A,0629.3218,N,12449.0832,E,85.20,A,10,86*71
$BNRDD,1326,2019-03-20T08:39:33Z,130,6,3031,A,0629.3219,N,12449.0832,E,85.20,A,11,84*4B
$BNRDD,1326,2019-03-20T08:39:38Z,127,8,3039,A,0629.3218,N,12449.0830,E,85.20,A,11,84*43
$BNRDD,1326,2019-03-20T08:39:43Z,126,9,3048,A,0629.3217,N,12449.0828,E,85.20,A,11,84*4F
$BNRDD,1326,2019-03-20T08:39:48Z,122,7,3055,A,0629.3217,N,12449.0825,E,85.20,A,11,84*4F
$BNRDD,1326,2019-03-20T08:39:54Z,126,14,3069,A,0629.3219,N,12449.0824,E,85.20,A,12,77*7B
$BNRDD,1326,2019-03-20T08:39:59Z,128,7,3076,A,0629.3220,N,12449.0822,E,85.30,A,12,77*49
$BNRDD,1326,2019-03-20T08:40:04Z,123,7,3083,A,0629.3221,N,12449.0820,E,85.30,A,12,79*43
$BNRDD,1326,2019-03-20T08:40:09Z,124,13,3096,A,0629.3220,N,12449.0821,E,85.30,A,12,77*76
$BNRDD,1326,2019-03-20T08:40:14Z,124,16,3112,A,0629.3219,N,12449.0821,E,85.30,A,12,77*78
$BNRDD,1326,2019-03-20T08:40:19Z,128,14,3126,A,0629.3218,N,12449.0822,E,85.30,A,12,77*7E
$BNRDD,1326,2019-03-20T08:40:24Z,123,6,3132,A,0629.3217,N,12449.0823,E,85.30,A,12,77*43
$BNRDD,1326,2019-03-20T08:40:29Z,123,16,3148,A,0629.3217,N,12449.0822,E,85.30,A,12,77*73
$BNRDD,1326,2019-03-20T08:40:34Z,124,7,3155,A,0629.3217,N,12449.0821,E,85.30,A,12,77*47
$BNRDD,1326,2019-03-20T08:40:39Z,126,10,3165,A,0629.3216,N,12449.0820,E,85.30,A,12,77*7D
$BNRDD,1326,2019-03-20T08:40:44Z,119,2,3167,A,0629.3215,N,12449.0821,E,85.30,A,12,77*48
$BNRDD,1326,2019-03-20T08:40:49Z,116,4,3171,A,0629.3216,N,12449.0822,E,85.30,A,12,79*45
$BNRDD,1326,2019-03-20T08:40:54Z,104,2,3173,A,0629.3217,N,12449.0821,E,85.30,A,12,77*42
$BNRDD,1326,2019-03-20T08:40:59Z,100,3,3176,A,0629.3218,N,12449.0821,E,85.40,A,12,77*47
$BNRDD,1326,2019-03-20T08:41:04Z,97,4,3180,A,0629.3218,N,12449.0820,E,85.40,A,12,77*7E
$BNRDD,1326,2019-03-20T08:41:09Z,88,4,3184,A,0629.3219,N,12449.0819,E,85.30,A,11,78*79
$BNRDD,1326,2019-03-20T08:41:14Z,79,7,3191,A,0629.3219,N,12449.0818,E,85.30,A,11,78*7D
$BNRDD,1326,2019-03-20T08:41:19Z,75,10,3201,A,0629.3218,N,12449.0817,E,85.30,A,11,78*4E
$BNRDD,1326,2019-03-20T08:41:24Z,72,3,3204,A,0629.3218,N,12449.0818,E,85.30,A,12,77*73
$BNRDD,1326,2019-03-20T08:41:29Z,57,1,3205,A,0629.3219,N,12449.0817,E,85.30,A,11,78*78
$BNRDD,1326,2019-03-20T08:41:34Z,54,4,3209,A,0629.3223,N,12449.0816,E,85.30,A,12,77*7A
$BNRDD,1326,2019-03-20T08:41:39Z,49,5,3214,A,0629.3235,N,12449.0828,E,88.10,A,11,80*78
$BNRDD,1326,2019-03-20T08:41:44Z,51,4,3218,A,0629.3218,N,12449.0816,E,91.90,A,12,77*7F
$BNRDD,1326,2019-03-20T08:41:49Z,48,1,3219,A,0629.3211,N,12449.0792,E,92.20,A,12,77*7C
$BNRDD,1326,2019-03-20T08:41:54Z,47,1,3220,A,0629.3187,N,12449.0787,E,91.30,A,12,77*7F
$BNRDD,1326,2019-03-20T08:41:59Z,45,1,3221,A,0629.3173,N,12449.0790,E,90.90,A,12,77*77
$BNRDD,1326,2019-03-20T08:42:04Z,43,2,3223,A,0629.3160,N,12449.0771,E,90.50,A,12,77*7A
$BNRDD,1326,2019-03-20T08:42:09Z,40,1,3224,A,0629.3154,N,12449.0745,E,90.40,A,12,77*71
$BNRDD,1326,2019-03-20T08:42:14Z,34,1,3225,A,0629.3158,N,12449.0721,E,90.60,A,12,77*73
$BNRDD,1326,2019-03-20T08:42:19Z,24,0,3225,A,0629.3172,N,12449.0698,E,91.20,A,11,84*7F
$BNRDD,1326,2019-03-20T08:42:24Z,24,3,3228,A,0629.3191,N,12449.0677,E,91.30,A,12,77*7D
$BNRDD,1326,2019-03-20T08:42:29Z,29,6,3234,A,0629.3210,N,12449.0653,E,91.10,A,12,77*7B
$BNRDD,1326,2019-03-20T08:42:34Z,29,4,3238,A,0629.3219,N,12449.0625,E,91.30,A,12,77*73
$BNRDD,1326,2019-03-20T08:42:39Z,26,2,3240,A,0629.3212,N,12449.0599,E,90.80,A,12,77*7D
$BNRDD,1326,2019-03-20T08:42:44Z,27,5,3245,A,0629.3215,N,12449.0577,E,90.50,A,12,77*7E
$BNRDD,1326,2019-03-20T08:42:49Z,34,8,3253,A,0629.3222,N,12449.0556,E,90.70,A,12,77*7E
$BNRDD,1326,2019-03-20T08:42:54Z,38,5,3258,A,0629.3229,N,12449.0529,E,92.10,A,12,77*7F
$BNRDD,1326,2019-03-20T08:42:59Z,38,1,3259,A,0629.3243,N,12449.0504,E,92.80,A,12,77*7D
$BNRDD,1326,2019-03-20T08:43:04Z,38,2,3261,A,0629.3263,N,12449.0481,E,93.20,A,12,77*79
$BNRDD,1326,2019-03-20T08:43:09Z,39,2,3263,A,0629.3283,N,12449.0455,E,93.40,A,12,77*76
$BNRDD,1326,2019-03-20T08:43:14Z,41,3,3266,A,0629.3304,N,12449.0441,E,93.20,A,12,77*7C
$BNRDD,1326,2019-03-20T08:43:19Z,42,1,3267,A,0629.3315,N,12449.0414,E,93.40,A,12,77*77
$BNRDD,1326,2019-03-20T08:43:24Z,41,2,3269,A,0629.3334,N,12449.0388,E,93.70,A,12,77*75
$BNRDD,1326,2019-03-20T08:43:29Z,37,2,3271,A,0629.3354,N,12449.0368,E,94.00,A,12,77*78
$BNRDD,1326,2019-03-20T08:43:34Z,36,3,3274,A,0629.3367,N,12449.0344,E,93.80,A,12,77*70
$BNRDD,1326,2019-03-20T08:43:39Z,37,3,3277,A,0629.3379,N,12449.0320,E,93.50,A,12,77*7F
$BNRDD,1326,2019-03-20T08:43:44Z,35,3,3280,A,0629.3394,N,12449.0302,E,93.10,A,12,77*78
$BNRDD,1326,2019-03-20T08:43:49Z,31,4,3284,A,0629.3411,N,12449.0285,E,93.00,A,12,77*77
$BNRDD,1326,2019-03-20T08:43:54Z,29,3,3287,A,0629.3426,N,12449.0263,E,93.00,A,12,77*7A
$BNRDD,1326,2019-03-20T08:43:59Z,33,5,3292,A,0629.3442,N,12449.0240,E,92.80,A,12,77*74
$BNRDD,1326,2019-03-20T08:44:05Z,32,1,3293,A,0629.3459,N,12449.0214,E,92.40,A,12,77*79
$BNRDD,1326,2019-03-20T08:44:10Z,32,2,3295,A,0629.3477,N,12449.0192,E,91.70,A,12,77*79
$BNRDD,1326,2019-03-20T08:44:15Z,31,2,3297,A,0629.3495,N,12449.0170,E,91.40,A,12,77*7E
$BNRDD,1326,2019-03-20T08:44:20Z,32,2,3299,A,0629.3509,N,12449.0143,E,91.40,A,12,77*71
$BNRDD,1326,2019-03-20T08:44:25Z,34,4,3303,A,0629.3519,N,12449.0114,E,91.70,A,12,77*76
$BNRDD,1326,2019-03-20T08:44:30Z,32,0,3303,A,0629.3528,N,12449.0098,E,89.80,A,12,77*71
$BNRDD,1326,2019-03-20T08:44:35Z,31,2,3305,A,0629.3538,N,12449.0087,E,89.30,A,12,77*77
$BNRDD,1326,2019-03-20T08:44:40Z,31,3,3308,A,0629.3551,N,12449.0054,E,89.80,A,12,77*73
$BNRDD,1326,2019-03-20T08:44:45Z,31,3,3311,A,0629.3556,N,12449.0016,E,90.10,A,12,77*7E
$BNRDD,1326,2019-03-20T08:44:50Z,28,1,3312,A,0629.3553,N,12448.9975,E,89.90,A,12,77*72
$BNRDD,1326,2019-03-20T08:44:55Z,25,0,3312,A,0629.3536,N,12448.9937,E,90.20,A,12,77*7D
$BNRDD,1326,2019-03-20T08:45:00Z,22,2,3314,A,0629.3527,N,12448.9927,E,90.50,A,12,77*79
$BNRDD,1326,2019-03-20T08:45:05Z,22,1,3315,A,0629.3527,N,12448.9927,E,90.50,A,12,77*7E
$BNRDD,1326,2019-03-20T08:45:10Z,22,2,3317,A,0629.3524,N,12448.9926,E,91.10,A,12,77*7C
$BNRDD,1326,2019-03-20T08:45:15Z,22,2,3319,A,0629.3532,N,12448.9923,E,91.80,A,12,77*7C
$BNRDD,1326,2019-03-20T08:45:20Z,22,2,3321,A,0629.3538,N,12448.9917,E,92.00,A,12,79*79
$BNRDD,1326,2019-03-20T08:45:25Z,19,1,3322,A,0629.3539,N,12448.9913,E,92.30,A,12,77*7C
$BNRDD,1326,2019-03-20T08:45:30Z,22,3,3325,A,0629.3537,N,12448.9912,E,92.50,A,12,77*7C
$BNRDD,1326,2019-03-20T08:45:35Z,29,9,3334,A,0629.3532,N,12448.9913,E,93.00,A,12,77*78
$BNRDD,1326,2019-03-20T08:45:40Z,31,5,3339,A,0629.3528,N,12448.9914,E,93.10,A,12,77*7F
$BNRDD,1326,2019-03-20T08:45:45Z,34,6,3345,A,0629.3526,N,12448.9914,E,93.00,A,12,79*76
$BNRDD,1326,2019-03-20T08:45:50Z,36,3,3348,A,0629.3525,N,12448.9914,E,93.00,A,12,79*7B
$BNRDD,1326,2019-03-20T08:45:55Z,39,3,3351,A,0629.3525,N,12448.9914,E,93.00,A,12,79*79
$BNRDD,1326,2019-03-20T08:46:00Z,41,4,3355,A,0629.3525,N,12448.9914,E,93.00,A,12,79*76
$BNRDD,1326,2019-03-20T08:46:05Z,45,5,3360,A,0629.3525,N,12448.9914,E,93.00,A,12,79*70
$BNRDD,1326,2019-03-20T08:46:10Z,46,3,3363,A,0629.3525,N,12448.9914,E,93.00,A,12,79*72
$BNRDD,1326,2019-03-20T08:46:15Z,49,5,3368,A,0629.3525,N,12448.9914,E,93.00,A,12,79*75
$BNRDD,1326,2019-03-20T08:46:20Z,50,3,3371,A,0629.3525,N,12448.9914,E,93.00,A,12,79*75
$BNRDD,1326,2019-03-20T08:46:25Z,58,9,3380,A,0629.3525,N,12448.9914,E,93.00,A,12,79*7C
$BNRDD,1326,2019-03-20T08:46:30Z,58,3,3383,A,0629.3525,N,12448.9914,E,93.00,A,12,79*71
$BNRDD,1326,2019-03-20T08:46:35Z,54,5,3388,A,0629.3525,N,12448.9914,E,93.00,A,12,79*75
$BNRDD,1326,2019-03-20T08:46:40Z,56,7,3395,A,0629.3525,N,12448.9915,E,93.00,A,11,81*7E
$BNRDD,1326,2019-03-20T08:46:45Z,52,2,3397,A,0629.3543,N,12448.9911,E,92.60,A,12,79*7F
$BNRDD,1326,2019-03-20T08:46:50Z,59,10,3407,A,0629.3561,N,12448.9918,E,91.70,A,12,77*48
$BNRDD,1326,2019-03-20T08:46:55Z,58,2,3409,A,0629.3562,N,12448.9922,E,91.90,A,11,78*79
$BNRDD,1326,2019-03-20T08:47:00Z,55,1,3410,A,0629.3559,N,12448.9930,E,91.50,A,10,83*7C
$BNRDD,1326,2019-03-20T08:47:05Z,56,6,3416,A,0629.3533,N,12448.9940,E,91.10,A,11,82*74
$BNRDD,1326,2019-03-20T08:47:10Z,59,6,3422,A,0629.3523,N,12448.9944,E,91.30,A,11,82*7F
$BNRDD,1326,2019-03-20T08:47:15Z,60,6,3428,A,0629.3529,N,12448.9946,E,91.40,A,11,82*75
$BNRDD,1326,2019-03-20T08:47:20Z,62,5,3433,A,0629.3528,N,12448.9968,E,91.00,A,11,82*71
$BNRDD,1326,2019-03-20T08:47:25Z,64,11,3444,A,0629.3529,N,12448.9952,E,91.20,A,10,89*47
$BNRDD,1326,2019-03-20T08:47:30Z,66,5,3449,A,0629.3530,N,12448.9948,E,91.10,A,11,82*73
$BNRDD,1326,2019-03-20T08:47:35Z,66,5,3454,A,0629.3530,N,12448.9947,E,91.10,A,11,82*75
$BNRDD,1326,2019-03-20T08:47:40Z,69,10,3464,A,0629.3530,N,12448.9947,E,91.10,A,11,84*49
$BNRDD,1326,2019-03-20T08:47:45Z,74,7,3471,A,0629.3530,N,12448.9947,E,91.10,A,11,84*72
$BNRDD,1326,2019-03-20T08:47:50Z,69,5,3476,A,0629.3530,N,12448.9946,E,91.10,A,11,84*7E
$BNRDD,1326,2019-03-20T08:47:55Z,70,3,3479,A,0629.3530,N,12448.9946,E,91.10,A,11,84*7A
$BNRDD,1326,2019-03-20T08:48:00Z,76,7,3486,A,0629.3530,N,12448.9946,E,91.10,A,11,84*77
$BNRDD,1326,2019-03-20T08:48:05Z,77,7,3493,A,0629.3530,N,12448.9946,E,91.10,A,11,84*77
$BNRDD,1326,2019-03-20T08:48:10Z,78,7,3500,A,0629.3530,N,12448.9946,E,91.10,A,10,88*7A
$BNRDD,1326,2019-03-20T08:48:15Z,77,5,3505,A,0629.3531,N,12448.9946,E,91.10,A,11,84*7B
$BNRDD,1326,2019-03-20T08:48:21Z,77,5,3510,A,0629.3531,N,12448.9946,E,91.10,A,10,88*75
$BNRDD,1326,2019-03-20T08:48:26Z,72,6,3516,A,0629.3531,N,12448.9945,E,91.10,A,11,84*7C
$BNRDD,1326,2019-03-20T08:48:31Z,74,7,3523,A,0629.3531,N,12448.9945,E,91.00,A,11,85*7B
$BNRDD,1326,2019-03-20T08:48:36Z,76,7,3530,A,0629.3531,N,12448.9945,E,91.00,A,11,85*7C
$BNRDD,1326,2019-03-20T08:48:41Z,69,3,3533,A,0629.3531,N,12448.9945,E,91.00,A,11,85*75
$BNRDD,1326,2019-03-20T08:48:46Z,66,4,3537,A,0629.3531,N,12448.9945,E,91.00,A,11,85*7E
$BNRDD,1326,2019-03-20T08:48:51Z,67,6,3543,A,0629.3531,N,12448.9945,E,91.00,A,11,85*78
$BNRDD,1326,2019-03-20T08:48:56Z,67,3,3546,A,0629.3531,N,12448.9945,E,91.00,A,11,85*7F
$BNRDD,1326,2019-03-20T08:49:01Z,63,3,3549,A,0629.3531,N,12448.9945,E,91.00,A,11,85*77
$BNRDD,1326,2019-03-20T08:49:06Z,63,7,3556,A,0629.3531,N,12448.9945,E,91.00,A,11,85*7A
$BNRDD,1326,2019-03-20T08:49:11Z,57,1,3557,A,0629.3531,N,12448.9945,E,91.00,A,11,85*7C
$BNRDD,1326,2019-03-20T08:49:16Z,55,3,3560,A,0629.3531,N,12448.9945,E,91.00,A,10,88*73
$BNRDD,1326,2019-03-20T08:49:21Z,54,4,3564,A,0629.3531,N,12448.9944,E,91.00,A,11,85*78
$BNRDD,1326,2019-03-20T08:49:26Z,55,7,3571,A,0629.3531,N,12448.9944,E,91.00,A,11,85*79
$BNRDD,1326,2019-03-20T08:49:31Z,52,4,3575,A,0629.3531,N,12448.9944,E,91.00,A,11,85*7F
$BNRDD,1326,2019-03-20T08:49:36Z,51,6,3581,A,0629.3531,N,12448.9944,E,91.10,A,11,85*73
$BNRDD,1326,2019-03-20T08:49:41Z,52,4,3585,A,0629.3532,N,12448.9944,E,91.10,A,11,85*75
$BNRDD,1326,2019-03-20T08:49:46Z,50,2,3587,A,0629.3532,N,12448.9944,E,91.10,A,11,85*74
$BNRDD,1326,2019-03-20T08:49:51Z,50,6,3593,A,0629.3532,N,12448.9943,E,91.10,A,11,85*74
$BNRDD,1326,2019-03-20T08:49:56Z,52,5,3598,A,0629.3532,N,12448.9943,E,91.10,A,11,85*79
$BNRDD,1326,2019-03-20T08:50:01Z,56,7,3605,A,0629.3532,N,12448.9943,E,91.10,A,11,85*72
$BNRDD,1326,2019-03-20T08:50:06Z,55,6,3611,A,0629.3532,N,12448.9943,E,91.10,A,11,85*72
$BNRDD,1326,2019-03-20T08:50:11Z,63,9,3620,A,0629.3532,N,12448.9943,E,91.10,A,11,85*7C
$BNRDD,1326,2019-03-20T08:50:16Z,61,1,3621,A,0629.3532,N,12448.9943,E,91.10,A,11,85*70
$BNRDD,1326,2019-03-20T08:50:21Z,64,7,3628,A,0629.3532,N,12448.9943,E,91.10,A,11,85*7E
$BNRDD,1326,2019-03-20T08:50:26Z,65,8,3636,A,0629.3532,N,12448.9943,E,91.10,A,11,85*78
$BNRDD,1326,2019-03-20T08:50:31Z,63,2,3638,A,0629.3532,N,12448.9943,E,91.10,A,11,85*7C
$BNRDD,1326,2019-03-20T08:50:36Z,62,5,3643,A,0629.3532,N,12448.9943,E,91.10,A,11,85*71
$BNRDD,1326,2019-03-20T08:50:41Z,67,9,3652,A,0629.3532,N,12448.9943,E,91.10,A,11,85*78
$BNRDD,1326,2019-03-20T08:50:46Z,71,6,3658,A,0629.3532,N,12448.9943,E,91.10,A,11,85*7D
$BNRDD,1326,2019-03-20T08:50:51Z,73,8,3666,A,0629.3532,N,12448.9943,E,91.10,A,11,85*7A
$BNRDD,1326,2019-03-20T08:50:56Z,74,6,3672,A,0629.3532,N,12448.9942,E,91.10,A,11,85*70
$BNRDD,1326,2019-03-20T08:51:01Z,69,2,3674,A,0629.3532,N,12448.9942,E,91.10,A,11,85*7D
$BNRDD,1326,2019-03-20T08:51:06Z,67,4,3678,A,0629.3532,N,12448.9942,E,91.10,A,11,85*7E
$BNRDD,1326,2019-03-20T08:51:11Z,66,8,3686,A,0629.3532,N,12448.9942,E,91.10,A,11,85*74
$BNRDD,1326,2019-03-20T08:51:16Z,70,5,3691,A,0629.3532,N,12448.9942,E,91.10,A,11,85*7F
$BNRDD,1326,2019-03-20T08:51:21Z,65,2,3693,A,0629.3532,N,12448.9942,E,91.10,A,11,85*7A
$BNRDD,1326,2019-03-20T08:51:26Z,61,4,3697,A,0629.3532,N,12448.9942,E,91.20,A,11,85*78
$BNRDD,1326,2019-03-20T08:51:31Z,64,5,3702,A,0629.3533,N,12448.9942,E,91.20,A,11,85*76
$BNRDD,1326,2019-03-20T08:51:36Z,62,3,3705,A,0629.3533,N,12448.9942,E,91.20,A,11,85*76
$BNRDD,1326,2019-03-20T08:51:41Z,62,9,3714,A,0629.3533,N,12448.9941,E,91.20,A,11,85*7F
$BNRDD,1326,2019-03-20T08:51:46Z,57,1,3715,A,0629.3533,N,12448.9941,E,91.20,A,11,85*77
$BNRDD,1326,2019-03-20T08:51:51Z,56,7,3722,A,0629.3533,N,12448.9941,E,91.20,A,11,85*72
$BNRDD,1326,2019-03-20T08:51:57Z,53,3,3725,A,0629.3533,N,12448.9941,E,91.20,A,11,85*72
$BNRDD,1326,2019-03-20T08:52:02Z,57,6,3731,A,0629.3533,N,12448.9941,E,91.30,A,12,80*72
$BNRDD,1326,2019-03-20T08:52:07Z,61,8,3739,A,0629.3534,N,12448.9941,E,91.30,A,12,80*73
$BNRDD,1326,2019-03-20T08:52:12Z,58,5,3744,A,0629.3534,N,12448.9941,E,91.30,A,12,80*7A
$BNRDD,1326,2019-03-20T08:52:17Z,56,3,3747,A,0629.3534,N,12448.9941,E,91.30,A,11,85*72
$BNRDD,1326,2019-03-20T08:52:22Z,59,5,3752,A,0629.3534,N,12448.9941,E,91.30,A,11,85*79
$BNRDD,1326,2019-03-20T08:52:27Z,60,5,3757,A,0629.3534,N,12448.9941,E,91.30,A,12,80*75
$BNRDD,1326,2019-03-20T08:52:32Z,60,5,3762,A,0629.3534,N,12448.9940,E,91.30,A,12,80*76
$BNRDD,1326,2019-03-20T08:52:37Z,65,8,3770,A,0629.3534,N,12448.9940,E,91.30,A,12,80*78
$BNRDD,1326,2019-03-20T08:52:42Z,58,2,3772,A,0629.3534,N,12448.9940,E,91.30,A,12,80*7C
$BNRDD,1326,2019-03-20T08:52:47Z,59,2,3774,A,0629.3534,N,12448.9940,E,91.30,A,12,80*7E
$BNRDD,1326,2019-03-20T08:52:52Z,57,5,3779,A,0629.3534,N,12448.9940,E,91.30,A,12,80*7E
$BNRDD,1326,2019-03-20T08:52:57Z,63,9,3788,A,0629.3534,N,12448.9940,E,91.30,A,12,80*7E
$BNRDD,1326,2019-03-20T08:53:02Z,61,4,3792,A,0629.3534,N,12448.9940,E,91.30,A,12,80*7B
$BNRDD,1326,2019-03-20T08:53:07Z,59,6,3798,A,0629.3534,N,12448.9940,E,91.40,A,12,80*7A
$BNRDD,1326,2019-03-20T08:53:12Z,61,7,3805,A,0629.3534,N,12448.9939,E,91.40,A,12,80*71
$BNRDD,1326,2019-03-20T08:53:17Z,65,7,3812,A,0629.3534,N,12448.9939,E,91.40,A,12,80*76
$BNRDD,1326,2019-03-20T08:53:22Z,66,6,3818,A,0629.3534,N,12448.9939,E,91.40,A,12,80*78
$BNRDD,1326,2019-03-20T08:53:27Z,67,6,3824,A,0629.3534,N,12448.9939,E,91.40,A,12,80*73
$BNRDD,1326,2019-03-20T08:53:32Z,67,5,3829,A,0629.3534,N,12448.9939,E,91.40,A,12,80*79
$BNRDD,1326,2019-03-20T08:53:37Z,65,6,3835,A,0629.3534,N,12448.9939,E,91.40,A,12,80*70
$BNRDD,1326,2019-03-20T08:53:42Z,69,6,3841,A,0629.3534,N,12448.9939,E,91.40,A,12,80*7D
$BNRDD,1326,2019-03-20T08:53:47Z,71,4,3845,A,0629.3534,N,12448.9939,E,91.40,A,12,80*77
$BNRDD,1326,2019-03-20T08:53:52Z,71,5,3850,A,0629.3534,N,12448.9939,E,91.40,A,12,80*76
$BNRDD,1326,2019-03-20T08:53:57Z,70,8,3858,A,0629.3534,N,12448.9939,E,91.40,A,12,80*77
$BNRDD,1326,2019-03-20T08:54:02Z,70,4,3862,A,0629.3534,N,12448.9939,E,91.40,A,12,80*75
$BNRDD,1326,2019-03-20T08:54:07Z,69,5,3867,A,0629.3534,N,12448.9939,E,91.40,A,12,80*7C
$BNRDD,1326,2019-03-20T08:54:12Z,64,2,3869,A,0629.3535,N,12448.9939,E,91.40,A,12,80*7D
$BNRDD,1326,2019-03-20T08:54:17Z,61,4,3873,A,0629.3535,N,12448.9938,E,91.40,A,12,80*71
$BNRDD,1326,2019-03-20T08:54:22Z,60,5,3878,A,0629.3535,N,12448.9938,E,91.40,A,12,81*7D
$BNRDD,1326,2019-03-20T08:54:27Z,57,3,3881,A,0629.3535,N,12448.9938,E,91.40,A,12,81*7C
$BNRDD,1326,2019-03-20T08:54:32Z,58,6,3887,A,0629.3535,N,12448.9938,E,91.50,A,12,81*75
$BNRDD,1326,2019-03-20T08:54:37Z,56,4,3891,A,0629.3535,N,12448.9938,E,91.50,A,11,86*7F
$BNRDD,1326,2019-03-20T08:54:42Z,54,4,3895,A,0629.3535,N,12448.9938,E,91.50,A,11,86*7B
$BNRDD,1326,2019-03-20T08:54:47Z,54,4,3899,A,0629.3535,N,12448.9938,E,91.50,A,11,86*72
$BNRDD,1326,2019-03-20T08:54:52Z,53,4,3903,A,0629.3535,N,12448.9938,E,91.50,A,11,86*73
$BNRDD,1326,2019-03-20T08:54:57Z,55,10,3913,A,0629.3535,N,12448.9938,E,91.50,A,11,86*44
$BNRDD,1326,2019-03-20T08:55:02Z,57,6,3919,A,0629.3535,N,12448.9938,E,91.50,A,11,86*7A
$BNRDD,1326,2019-03-20T08:55:07Z,59,7,3926,A,0629.3535,N,12448.9938,E,91.50,A,11,86*7C
$BNRDD,1326,2019-03-20T08:55:12Z,62,5,3931,A,0629.3535,N,12448.9938,E,91.50,A,11,86*74
$BNRDD,1326,2019-03-20T08:55:17Z,60,2,3933,A,0629.3535,N,12448.9938,E,91.50,A,11,86*76
$BNRDD,1326,2019-03-20T08:55:22Z,59,4,3937,A,0629.3535,N,12448.9938,E,91.40,A,11,86*79
$BNRDD,1326,2019-03-20T08:55:27Z,58,2,3939,A,0629.3535,N,12448.9938,E,91.40,A,11,86*75
$BNRDD,1326,2019-03-20T08:55:33Z,54,2,3941,A,0629.3535,N,12448.9938,E,91.40,A,11,86*73
$BNRDD,1326,2019-03-20T08:55:38Z,54,4,3945,A,0629.3535,N,12448.9938,E,91.40,A,11,86*7A
$BNRDD,1326,2019-03-20T08:55:43Z,57,7,3952,A,0629.3535,N,12448.9938,E,91.40,A,11,86*70
$BNRDD,1326,2019-03-20T08:55:48Z,56,3,3955,A,0629.3535,N,12448.9938,E,91.40,A,11,86*79
$BNRDD,1326,2019-03-20T08:55:53Z,65,13,3968,A,0629.3535,N,12448.9938,E,91.40,A,11,86*4C
$BNRDD,1326,2019-03-20T08:55:58Z,59,4,3972,A,0629.3535,N,12448.9938,E,91.40,A,11,86*75
$BNRDD,1326,2019-03-20T08:56:03Z,63,10,3982,A,0629.3535,N,12448.9938,E,91.40,A,11,86*4B
$BNRDD,1326,2019-03-20T08:56:08Z,64,8,3990,A,0629.3527,N,12448.9932,E,91.10,A,10,93*74
$BNRDD,1326,2019-03-20T08:56:13Z,68,9,3999,A,0629.3521,N,12448.9924,E,90.70,A,11,86*79
$BNRDD,1326,2019-03-20T08:56:18Z,73,7,4006,A,0629.3519,N,12448.9917,E,90.20,A,11,86*70
$BNRDD,1326,2019-03-20T08:56:23Z,75,6,4012,A,0629.3523,N,12448.9918,E,90.10,A,11,86*7F
$BNRDD,1326,2019-03-20T08:56:28Z,82,9,4021,A,0629.3524,N,12448.9915,E,90.00,A,11,86*78
$BNRDD,1326,2019-03-20T08:56:33Z,85,5,4026,A,0629.3524,N,12448.9912,E,89.80,A,11,86*79
$BNRDD,1326,2019-03-20T08:56:38Z,87,6,4032,A,0629.3522,N,12448.9910,E,89.80,A,11,86*72
$BNRDD,1326,2019-03-20T08:56:43Z,84,4,4036,A,0629.3521,N,12448.9908,E,89.60,A,11,86*7F
$BNRDD,1326,2019-03-20T08:56:48Z,87,6,4042,A,0629.3521,N,12448.9908,E,89.50,A,11,86*75
$BNRDD,1326,2019-03-20T08:56:53Z,81,7,4049,A,0629.3521,N,12448.9907,E,89.50,A,11,86*7C
$BNRDD,1326,2019-03-20T08:56:58Z,85,8,4057,A,0629.3521,N,12448.9907,E,89.50,A,11,86*73
$BNRDD,1326,2019-03-20T08:57:03Z,85,10,4067,A,0629.3521,N,12448.9907,E,89.50,A,11,86*46
$BNRDD,1326,2019-03-20T08:57:08Z,87,10,4077,A,0629.3521,N,12448.9907,E,89.50,A,10,93*4B
$BNRDD,1326,2019-03-20T08:57:13Z,83,5,4082,A,0629.3521,N,12448.9907,E,89.50,A,10,93*7B
$BNRDD,1326,2019-03-20T08:57:18Z,77,1,4083,A,0629.3521,N,12448.9907,E,89.50,A,10,93*7E
$BNRDD,1326,2019-03-20T08:57:23Z,77,6,4089,A,0629.3521,N,12448.9907,E,89.50,A,10,93*7B
$BNRDD,1326,2019-03-20T08:57:28Z,73,5,4094,A,0629.3521,N,12448.9907,E,89.40,A,11,86*7F
$BNRDD,1326,2019-03-20T08:57:33Z,73,5,4099,A,0629.3521,N,12448.9907,E,89.40,A,11,86*78
$BNRDD,1326,2019-03-20T08:57:38Z,76,9,4108,A,0629.3521,N,12448.9907,E,89.40,A,11,86*73
$BNRDD,1326,2019-03-20T08:57:43Z,82,10,4118,A,0629.3521,N,12448.9907,E,89.40,A,11,86*4D
$BNRDD,1326,2019-03-20T08:57:48Z,81,5,4123,A,0629.3522,N,12448.9907,E,89.20,A,11,86*7C
$BNRDD,1326,2019-03-20T08:57:53Z,80,6,4129,A,0629.3523,N,12448.9907,E,89.10,A,11,86*7C
$BNRDD,1326,2019-03-20T08:57:58Z,78,6,4135,A,0629.3522,N,12448.9908,E,89.00,A,11,86*72
$BNRDD,1326,2019-03-20T08:58:03Z,75,7,4142,A,0629.3523,N,12448.9908,E,89.00,A,11,86*7E
$BNRDD,1326,2019-03-20T08:58:08Z,72,7,4149,A,0629.3523,N,12448.9909,E,88.90,A,11,86*70
$BNRDD,1326,2019-03-20T08:58:13Z,77,10,4159,A,0629.3523,N,12448.9909,E,88.90,A,11,86*48
$BNRDD,1326,2019-03-20T08:58:18Z,88,12,4171,A,0629.3523,N,12448.9909,E,88.70,A,11,86*45
$BNRDD,1326,2019-03-20T08:58:23Z,89,7,4178,A,0629.3524,N,12448.9908,E,88.60,A,11,86*76
$BNRDD,1326,2019-03-20T08:58:28Z,89,5,4183,A,0629.3525,N,12448.9909,E,88.60,A,12,81*7F
$BNRDD,1326,2019-03-20T08:58:33Z,87,3,4186,A,0629.3525,N,12448.9908,E,88.60,A,12,81*79
$BNRDD,1326,2019-03-20T08:58:38Z,83,5,4191,A,0629.3525,N,12448.9908,E,88.60,A,12,81*76
$BNRDD,1326,2019-03-20T08:58:43Z,74,1,4192,A,0629.3525,N,12448.9908,E,88.60,A,11,86*71
$BNRDD,1326,2019-03-20T08:58:48Z,73,4,4196,A,0629.3525,N,12448.9908,E,88.60,A,11,86*7C
$BNRDD,1326,2019-03-20T08:58:53Z,76,9,4205,A,0629.3525,N,12448.9908,E,88.60,A,11,86*77
$BNRDD,1326,2019-03-20T08:58:58Z,73,3,4208,A,0629.3525,N,12448.9908,E,88.60,A,11,86*7E
$BNRDD,1326,2019-03-20T08:59:03Z,71,5,4213,A,0629.3525,N,12448.9908,E,88.60,A,11,86*7F
$BNRDD,1326,2019-03-20T08:59:08Z,70,6,4219,A,0629.3525,N,12448.9908,E,88.60,A,11,86*7C
$BNRDD,1326,2019-03-20T08:59:13Z,72,12,4231,A,0629.3525,N,12448.9908,E,88.60,A,11,86*4B
$BNRDD,1326,2019-03-20T08:59:18Z,65,5,4236,A,0629.3525,N,12448.9908,E,88.60,A,11,86*77
$BNRDD,1326,2019-03-20T08:59:23Z,67,9,4245,A,0629.3525,N,12448.9908,E,88.60,A,11,86*75
$BNRDD,1326,2019-03-20T08:59:29Z,69,7,4252,A,0629.3525,N,12448.9908,E,88.60,A,11,86*79
$BNRDD,1326,2019-03-20T08:59:34Z,68,2,4254,A,0629.3525,N,12448.9908,E,88.60,A,10,121*4A
$BNRDD,1326,2019-03-20T08:59:39Z,68,5,4259,A,0629.3525,N,12448.9908,E,88.60,A,10,122*4E
$BNRDD,1326,2019-03-20T08:59:44Z,76,9,4268,A,0629.3525,N,12448.9908,E,88.60,A,10,122*45
$BNRDD,1326,2019-03-20T08:59:49Z,78,6,4274,A,0629.3525,N,12448.9908,E,88.60,A,11,87*7B
$BNRDD,1326,2019-03-20T08:59:54Z,72,3,4277,A,0629.3525,N,12448.9908,E,88.60,A,12,81*7E
$BNRDD,1326,2019-03-20T08:59:59Z,70,1,4278,A,0629.3525,N,12448.9908,E,88.60,A,12,81*7C
$BNRDD,1326,2019-03-20T09:00:04Z,66,1,4279,A,0629.3525,N,12448.9908,E,88.50,A,11,87*79
$BNRDD,1326,2019-03-20T09:00:09Z,67,7,4286,A,0629.3525,N,12448.9908,E,88.50,A,11,87*73
$BNRDD,1326,2019-03-20T09:00:14Z,61,6,4292,A,0629.3525,N,12448.9908,E,88.50,A,11,87*7D
$BNRDD,1326,2019-03-20T09:00:19Z,66,10,4302,A,0629.3525,N,12448.9908,E,88.50,A,11,87*48
$BNRDD,1326,2019-03-20T09:00:24Z,66,9,4311,A,0629.3525,N,12448.9908,E,88.50,A,11,87*7C
$BNRDD,1326,2019-03-20T09:00:29Z,63,4,4315,A,0629.3525,N,12448.9908,E,88.50,A,10,90*7A
$BNRDD,1326,2019-03-20T09:00:34Z,65,4,4319,A,0629.3525,N,12448.9908,E,88.50,A,11,87*7B
$BNRDD,1326,2019-03-20T09:00:39Z,67,7,4326,A,0629.3525,N,12448.9908,E,88.50,A,11,87*7B
$BNRDD,1326,2019-03-20T09:00:44Z,63,5,4331,A,0629.3525,N,12448.9908,E,88.50,A,11,87*71
$BNRDD,1326,2019-03-20T09:00:49Z,63,6,4337,A,0629.3525,N,12448.9908,E,88.50,A,11,87*79
$BNRDD,1326,2019-03-20T09:00:54Z,71,11,4348,A,0629.3525,N,12448.9908,E,88.50,A,11,87*48
$BNRDD,1326,2019-03-20T09:00:59Z,72,2,4350,A,0629.3525,N,12448.9907,E,88.50,A,11,87*72
$BNRDD,1326,2019-03-20T09:01:04Z,77,6,4356,A,0629.3525,N,12448.9907,E,88.50,A,11,87*7C
$BNRDD,1326,2019-03-20T09:01:09Z,74,4,4360,A,0629.3525,N,12448.9907,E,88.50,A,11,87*75
$BNRDD,1326,2019-03-20T09:01:14Z,71,3,4363,A,0629.3525,N,12448.9907,E,88.50,A,11,87*78
$BNRDD,1326,2019-03-20T09:01:19Z,71,10,4373,A,0629.3525,N,12448.9907,E,88.50,A,11,87*46
$BNRDD,1326,2019-03-20T09:01:24Z,72,10,4383,A,0629.3525,N,12448.9907,E,88.50,A,11,87*44
$BNRDD,1326,2019-03-20T09:01:29Z,76,8,4391,A,0629.3525,N,12448.9907,E,88.50,A,11,87*77
$BNRDD,1326,2019-03-20T09:01:34Z,86,14,4405,A,0629.3525,N,12448.9907,E,88.50,A,10,92*46
$BNRDD,1326,2019-03-20T09:01:39Z,85,6,4411,A,0629.3525,N,12448.9907,E,88.50,A,10,91*7D
$BNRDD,1326,2019-03-20T09:01:44Z,93,13,4424,A,0629.3525,N,12448.9907,E,88.50,A,11,87*44
$BNRDD,1326,2019-03-20T09:01:49Z,92,5,4429,A,0629.3525,N,12448.9907,E,88.40,A,11,87*73
$BNRDD,1326,2019-03-20T09:01:54Z,95,14,4443,A,0629.3525,N,12448.9907,E,88.40,A,11,87*44
$BNRDD,1326,2019-03-20T09:01:59Z,109,16,4459,A,0629.3525,N,12448.9907,E,88.40,A,11,87*74
$BNRDD,1326,2019-03-20T09:02:04Z,113,10,4469,A,0629.3525,N,12448.9907,E,88.40,A,11,87*71
$BNRDD,1326,2019-03-20T09:02:09Z,116,7,4476,A,0629.3525,N,12448.9907,E,88.40,A,11,87*41
$BNRDD,1326,2019-03-20T09:02:14Z,121,8,4484,A,0629.3525,N,12448.9907,E,88.40,A,11,87*4B
$BNRDD,1326,2019-03-20T09:02:19Z,118,7,4491,A,0629.3525,N,12448.9907,E,88.40,A,11,87*47
$BNRDD,1326,2019-03-20T09:02:24Z,122,14,4505,A,0629.3525,N,12448.9907,E,88.40,A,11,87*7E
$BNRDD,1326,2019-03-20T09:02:29Z,124,10,4515,A,0629.3525,N,12448.9907,E,88.40,A,11,87*70
$BNRDD,1326,2019-03-20T09:02:34Z,123,13,4528,A,0629.3525,N,12448.9907,E,88.40,A,11,87*76
$BNRDD,1326,2019-03-20T09:02:39Z,131,14,4542,A,0629.3525,N,12448.9907,E,88.40,A,11,87*73
$BNRDD,1326,2019-03-20T09:02:44Z,128,10,4552,A,0629.3525,N,12448.9907,E,88.40,A,11,87*74
$BNRDD,1326,2019-03-20T09:02:49Z,127,4,4556,A,0629.3525,N,12448.9907,E,88.40,A,11,87*47
$BNRDD,1326,2019-03-20T09:02:54Z,118,5,4561,A,0629.3525,N,12448.9906,E,88.40,A,11,87*43
$BNRDD,1326,2019-03-20T09:02:59Z,108,6,4567,A,0629.3525,N,12448.9906,E,88.40,A,11,87*4A
$BNRDD,1326,2019-03-20T09:03:04Z,104,6,4573,A,0629.3526,N,12448.9906,E,88.40,A,11,87*49
$BNRDD,1326,2019-03-20T09:03:09Z,104,7,4580,A,0629.3525,N,12448.9906,E,88.40,A,11,87*4A
$BNRDD,1326,2019-03-20T09:03:14Z,101,5,4585,A,0629.3526,N,12448.9906,E,88.40,A,11,87*47
$BNRDD,1326,2019-03-20T09:03:19Z,98,4,4589,A,0629.3526,N,12448.9906,E,88.40,A,12,82*70
$BNRDD,1326,2019-03-20T09:03:24Z,88,4,4593,A,0629.3526,N,12448.9906,E,88.40,A,12,82*74
$BNRDD,1326,2019-03-20T09:03:29Z,85,7,4600,A,0629.3526,N,12448.9906,E,88.40,A,12,82*7E
$BNRDD,1326,2019-03-20T09:03:34Z,84,12,4612,A,0629.3526,N,12448.9906,E,88.40,A,12,82*44
$BNRDD,1326,2019-03-20T09:03:39Z,79,9,4621,A,0629.3526,N,12448.9906,E,88.40,A,12,82*71
$BNRDD,1326,2019-03-20T09:03:44Z,77,8,4629,A,0629.3526,N,12448.9906,E,88.40,A,12,82*7C
$BNRDD,1326,2019-03-20T09:03:50Z,82,9,4638,A,0629.3526,N,12448.9906,E,88.40,A,12,82*72
$BNRDD,1326,2019-03-20T09:03:55Z,87,10,4648,A,0629.3526,N,12448.9906,E,88.40,A,12,82*4D
$BNRDD,1326,2019-03-20T09:04:00Z,89,8,4656,A,0629.3526,N,12448.9906,E,88.40,A,12,82*72
$BNRDD,1326,2019-03-20T09:04:05Z,90,7,4663,A,0629.3526,N,12448.9906,E,88.40,A,11,87*70
$BNRDD,1326,2019-03-20T09:04:10Z,95,12,4675,A,0629.3526,N,12448.9906,E,88.40,A,11,87*42
$BNRDD,1326,2019-03-20T09:04:15Z,99,9,4684,A,0629.3525,N,12448.9906,E,88.40,A,11,87*7C
$BNRDD,1326,2019-03-20T09:04:20Z,105,10,4694,A,0629.3525,N,12448.9906,E,88.40,A,11,87*77
$BNRDD,1326,2019-03-20T09:04:25Z,107,6,4700,A,0629.3525,N,12448.9906,E,88.30,A,11,87*4C
$BNRDD,1326,2019-03-20T09:04:30Z,107,7,4707,A,0629.3525,N,12448.9905,E,88.00,A,12,82*48
$BNRDD,1326,2019-03-20T09:04:35Z,103,8,4715,A,0629.3525,N,12448.9905,E,87.70,A,12,82*4D
$BNRDD,1326,2019-03-20T09:04:40Z,104,10,4725,A,0629.3525,N,12448.9905,E,87.50,A,11,85*74
$BNRDD,1326,2019-03-20T09:04:45Z,112,16,4741,A,0629.3527,N,12448.9906,E,87.40,A,12,82*76
$BNRDD,1326,2019-03-20T09:04:50Z,113,10,4751,A,0629.3527,N,12448.9906,E,87.30,A,12,82*73
$BNRDD,1326,2019-03-20T09:04:55Z,110,7,4758,A,0629.3528,N,12448.9908,E,87.40,A,12,82*4C
$BNRDD,1326,2019-03-20T09:05:00Z,114,12,4770,A,0629.3530,N,12448.9911,E,87.70,A,11,85*71
$BNRDD,1326,2019-03-20T09:05:05Z,114,7,4777,A,0629.3533,N,12448.9915,E,88.00,A,11,85*48
$BNRDD,1326,2019-03-20T09:05:10Z,113,11,4788,A,0629.3536,N,12448.9916,E,88.30,A,11,87*7B
$BNRDD,1326,2019-03-20T09:05:15Z,118,14,4802,A,0629.3536,N,12448.9916,E,88.30,A,11,87*7D
$BNRDD,1326,2019-03-20T09:05:20Z,112,4,4806,A,0629.3536,N,12448.9916,E,88.30,A,11,87*44
$BNRDD,1326,2019-03-20T09:05:25Z,120,14,4820,A,0629.3536,N,12448.9916,E,88.30,A,11,87*75
$BNRDD,1326,2019-03-20T09:05:30Z,120,7,4827,A,0629.3535,N,12448.9916,E,88.30,A,10,91*41
$BNRDD,1326,2019-03-20T09:05:35Z,115,3,4830,A,0629.3535,N,12448.9916,E,88.30,A,11,87*46
$BNRDD,1326,2019-03-20T09:05:40Z,110,5,4835,A,0629.3535,N,12448.9916,E,88.30,A,11,87*42
$BNRDD,1326,2019-03-20T09:05:45Z,100,6,4841,A,0629.3535,N,12448.9916,E,88.30,A,11,87*46
$BNRDD,1326,2019-03-20T09:05:50Z,96,6,4847,A,0629.3535,N,12448.9916,E,88.30,A,11,87*7A
$BNRDD,1326,2019-03-20T09:05:55Z,100,11,4858,A,0629.3537,N,12448.9917,E,88.40,A,12,82*7B
$BNRDD,1326,2019-03-20T09:06:00Z,100,12,4870,A,0629.3538,N,12448.9917,E,88.60,A,11,86*7B
$BNRDD,1326,2019-03-20T09:06:05Z,103,10,4880,A,0629.3540,N,12448.9918,E,88.60,A,12,82*77
$BNRDD,1326,2019-03-20T09:06:10Z,102,10,4890,A,0629.3541,N,12448.9918,E,88.80,A,12,82*7C
$BNRDD,1326,2019-03-20T09:06:15Z,99,11,4901,A,0629.3542,N,12448.9918,E,88.90,A,12,82*40
$BNRDD,1326,2019-03-20T09:06:20Z,105,10,4911,A,0629.3542,N,12448.9919,E,89.10,A,12,82*7A
$BNRDD,1326,2019-03-20T09:06:25Z,100,9,4920,A,0629.3542,N,12448.9919,E,89.20,A,12,82*43
$BNRDD,1326,2019-03-20T09:06:30Z,101,8,4928,A,0629.3542,N,12448.9919,E,89.20,A,12,82*4F
$BNRDD,1326,2019-03-20T09:06:35Z,102,4,4932,A,0629.3542,N,12448.9919,E,89.30,A,11,88*46
$BNRDD,1326,2019-03-20T09:06:40Z,110,13,4945,A,0629.3542,N,12448.9919,E,89.30,A,11,88*71
$BNRDD,1326,2019-03-20T09:06:45Z,117,13,4958,A,0629.3542,N,12448.9919,E,89.30,A,11,88*7F
$BNRDD,1326,2019-03-20T09:06:50Z,122,11,4969,A,0629.3542,N,12448.9919,E,89.30,A,11,88*7D
$BNRDD,1326,2019-03-20T09:06:55Z,123,12,4981,A,0629.3542,N,12448.9919,E,89.30,A,11,88*7C
$BNRDD,1326,2019-03-20T09:07:00Z,117,6,4987,A,0629.3542,N,12448.9919,E,89.30,A,11,88*49
$BNRDD,1326,2019-03-20T09:07:05Z,114,7,4994,A,0629.3542,N,12448.9919,E,89.30,A,11,88*4C
$BNRDD,1326,2019-03-20T09:07:10Z,112,8,5002,A,0629.3542,N,12448.9919,E,89.30,A,11,88*46
$BNRDD,1326,2019-03-20T09:07:16Z,113,12,5014,A,0629.3543,N,12448.9919,E,89.10,A,11,88*7E
$BNRDD,1326,2019-03-20T09:07:21Z,112,9,5023,A,0629.3545,N,12448.9920,E,89.20,A,11,88*4A
$BNRDD,1326,2019-03-20T09:07:26Z,109,6,5029,A,0629.3549,N,12448.9923,E,89.50,A,11,88*4A
$BNRDD,1326,2019-03-20T09:07:31Z,109,8,5037,A,0629.3551,N,12448.9926,E,89.70,A,11,88*43
$BNRDD,1326,2019-03-20T09:07:36Z,107,2,5039,A,0629.3552,N,12448.9925,E,89.70,A,11,88*4E
$BNRDD,1326,2019-03-20T09:07:41Z,97,3,5042,A,0629.3551,N,12448.9924,E,89.50,A,11,88*7B
$BNRDD,1326,2019-03-20T09:07:46Z,88,4,5046,A,0629.3550,N,12448.9924,E,89.40,A,11,88*71
$BNRDD,1326,2019-03-20T09:07:51Z,80,3,5049,A,0629.3548,N,12448.9923,E,89.30,A,11,88*7E
$BNRDD,1326,2019-03-20T09:07:56Z,73,5,5054,A,0629.3547,N,12448.9922,E,89.30,A,11,88*71
$BNRDD,1326,2019-03-20T09:08:01Z,70,3,5057,A,0629.3547,N,12448.9922,E,89.30,A,11,88*7A
# NEW LOG
# format=1.3.6nano
# deadtime=on
