# NEW LOG
# format=1.3.6nano
# deadtime=on
$BNRDD,1326,2019-02-18T07:50:07Z,22,2,106,A,0629.3373,N,12449.0806,E,30.00,A,4,248*46
$BNRDD,1326,2019-02-18T07:50:12Z,23,2,108,A,0629.3377,N,12449.0801,E,29.00,A,5,132*49
$BNRDD,1326,2019-02-18T07:50:17Z,22,2,110,A,0629.3343,N,12449.0813,E,43.70,A,5,132*4B
$BNRDD,1326,2019-02-18T07:50:22Z,20,0,110,A,0629.3288,N,12449.0833,E,63.50,A,5,131*4A
$BNRDD,1326,2019-02-18T07:50:27Z,23,4,114,A,0629.3258,N,12449.0837,E,68.90,A,5,131*42
$BNRDD,1326,2019-02-18T07:50:32Z,25,4,118,A,0629.3241,N,12449.0840,E,69.10,A,5,179*41
$BNRDD,1326,2019-02-18T07:50:37Z,25,2,120,A,0629.3222,N,12449.0840,E,69.10,V,2,9999*63
$BNRDD,1326,2019-02-18T07:50:42Z,27,4,124,A,0629.3206,N,12449.0841,E,69.10,V,1,9999*65
$BNRDD,1326,2019-02-18T07:50:47Z,25,1,125,A,0629.3198,N,12449.0841,E,69.10,V,1,9999*62
$BNRDD,1326,2019-02-18T07:50:52Z,25,1,126,A,0629.3197,N,12449.0840,E,69.10,V,1,9999*6B
$BNRDD,1326,2019-02-18T07:50:57Z,28,3,129,A,0629.3196,N,12449.0840,E,69.10,V,0,9999*6E
$BNRDD,1326,2019-02-18T07:51:02Z,27,2,131,A,0629.3196,N,12449.0840,E,69.10,V,0,9999*68
$BNRDD,1326,2019-02-18T07:51:07Z,29,4,135,A,0629.3196,N,12449.0840,E,69.10,V,0,9999*61
$BNRDD,1326,2019-02-18T07:51:12Z,28,1,136,A,0629.3196,N,12449.0840,E,69.10,V,0,9999*62
$BNRDD,1326,2019-02-18T07:51:17Z,26,0,136,A,0629.3196,N,12449.0840,E,69.10,V,0,9999*68
$BNRDD,1326,2019-02-18T07:51:22Z,27,1,137,A,0629.3196,N,12449.0840,E,69.10,V,0,9999*6F
$BNRDD,1326,2019-02-18T07:51:27Z,26,3,140,A,0629.3196,N,12449.0840,E,69.10,V,0,9999*69
$BNRDD,1326,2019-02-18T07:51:32Z,24,2,142,A,0629.3196,N,12449.0840,E,69.10,V,0,9999*6C
$BNRDD,1326,2019-02-18T07:51:38Z,23,1,143,A,0629.3196,N,12449.0840,E,69.10,V,0,9999*63
$BNRDD,1326,2019-02-18T07:51:43Z,20,1,144,A,0629.3196,N,12449.0840,E,69.10,V,0,9999*6B
$BNRDD,1326,2019-02-18T07:51:48Z,23,4,148,A,0629.3196,N,12449.0840,E,69.10,V,0,9999*6A
$BNRDD,1326,2019-02-18T07:51:53Z,22,0,148,A,0629.3196,N,12449.0840,E,69.10,V,0,9999*65
$BNRDD,1326,2019-02-18T07:51:58Z,21,2,150,A,0629.3196,N,12449.0840,E,69.10,V,0,9999*66
$BNRDD,1326,2019-02-18T07:52:03Z,22,3,153,A,0629.3196,N,12449.0840,E,69.10,V,0,9999*6A
$BNRDD,1326,2019-02-18T07:52:08Z,19,1,154,A,0629.3196,N,12449.0840,E,69.10,V,0,9999*6C
$BNRDD,1326,2019-02-18T07:52:13Z,22,4,158,A,0629.3196,N,12449.0840,E,69.10,V,0,9999*67
$BNRDD,1326,2019-02-18T07:52:18Z,22,0,158,A,0629.3196,N,12449.0840,E,69.10,V,0,9999*68
$BNRDD,1326,2019-02-18T07:52:23Z,21,0,158,A,0629.3196,N,12449.0840,E,69.10,V,0,9999*63
$BNRDD,1326,2019-02-18T07:52:28Z,20,2,160,A,0629.3196,N,12449.0840,E,69.10,V,0,9999*60
$BNRDD,1326,2019-02-18T07:52:33Z,21,3,163,A,0629.3196,N,12449.0840,E,69.10,V,0,9999*69
$BNRDD,1326,2019-02-18T07:52:38Z,24,4,167,A,0629.3196,N,12449.0840,E,69.10,V,0,9999*64
$BNRDD,1326,2019-02-18T07:52:43Z,26,3,170,A,0629.3196,N,12449.0840,E,69.10,V,0,9999*6B
$BNRDD,1326,2019-02-18T07:52:48Z,23,1,171,A,0629.3196,N,12449.0840,E,69.10,V,0,9999*66
$BNRDD,1326,2019-02-18T07:52:53Z,24,1,172,A,0629.3196,N,12449.0840,E,69.10,V,0,9999*68
$BNRDD,1326,2019-02-18T07:52:58Z,23,1,173,A,0629.3196,N,12449.0840,E,69.10,V,0,9999*65
$BNRDD,1326,2019-02-18T07:53:03Z,26,6,179,A,0629.3196,N,12449.0840,E,69.10,V,0,9999*62
$BNRDD,1326,2019-02-18T07:53:08Z,30,5,184,A,0629.3196,N,12449.0840,E,69.10,V,0,9999*6F
$BNRDD,1326,2019-02-18T07:53:13Z,27,1,185,A,0629.3196,N,12449.0840,E,69.10,V,0,9999*66
$BNRDD,1326,2019-02-18T07:53:18Z,30,3,188,A,0629.3196,N,12449.0840,E,69.10,V,0,9999*64
$BNRDD,1326,2019-02-18T07:53:23Z,30,0,188,A,0629.3196,N,12449.0840,E,69.10,V,0,9999*6F
$BNRDD,1326,2019-02-18T07:53:28Z,30,2,190,A,0629.3196,N,12449.0840,E,69.10,V,0,9999*6F
$BNRDD,1326,2019-02-18T07:53:33Z,30,3,193,A,0629.3196,N,12449.0840,E,69.10,V,0,9999*67
$BNRDD,1326,2019-02-18T07:53:38Z,28,2,195,A,0629.3196,N,12449.0840,E,69.10,V,0,9999*62
$BNRDD,1326,2019-02-18T07:53:43Z,28,3,198,A,0629.3167,N,12449.0939,E,91.40,A,5,129*49
$BNRDD,1326,2019-02-18T07:53:48Z,28,1,199,A,0629.3177,N,12449.0980,E,57.80,A,6,126*48
$BNRDD,1326,2019-02-18T07:53:53Z,29,2,201,A,0629.3178,N,12449.0972,E,62.30,A,6,126*4D
$BNRDD,1326,2019-02-18T07:53:58Z,29,1,202,A,0629.3178,N,12449.0969,E,65.50,A,6,126*4D
$BNRDD,1326,2019-02-18T07:54:03Z,27,4,206,A,0629.3179,N,12449.0966,E,65.80,A,6,126*48
$BNRDD,1326,2019-02-18T07:54:08Z,26,4,210,A,0629.3175,N,12449.0965,E,66.10,A,6,126*40
$BNRDD,1326,2019-02-18T07:54:13Z,28,3,213,A,0629.3173,N,12449.0964,E,66.40,A,6,126*42
$BNRDD,1326,2019-02-18T07:54:18Z,26,1,214,A,0629.3172,N,12449.0966,E,66.60,A,6,126*43
$BNRDD,1326,2019-02-18T07:54:23Z,29,3,217,A,0629.3171,N,12449.0964,E,66.60,A,6,126*44
$BNRDD,1326,2019-02-18T07:54:28Z,30,3,220,A,0629.3172,N,12449.0963,E,66.70,A,6,126*46
$BNRDD,1326,2019-02-18T07:54:33Z,31,4,224,A,0629.3171,N,12449.0964,E,66.70,A,6,126*4A
$BNRDD,1326,2019-02-18T07:54:38Z,31,2,226,A,0629.3170,N,12449.0967,E,66.80,A,6,126*48
$BNRDD,1326,2019-02-18T07:54:43Z,30,2,228,A,0629.3169,N,12449.0967,E,66.80,A,6,126*43
$BNRDD,1326,2019-02-18T07:54:48Z,34,5,233,A,0629.3169,N,12449.0969,E,66.90,A,6,126*4E
$BNRDD,1326,2019-02-18T07:54:53Z,37,5,238,A,0629.3167,N,12449.0969,E,67.00,A,6,126*4A
$BNRDD,1326,2019-02-18T07:54:58Z,37,1,239,A,0629.3165,N,12449.0969,E,67.00,A,7,117*45
$BNRDD,1326,2019-02-18T07:55:03Z,37,4,243,A,0629.3165,N,12449.0970,E,67.00,A,7,117*4A
$BNRDD,1326,2019-02-18T07:55:08Z,35,2,245,A,0629.3162,N,12449.0971,E,67.00,A,7,117*45
$BNRDD,1326,2019-02-18T07:55:13Z,34,2,247,A,0629.3160,N,12449.0971,E,67.00,A,7,117*4E
$BNRDD,1326,2019-02-18T07:55:18Z,35,2,249,A,0629.3156,N,12449.0971,E,67.10,A,7,117*4E
$BNRDD,1326,2019-02-18T07:55:23Z,36,4,253,A,0629.3154,N,12449.0970,E,67.10,A,7,117*4B
$BNRDD,1326,2019-02-18T07:55:28Z,37,4,257,A,0629.3154,N,12449.0970,E,67.10,A,7,117*45
$BNRDD,1326,2019-02-18T07:55:33Z,33,0,257,A,0629.3152,N,12449.0970,E,67.10,A,7,117*49
$BNRDD,1326,2019-02-18T07:55:38Z,33,2,259,A,0629.3152,N,12449.0970,E,67.20,A,7,117*4D
$BNRDD,1326,2019-02-18T07:55:43Z,33,2,261,A,0629.3150,N,12449.0970,E,67.20,A,7,117*48
$BNRDD,1326,2019-02-18T07:55:48Z,30,2,263,A,0629.3149,N,12449.0972,E,67.30,A,7,117*49
$BNRDD,1326,2019-02-18T07:55:53Z,29,4,267,A,0629.3150,N,12449.0972,E,67.30,A,7,117*41
$BNRDD,1326,2019-02-18T07:55:58Z,29,1,268,A,0629.3150,N,12449.0972,E,67.30,A,7,117*40
$BNRDD,1326,2019-02-18T07:56:03Z,26,1,269,A,0629.3147,N,12449.0973,E,67.40,A,7,117*43
$BNRDD,1326,2019-02-18T07:56:08Z,29,5,274,A,0629.3148,N,12449.0973,E,67.40,A,7,117*40
$BNRDD,1326,2019-02-18T07:56:13Z,31,4,278,A,0629.3149,N,12449.0973,E,67.40,A,7,117*4F
$BNRDD,1326,2019-02-18T07:56:18Z,31,2,280,A,0629.3149,N,12449.0971,E,67.50,A,7,117*46
$BNRDD,1326,2019-02-18T07:56:23Z,32,5,285,A,0629.3149,N,12449.0972,E,67.50,A,7,117*4C
$BNRDD,1326,2019-02-18T07:56:28Z,29,1,286,A,0629.3150,N,12449.0973,E,67.50,A,7,117*43
$BNRDD,1326,2019-02-18T07:56:33Z,36,7,293,A,0629.3152,N,12449.0974,E,67.50,A,7,117*40
$BNRDD,1326,2019-02-18T07:56:38Z,37,3,296,A,0629.3155,N,12449.0974,E,67.50,A,7,117*4C
$BNRDD,1326,2019-02-18T07:56:43Z,37,2,298,A,0629.3158,N,12449.0973,E,67.50,A,7,117*45
$BNRDD,1326,2019-02-18T07:56:48Z,37,2,300,A,0629.3159,N,12449.0974,E,67.60,A,6,121*4F
$BNRDD,1326,2019-02-18T07:56:53Z,36,3,303,A,0629.3161,N,12449.0973,E,67.60,A,7,116*4F
$BNRDD,1326,2019-02-18T07:56:58Z,36,1,304,A,0629.3164,N,12449.0972,E,67.60,A,7,116*45
$BNRDD,1326,2019-02-18T07:57:03Z,37,2,306,A,0629.3168,N,12449.0971,E,67.60,A,7,117*44
$BNRDD,1326,2019-02-18T07:57:08Z,32,0,306,A,0629.3172,N,12449.0970,E,67.60,A,7,116*43
$BNRDD,1326,2019-02-18T07:57:13Z,32,4,310,A,0629.3174,N,12449.0968,E,67.60,A,7,116*45
$BNRDD,1326,2019-02-18T07:57:18Z,32,2,312,A,0629.3176,N,12449.0967,E,67.60,A,7,116*47
$BNRDD,1326,2019-02-18T07:57:23Z,28,1,313,A,0629.3180,N,12449.0967,E,67.60,A,7,116*4F
$BNRDD,1326,2019-02-18T07:57:28Z,30,3,316,A,0629.3183,N,12449.0969,E,67.60,A,6,118*48
$BNRDD,1326,2019-02-18T07:57:34Z,26,3,319,A,0629.3186,N,12449.0968,E,67.60,A,7,116*46
$BNRDD,1326,2019-02-18T07:57:39Z,24,1,320,A,0629.3186,N,12449.0968,E,67.60,A,7,116*41
$BNRDD,1326,2019-02-18T07:57:44Z,22,0,320,A,0629.3185,N,12449.0969,E,67.60,A,7,116*4E
$BNRDD,1326,2019-02-18T07:57:49Z,21,1,321,A,0629.3184,N,12449.0970,E,67.70,A,7,116*48
$BNRDD,1326,2019-02-18T07:57:54Z,19,1,322,A,0629.3186,N,12449.0970,E,67.70,A,7,116*4E
$BNRDD,1326,2019-02-18T07:57:59Z,18,0,322,A,0629.3188,N,12449.0969,E,67.70,A,7,116*45
$BNRDD,1326,2019-02-18T07:58:04Z,17,1,323,A,0629.3190,N,12449.0967,E,67.70,A,7,116*4A
$BNRDD,1326,2019-02-18T07:58:09Z,20,3,326,A,0629.3192,N,12449.0967,E,67.70,A,7,116*46
$BNRDD,1326,2019-02-18T07:58:14Z,24,8,334,A,0629.3195,N,12449.0966,E,67.70,A,6,118*4F
$BNRDD,1326,2019-02-18T07:58:19Z,25,3,337,A,0629.3198,N,12449.0966,E,67.70,A,7,116*49
$BNRDD,1326,2019-02-18T07:58:24Z,27,3,340,A,0629.3197,N,12449.0968,E,67.70,A,7,116*44
$BNRDD,1326,2019-02-18T07:58:29Z,26,2,342,A,0629.3199,N,12449.0972,E,67.70,A,7,116*4E
$BNRDD,1326,2019-02-18T07:58:34Z,24,1,343,A,0629.3200,N,12449.0975,E,67.70,A,7,116*46
$BNRDD,1326,2019-02-18T07:58:39Z,26,3,346,A,0629.3201,N,12449.0978,E,67.70,A,7,116*42
$BNRDD,1326,2019-02-18T07:58:44Z,29,3,349,A,0629.3202,N,12449.0982,E,67.70,A,6,118*41
$BNRDD,1326,2019-02-18T07:58:49Z,30,2,351,A,0629.3203,N,12449.0984,E,67.70,A,6,118*4B
$BNRDD,1326,2019-02-18T07:58:54Z,32,3,354,A,0629.3203,N,12449.0984,E,67.70,A,7,116*4E
$BNRDD,1326,2019-02-18T07:58:59Z,33,1,355,A,0629.3203,N,12449.0984,E,67.70,A,7,116*41
$BNRDD,1326,2019-02-18T07:59:04Z,35,3,358,A,0629.3202,N,12449.0983,E,67.70,A,7,116*47
$BNRDD,1326,2019-02-18T07:59:09Z,34,2,360,A,0629.3203,N,12449.0982,E,67.70,A,7,116*41
$BNRDD,1326,2019-02-18T07:59:14Z,27,1,361,A,0629.3203,N,12449.0983,E,67.70,A,7,116*4C
$BNRDD,1326,2019-02-18T07:59:19Z,26,2,363,A,0629.3202,N,12449.0985,E,67.70,A,7,116*46
$BNRDD,1326,2019-02-18T07:59:24Z,24,1,364,A,0629.3200,N,12449.0986,E,67.70,A,7,116*4F
$BNRDD,1326,2019-02-18T07:59:29Z,28,6,370,A,0629.3198,N,12449.0985,E,67.70,A,6,118*42
$BNRDD,1326,2019-02-18T07:59:34Z,28,1,371,A,0629.3197,N,12449.0984,E,67.70,A,6,118*46
$BNRDD,1326,2019-02-18T07:59:39Z,26,1,372,A,0629.3199,N,12449.0983,E,67.80,A,6,118*40
$BNRDD,1326,2019-02-18T07:59:44Z,27,4,376,A,0629.3202,N,12449.0981,E,67.80,A,6,118*49
$BNRDD,1326,2019-02-18T07:59:49Z,27,2,378,A,0629.3205,N,12449.0979,E,67.80,A,6,118*4C
$BNRDD,1326,2019-02-18T07:59:54Z,26,2,380,A,0629.3208,N,12449.0978,E,67.80,A,6,118*4A
$BNRDD,1326,2019-02-18T07:59:59Z,27,2,382,A,0629.3213,N,12449.0976,E,67.80,A,6,117*4F
$BNRDD,1326,2019-02-18T08:00:04Z,28,4,386,A,0629.3218,N,12449.0971,E,67.80,A,7,116*45
$BNRDD,1326,2019-02-18T08:00:09Z,31,5,391,A,0629.3217,N,12449.0967,E,67.80,A,7,116*4F
$BNRDD,1326,2019-02-18T08:00:14Z,30,0,391,A,0629.3217,N,12449.0962,E,67.80,A,7,116*42
$BNRDD,1326,2019-02-18T08:00:19Z,30,2,393,A,0629.3214,N,12449.0961,E,67.80,A,7,116*4F
$BNRDD,1326,2019-02-18T08:00:24Z,32,3,396,A,0629.3211,N,12449.0960,E,67.90,A,7,116*42
$BNRDD,1326,2019-02-18T08:00:29Z,29,3,399,A,0629.3210,N,12449.0956,E,67.90,A,7,116*4E
$BNRDD,1326,2019-02-18T08:00:34Z,32,4,403,A,0629.3211,N,12449.0954,E,67.90,A,7,116*48
$BNRDD,1326,2019-02-18T08:00:39Z,35,4,407,A,0629.3210,N,12449.0954,E,67.90,A,7,116*47
$BNRDD,1326,2019-02-18T08:00:44Z,34,3,410,A,0629.3208,N,12449.0957,E,67.90,A,7,116*47
$BNRDD,1326,2019-02-18T08:00:49Z,33,1,411,A,0629.3206,N,12449.0961,E,67.90,A,7,116*45
$BNRDD,1326,2019-02-18T08:00:54Z,33,2,413,A,0629.3202,N,12449.0963,E,67.90,A,7,116*4E
$BNRDD,1326,2019-02-18T08:00:59Z,33,2,415,A,0629.3198,N,12449.0963,E,67.90,A,7,116*45
$BNRDD,1326,2019-02-18T08:01:04Z,32,3,418,A,0629.3192,N,12449.0963,E,67.90,A,7,116*4B
$BNRDD,1326,2019-02-18T08:01:09Z,29,2,420,A,0629.3188,N,12449.0963,E,67.90,A,7,116*4D
$BNRDD,1326,2019-02-18T08:01:14Z,32,3,423,A,0629.3184,N,12449.0962,E,67.90,A,7,116*44
$BNRDD,1326,2019-02-18T08:01:19Z,35,5,428,A,0629.3181,N,12449.0960,E,67.90,A,7,116*44
$BNRDD,1326,2019-02-18T08:01:24Z,33,1,429,A,0629.3179,N,12449.0959,E,67.90,A,7,116*44
$BNRDD,1326,2019-02-18T08:01:29Z,31,1,430,A,0629.3178,N,12449.0959,E,67.90,A,7,116*42
$BNRDD,1326,2019-02-18T08:01:34Z,32,5,435,A,0629.3177,N,12449.0960,E,68.00,A,7,116*4F
$BNRDD,1326,2019-02-18T08:01:39Z,32,4,439,A,0629.3176,N,12449.0960,E,68.00,A,7,116*4E
$BNRDD,1326,2019-02-18T08:01:44Z,31,2,441,A,0629.3173,N,12449.0961,E,68.00,A,7,116*4A
$BNRDD,1326,2019-02-18T08:01:50Z,31,1,442,A,0629.3172,N,12449.0962,E,68.00,A,6,123*4A
$BNRDD,1326,2019-02-18T08:01:55Z,31,2,444,A,0629.3169,N,12449.0962,E,68.00,A,6,123*40
$BNRDD,1326,2019-02-18T08:02:00Z,33,4,448,A,0629.3169,N,12449.0962,E,68.00,A,6,123*4B
$BNRDD,1326,2019-02-18T08:02:05Z,31,1,449,A,0629.3171,N,12449.0960,E,68.00,A,6,127*47
$BNRDD,1326,2019-02-18T08:02:10Z,29,0,449,A,0629.3173,N,12449.0962,E,68.10,A,6,123*4E
$BNRDD,1326,2019-02-18T08:02:15Z,29,3,452,A,0629.3175,N,12449.0965,E,68.10,A,6,123*43
$BNRDD,1326,2019-02-18T08:02:20Z,26,2,454,A,0629.3174,N,12449.0963,E,68.20,A,6,123*49
$BNRDD,1326,2019-02-18T08:02:25Z,25,0,454,A,0629.3173,N,12449.0963,E,68.20,A,6,123*4A
$BNRDD,1326,2019-02-18T08:02:30Z,26,2,456,A,0629.3174,N,12449.0965,E,68.30,A,6,123*4D
$BNRDD,1326,2019-02-18T08:02:35Z,23,2,458,A,0629.3172,N,12449.0966,E,68.40,A,6,123*41
$BNRDD,1326,2019-02-18T08:02:40Z,20,1,459,A,0629.3170,N,12449.0965,E,68.40,A,6,123*43
$BNRDD,1326,2019-02-18T08:02:45Z,19,1,460,A,0629.3169,N,12449.0965,E,68.50,A,6,123*4F
$BNRDD,1326,2019-02-18T08:02:50Z,22,4,464,A,0629.3169,N,12449.0965,E,68.50,A,6,123*42
$BNRDD,1326,2019-02-18T08:02:55Z,23,3,467,A,0629.3172,N,12449.0965,E,68.60,A,6,126*4E
$BNRDD,1326,2019-02-18T08:03:00Z,24,5,472,A,0629.3171,N,12449.0964,E,68.70,A,6,123*4C
$BNRDD,1326,2019-02-18T08:03:05Z,27,4,476,A,0629.3170,N,12449.0965,E,68.70,A,6,123*4F
$BNRDD,1326,2019-02-18T08:03:10Z,30,3,479,A,0629.3170,N,12449.0965,E,68.80,A,6,123*4A
$BNRDD,1326,2019-02-18T08:03:15Z,32,5,484,A,0629.3168,N,12449.0963,E,68.80,A,6,123*46
$BNRDD,1326,2019-02-18T08:03:20Z,31,1,485,A,0629.3166,N,12449.0962,E,68.90,A,6,123*48
$BNRDD,1326,2019-02-18T08:03:25Z,31,0,485,A,0629.3168,N,12449.0963,E,68.90,A,6,126*46
$BNRDD,1326,2019-02-18T08:03:30Z,30,1,486,A,0629.3171,N,12449.0962,E,69.00,A,6,123*45
$BNRDD,1326,2019-02-18T08:03:35Z,32,4,490,A,0629.3173,N,12449.0960,E,69.10,A,6,126*44
$BNRDD,1326,2019-02-18T08:03:40Z,34,3,493,A,0629.3175,N,12449.0958,E,69.10,A,6,122*4D
$BNRDD,1326,2019-02-18T08:03:45Z,37,4,497,A,0629.3177,N,12449.0957,E,69.20,A,6,123*47
$BNRDD,1326,2019-02-18T08:03:50Z,35,2,499,A,0629.3179,N,12449.0956,E,69.30,A,6,122*46
$BNRDD,1326,2019-02-18T08:03:55Z,35,3,502,A,0629.3179,N,12449.0956,E,69.30,A,6,122*41
$BNRDD,1326,2019-02-18T08:04:00Z,32,2,504,A,0629.3180,N,12449.0956,E,69.40,A,6,122*47
$BNRDD,1326,2019-02-18T08:04:05Z,28,0,504,A,0629.3178,N,12449.0955,E,69.50,A,6,122*4E
$BNRDD,1326,2019-02-18T08:04:10Z,28,3,507,A,0629.3176,N,12449.0956,E,69.50,A,6,122*47
$BNRDD,1326,2019-02-18T08:04:15Z,25,2,509,A,0629.3175,N,12449.0957,E,69.50,A,6,122*42
$BNRDD,1326,2019-02-18T08:04:20Z,29,5,514,A,0629.3175,N,12449.0956,E,69.60,A,6,122*41
$BNRDD,1326,2019-02-18T08:04:25Z,30,1,515,A,0629.3177,N,12449.0954,E,69.60,A,6,122*49
$BNRDD,1326,2019-02-18T08:04:30Z,31,2,517,A,0629.3181,N,12449.0950,E,69.60,A,6,122*40
$BNRDD,1326,2019-02-18T08:04:35Z,30,3,520,A,0629.3186,N,12449.0946,E,69.60,A,6,122*41
$BNRDD,1326,2019-02-18T08:04:40Z,33,6,526,A,0629.3188,N,12449.0943,E,69.60,A,6,122*48
$BNRDD,1326,2019-02-18T08:04:45Z,31,2,528,A,0629.3189,N,12449.0941,E,69.60,A,6,122*46
$BNRDD,1326,2019-02-18T08:04:50Z,32,3,531,A,0629.3187,N,12449.0941,E,69.60,A,6,122*46
$BNRDD,1326,2019-02-18T08:04:55Z,31,2,533,A,0629.3185,N,12449.0944,E,69.60,A,6,122*44
$BNRDD,1326,2019-02-18T08:05:00Z,32,3,536,A,0629.3185,N,12449.0947,E,69.60,A,6,122*41
$BNRDD,1326,2019-02-18T08:05:05Z,34,2,538,A,0629.3185,N,12449.0949,E,69.70,A,6,122*42
$BNRDD,1326,2019-02-18T08:05:10Z,33,2,540,A,0629.3186,N,12449.0950,E,69.70,A,6,122*45
$BNRDD,1326,2019-02-18T08:05:15Z,33,2,542,A,0629.3187,N,12449.0953,E,69.70,A,6,122*40
$BNRDD,1326,2019-02-18T08:05:20Z,31,3,545,A,0629.3187,N,12449.0957,E,69.70,A,6,122*46
$BNRDD,1326,2019-02-18T08:05:25Z,34,4,549,A,0629.3189,N,12449.0960,E,69.70,A,6,122*47
$BNRDD,1326,2019-02-18T08:05:30Z,36,4,553,A,0629.3189,N,12449.0961,E,69.70,A,6,122*4B
$BNRDD,1326,2019-02-18T08:05:35Z,34,1,554,A,0629.3192,N,12449.0961,E,69.70,A,6,122*44
$BNRDD,1326,2019-02-18T08:05:40Z,30,2,556,A,0629.3197,N,12449.0958,E,69.70,A,6,122*4C
$BNRDD,1326,2019-02-18T08:05:46Z,32,4,560,A,0629.3202,N,12449.0954,E,69.70,A,6,122*48
$BNRDD,1326,2019-02-18T08:05:51Z,30,1,561,A,0629.3204,N,12449.0949,E,69.70,A,6,122*42
$BNRDD,1326,2019-02-18T08:05:56Z,35,7,568,A,0629.3206,N,12449.0944,E,69.70,A,6,122*40
$BNRDD,1326,2019-02-18T08:06:01Z,33,1,569,A,0629.3209,N,12449.0942,E,69.70,A,6,122*49
$BNRDD,1326,2019-02-18T08:06:06Z,33,2,571,A,0629.3210,N,12449.0939,E,69.70,A,6,122*40
$BNRDD,1326,2019-02-18T08:06:11Z,33,2,573,A,0629.3211,N,12449.0937,E,69.80,A,6,121*47
$BNRDD,1326,2019-02-18T08:06:16Z,34,3,576,A,0629.3214,N,12449.0936,E,69.80,A,6,121*47
$BNRDD,1326,2019-02-18T08:06:21Z,32,1,577,A,0629.3218,N,12449.0934,E,69.80,A,6,121*48
$BNRDD,1326,2019-02-18T08:06:26Z,31,3,580,A,0629.3220,N,12449.0936,E,69.80,A,6,121*4F
$BNRDD,1326,2019-02-18T08:06:31Z,28,1,581,A,0629.3221,N,12449.0938,E,69.80,A,6,121*4D
$BNRDD,1326,2019-02-18T08:06:36Z,30,3,584,A,0629.3223,N,12449.0940,E,69.80,A,6,121*49
$BNRDD,1326,2019-02-18T08:06:41Z,29,1,585,A,0629.3223,N,12449.0942,E,69.80,A,6,121*40
$BNRDD,1326,2019-02-18T08:06:46Z,28,3,588,A,0629.3225,N,12449.0944,E,69.80,A,6,121*49
$BNRDD,1326,2019-02-18T08:06:51Z,28,1,589,A,0629.3225,N,12449.0946,E,69.80,A,6,121*4E
$BNRDD,1326,2019-02-18T08:06:56Z,23,2,591,A,0629.3228,N,12449.0950,E,69.80,A,6,121*42
$BNRDD,1326,2019-02-18T08:07:01Z,25,3,594,A,0629.3227,N,12449.0953,E,69.80,A,6,121*4F
$BNRDD,1326,2019-02-18T08:07:06Z,25,2,596,A,0629.3226,N,12449.0956,E,69.80,A,6,121*4F
$BNRDD,1326,2019-02-18T08:07:11Z,26,3,599,A,0629.3224,N,12449.0957,E,69.80,A,6,121*47
$BNRDD,1326,2019-02-18T08:07:16Z,26,3,602,A,0629.3222,N,12449.0959,E,69.80,A,6,121*49
$BNRDD,1326,2019-02-18T08:07:21Z,30,5,607,A,0629.3219,N,12449.0961,E,69.80,A,6,121*4A
$BNRDD,1326,2019-02-18T08:07:26Z,28,1,608,A,0629.3216,N,12449.0961,E,69.90,A,6,121*41
$BNRDD,1326,2019-02-18T08:07:31Z,29,2,610,A,0629.3214,N,12449.0958,E,69.90,A,6,121*44
$BNRDD,1326,2019-02-18T08:07:36Z,28,2,612,A,0629.3211,N,12449.0954,E,69.90,A,6,121*49
$BNRDD,1326,2019-02-18T08:07:41Z,29,2,614,A,0629.3212,N,12449.0950,E,69.90,A,6,121*49
$BNRDD,1326,2019-02-18T08:07:46Z,29,3,617,A,0629.3212,N,12449.0949,E,69.90,A,6,121*44
$BNRDD,1326,2019-02-18T08:07:51Z,35,7,624,A,0629.3212,N,12449.0950,E,69.90,A,6,121*43
$BNRDD,1326,2019-02-18T08:07:56Z,34,1,625,A,0629.3213,N,12449.0948,E,69.90,A,6,121*4A
$BNRDD,1326,2019-02-18T08:08:01Z,34,3,628,A,0629.3220,N,12449.0944,E,69.90,A,6,121*44
$BNRDD,1326,2019-02-18T08:08:06Z,35,3,631,A,0629.3226,N,12449.0940,E,70.00,A,6,121*49
$BNRDD,1326,2019-02-18T08:08:11Z,33,1,632,A,0629.3231,N,12449.0938,E,70.00,A,6,121*41
$BNRDD,1326,2019-02-18T08:08:16Z,31,1,633,A,0629.3234,N,12449.0936,E,70.00,A,6,121*4E
$BNRDD,1326,2019-02-18T08:08:21Z,26,0,633,A,0629.3237,N,12449.0932,E,70.00,A,6,121*4A
$BNRDD,1326,2019-02-18T08:08:26Z,32,7,640,A,0629.3239,N,12449.0928,E,70.00,A,6,121*4E
$BNRDD,1326,2019-02-18T08:08:31Z,31,1,641,A,0629.3241,N,12449.0925,E,70.00,A,6,123*4C
$BNRDD,1326,2019-02-18T08:08:36Z,31,2,643,A,0629.3239,N,12449.0927,E,70.00,A,6,120*44
$BNRDD,1326,2019-02-18T08:08:41Z,30,1,644,A,0629.3233,N,12449.0928,E,70.00,A,6,120*44
$BNRDD,1326,2019-02-18T08:08:46Z,29,2,646,A,0629.3228,N,12449.0927,E,70.00,A,6,121*4E
$BNRDD,1326,2019-02-18T08:08:51Z,25,3,649,A,0629.3225,N,12449.0926,E,70.00,A,6,120*47
$BNRDD,1326,2019-02-18T08:08:56Z,28,4,653,A,0629.3222,N,12449.0924,E,70.00,A,6,120*44
$BNRDD,1326,2019-02-18T08:09:01Z,26,1,654,A,0629.3219,N,12449.0922,E,70.00,A,6,120*45
$BNRDD,1326,2019-02-18T08:09:06Z,23,0,654,A,0629.3216,N,12449.0922,E,70.00,A,6,120*49
$BNRDD,1326,2019-02-18T08:09:11Z,29,7,661,A,0629.3215,N,12449.0922,E,70.00,A,6,120*47
$BNRDD,1326,2019-02-18T08:09:16Z,28,0,661,A,0629.3214,N,12449.0924,E,70.00,A,6,120*41
$BNRDD,1326,2019-02-18T08:09:21Z,30,2,663,A,0629.3213,N,12449.0926,E,70.10,A,6,120*48
$BNRDD,1326,2019-02-18T08:09:26Z,25,2,665,A,0629.3211,N,12449.0927,E,70.10,A,6,120*4E
$BNRDD,1326,2019-02-18T08:09:31Z,28,4,669,A,0629.3208,N,12449.0930,E,70.10,A,6,120*41
$BNRDD,1326,2019-02-18T08:09:36Z,27,1,670,A,0629.3203,N,12449.0934,E,70.10,A,6,120*4B
$BNRDD,1326,2019-02-18T08:09:41Z,29,3,673,A,0629.3197,N,12449.0938,E,70.10,A,6,120*46
$BNRDD,1326,2019-02-18T08:09:46Z,32,5,678,A,0629.3192,N,12449.0942,E,70.10,A,6,120*4E
$BNRDD,1326,2019-02-18T08:09:51Z,33,4,682,A,0629.3189,N,12449.0947,E,70.10,A,6,120*42
$BNRDD,1326,2019-02-18T08:09:56Z,30,1,683,A,0629.3187,N,12449.0951,E,70.10,A,6,120*4B
$BNRDD,1326,2019-02-18T08:10:02Z,34,5,688,A,0629.3188,N,12449.0950,E,70.10,A,6,123*44
$BNRDD,1326,2019-02-18T08:10:07Z,36,2,690,A,0629.3189,N,12449.0952,E,70.10,A,6,120*4D
$BNRDD,1326,2019-02-18T08:10:12Z,33,4,694,A,0629.3189,N,12449.0953,E,70.10,A,5,137*4A
$BNRDD,1326,2019-02-18T08:10:17Z,36,3,697,A,0629.3192,N,12449.0954,E,70.10,A,5,141*42
$BNRDD,1326,2019-02-18T08:10:22Z,37,3,700,A,0629.3195,N,12449.0954,E,70.10,A,5,137*4C
$BNRDD,1326,2019-02-18T08:10:27Z,39,4,704,A,0629.3198,N,12449.0955,E,70.10,A,5,141*49
$BNRDD,1326,2019-02-18T08:10:32Z,35,0,704,A,0629.3200,N,12449.0954,E,70.10,A,5,137*47
$BNRDD,1326,2019-02-18T08:10:37Z,35,1,705,A,0629.3201,N,12449.0955,E,70.10,A,5,137*42
$BNRDD,1326,2019-02-18T08:10:42Z,34,2,707,A,0629.3201,N,12449.0956,E,70.20,A,6,117*41
$BNRDD,1326,2019-02-18T08:10:47Z,30,1,708,A,0629.3202,N,12449.0957,E,70.20,A,6,117*4E
$BNRDD,1326,2019-02-18T08:10:52Z,29,3,711,A,0629.3202,N,12449.0958,E,70.20,A,6,116*46
$BNRDD,1326,2019-02-18T08:10:57Z,30,2,713,A,0629.3202,N,12449.0959,E,70.20,A,6,116*49
$BNRDD,1326,2019-02-18T08:11:02Z,26,1,714,A,0629.3202,N,12449.0958,E,70.20,A,6,117*4B
$BNRDD,1326,2019-02-18T08:11:07Z,26,2,716,A,0629.3200,N,12449.0959,E,70.20,A,6,116*4D
$BNRDD,1326,2019-02-18T08:11:12Z,24,2,718,A,0629.3199,N,12449.0960,E,70.20,A,6,116*4C
$BNRDD,1326,2019-02-18T08:11:17Z,21,0,718,A,0629.3196,N,12449.0961,E,70.20,A,6,116*40
$BNRDD,1326,2019-02-18T08:11:22Z,19,1,719,A,0629.3195,N,12449.0961,E,70.20,A,6,116*4E
$BNRDD,1326,2019-02-18T08:11:27Z,16,1,720,A,0629.3190,N,12449.0960,E,70.20,A,6,116*4A
$BNRDD,1326,2019-02-18T08:11:32Z,19,3,723,A,0629.3184,N,12449.0957,E,70.20,A,6,116*41
$BNRDD,1326,2019-02-18T08:11:37Z,21,3,726,A,0629.3179,N,12449.0952,E,70.20,A,6,116*4D
$BNRDD,1326,2019-02-18T08:11:42Z,21,2,728,A,0629.3177,N,12449.0950,E,70.30,A,6,116*4D
$BNRDD,1326,2019-02-18T08:11:47Z,25,5,733,A,0629.3173,N,12449.0951,E,70.30,A,7,109*4B
$BNRDD,1326,2019-02-18T08:11:52Z,25,3,736,A,0629.3171,N,12449.0954,E,70.30,A,7,109*4B
$BNRDD,1326,2019-02-18T08:11:57Z,26,3,739,A,0629.3170,N,12449.0958,E,70.30,A,7,109*4F
$BNRDD,1326,2019-02-18T08:12:02Z,27,2,741,A,0629.3171,N,12449.0962,E,70.30,A,7,109*4B
$BNRDD,1326,2019-02-18T08:12:07Z,27,2,743,A,0629.3173,N,12449.0965,E,70.30,A,7,109*49
$BNRDD,1326,2019-02-18T08:12:12Z,27,2,745,A,0629.3172,N,12449.0968,E,70.30,A,7,109*47
$BNRDD,1326,2019-02-18T08:12:17Z,30,3,748,A,0629.3171,N,12449.0971,E,70.30,A,7,109*43
$BNRDD,1326,2019-02-18T08:12:22Z,32,3,751,A,0629.3169,N,12449.0973,E,70.30,A,7,109*44
$BNRDD,1326,2019-02-18T08:12:27Z,32,1,752,A,0629.3170,N,12449.0974,E,70.30,A,7,109*4F
$BNRDD,1326,2019-02-18T08:12:32Z,30,1,753,A,0629.3169,N,12449.0974,E,70.30,A,7,109*40
$BNRDD,1326,2019-02-18T08:12:37Z,27,0,753,A,0629.3168,N,12449.0976,E,70.30,A,7,109*41
$BNRDD,1326,2019-02-18T08:12:42Z,31,6,759,A,0629.3167,N,12449.0979,E,70.30,A,7,109*48
$BNRDD,1326,2019-02-18T08:12:47Z,28,2,761,A,0629.3167,N,12449.0981,E,70.30,A,7,109*4D
$BNRDD,1326,2019-02-18T08:12:52Z,32,7,768,A,0629.3168,N,12449.0982,E,70.30,A,7,109*42
$BNRDD,1326,2019-02-18T08:12:57Z,31,2,770,A,0629.3171,N,12449.0983,E,70.30,A,7,109*41
$BNRDD,1326,2019-02-18T08:13:02Z,32,3,773,A,0629.3174,N,12449.0984,E,70.30,A,7,109*43
$BNRDD,1326,2019-02-18T08:13:07Z,33,3,776,A,0629.3176,N,12449.0983,E,70.40,A,7,109*40
$BNRDD,1326,2019-02-18T08:13:12Z,34,3,779,A,0629.3176,N,12449.0979,E,70.40,A,7,109*49
$BNRDD,1326,2019-02-18T08:13:17Z,33,2,781,A,0629.3174,N,12449.0976,E,70.40,A,7,109*40
$BNRDD,1326,2019-02-18T08:13:22Z,31,1,782,A,0629.3173,N,12449.0974,E,70.40,A,7,109*41
$BNRDD,1326,2019-02-18T08:13:27Z,32,2,784,A,0629.3172,N,12449.0972,E,70.40,A,7,109*45
$BNRDD,1326,2019-02-18T08:13:32Z,32,1,785,A,0629.3171,N,12449.0970,E,70.40,A,7,109*42
$BNRDD,1326,2019-02-18T08:13:37Z,33,1,786,A,0629.3168,N,12449.0970,E,70.50,A,7,109*4C
$BNRDD,1326,2019-02-18T08:13:42Z,31,4,790,A,0629.3167,N,12449.0969,E,70.50,A,7,109*49
$BNRDD,1326,2019-02-18T08:13:47Z,33,4,794,A,0629.3167,N,12449.0968,E,70.50,A,7,109*4B
$BNRDD,1326,2019-02-18T08:13:52Z,29,3,797,A,0629.3165,N,12449.0969,E,70.50,A,7,109*43
$BNRDD,1326,2019-02-18T08:13:57Z,30,3,800,A,0629.3162,N,12449.0971,E,70.50,A,7,108*40
$BNRDD,1326,2019-02-18T08:14:02Z,31,4,804,A,0629.3162,N,12449.0974,E,70.50,A,7,108*40
$BNRDD,1326,2019-02-18T08:14:08Z,32,4,808,A,0629.3160,N,12449.0974,E,70.60,A,7,108*44
$BNRDD,1326,2019-02-18T08:14:13Z,31,2,810,A,0629.3160,N,12449.0974,E,70.60,A,7,108*42
$BNRDD,1326,2019-02-18T08:14:18Z,33,4,814,A,0629.3160,N,12449.0972,E,70.60,A,6,109*4F
$BNRDD,1326,2019-02-18T08:14:23Z,36,4,818,A,0629.3161,N,12449.0969,E,70.60,A,6,109*45
$BNRDD,1326,2019-02-18T08:14:28Z,35,1,819,A,0629.3163,N,12449.0967,E,70.60,A,6,108*44
$BNRDD,1326,2019-02-18T08:14:33Z,36,2,821,A,0629.3163,N,12449.0964,E,70.60,A,6,108*46
$BNRDD,1326,2019-02-18T08:14:38Z,38,3,824,A,0629.3164,N,12449.0961,E,70.60,A,6,108*45
$BNRDD,1326,2019-02-18T08:14:43Z,34,0,824,A,0629.3164,N,12449.0957,E,70.60,A,6,108*43
$BNRDD,1326,2019-02-18T08:14:48Z,32,2,826,A,0629.3164,N,12449.0955,E,70.60,A,6,108*4C
$BNRDD,1326,2019-02-18T08:14:53Z,32,3,829,A,0629.3165,N,12449.0953,E,70.60,A,6,108*4F
$BNRDD,1326,2019-02-18T08:14:58Z,29,0,829,A,0629.3166,N,12449.0952,E,70.60,A,6,122*47
$BNRDD,1326,2019-02-18T08:15:03Z,29,4,833,A,0629.3168,N,12449.0952,E,70.60,A,6,108*41
$BNRDD,1326,2019-02-18T08:15:08Z,29,4,837,A,0629.3168,N,12449.0951,E,70.60,A,6,108*4D
$BNRDD,1326,2019-02-18T08:15:13Z,28,1,838,A,0629.3167,N,12449.0949,E,70.70,A,6,108*4B
$BNRDD,1326,2019-02-18T08:15:18Z,26,2,840,A,0629.3166,N,12449.0949,E,70.70,A,6,108*43
$BNRDD,1326,2019-02-18T08:15:23Z,24,2,842,A,0629.3165,N,12449.0948,E,70.70,A,6,108*49
$BNRDD,1326,2019-02-18T08:15:28Z,24,1,843,A,0629.3162,N,12449.0948,E,70.70,A,6,108*47
$BNRDD,1326,2019-02-18T08:15:33Z,24,2,845,A,0629.3159,N,12449.0947,E,70.70,A,6,108*4F
$BNRDD,1326,2019-02-18T08:15:38Z,28,7,852,A,0629.3157,N,12449.0944,E,70.70,A,6,108*46
$BNRDD,1326,2019-02-18T08:15:43Z,29,1,853,A,0629.3156,N,12449.0942,E,70.70,A,6,108*4B
$BNRDD,1326,2019-02-18T08:15:48Z,28,1,854,A,0629.3158,N,12449.0940,E,70.70,A,6,108*4A
$BNRDD,1326,2019-02-18T08:15:53Z,27,2,856,A,0629.3162,N,12449.0938,E,70.70,A,6,121*43
$BNRDD,1326,2019-02-18T08:15:58Z,31,4,860,A,0629.3167,N,12449.0937,E,70.70,A,6,108*4D
$BNRDD,1326,2019-02-18T08:16:03Z,30,3,863,A,0629.3169,N,12449.0936,E,70.70,A,6,121*41
$BNRDD,1326,2019-02-18T08:16:08Z,27,1,864,A,0629.3173,N,12449.0937,E,70.70,A,6,108*48
$BNRDD,1326,2019-02-18T08:16:13Z,26,0,864,A,0629.3174,N,12449.0936,E,70.80,A,6,108*4B
$BNRDD,1326,2019-02-18T08:16:18Z,27,3,867,A,0629.3174,N,12449.0936,E,70.80,A,6,108*41
$BNRDD,1326,2019-02-18T08:16:23Z,26,1,868,A,0629.3176,N,12449.0935,E,70.80,A,6,121*4F
$BNRDD,1326,2019-02-18T08:16:28Z,29,4,872,A,0629.3176,N,12449.0935,E,70.80,A,6,108*4E
$BNRDD,1326,2019-02-18T08:16:33Z,29,2,874,A,0629.3175,N,12449.0937,E,70.80,A,6,108*45
$BNRDD,1326,2019-02-18T08:16:38Z,26,4,878,A,0629.3173,N,12449.0936,E,70.80,A,6,107*43
$BNRDD,1326,2019-02-18T08:16:43Z,31,6,884,A,0629.3171,N,12449.0938,E,70.80,A,6,107*44
$BNRDD,1326,2019-02-18T08:16:48Z,33,3,887,A,0629.3162,N,12449.0940,E,70.90,A,6,107*47
$BNRDD,1326,2019-02-18T08:16:53Z,32,1,888,A,0629.3160,N,12449.0944,E,71.10,A,6,107*4E
$BNRDD,1326,2019-02-18T08:16:58Z,29,1,889,A,0629.3156,N,12449.0946,E,71.20,A,6,107*4A
$BNRDD,1326,2019-02-18T08:17:03Z,30,4,893,A,0629.3152,N,12449.0945,E,71.20,A,6,107*44
$BNRDD,1326,2019-02-18T08:17:08Z,31,2,895,A,0629.3148,N,12449.0945,E,71.20,A,5,166*41
$BNRDD,1326,2019-02-18T08:17:13Z,34,3,898,A,0629.3145,N,12449.0946,E,71.20,A,5,166*4C
$BNRDD,1326,2019-02-18T08:17:18Z,37,6,904,A,0629.3146,N,12449.0945,E,71.20,A,6,162*42
$BNRDD,1326,2019-02-18T08:17:23Z,40,4,908,A,0629.3145,N,12449.0943,E,71.30,A,6,162*40
$BNRDD,1326,2019-02-18T08:17:29Z,36,0,908,A,0629.3142,N,12449.0942,E,71.30,A,7,101*4D
$BNRDD,1326,2019-02-18T08:17:34Z,36,2,910,A,0629.3141,N,12449.0943,E,71.30,A,7,101*48
$BNRDD,1326,2019-02-18T08:17:39Z,34,2,912,A,0629.3139,N,12449.0941,E,71.30,A,7,101*48
$BNRDD,1326,2019-02-18T08:17:44Z,31,3,915,A,0629.3140,N,12449.0939,E,71.30,A,7,101*40
$BNRDD,1326,2019-02-18T08:17:48Z,29,1,916,A,0629.3139,N,12449.0938,E,71.30,A,7,101*4B
$BNRDD,1326,2019-02-18T08:17:53Z,28,0,916,A,0629.3139,N,12449.0937,E,71.40,A,7,101*49
$BNRDD,1326,2019-02-18T08:17:58Z,27,0,916,A,0629.3138,N,12449.0935,E,71.40,A,7,101*4E
$BNRDD,1326,2019-02-18T08:18:03Z,24,1,917,A,0629.3137,N,12449.0934,E,71.50,A,7,101*43
$BNRDD,1326,2019-02-18T08:18:08Z,23,1,918,A,0629.3144,N,12449.0937,E,72.10,A,7,101*40
$BNRDD,1326,2019-02-18T08:18:13Z,20,0,918,A,0629.3150,N,12449.0934,E,72.40,A,7,101*4B
$BNRDD,1326,2019-02-18T08:18:19Z,17,3,921,A,0629.3155,N,12449.0932,E,73.00,A,7,101*4A
$BNRDD,1326,2019-02-18T08:18:24Z,14,1,922,A,0629.3154,N,12449.0930,E,73.00,A,7,101*45
$BNRDD,1326,2019-02-18T08:18:29Z,15,1,923,A,0629.3153,N,12449.0928,E,73.00,A,7,101*46
$BNRDD,1326,2019-02-18T08:18:34Z,19,6,929,A,0629.3152,N,12449.0927,E,73.00,A,7,101*45
$BNRDD,1326,2019-02-18T08:18:39Z,21,4,933,A,0629.3150,N,12449.0926,E,73.00,A,7,101*49
$BNRDD,1326,2019-02-18T08:18:44Z,18,0,933,A,0629.3149,N,12449.0925,E,73.00,A,7,101*46
$BNRDD,1326,2019-02-18T08:18:49Z,21,4,937,A,0629.3150,N,12449.0926,E,73.10,A,6,110*4A
$BNRDD,1326,2019-02-18T08:18:54Z,23,2,939,A,0629.3150,N,12449.0924,E,73.10,A,6,110*4E
$BNRDD,1326,2019-02-18T08:18:59Z,24,1,940,A,0629.3149,N,12449.0921,E,73.10,A,6,110*44
$BNRDD,1326,2019-02-18T08:19:04Z,28,5,945,A,0629.3145,N,12449.0917,E,73.20,A,6,110*4A
$BNRDD,1326,2019-02-18T08:19:09Z,28,1,946,A,0629.3142,N,12449.0916,E,73.20,A,6,110*46
$BNRDD,1326,2019-02-18T08:19:14Z,28,0,946,A,0629.3139,N,12449.0915,E,73.20,A,6,110*44
$BNRDD,1326,2019-02-18T08:19:19Z,26,1,947,A,0629.3135,N,12449.0912,E,73.20,A,6,110*4C
$BNRDD,1326,2019-02-18T08:19:24Z,26,1,948,A,0629.3133,N,12449.0910,E,73.20,A,7,100*49
$BNRDD,1326,2019-02-18T08:19:29Z,30,5,953,A,0629.3131,N,12449.0909,E,73.20,A,7,100*47
$BNRDD,1326,2019-02-18T08:19:34Z,26,2,955,A,0629.3128,N,12449.0909,E,73.30,A,7,100*44
$BNRDD,1326,2019-02-18T08:19:39Z,24,2,957,A,0629.3126,N,12449.0908,E,73.30,A,7,100*46
$BNRDD,1326,2019-02-18T08:19:44Z,26,2,959,A,0629.3124,N,12449.0904,E,73.30,A,7,100*4E
$BNRDD,1326,2019-02-18T08:19:49Z,24,2,961,A,0629.3121,N,12449.0902,E,73.30,A,6,110*49
$BNRDD,1326,2019-02-18T08:19:54Z,25,3,964,A,0629.3121,N,12449.0902,E,73.40,A,7,100*47
$BNRDD,1326,2019-02-18T08:19:59Z,25,1,965,A,0629.3120,N,12449.0901,E,73.40,A,7,100*4B
$BNRDD,1326,2019-02-18T08:20:04Z,25,5,970,A,0629.3120,N,12449.0899,E,73.40,A,7,100*49
$BNRDD,1326,2019-02-18T08:20:09Z,25,1,971,A,0629.3117,N,12449.0896,E,73.40,A,7,100*4A
$BNRDD,1326,2019-02-18T08:20:14Z,27,2,973,A,0629.3116,N,12449.0895,E,73.40,A,7,100*47
$BNRDD,1326,2019-02-18T08:20:19Z,30,4,977,A,0629.3113,N,12449.0893,E,73.40,A,7,100*4D
$BNRDD,1326,2019-02-18T08:20:24Z,33,4,981,A,0629.3122,N,12449.0892,E,73.60,A,7,100*48
$BNRDD,1326,2019-02-18T08:20:29Z,32,4,985,A,0629.3124,N,12449.0887,E,73.70,A,7,100*43
$BNRDD,1326,2019-02-18T08:20:34Z,35,5,990,A,0629.3124,N,12449.0884,E,73.70,A,7,100*4E
$BNRDD,1326,2019-02-18T08:20:39Z,38,5,995,A,0629.3121,N,12449.0879,E,73.70,A,7,100*4C
$BNRDD,1326,2019-02-18T08:20:44Z,37,1,996,A,0629.3118,N,12449.0876,E,73.70,A,7,100*4B
$BNRDD,1326,2019-02-18T08:20:49Z,36,1,997,A,0629.3116,N,12449.0874,E,73.70,A,7,100*4A
$BNRDD,1326,2019-02-18T08:20:54Z,34,1,998,A,0629.3117,N,12449.0874,E,73.70,A,7,100*4A
$BNRDD,1326,2019-02-18T08:20:59Z,35,2,1000,A,0629.3120,N,12449.0874,E,73.70,A,7,100*78
$BNRDD,1326,2019-02-18T08:21:04Z,33,3,1003,A,0629.3121,N,12449.0872,E,73.80,A,7,100*7D
$BNRDD,1326,2019-02-18T08:21:09Z,33,1,1004,A,0629.3122,N,12449.0871,E,73.80,A,7,100*75
$BNRDD,1326,2019-02-18T08:21:14Z,32,1,1005,A,0629.3121,N,12449.0868,E,73.80,A,7,100*72
$BNRDD,1326,2019-02-18T08:21:19Z,31,3,1008,A,0629.3119,N,12449.0865,E,73.80,A,7,100*75
$BNRDD,1326,2019-02-18T08:21:24Z,27,0,1008,A,0629.3118,N,12449.0866,E,73.80,A,7,100*7D
$BNRDD,1326,2019-02-18T08:21:29Z,29,6,1014,A,0629.3120,N,12449.0867,E,73.80,A,7,100*7F
$BNRDD,1326,2019-02-18T08:21:34Z,25,1,1015,A,0629.3120,N,12449.0867,E,73.80,A,7,100*79
$BNRDD,1326,2019-02-18T08:21:39Z,21,1,1016,A,0629.3120,N,12449.0867,E,73.80,A,7,100*73
$BNRDD,1326,2019-02-18T08:21:44Z,22,2,1018,A,0629.3120,N,12449.0867,E,73.80,A,7,100*77
$BNRDD,1326,2019-02-18T08:21:49Z,24,3,1021,A,0629.3120,N,12449.0867,E,73.80,A,7,100*77
$BNRDD,1326,2019-02-18T08:21:54Z,25,2,1023,A,0629.3121,N,12449.0868,E,73.80,A,7,100*77
$BNRDD,1326,2019-02-18T08:21:59Z,26,3,1026,A,0629.3123,N,12449.0870,E,73.80,A,7,100*76
$BNRDD,1326,2019-02-18T08:22:05Z,26,3,1029,A,0629.3123,N,12449.0871,E,73.80,A,7,100*72
$BNRDD,1326,2019-02-18T08:22:10Z,27,2,1031,A,0629.3123,N,12449.0865,E,73.80,A,7,100*7A
# NEW LOG
# format=1.3.6nano
# deadtime=on
# NEW LOG
# format=1.3.6nano
# deadtime=on
$BNRDD,1326,2019-02-18T08:54:10Z,4,1,4,V,0629.3225,N,12449.0934,E,87.20,A,9,83*5C
$BNRDD,1326,2019-02-18T08:54:15Z,5,1,5,V,0629.3223,N,12449.0932,E,87.20,A,9,83*59
$BNRDD,1326,2019-02-18T08:54:20Z,5,0,5,V,0629.3224,N,12449.0938,E,87.30,A,9,83*52
$BNRDD,1326,2019-02-18T08:54:26Z,10,5,10,V,0629.3227,N,12449.0930,E,87.30,A,9,83*5A
$BNRDD,1326,2019-02-18T08:54:30Z,11,1,11,V,0629.3226,N,12449.0926,E,87.30,A,10,81*65
$BNRDD,1326,2019-02-18T08:54:35Z,12,1,12,V,0629.3226,N,12449.0927,E,87.30,A,9,85*5D
$BNRDD,1326,2019-02-18T08:54:40Z,13,1,13,V,0629.3226,N,12449.0926,E,87.30,A,9,85*5E
$BNRDD,1326,2019-02-18T08:54:45Z,16,3,16,V,0629.3225,N,12449.0924,E,87.30,A,9,83*5E
$BNRDD,1326,2019-02-18T08:54:50Z,18,2,18,V,0629.3225,N,12449.0922,E,87.30,A,9,83*5D
$BNRDD,1326,2019-02-18T08:54:55Z,19,1,19,V,0629.3226,N,12449.0924,E,87.30,A,11,75*6E
$BNRDD,1326,2019-02-18T08:55:00Z,18,2,21,A,0629.3227,N,12449.0924,E,87.30,A,10,80*7B
$BNRDD,1326,2019-02-18T08:55:05Z,21,3,24,A,0629.3231,N,12449.0925,E,87.30,A,11,77*7F
$BNRDD,1326,2019-02-18T08:55:10Z,26,6,30,A,0629.3235,N,12449.0914,E,87.30,A,11,75*78
$BNRDD,1326,2019-02-18T08:55:15Z,30,5,35,A,0629.3227,N,12449.0890,E,87.10,A,11,75*70
$BNRDD,1326,2019-02-18T08:55:20Z,31,1,36,A,0629.3205,N,12449.0857,E,86.70,A,11,75*7C
$BNRDD,1326,2019-02-18T08:55:25Z,28,2,38,A,0629.3189,N,12449.0853,E,88.80,A,11,75*7E
$BNRDD,1326,2019-02-18T08:55:30Z,29,2,40,A,0629.3174,N,12449.0835,E,92.70,A,10,78*7E
$BNRDD,1326,2019-02-18T08:55:35Z,34,6,46,A,0629.3152,N,12449.0802,E,94.00,A,11,75*78
$BNRDD,1326,2019-02-18T08:55:41Z,39,6,52,A,0629.3154,N,12449.0756,E,93.20,A,12,72*7A
$BNRDD,1326,2019-02-18T08:55:46Z,37,1,53,A,0629.3165,N,12449.0719,E,91.60,A,11,80*74
$BNRDD,1326,2019-02-18T08:55:51Z,38,3,56,A,0629.3173,N,12449.0687,E,89.90,A,11,80*7D
$BNRDD,1326,2019-02-18T08:55:56Z,38,1,57,A,0629.3173,N,12449.0652,E,91.90,A,13,71*74
$BNRDD,1326,2019-02-18T08:56:01Z,38,2,59,A,0629.3181,N,12449.0635,E,92.20,A,13,77*7A
$BNRDD,1326,2019-02-18T08:56:06Z,39,4,63,A,0629.3194,N,12449.0612,E,91.80,A,14,69*73
$BNRDD,1326,2019-02-18T08:56:11Z,33,0,63,A,0629.3207,N,12449.0584,E,92.40,A,14,69*71
$BNRDD,1326,2019-02-18T08:56:16Z,31,3,66,A,0629.3219,N,12449.0556,E,93.60,A,14,69*71
$BNRDD,1326,2019-02-18T08:56:21Z,34,4,70,A,0629.3239,N,12449.0534,E,92.90,A,13,78*7F
$BNRDD,1326,2019-02-18T08:56:26Z,34,2,72,A,0629.3257,N,12449.0517,E,91.00,A,14,69*78
$BNRDD,1326,2019-02-18T08:56:31Z,34,2,74,A,0629.3273,N,12449.0501,E,89.60,A,14,69*76
$BNRDD,1326,2019-02-18T08:56:36Z,29,1,75,A,0629.3295,N,12449.0476,E,88.50,A,14,69*74
$BNRDD,1326,2019-02-18T08:56:41Z,26,3,78,A,0629.3309,N,12449.0449,E,87.80,A,13,70*71
$BNRDD,1326,2019-02-18T08:56:46Z,25,0,78,A,0629.3329,N,12449.0418,E,87.30,A,14,69*74
$BNRDD,1326,2019-02-18T08:56:51Z,23,1,79,A,0629.3351,N,12449.0400,E,86.70,A,14,69*77
$BNRDD,1326,2019-02-18T08:56:56Z,24,2,81,A,0629.3370,N,12449.0373,E,87.00,A,14,69*75
$BNRDD,1326,2019-02-18T08:57:01Z,24,2,83,A,0629.3391,N,12449.0348,E,87.10,A,14,69*72
$BNRDD,1326,2019-02-18T08:57:06Z,23,3,86,A,0629.3413,N,12449.0323,E,86.30,A,14,69*75
$BNRDD,1326,2019-02-18T08:57:11Z,27,4,90,A,0629.3429,N,12449.0293,E,87.10,A,14,69*77
$BNRDD,1326,2019-02-18T08:57:16Z,26,2,92,A,0629.3451,N,12449.0260,E,88.70,A,14,69*7F
$BNRDD,1326,2019-02-18T08:57:21Z,28,6,98,A,0629.3473,N,12449.0227,E,90.40,A,14,69*72
$BNRDD,1326,2019-02-18T08:57:26Z,28,2,100,A,0629.3492,N,12449.0199,E,91.10,A,14,69*4C
$BNRDD,1326,2019-02-18T08:57:31Z,28,2,102,A,0629.3509,N,12449.0171,E,90.30,A,14,69*4E
$BNRDD,1326,2019-02-18T08:57:36Z,28,1,103,A,0629.3524,N,12449.0138,E,91.20,A,14,69*49
$BNRDD,1326,2019-02-18T08:57:41Z,29,4,107,A,0629.3534,N,12449.0103,E,91.90,A,14,69*4B
$BNRDD,1326,2019-02-18T08:57:46Z,29,0,107,A,0629.3544,N,12449.0072,E,91.20,A,14,69*43
$BNRDD,1326,2019-02-18T08:57:51Z,29,1,108,A,0629.3555,N,12449.0039,E,91.50,A,14,69*43
$BNRDD,1326,2019-02-18T08:57:56Z,29,2,110,A,0629.3557,N,12449.0001,E,91.40,A,14,69*46
$BNRDD,1326,2019-02-18T08:58:01Z,28,1,111,A,0629.3561,N,12448.9966,E,91.30,A,14,69*4A
$BNRDD,1326,2019-02-18T08:58:06Z,29,4,115,A,0629.3562,N,12448.9934,E,91.10,A,14,69*4B
$BNRDD,1326,2019-02-18T08:58:11Z,33,8,123,A,0629.3550,N,12448.9900,E,91.20,A,13,70*45
$BNRDD,1326,2019-02-18T08:58:16Z,32,1,124,A,0629.3550,N,12448.9895,E,91.00,A,14,69*4D
$BNRDD,1326,2019-02-18T08:58:21Z,31,5,129,A,0629.3554,N,12448.9890,E,90.90,A,14,69*4A
$BNRDD,1326,2019-02-18T08:58:26Z,31,2,131,A,0629.3556,N,12448.9889,E,90.80,A,14,69*48
$BNRDD,1326,2019-02-18T08:58:31Z,33,4,135,A,0629.3559,N,12448.9886,E,90.80,A,14,69*4E
$BNRDD,1326,2019-02-18T08:58:36Z,33,1,136,A,0629.3560,N,12448.9886,E,90.80,A,14,69*45
$BNRDD,1326,2019-02-18T08:58:41Z,31,2,138,A,0629.3562,N,12448.9887,E,90.80,A,14,69*49
$BNRDD,1326,2019-02-18T08:58:46Z,36,5,143,A,0629.3562,N,12448.9887,E,90.80,A,14,69*42
$BNRDD,1326,2019-02-18T08:58:51Z,37,2,145,A,0629.3562,N,12448.9886,E,90.80,A,14,69*45
$BNRDD,1326,2019-02-18T08:58:56Z,48,13,158,A,0629.3561,N,12448.9885,E,90.80,A,13,78*71
$BNRDD,1326,2019-02-18T08:59:01Z,49,2,160,A,0629.3563,N,12448.9882,E,90.80,A,13,78*4D
$BNRDD,1326,2019-02-18T08:59:06Z,46,1,161,A,0629.3562,N,12448.9881,E,90.80,A,13,78*45
$BNRDD,1326,2019-02-18T08:59:11Z,40,2,163,A,0629.3562,N,12448.9882,E,90.80,A,13,78*47
$BNRDD,1326,2019-02-18T08:59:16Z,43,4,167,A,0629.3564,N,12448.9884,E,90.80,A,13,78*41
$BNRDD,1326,2019-02-18T08:59:21Z,40,2,169,A,0629.3566,N,12448.9886,E,90.80,A,13,81*48
$BNRDD,1326,2019-02-18T08:59:27Z,39,1,170,A,0629.3567,N,12448.9887,E,90.80,A,13,78*4D
$BNRDD,1326,2019-02-18T08:59:32Z,38,3,173,A,0629.3567,N,12448.9890,E,90.80,A,13,78*4F
$BNRDD,1326,2019-02-18T08:59:37Z,44,7,180,A,0629.3565,N,12448.9891,E,90.80,A,13,78*4A
$BNRDD,1326,2019-02-18T08:59:42Z,46,4,184,A,0629.3562,N,12448.9891,E,90.80,A,13,78*4A
$BNRDD,1326,2019-02-18T08:59:47Z,42,1,185,A,0629.3558,N,12448.9893,E,90.80,A,13,78*44
$BNRDD,1326,2019-02-18T08:59:52Z,43,3,188,A,0629.3555,N,12448.9893,E,90.80,A,13,78*43
$BNRDD,1326,2019-02-18T08:59:57Z,33,3,191,A,0629.3554,N,12448.9892,E,90.80,A,13,78*49
$BNRDD,1326,2019-02-18T09:00:02Z,34,3,194,A,0629.3551,N,12448.9888,E,90.80,A,13,78*48
$BNRDD,1326,2019-02-18T09:00:07Z,36,3,197,A,0629.3549,N,12448.9884,E,90.80,A,13,78*49
$BNRDD,1326,2019-02-18T09:00:12Z,36,2,199,A,0629.3548,N,12448.9882,E,90.80,A,13,78*45
$BNRDD,1326,2019-02-18T09:00:17Z,34,2,201,A,0629.3547,N,12448.9880,E,90.80,A,13,78*4D
$BNRDD,1326,2019-02-18T09:00:22Z,34,2,203,A,0629.3544,N,12448.9880,E,90.80,A,13,78*4A
$BNRDD,1326,2019-02-18T09:00:27Z,36,3,206,A,0629.3543,N,12448.9878,E,90.80,A,13,78*49
$BNRDD,1326,2019-02-18T09:00:32Z,37,4,210,A,0629.3541,N,12448.9876,E,90.80,A,13,78*40
$BNRDD,1326,2019-02-18T09:00:37Z,31,1,211,A,0629.3538,N,12448.9877,E,90.80,A,13,78*48
$BNRDD,1326,2019-02-18T09:00:42Z,30,3,214,A,0629.3535,N,12448.9879,E,90.80,A,13,78*4F
$BNRDD,1326,2019-02-18T09:00:52Z,31,0,219,A,0629.3533,N,12448.9874,E,90.80,A,13,78*4A
$BNRDD,1326,2019-02-18T09:00:57Z,33,5,224,A,0629.3530,N,12448.9870,E,90.80,A,13,78*41
$BNRDD,1326,2019-02-18T09:01:02Z,34,4,228,A,0629.3523,N,12448.9865,E,90.80,A,13,78*4C
$BNRDD,1326,2019-02-18T09:01:07Z,34,3,231,A,0629.3511,N,12448.9868,E,90.80,A,13,78*4A
$BNRDD,1326,2019-02-18T09:01:12Z,32,0,231,A,0629.3510,N,12448.9857,E,90.80,A,13,78*46
$BNRDD,1326,2019-02-18T09:01:17Z,31,1,232,A,0629.3498,N,12448.9877,E,90.70,A,13,78*4E
$BNRDD,1326,2019-02-18T09:01:22Z,30,1,233,A,0629.3495,N,12448.9884,E,90.70,A,13,78*49
$BNRDD,1326,2019-02-18T09:01:27Z,32,5,238,A,0629.3488,N,12448.9884,E,90.70,A,13,78*4D
$BNRDD,1326,2019-02-18T09:01:32Z,31,3,241,A,0629.3481,N,12448.9886,E,90.70,A,12,82*4D
$BNRDD,1326,2019-02-18T09:01:37Z,31,1,242,A,0629.3476,N,12448.9920,E,90.70,A,12,82*4C
$BNRDD,1326,2019-02-18T09:01:42Z,31,3,245,A,0629.3474,N,12448.9928,E,90.70,A,12,82*41
$BNRDD,1326,2019-02-18T09:01:47Z,27,1,246,A,0629.3471,N,12448.9935,E,90.70,A,11,85*4F
$BNRDD,1326,2019-02-18T09:01:52Z,35,8,254,A,0629.3470,N,12448.9942,E,90.70,A,11,85*43
$BNRDD,1326,2019-02-18T09:01:57Z,34,4,258,A,0629.3469,N,12448.9949,E,90.70,A,10,104*7D
$BNRDD,1326,2019-02-18T09:02:02Z,36,6,264,A,0629.3464,N,12448.9970,E,90.40,A,10,104*75
$BNRDD,1326,2019-02-18T09:02:07Z,38,5,269,A,0629.3468,N,12448.9979,E,90.30,A,10,104*72
$BNRDD,1326,2019-02-18T09:02:12Z,38,0,269,A,0629.3468,N,12448.9982,E,90.30,A,9,122*4B
$BNRDD,1326,2019-02-18T09:02:17Z,41,4,273,A,0629.3470,N,12448.9983,E,90.30,A,9,122*47
$BNRDD,1326,2019-02-18T09:02:22Z,40,0,273,A,0629.3475,N,12448.9981,E,90.30,A,9,122*43
$BNRDD,1326,2019-02-18T09:02:27Z,37,2,275,A,0629.3479,N,12448.9974,E,90.20,A,9,122*45
$BNRDD,1326,2019-02-18T09:02:32Z,36,2,277,A,0629.3480,N,12448.9959,E,90.00,A,9,122*49
$BNRDD,1326,2019-02-18T09:02:37Z,43,8,285,A,0629.3497,N,12448.9931,E,89.90,A,10,104*7C
$BNRDD,1326,2019-02-18T09:02:42Z,45,5,290,A,0629.3504,N,12448.9903,E,89.80,A,11,98*4F
$BNRDD,1326,2019-02-18T09:02:47Z,48,4,294,A,0629.3514,N,12448.9875,E,89.70,A,12,82*44
$BNRDD,1326,2019-02-18T09:02:52Z,41,1,295,A,0629.3538,N,12448.9844,E,89.40,A,12,82*42
$BNRDD,1326,2019-02-18T09:02:57Z,39,2,297,A,0629.3551,N,12448.9831,E,89.20,A,12,82*42
$BNRDD,1326,2019-02-18T09:03:02Z,36,3,300,A,0629.3566,N,12448.9827,E,88.90,A,12,82*4B
$BNRDD,1326,2019-02-18T09:03:07Z,33,2,302,A,0629.3561,N,12448.9849,E,88.50,A,13,73*44
$BNRDD,1326,2019-02-18T09:03:13Z,35,2,304,A,0629.3565,N,12448.9841,E,88.50,A,13,73*4D
$BNRDD,1326,2019-02-18T09:03:18Z,34,3,307,A,0629.3569,N,12448.9837,E,88.50,A,13,72*49
$BNRDD,1326,2019-02-18T09:03:23Z,40,6,313,A,0629.3569,N,12448.9835,E,88.50,A,13,73*41
$BNRDD,1326,2019-02-18T09:03:28Z,40,2,315,A,0629.3570,N,12448.9835,E,88.50,A,13,72*41
$BNRDD,1326,2019-02-18T09:03:33Z,42,4,319,A,0629.3570,N,12448.9838,E,88.50,A,13,72*4E
$BNRDD,1326,2019-02-18T09:03:38Z,36,2,321,A,0629.3568,N,12448.9839,E,88.50,A,13,73*42
$BNRDD,1326,2019-02-18T09:03:43Z,34,3,324,A,0629.3566,N,12448.9841,E,88.50,A,13,72*48
$BNRDD,1326,2019-02-18T09:03:48Z,33,3,327,A,0629.3564,N,12448.9842,E,88.50,A,11,75*43
$BNRDD,1326,2019-02-18T09:03:53Z,34,2,329,A,0629.3564,N,12448.9840,E,88.50,A,10,86*4E
$BNRDD,1326,2019-02-18T09:03:58Z,37,5,334,A,0629.3565,N,12448.9839,E,88.50,A,10,86*42
$BNRDD,1326,2019-02-18T09:04:03Z,38,4,338,A,0629.3566,N,12448.9838,E,88.50,A,10,86*4B
$BNRDD,1326,2019-02-18T09:04:08Z,38,2,340,A,0629.3567,N,12448.9837,E,88.50,A,11,83*43
$BNRDD,1326,2019-02-18T09:04:13Z,40,4,344,A,0629.3568,N,12448.9841,E,88.50,A,12,82*48
$BNRDD,1326,2019-02-18T09:04:18Z,38,1,345,A,0629.3569,N,12448.9846,E,88.50,A,12,82*4E
$BNRDD,1326,2019-02-18T09:04:23Z,34,2,347,A,0629.3569,N,12448.9850,E,88.50,A,11,84*49
$BNRDD,1326,2019-02-18T09:04:28Z,37,5,352,A,0629.3570,N,12448.9852,E,88.50,A,10,85*48
$BNRDD,1326,2019-02-18T09:04:33Z,37,4,356,A,0629.3571,N,12448.9852,E,88.50,A,11,84*46
$BNRDD,1326,2019-02-18T09:04:38Z,38,3,359,A,0629.3571,N,12448.9849,E,88.50,A,11,84*40
$BNRDD,1326,2019-02-18T09:04:43Z,36,1,360,A,0629.3568,N,12448.9846,E,88.50,A,11,84*4D
$BNRDD,1326,2019-02-18T09:04:48Z,34,1,361,A,0629.3563,N,12448.9844,E,88.50,A,10,88*41
$BNRDD,1326,2019-02-18T09:04:53Z,34,2,363,A,0629.3562,N,12448.9841,E,88.50,A,10,88*4E
$BNRDD,1326,2019-02-18T09:04:58Z,32,3,366,A,0629.3560,N,12448.9841,E,88.50,A,11,84*48
$BNRDD,1326,2019-02-18T09:05:03Z,31,3,369,A,0629.3558,N,12448.9841,E,88.50,A,12,82*45
$BNRDD,1326,2019-02-18T09:05:08Z,34,5,374,A,0629.3552,N,12448.9841,E,88.50,A,12,82*4B
$BNRDD,1326,2019-02-18T09:05:13Z,33,3,377,A,0629.3529,N,12448.9862,E,88.10,A,11,87*4C
$BNRDD,1326,2019-02-18T09:05:18Z,33,1,378,A,0629.3524,N,12448.9943,E,89.10,A,9,113*41
$BNRDD,1326,2019-02-18T09:05:23Z,31,0,378,A,0629.3496,N,12448.9936,E,90.20,A,12,81*4B
$BNRDD,1326,2019-02-18T09:05:28Z,27,1,379,A,0629.3474,N,12448.9948,E,90.40,A,13,72*49
$BNRDD,1326,2019-02-18T09:05:33Z,24,1,380,A,0629.3442,N,12448.9944,E,91.00,A,13,72*4A
$BNRDD,1326,2019-02-18T09:05:38Z,22,1,381,A,0629.3408,N,12448.9936,E,90.70,A,13,72*4B
$BNRDD,1326,2019-02-18T09:05:43Z,25,4,385,A,0629.3374,N,12448.9929,E,90.60,A,13,72*42
$BNRDD,1326,2019-02-18T09:05:48Z,29,5,390,A,0629.3336,N,12448.9918,E,91.90,A,13,72*4A
$BNRDD,1326,2019-02-18T09:05:53Z,30,3,393,A,0629.3301,N,12448.9904,E,93.50,A,13,72*4A
$BNRDD,1326,2019-02-18T09:05:58Z,29,2,395,A,0629.3265,N,12448.9899,E,94.00,A,13,72*4A
$BNRDD,1326,2019-02-18T09:06:03Z,28,2,397,A,0629.3235,N,12448.9918,E,94.10,A,13,72*48
$BNRDD,1326,2019-02-18T09:06:08Z,23,0,397,A,0629.3214,N,12448.9946,E,94.60,A,13,72*45
$BNRDD,1326,2019-02-18T09:10:19Z,25,2,490,A,0629.3564,N,12448.9991,E,89.20,A,13,72*44
$BNRDD,1326,2019-02-18T09:10:24Z,27,3,493,A,0629.3534,N,12448.9974,E,89.80,A,13,72*4E
$BNRDD,1326,2019-02-18T09:10:29Z,27,3,496,A,0629.3500,N,12448.9959,E,90.20,A,13,72*4C
$BNRDD,1326,2019-02-18T09:10:34Z,27,1,497,A,0629.3462,N,12448.9944,E,90.30,A,13,72*4B
$BNRDD,1326,2019-02-18T09:10:39Z,28,2,499,A,0629.3405,N,12448.9919,E,91.10,A,13,73*4F
$BNRDD,1326,2019-02-18T09:10:44Z,27,2,501,A,0629.3324,N,12448.9893,E,91.50,A,13,73*49
$BNRDD,1326,2019-02-18T09:10:49Z,26,0,501,A,0629.3244,N,12448.9903,E,92.50,A,13,73*4B
$BNRDD,1326,2019-02-18T09:10:54Z,24,2,503,A,0629.3191,N,12448.9962,E,93.50,A,13,73*48
$BNRDD,1326,2019-02-18T09:10:59Z,23,3,506,A,0629.3145,N,12449.0021,E,94.10,A,13,73*4A
$BNRDD,1326,2019-02-18T09:11:04Z,21,0,506,A,0629.3102,N,12449.0082,E,93.60,A,13,73*48
$BNRDD,1326,2019-02-18T09:11:09Z,22,2,508,A,0629.3057,N,12449.0142,E,93.80,A,13,73*48
$BNRDD,1326,2019-02-18T09:11:14Z,21,1,509,A,0629.3015,N,12449.0199,E,94.00,A,13,73*4A
$BNRDD,1326,2019-02-18T09:11:19Z,24,5,514,A,0629.2972,N,12449.0252,E,95.60,A,13,73*40
$BNRDD,1326,2019-02-18T09:11:24Z,22,1,515,A,0629.2934,N,12449.0314,E,95.30,A,13,73*49
$BNRDD,1326,2019-02-18T09:11:29Z,22,3,518,A,0629.2886,N,12449.0373,E,96.10,A,13,73*43
$BNRDD,1326,2019-02-18T09:11:34Z,23,2,520,A,0629.2848,N,12449.0428,E,95.70,A,13,73*4A
$BNRDD,1326,2019-02-18T09:11:40Z,22,1,521,A,0629.2862,N,12449.0487,E,96.70,A,13,73*44
$BNRDD,1326,2019-02-18T09:11:45Z,23,3,524,A,0629.2921,N,12449.0525,E,96.30,A,13,73*4C
$BNRDD,1326,2019-02-18T09:11:50Z,25,2,526,A,0629.2969,N,12449.0563,E,96.10,A,13,73*41
$BNRDD,1326,2019-02-18T09:11:55Z,26,3,529,A,0629.3019,N,12449.0605,E,96.10,A,13,72*44
$BNRDD,1326,2019-02-18T09:12:00Z,23,0,529,A,0629.3073,N,12449.0641,E,92.70,A,13,72*4F
$BNRDD,1326,2019-02-18T09:12:05Z,23,0,529,A,0629.3127,N,12449.0659,E,91.40,A,12,81*4E
$BNRDD,1326,2019-02-18T09:12:10Z,25,4,533,A,0629.3165,N,12449.0610,E,91.00,A,13,73*40
$BNRDD,1326,2019-02-18T09:12:15Z,25,1,534,A,0629.3207,N,12449.0554,E,91.50,A,13,72*47
$BNRDD,1326,2019-02-18T09:12:20Z,21,1,535,A,0629.3257,N,12449.0496,E,92.40,A,13,73*4D
$BNRDD,1326,2019-02-18T09:12:25Z,21,1,536,A,0629.3308,N,12449.0437,E,92.40,A,13,73*4B
$BNRDD,1326,2019-02-18T09:12:30Z,21,3,539,A,0629.3360,N,12449.0378,E,94.00,A,13,73*42
$BNRDD,1326,2019-02-18T09:12:35Z,23,4,543,A,0629.3405,N,12449.0318,E,93.90,A,13,73*43
$BNRDD,1326,2019-02-18T09:12:40Z,25,3,546,A,0629.3452,N,12449.0260,E,92.80,A,13,73*49
$BNRDD,1326,2019-02-18T09:12:45Z,25,3,549,A,0629.3501,N,12449.0199,E,91.30,A,13,73*49
$BNRDD,1326,2019-02-18T09:12:50Z,23,0,549,A,0629.3546,N,12449.0138,E,89.60,A,13,73*4C
$BNRDD,1326,2019-02-18T09:12:55Z,23,3,552,A,0629.3577,N,12449.0077,E,89.30,A,13,73*4D
$BNRDD,1326,2019-02-18T09:13:00Z,25,2,554,A,0629.3570,N,12449.0012,E,89.30,A,13,73*49
$BNRDD,1326,2019-02-18T09:13:05Z,27,2,556,A,0629.3512,N,12448.9977,E,90.10,A,13,73*40
$BNRDD,1326,2019-02-18T09:13:10Z,25,2,558,A,0629.3451,N,12448.9949,E,92.20,A,13,73*42
$BNRDD,1326,2019-02-18T09:13:15Z,29,5,563,A,0629.3387,N,12448.9920,E,91.80,A,13,73*4E
$BNRDD,1326,2019-02-18T09:13:20Z,31,3,566,A,0629.3317,N,12448.9901,E,93.10,A,13,73*43
$BNRDD,1326,2019-02-18T09:13:25Z,30,0,566,A,0629.3252,N,12448.9913,E,93.40,A,13,73*42
$BNRDD,1326,2019-02-18T09:13:30Z,31,4,570,A,0629.3208,N,12448.9961,E,93.80,A,13,73*42
$BNRDD,1326,2019-02-18T09:13:35Z,28,1,571,A,0629.3165,N,12449.0014,E,92.80,A,13,73*41
$BNRDD,1326,2019-02-18T09:13:40Z,27,2,573,A,0629.3123,N,12449.0063,E,92.50,A,13,73*42
$BNRDD,1326,2019-02-18T09:13:45Z,24,0,573,A,0629.3077,N,12449.0114,E,92.20,A,13,73*40
$BNRDD,1326,2019-02-18T09:13:50Z,26,2,575,A,0629.3037,N,12449.0168,E,91.90,A,13,73*45
$BNRDD,1326,2019-02-18T09:13:55Z,25,2,577,A,0629.2996,N,12449.0218,E,92.10,A,13,73*4D
$BNRDD,1326,2019-02-18T09:14:00Z,25,2,579,A,0629.2950,N,12449.0271,E,91.60,A,12,74*43
$BNRDD,1326,2019-02-18T09:14:05Z,27,4,583,A,0629.2909,N,12449.0330,E,92.00,A,13,73*4C
$BNRDD,1326,2019-02-18T09:14:10Z,28,3,586,A,0629.2869,N,12449.0388,E,93.30,A,13,73*43
$BNRDD,1326,2019-02-18T09:14:15Z,26,3,589,A,0629.2827,N,12449.0444,E,96.00,A,13,73*4C
$BNRDD,1326,2019-02-18T09:14:20Z,27,4,593,A,0629.2842,N,12449.0501,E,97.60,A,13,73*43
$BNRDD,1326,2019-02-18T09:14:25Z,29,2,595,A,0629.2896,N,12449.0541,E,96.00,A,12,81*4E
$BNRDD,1326,2019-02-18T09:14:30Z,28,3,598,A,0629.2951,N,12449.0589,E,94.50,A,13,73*42
$BNRDD,1326,2019-02-18T09:14:35Z,29,2,600,A,0629.3004,N,12449.0628,E,93.50,A,13,73*42
$BNRDD,1326,2019-02-18T09:14:40Z,29,2,602,A,0629.3053,N,12449.0669,E,93.90,A,13,72*48
$BNRDD,1326,2019-02-18T09:14:45Z,32,3,605,A,0629.3112,N,12449.0677,E,93.70,A,13,73*45
$BNRDD,1326,2019-02-18T09:14:50Z,34,4,609,A,0629.3153,N,12449.0622,E,92.50,A,12,75*4D
$BNRDD,1326,2019-02-18T09:14:55Z,34,2,611,A,0629.3193,N,12449.0569,E,91.50,A,11,79*4B
$BNRDD,1326,2019-02-18T09:15:00Z,35,3,614,A,0629.3238,N,12449.0514,E,90.70,A,11,79*44
$BNRDD,1326,2019-02-18T09:15:05Z,33,2,616,A,0629.3274,N,12449.0459,E,88.60,A,12,75*43
$BNRDD,1326,2019-02-18T09:15:10Z,31,1,617,A,0629.3315,N,12449.0405,E,86.90,A,13,73*4E
$BNRDD,1326,2019-02-18T09:15:15Z,31,3,620,A,0629.3359,N,12449.0355,E,85.40,A,13,73*49
$BNRDD,1326,2019-02-18T09:15:20Z,27,0,620,A,0629.3399,N,12449.0303,E,86.10,A,13,73*42
$BNRDD,1326,2019-02-18T09:15:25Z,29,4,624,A,0629.3443,N,12449.0251,E,87.90,A,13,73*46
$BNRDD,1326,2019-02-18T09:15:30Z,27,1,625,A,0629.3482,N,12449.0203,E,87.40,A,13,73*4F
$BNRDD,1326,2019-02-18T09:15:36Z,28,3,628,A,0629.3530,N,12449.0146,E,87.20,A,13,73*45
$BNRDD,1326,2019-02-18T09:15:41Z,28,2,630,A,0629.3570,N,12449.0092,E,87.90,A,13,73*4A
$BNRDD,1326,2019-02-18T09:15:46Z,29,4,634,A,0629.3581,N,12449.0025,E,88.60,A,13,73*4C
$BNRDD,1326,2019-02-18T09:15:51Z,27,2,636,A,0629.3547,N,12448.9972,E,88.50,A,12,77*4F
$BNRDD,1326,2019-02-18T09:15:56Z,31,6,642,A,0629.3484,N,12448.9949,E,90.10,A,12,77*43
$BNRDD,1326,2019-02-18T09:16:01Z,28,0,642,A,0629.3422,N,12448.9926,E,89.30,A,12,77*43
$BNRDD,1326,2019-02-18T09:16:06Z,27,1,643,A,0629.3356,N,12448.9904,E,91.40,A,12,77*41
$BNRDD,1326,2019-02-18T09:16:11Z,31,5,648,A,0629.3287,N,12448.9889,E,92.20,A,12,77*43
$BNRDD,1326,2019-02-18T09:16:16Z,29,1,649,A,0629.3228,N,12448.9920,E,92.80,A,12,77*45
$BNRDD,1326,2019-02-18T09:16:21Z,31,2,651,A,0629.3181,N,12448.9976,E,92.70,A,12,77*4E
$BNRDD,1326,2019-02-18T09:16:26Z,29,2,653,A,0629.3134,N,12449.0027,E,92.20,A,12,77*4C
$BNRDD,1326,2019-02-18T09:16:31Z,29,1,654,A,0629.3093,N,12449.0078,E,93.20,A,12,77*49
$BNRDD,1326,2019-02-18T09:16:36Z,27,1,655,A,0629.3050,N,12449.0127,E,94.60,A,12,77*46
$BNRDD,1326,2019-02-18T09:16:41Z,30,5,660,A,0629.3014,N,12449.0180,E,94.80,A,12,77*41
$BNRDD,1326,2019-02-18T09:16:46Z,28,2,662,A,0629.2977,N,12449.0231,E,95.90,A,12,77*4E
$BNRDD,1326,2019-02-18T09:16:51Z,27,1,663,A,0629.2933,N,12449.0288,E,95.90,A,12,77*47
$BNRDD,1326,2019-02-18T09:16:56Z,25,4,667,A,0629.2889,N,12449.0338,E,97.40,A,12,77*46
$BNRDD,1326,2019-02-18T09:17:01Z,25,0,667,A,0629.2853,N,12449.0395,E,97.80,A,12,77*4D
$BNRDD,1326,2019-02-18T09:17:06Z,25,1,668,A,0629.2819,N,12449.0460,E,97.90,A,12,77*46
$BNRDD,1326,2019-02-18T09:17:11Z,24,4,672,A,0629.2862,N,12449.0511,E,96.00,A,12,77*4C
$BNRDD,1326,2019-02-18T09:17:16Z,27,4,676,A,0629.2918,N,12449.0555,E,95.20,A,12,77*41
$BNRDD,1326,2019-02-18T09:17:21Z,31,6,682,A,0629.2972,N,12449.0597,E,93.90,A,11,86*49
$BNRDD,1326,2019-02-18T09:17:26Z,32,3,685,A,0629.3027,N,12449.0638,E,92.90,A,12,77*4D
$BNRDD,1326,2019-02-18T09:17:31Z,33,2,687,A,0629.3083,N,12449.0668,E,90.20,A,12,77*4B
$BNRDD,1326,2019-02-18T09:17:36Z,34,2,689,A,0629.3140,N,12449.0622,E,86.70,A,11,99*44
$BNRDD,1326,2019-02-18T09:17:41Z,31,2,691,A,0629.3181,N,12449.0552,E,84.50,A,11,80*49
$BNRDD,1326,2019-02-18T09:17:46Z,33,4,695,A,0629.3227,N,12449.0496,E,81.60,A,12,77*45
$BNRDD,1326,2019-02-18T09:17:51Z,32,0,695,A,0629.3274,N,12449.0441,E,80.30,A,12,77*4E
$BNRDD,1326,2019-02-18T09:17:56Z,30,2,697,A,0629.3325,N,12449.0381,E,78.20,A,12,77*43
$BNRDD,1326,2019-02-18T09:18:01Z,32,2,699,A,0629.3381,N,12449.0318,E,78.60,A,12,77*48
$BNRDD,1326,2019-02-18T09:18:06Z,31,0,699,A,0629.3431,N,12449.0256,E,79.10,A,11,99*4C
$BNRDD,1326,2019-02-18T09:18:11Z,27,0,699,A,0629.3454,N,12449.0210,E,79.10,A,12,77*4F
$BNRDD,1326,2019-02-18T09:18:16Z,27,4,703,A,0629.3502,N,12449.0173,E,78.10,A,12,77*4B
$BNRDD,1326,2019-02-18T09:18:21Z,26,5,708,A,0629.3551,N,12449.0119,E,78.70,A,12,77*48
$BNRDD,1326,2019-02-18T09:18:26Z,24,1,709,A,0629.3586,N,12449.0050,E,80.00,A,12,77*4E
$BNRDD,1326,2019-02-18T09:18:31Z,22,0,709,A,0629.3572,N,12448.9982,E,82.00,A,11,98*4A
$BNRDD,1326,2019-02-18T09:18:36Z,21,1,710,A,0629.3509,N,12448.9943,E,84.20,A,12,77*40
$BNRDD,1326,2019-02-18T09:18:41Z,21,2,712,A,0629.3436,N,12448.9917,E,84.90,A,12,77*46
$BNRDD,1326,2019-02-18T09:18:46Z,20,3,715,A,0629.3362,N,12448.9895,E,85.80,A,12,77*4B
$BNRDD,1326,2019-02-18T09:18:51Z,21,1,716,A,0629.3284,N,12448.9884,E,86.40,A,12,77*4B
$BNRDD,1326,2019-02-18T09:18:56Z,20,1,717,A,0629.3217,N,12448.9912,E,86.10,A,12,77*4D
$BNRDD,1326,2019-02-18T09:19:01Z,23,5,722,A,0629.3169,N,12448.9973,E,86.10,A,12,77*42
$BNRDD,1326,2019-02-18T09:19:06Z,23,0,722,A,0629.3128,N,12449.0030,E,86.50,A,12,77*47
$BNRDD,1326,2019-02-18T09:19:11Z,23,0,722,A,0629.3087,N,12449.0087,E,86.70,A,12,77*4B
$BNRDD,1326,2019-02-18T09:19:16Z,19,0,722,A,0629.3045,N,12449.0143,E,85.70,A,11,98*43
$BNRDD,1326,2019-02-18T09:19:21Z,15,1,723,A,0629.3004,N,12449.0200,E,86.30,A,12,77*4F
$BNRDD,1326,2019-02-18T09:19:26Z,16,2,725,A,0629.2961,N,12449.0252,E,86.20,A,12,77*43
$BNRDD,1326,2019-02-18T09:19:31Z,19,3,728,A,0629.2909,N,12449.0306,E,87.10,A,12,77*4A
$BNRDD,1326,2019-02-18T09:19:36Z,22,4,732,A,0629.2863,N,12449.0368,E,86.80,A,12,77*44
$BNRDD,1326,2019-02-18T09:19:41Z,23,3,735,A,0629.2822,N,12449.0434,E,88.00,A,12,77*48
$BNRDD,1326,2019-02-18T09:19:46Z,21,1,736,A,0629.2850,N,12449.0495,E,87.60,A,12,77*4B
$BNRDD,1326,2019-02-18T09:19:52Z,22,2,738,A,0629.2919,N,12449.0548,E,88.50,A,12,77*41
$BNRDD,1326,2019-02-18T09:19:57Z,23,2,740,A,0629.2975,N,12449.0589,E,87.60,A,12,77*41
$BNRDD,1326,2019-02-18T09:20:02Z,20,2,742,A,0629.3029,N,12449.0633,E,85.80,A,11,80*4E
$BNRDD,1326,2019-02-18T09:20:07Z,24,4,746,A,0629.3093,N,12449.0670,E,84.30,A,12,77*4A
$BNRDD,1326,2019-02-18T09:20:12Z,25,1,747,A,0629.3153,N,12449.0635,E,85.10,A,12,77*44
$BNRDD,1326,2019-02-18T09:20:17Z,28,3,750,A,0629.3203,N,12449.0575,E,85.20,A,12,77*4A
$BNRDD,1326,2019-02-18T09:20:22Z,29,2,752,A,0629.3250,N,12449.0515,E,83.10,A,12,77*4B
$BNRDD,1326,2019-02-18T09:20:27Z,27,0,752,A,0629.3298,N,12449.0456,E,82.50,A,12,77*45
$BNRDD,1326,2019-02-18T09:20:32Z,26,2,754,A,0629.3342,N,12449.0388,E,83.00,A,12,77*42
$BNRDD,1326,2019-02-18T09:20:37Z,23,1,755,A,0629.3390,N,12449.0329,E,79.60,A,12,77*47
$BNRDD,1326,2019-02-18T09:20:42Z,23,3,758,A,0629.3443,N,12449.0270,E,80.10,A,12,77*4F
$BNRDD,1326,2019-02-18T09:20:47Z,25,3,761,A,0629.3486,N,12449.0210,E,80.10,A,12,77*49
$BNRDD,1326,2019-02-18T09:20:52Z,24,1,762,A,0629.3532,N,12449.0147,E,79.00,A,12,77*45
$BNRDD,1326,2019-02-18T09:20:57Z,24,2,764,A,0629.3569,N,12449.0089,E,78.20,A,12,77*4B
$BNRDD,1326,2019-02-18T09:21:02Z,23,1,765,A,0629.3570,N,12449.0018,E,76.50,A,12,77*46
$BNRDD,1326,2019-02-18T09:21:07Z,21,2,767,A,0629.3523,N,12448.9960,E,79.50,A,12,77*47
$BNRDD,1326,2019-02-18T09:21:12Z,22,2,769,A,0629.3457,N,12448.9924,E,81.70,A,12,77*49
$BNRDD,1326,2019-02-18T09:21:17Z,23,4,773,A,0629.3386,N,12448.9904,E,82.70,A,12,77*4A
$BNRDD,1326,2019-02-18T09:21:22Z,25,4,777,A,0629.3313,N,12448.9882,E,84.10,A,12,77*4D
$BNRDD,1326,2019-02-18T09:21:27Z,25,0,777,A,0629.3244,N,12448.9897,E,83.80,A,12,77*45
$BNRDD,1326,2019-02-18T09:21:32Z,25,2,779,A,0629.3195,N,12448.9958,E,83.40,A,12,77*4C
$BNRDD,1326,2019-02-18T09:21:37Z,26,2,781,A,0629.3150,N,12449.0015,E,83.10,A,12,77*49
$BNRDD,1326,2019-02-18T09:21:42Z,27,4,785,A,0629.3102,N,12449.0071,E,83.60,A,11,80*41
$BNRDD,1326,2019-02-18T09:21:47Z,26,2,787,A,0629.3052,N,12449.0127,E,84.00,A,12,77*4D
$BNRDD,1326,2019-02-18T09:21:52Z,27,2,789,A,0629.3008,N,12449.0186,E,85.70,A,12,77*44
$BNRDD,1326,2019-02-18T09:21:57Z,27,2,791,A,0629.2966,N,12449.0243,E,86.60,A,11,80*4B
$BNRDD,1326,2019-02-18T09:22:02Z,30,4,795,A,0629.2917,N,12449.0302,E,86.90,A,10,85*45
$BNRDD,1326,2019-02-18T09:22:07Z,30,2,797,A,0629.2868,N,12449.0366,E,86.10,A,12,77*48
$BNRDD,1326,2019-02-18T09:22:12Z,31,3,800,A,0629.2824,N,12449.0434,E,88.90,A,12,77*43
$BNRDD,1326,2019-02-18T09:22:17Z,29,2,802,A,0629.2839,N,12449.0499,E,90.00,A,11,85*49
$BNRDD,1326,2019-02-18T09:22:22Z,27,2,804,A,0629.2897,N,12449.0545,E,88.40,A,11,79*4D
$BNRDD,1326,2019-02-18T09:22:27Z,30,3,807,A,0629.2948,N,12449.0589,E,87.60,A,11,78*43
$BNRDD,1326,2019-02-18T09:22:32Z,28,0,807,A,0629.3003,N,12449.0630,E,86.60,A,11,79*4B
$BNRDD,1326,2019-02-18T09:22:37Z,27,1,808,A,0629.3062,N,12449.0668,E,86.20,A,10,85*43
$BNRDD,1326,2019-02-18T09:22:42Z,26,3,811,A,0629.3126,N,12449.0654,E,84.70,A,12,77*4C
$BNRDD,1326,2019-02-18T09:22:47Z,26,2,813,A,0629.3176,N,12449.0598,E,83.70,A,11,80*40
$BNRDD,1326,2019-02-18T09:22:52Z,25,1,814,A,0629.3224,N,12449.0538,E,83.10,A,11,81*4A
$BNRDD,1326,2019-02-18T09:22:57Z,25,2,816,A,0629.3267,N,12449.0480,E,81.40,A,11,80*4D
$BNRDD,1326,2019-02-18T09:23:02Z,24,3,819,A,0629.3316,N,12449.0420,E,80.40,A,10,85*4B
$BNRDD,1326,2019-02-18T09:23:07Z,27,5,824,A,0629.3361,N,12449.0360,E,81.40,A,12,77*48
$BNRDD,1326,2019-02-18T09:23:12Z,27,3,827,A,0629.3409,N,12449.0296,E,82.30,A,12,77*4C
$BNRDD,1326,2019-02-18T09:23:17Z,26,1,828,A,0629.3457,N,12449.0230,E,81.40,A,11,81*4C
$BNRDD,1326,2019-02-18T09:23:22Z,27,3,831,A,0629.3501,N,12449.0169,E,80.70,A,12,77*44
$BNRDD,1326,2019-02-18T09:23:27Z,27,3,834,A,0629.3548,N,12449.0109,E,80.90,A,12,77*41
$BNRDD,1326,2019-02-18T09:23:32Z,28,1,835,A,0629.3581,N,12449.0036,E,81.70,A,12,77*4E
$BNRDD,1326,2019-02-18T09:23:37Z,29,2,837,A,0629.3555,N,12448.9968,E,83.90,A,12,77*44
$BNRDD,1326,2019-02-18T09:23:42Z,29,3,840,A,0629.3490,N,12448.9940,E,85.80,A,12,77*42
$BNRDD,1326,2019-02-18T09:23:47Z,29,2,842,A,0629.3410,N,12448.9922,E,85.90,A,12,77*49
$BNRDD,1326,2019-02-18T09:23:52Z,30,2,844,A,0629.3328,N,12448.9900,E,86.70,A,12,77*42
$BNRDD,1326,2019-02-18T09:23:57Z,31,3,847,A,0629.3250,N,12448.9906,E,87.40,A,11,81*44
$BNRDD,1326,2019-02-18T09:24:02Z,34,6,853,A,0629.3189,N,12448.9970,E,87.30,A,11,81*47
$BNRDD,1326,2019-02-18T09:24:07Z,31,2,855,A,0629.3136,N,12449.0041,E,87.40,A,11,81*45
$BNRDD,1326,2019-02-18T09:24:12Z,29,1,856,A,0629.3087,N,12449.0100,E,87.50,A,11,81*46
$BNRDD,1326,2019-02-18T09:24:17Z,30,2,858,A,0629.3033,N,12449.0164,E,88.60,A,12,77*4D
$BNRDD,1326,2019-02-18T09:24:23Z,28,1,859,A,0629.2967,N,12449.0242,E,87.80,A,10,85*41
$BNRDD,1326,2019-02-18T09:24:28Z,25,0,859,A,0629.2910,N,12449.0313,E,85.30,A,12,77*45
$BNRDD,1326,2019-02-18T09:24:33Z,25,1,860,A,0629.2859,N,12449.0384,E,85.90,A,12,77*4C
$BNRDD,1326,2019-02-18T09:24:38Z,24,1,861,A,0629.2825,N,12449.0468,E,87.30,A,12,77*41
$BNRDD,1326,2019-02-18T09:24:43Z,23,2,863,A,0629.2880,N,12449.0525,E,85.50,A,12,77*48
$BNRDD,1326,2019-02-18T09:24:48Z,24,3,866,A,0629.2950,N,12449.0573,E,84.30,A,12,77*48
$BNRDD,1326,2019-02-18T09:24:53Z,22,0,866,A,0629.3019,N,12449.0617,E,81.70,A,12,77*42
$BNRDD,1326,2019-02-18T09:24:58Z,20,1,867,A,0629.3087,N,12449.0662,E,79.90,A,12,77*47
$BNRDD,1326,2019-02-18T09:25:03Z,14,0,867,A,0629.3163,N,12449.0623,E,80.10,A,12,77*4E
$BNRDD,1326,2019-02-18T09:25:08Z,16,4,871,A,0629.3222,N,12449.0543,E,79.80,A,12,77*48
$BNRDD,1326,2019-02-18T09:25:13Z,15,0,871,A,0629.3288,N,12449.0460,E,78.80,A,12,77*44
$BNRDD,1326,2019-02-18T09:25:18Z,13,0,871,A,0629.3349,N,12449.0364,E,78.60,A,12,77*48
$BNRDD,1326,2019-02-18T09:25:23Z,12,0,871,A,0629.3411,N,12449.0288,E,78.70,A,12,77*49
$BNRDD,1326,2019-02-18T09:25:28Z,14,2,873,A,0629.3466,N,12449.0197,E,81.30,A,12,77*4B
$BNRDD,1326,2019-02-18T09:25:33Z,16,3,876,A,0629.3525,N,12449.0115,E,79.60,A,12,77*49
$BNRDD,1326,2019-02-18T09:25:38Z,18,3,879,A,0629.3574,N,12449.0020,E,81.00,A,12,77*41
$BNRDD,1326,2019-02-18T09:25:43Z,20,4,883,A,0629.3531,N,12448.9939,E,83.10,A,12,77*4F
$BNRDD,1326,2019-02-18T09:25:48Z,19,2,885,A,0629.3436,N,12448.9919,E,84.90,A,12,77*45
$BNRDD,1326,2019-02-18T09:25:53Z,20,1,886,A,0629.3343,N,12448.9887,E,85.80,A,12,77*46
$BNRDD,1326,2019-02-18T09:25:58Z,19,0,886,A,0629.3260,N,12448.9887,E,87.00,A,12,77*4C
$BNRDD,1326,2019-02-18T09:26:03Z,21,2,888,A,0629.3211,N,12448.9952,E,86.70,A,12,77*4F
$BNRDD,1326,2019-02-18T09:26:08Z,18,1,889,A,0629.3157,N,12449.0015,E,86.90,A,12,77*41
$BNRDD,1326,2019-02-18T09:26:13Z,21,3,892,A,0629.3099,N,12449.0083,E,85.70,A,12,77*48
$BNRDD,1326,2019-02-18T09:26:18Z,23,2,894,A,0629.3045,N,12449.0153,E,85.10,A,12,77*4D
$BNRDD,1326,2019-02-18T09:26:23Z,24,1,895,A,0629.3002,N,12449.0218,E,82.40,A,12,77*4D
$BNRDD,1326,2019-02-18T09:26:28Z,25,3,898,A,0629.2945,N,12449.0292,E,81.90,A,12,77*4F
$BNRDD,1326,2019-02-18T09:26:33Z,22,0,898,A,0629.2885,N,12449.0360,E,81.40,A,12,77*4D
$BNRDD,1326,2019-02-18T09:26:38Z,22,3,901,A,0629.2839,N,12449.0427,E,81.80,A,12,77*4B
$BNRDD,1326,2019-02-18T09:26:43Z,19,1,902,A,0629.2856,N,12449.0494,E,81.00,A,12,77*47
$BNRDD,1326,2019-02-18T09:26:48Z,18,1,903,A,0629.2915,N,12449.0541,E,82.50,A,12,77*45
$BNRDD,1326,2019-02-18T09:26:53Z,17,0,903,A,0629.2969,N,12449.0592,E,83.50,A,12,77*45
$BNRDD,1326,2019-02-18T09:26:58Z,20,3,906,A,0629.3032,N,12449.0637,E,83.80,A,11,84*44
$BNRDD,1326,2019-02-18T09:27:03Z,20,2,908,A,0629.3114,N,12449.0662,E,84.60,A,12,77*47
$BNRDD,1326,2019-02-18T09:27:08Z,22,3,911,A,0629.3178,N,12449.0585,E,84.80,A,12,77*49
$BNRDD,1326,2019-02-18T09:27:13Z,20,1,912,A,0629.3241,N,12449.0501,E,84.60,A,12,77*4B
$BNRDD,1326,2019-02-18T09:27:18Z,19,1,913,A,0629.3303,N,12449.0428,E,84.30,A,12,77*43
$BNRDD,1326,2019-02-18T09:27:23Z,20,2,915,A,0629.3365,N,12449.0359,E,84.40,A,12,77*42
$BNRDD,1326,2019-02-18T09:27:28Z,19,2,917,A,0629.3425,N,12449.0292,E,84.70,A,12,77*47
$BNRDD,1326,2019-02-18T09:27:33Z,23,4,921,A,0629.3475,N,12449.0211,E,83.80,A,12,77*41
$BNRDD,1326,2019-02-18T09:27:38Z,20,0,921,A,0629.3529,N,12449.0139,E,84.30,A,12,77*40
$BNRDD,1326,2019-02-18T09:27:43Z,22,3,924,A,0629.3579,N,12449.0071,E,83.70,A,12,77*43
$BNRDD,1326,2019-02-18T09:27:48Z,23,2,926,A,0629.3575,N,12448.9998,E,85.40,A,12,78*4A
$BNRDD,1326,2019-02-18T09:27:53Z,25,2,928,A,0629.3511,N,12448.9943,E,85.70,A,12,77*40
$BNRDD,1326,2019-02-18T09:27:58Z,25,3,931,A,0629.3429,N,12448.9920,E,87.90,A,12,77*41
$BNRDD,1326,2019-02-18T09:28:04Z,25,2,933,A,0629.3322,N,12448.9893,E,89.50,A,12,77*43
$BNRDD,1326,2019-02-18T09:28:09Z,22,0,933,A,0629.3246,N,12448.9916,E,88.90,A,12,78*46
$BNRDD,1326,2019-02-18T09:28:14Z,26,5,938,A,0629.3185,N,12448.9978,E,86.50,A,12,78*46
$BNRDD,1326,2019-02-18T09:28:19Z,29,4,942,A,0629.3128,N,12449.0039,E,87.80,A,12,78*47
$BNRDD,1326,2019-02-18T09:28:24Z,30,3,945,A,0629.3076,N,12449.0099,E,87.60,A,12,78*4F
$BNRDD,1326,2019-02-18T09:28:29Z,30,2,947,A,0629.3033,N,12449.0166,E,86.90,A,12,78*4F
$BNRDD,1326,2019-02-18T09:28:34Z,28,2,949,A,0629.2994,N,12449.0221,E,88.80,A,12,78*4E
$BNRDD,1326,2019-02-18T09:28:39Z,31,3,952,A,0629.2945,N,12449.0278,E,88.60,A,11,79*4C
$BNRDD,1326,2019-02-18T09:28:44Z,28,0,952,A,0629.2899,N,12449.0342,E,89.10,A,12,78*41
$BNRDD,1326,2019-02-18T09:28:49Z,29,3,955,A,0629.2855,N,12449.0411,E,89.40,A,12,78*4D
$BNRDD,1326,2019-02-18T09:28:54Z,27,0,955,A,0629.2836,N,12449.0479,E,89.10,A,12,78*42
$BNRDD,1326,2019-02-18T09:28:59Z,24,0,955,A,0629.2884,N,12449.0518,E,89.20,A,12,78*40
$BNRDD,1326,2019-02-18T09:29:04Z,23,1,956,A,0629.2917,N,12449.0530,E,89.70,A,12,77*47
$BNRDD,1326,2019-02-18T09:29:09Z,28,5,961,A,0629.2950,N,12449.0549,E,89.90,A,12,77*42
$BNRDD,1326,2019-02-18T09:29:14Z,26,3,964,A,0629.2980,N,12449.0565,E,90.20,A,12,77*43
$BNRDD,1326,2019-02-18T09:29:19Z,24,2,966,A,0629.3010,N,12449.0586,E,90.40,A,12,77*45
$BNRDD,1326,2019-02-18T09:29:24Z,24,3,969,A,0629.3039,N,12449.0607,E,90.80,A,12,77*48
$BNRDD,1326,2019-02-18T09:29:29Z,22,0,969,A,0629.3066,N,12449.0631,E,91.60,A,12,77*40
$BNRDD,1326,2019-02-18T09:29:34Z,21,1,970,A,0629.3092,N,12449.0657,E,93.00,A,12,77*49
$BNRDD,1326,2019-02-18T09:29:39Z,22,4,974,A,0629.3129,N,12449.0651,E,93.90,A,12,77*48
$BNRDD,1326,2019-02-18T09:29:44Z,23,1,975,A,0629.3159,N,12449.0613,E,93.90,A,12,77*46
$BNRDD,1326,2019-02-18T09:29:49Z,22,2,977,A,0629.3183,N,12449.0580,E,93.10,A,12,77*4D
$BNRDD,1326,2019-02-18T09:29:54Z,25,3,980,A,0629.3211,N,12449.0547,E,92.80,A,12,77*44
$BNRDD,1326,2019-02-18T09:29:59Z,26,1,981,A,0629.3231,N,12449.0516,E,91.60,A,12,77*42
$BNRDD,1326,2019-02-18T09:30:04Z,28,3,984,A,0629.3250,N,12449.0490,E,91.20,A,12,77*47
$BNRDD,1326,2019-02-18T09:30:09Z,25,2,986,A,0629.3271,N,12449.0462,E,90.10,A,11,92*40
$BNRDD,1326,2019-02-18T09:30:14Z,25,3,989,A,0629.3295,N,12449.0441,E,88.90,A,11,92*48
$BNRDD,1326,2019-02-18T09:30:19Z,26,3,992,A,0629.3311,N,12449.0434,E,88.20,A,12,77*40
$BNRDD,1326,2019-02-18T09:30:24Z,25,2,994,A,0629.3321,N,12449.0421,E,88.10,A,12,77*4E
$BNRDD,1326,2019-02-18T09:30:29Z,29,4,998,A,0629.3333,N,12449.0404,E,87.90,A,12,77*46
$BNRDD,1326,2019-02-18T09:30:34Z,30,2,1000,A,0629.3353,N,12449.0382,E,87.70,A,11,92*74
$BNRDD,1326,2019-02-18T09:30:39Z,30,4,1004,A,0629.3371,N,12449.0352,E,87.00,A,12,77*79
$BNRDD,1326,2019-02-18T09:30:44Z,30,1,1005,A,0629.3393,N,12449.0333,E,87.50,A,12,77*79
$BNRDD,1326,2019-02-18T09:30:49Z,30,2,1007,A,0629.3409,N,12449.0312,E,87.20,A,11,92*7D
$BNRDD,1326,2019-02-18T09:30:54Z,29,2,1009,A,0629.3424,N,12449.0285,E,86.10,A,12,77*7D
$BNRDD,1326,2019-02-18T09:30:59Z,32,4,1013,A,0629.3447,N,12449.0257,E,85.70,A,12,77*78
$BNRDD,1326,2019-02-18T09:31:04Z,31,2,1015,A,0629.3465,N,12449.0228,E,85.40,A,12,77*79
$BNRDD,1326,2019-02-18T09:31:09Z,31,2,1017,A,0629.3488,N,12449.0202,E,85.90,A,11,92*78
$BNRDD,1326,2019-02-18T09:31:14Z,29,1,1018,A,0629.3512,N,12449.0174,E,86.40,A,12,77*77
$BNRDD,1326,2019-02-18T09:31:19Z,29,3,1021,A,0629.3535,N,12449.0146,E,86.40,A,12,77*76
$BNRDD,1326,2019-02-18T09:31:24Z,31,4,1025,A,0629.3554,N,12449.0118,E,86.70,A,12,77*7D
$BNRDD,1326,2019-02-18T09:31:29Z,28,1,1026,A,0629.3571,N,12449.0087,E,86.70,A,12,77*7E
$BNRDD,1326,2019-02-18T09:31:34Z,26,0,1026,A,0629.3577,N,12449.0055,E,86.70,A,12,77*74
# NEW LOG
# format=1.3.6nano
# deadtime=on
$BNRDD,1326,2019-02-18T22:59:49Z,26,4,144,A,0629.3589,N,12448.9978,E,78.10,A,8,100*4B
$BNRDD,1326,2019-02-18T22:59:54Z,27,3,147,A,0629.3586,N,12448.9989,E,79.70,A,8,100*44
$BNRDD,1326,2019-02-18T22:59:59Z,26,1,148,A,0629.3581,N,12449.0006,E,80.60,A,8,100*43
$BNRDD,1326,2019-02-18T23:00:04Z,28,4,152,A,0629.3573,N,12449.0032,E,81.40,A,8,100*4F
$BNRDD,1326,2019-02-18T23:00:09Z,28,3,155,A,0629.3569,N,12449.0061,E,82.20,A,8,100*4A
$BNRDD,1326,2019-02-18T23:00:14Z,29,1,156,A,0629.3557,N,12449.0083,E,82.80,A,8,100*4D
$BNRDD,1326,2019-02-18T23:00:19Z,28,3,159,A,0629.3542,N,12449.0105,E,83.40,A,8,100*4A
$BNRDD,1326,2019-02-18T23:00:24Z,28,3,162,A,0629.3531,N,12449.0132,E,83.80,A,8,100*40
$BNRDD,1326,2019-02-18T23:00:29Z,26,0,162,A,0629.3523,N,12449.0158,E,84.30,A,8,100*43
$BNRDD,1326,2019-02-18T23:00:34Z,25,2,164,A,0629.3509,N,12449.0188,E,85.00,A,8,100*4F
$BNRDD,1326,2019-02-18T23:00:39Z,28,3,167,A,0629.3486,N,12449.0217,E,85.50,A,8,100*4B
$BNRDD,1326,2019-02-18T23:00:44Z,27,0,167,A,0629.3470,N,12449.0237,E,85.60,A,8,100*45
$BNRDD,1326,2019-02-18T23:00:49Z,23,0,167,A,0629.3450,N,12449.0257,E,86.00,A,8,100*4D
$BNRDD,1326,2019-02-18T23:00:54Z,21,1,168,A,0629.3436,N,12449.0281,E,86.70,A,8,100*41
$BNRDD,1326,2019-02-18T23:00:59Z,22,2,170,A,0629.3418,N,12449.0301,E,87.40,A,8,100*42
$BNRDD,1326,2019-02-18T23:01:04Z,20,2,172,A,0629.3401,N,12449.0327,E,87.90,A,8,100*4A
$BNRDD,1326,2019-02-18T23:01:09Z,19,2,174,A,0629.3383,N,12449.0354,E,88.20,A,8,100*46
$BNRDD,1326,2019-02-18T23:01:14Z,19,1,175,A,0629.3366,N,12449.0376,E,88.30,A,8,100*42
$BNRDD,1326,2019-02-18T23:01:19Z,17,1,176,A,0629.3347,N,12449.0398,E,88.80,A,8,100*4A
$BNRDD,1326,2019-02-18T23:01:24Z,15,1,177,A,0629.3327,N,12449.0418,E,89.10,A,8,100*46
$BNRDD,1326,2019-02-18T23:01:29Z,19,4,181,A,0629.3307,N,12449.0436,E,89.60,A,8,100*42
$BNRDD,1326,2019-02-18T23:01:34Z,19,2,183,A,0629.3281,N,12449.0462,E,90.30,A,8,100*49
$BNRDD,1326,2019-02-18T23:01:39Z,19,3,186,A,0629.3261,N,12449.0486,E,90.70,A,8,100*40
$BNRDD,1326,2019-02-18T23:01:44Z,21,2,188,A,0629.3247,N,12449.0509,E,90.30,A,8,100*48
$BNRDD,1326,2019-02-18T23:01:49Z,21,0,188,A,0629.3229,N,12449.0542,E,90.40,A,8,100*47
$BNRDD,1326,2019-02-18T23:01:54Z,21,1,189,A,0629.3219,N,12449.0580,E,90.70,A,8,100*45
$BNRDD,1326,2019-02-18T23:01:59Z,22,3,192,A,0629.3219,N,12449.0612,E,91.10,A,8,100*4C
$BNRDD,1326,2019-02-18T23:02:04Z,22,2,194,A,0629.3234,N,12449.0614,E,90.60,A,8,100*4F
$BNRDD,1326,2019-02-18T23:02:09Z,24,4,198,A,0629.3244,N,12449.0624,E,90.00,A,8,100*4C
$BNRDD,1326,2019-02-18T23:02:14Z,24,1,199,A,0629.3264,N,12449.0628,E,89.80,A,8,100*4A
$BNRDD,1326,2019-02-18T23:02:19Z,25,2,201,A,0629.3281,N,12449.0637,E,89.90,A,8,100*43
$BNRDD,1326,2019-02-18T23:02:24Z,27,3,204,A,0629.3300,N,12449.0641,E,90.00,A,7,105*49
$BNRDD,1326,2019-02-18T23:02:29Z,24,1,205,A,0629.3316,N,12449.0645,E,90.10,A,5,123*40
$BNRDD,1326,2019-02-18T23:02:34Z,24,2,207,A,0629.3333,N,12449.0650,E,90.20,V,1,9999*6E
$BNRDD,1326,2019-02-18T23:02:39Z,22,1,208,A,0629.3342,N,12449.0653,E,90.30,V,2,9999*6E
$BNRDD,1326,2019-02-18T23:02:44Z,25,5,213,A,0629.3342,N,12449.0653,E,90.30,V,2,9999*6D
$BNRDD,1326,2019-02-18T23:02:49Z,26,1,214,A,0629.3342,N,12449.0653,E,90.30,V,2,9999*60
$BNRDD,1326,2019-02-18T23:02:54Z,27,2,216,A,0629.3342,N,12449.0653,E,90.30,V,2,9999*6C
$BNRDD,1326,2019-02-18T23:03:00Z,27,3,219,A,0629.3342,N,12449.0653,E,90.30,V,2,9999*62
$BNRDD,1326,2019-02-18T23:03:05Z,26,1,220,A,0629.3343,N,12449.0673,E,102.30,A,3,333*72
$BNRDD,1326,2019-02-18T23:03:10Z,26,4,224,A,0629.3334,N,12449.0703,E,91.50,V,2,9999*69
$BNRDD,1326,2019-02-18T23:03:15Z,27,2,226,A,0629.3335,N,12449.0715,E,90.30,V,2,9999*68
$BNRDD,1326,2019-02-18T23:03:20Z,27,2,228,A,0629.3335,N,12449.0715,E,90.30,V,2,9999*60
$BNRDD,1326,2019-02-18T23:03:25Z,27,3,231,A,0629.3345,N,12449.0710,E,88.00,A,3,435*40
$BNRDD,1326,2019-02-18T23:03:30Z,27,1,232,A,0629.3360,N,12449.0704,E,86.10,A,3,435*48
$BNRDD,1326,2019-02-18T23:03:35Z,27,2,234,A,0629.3394,N,12449.0716,E,89.30,V,3,435*5A
$BNRDD,1326,2019-02-18T23:03:40Z,28,2,236,A,0629.3408,N,12449.0759,E,89.60,A,3,436*4D
$BNRDD,1326,2019-02-18T23:03:45Z,30,7,243,A,0629.3433,N,12449.0800,E,89.80,A,3,436*43
$BNRDD,1326,2019-02-18T23:54:57Z,29,1,1996,A,0629.3503,N,12449.0706,E,88.60,A,5,153*7A
$BNRDD,1326,2019-02-18T23:55:12Z,27,5,2004,A,0629.3558,N,12449.0656,E,88.60,A,6,130*7D
$BNRDD,1326,2019-02-18T23:55:17Z,24,2,2006,A,0629.3524,N,12449.0610,E,88.60,A,5,141*72
$BNRDD,1326,2019-02-18T23:55:22Z,26,5,2011,A,0629.3517,N,12449.0608,E,88.60,A,5,141*7E
$BNRDD,1326,2019-02-18T23:55:27Z,28,3,2014,A,0629.3530,N,12449.0625,E,88.50,A,4,294*75
$BNRDD,1326,2019-02-18T23:55:32Z,32,5,2019,A,0629.3541,N,12449.0649,E,88.40,A,4,604*71
$BNRDD,1326,2019-02-18T23:55:37Z,31,4,2023,A,0629.3557,N,12449.0660,E,88.30,A,4,294*79
