# NEW LOG
# format=1.3.6nano
# deadtime=on
$BNRDD,1326,2018-12-05T00:24:36Z,18,5,18,V,0629.2602,N,12449.1981,E,90.30,A,5,259*6E
$BNRDD,1326,2018-12-05T00:24:41Z,19,1,19,V,0629.2453,N,12449.2023,E,90.70,A,5,259*6A
$BNRDD,1326,2018-12-05T00:24:46Z,21,2,21,V,0629.2287,N,12449.2060,E,90.40,A,5,156*69
$BNRDD,1326,2018-12-05T00:24:51Z,25,4,25,V,0629.2113,N,12449.2103,E,91.00,A,5,156*66
$BNRDD,1326,2018-12-05T00:24:56Z,25,0,25,V,0629.1950,N,12449.2141,E,90.80,A,5,156*66
$BNRDD,1326,2018-12-05T00:25:01Z,23,2,27,A,0629.1790,N,12449.2179,E,90.80,A,5,156*7D
$BNRDD,1326,2018-12-05T00:25:06Z,25,3,30,A,0629.1610,N,12449.2220,E,91.00,A,5,156*74
$BNRDD,1326,2018-12-05T00:25:11Z,24,2,32,A,0629.1482,N,12449.2262,E,91.60,A,5,156*79
$BNRDD,1326,2018-12-05T00:25:16Z,28,5,37,A,0629.1330,N,12449.2294,E,92.00,A,5,156*72
$BNRDD,1326,2018-12-05T00:25:21Z,31,3,40,A,0629.1129,N,12449.2340,E,93.10,A,5,156*7A
$BNRDD,1326,2018-12-05T00:25:26Z,31,1,41,A,0629.0891,N,12449.2409,E,97.30,A,6,110*78
$BNRDD,1326,2018-12-05T00:25:31Z,28,0,41,A,0629.0640,N,12449.2474,E,100.10,A,7,101*43
$BNRDD,1326,2018-12-05T00:25:36Z,25,2,43,A,0629.0443,N,12449.2519,E,100.90,A,7,103*48
$BNRDD,1326,2018-12-05T00:25:41Z,26,2,45,A,0629.0338,N,12449.2545,E,102.20,A,7,100*45
$BNRDD,1326,2018-12-05T00:25:46Z,24,0,45,A,0629.0250,N,12449.2584,E,104.50,A,7,100*41
$BNRDD,1326,2018-12-05T00:25:51Z,22,2,47,A,0629.0192,N,12449.2623,E,105.80,A,8,95*7C
$BNRDD,1326,2018-12-05T00:25:57Z,22,0,47,A,0629.0166,N,12449.2782,E,107.40,A,7,110*44
$BNRDD,1326,2018-12-05T00:26:02Z,22,2,49,A,0629.0152,N,12449.2975,E,108.60,A,8,95*74
$BNRDD,1326,2018-12-05T00:26:07Z,20,1,50,A,0629.0132,N,12449.3216,E,110.10,A,8,95*7F
$BNRDD,1326,2018-12-05T00:26:12Z,20,2,52,A,0629.0101,N,12449.3472,E,111.60,A,7,103*49
$BNRDD,1326,2018-12-05T00:26:17Z,17,2,54,A,0628.9999,N,12449.3741,E,113.40,A,6,118*47
$BNRDD,1326,2018-12-05T00:26:22Z,14,0,54,A,0628.9870,N,12449.4005,E,115.10,A,7,103*4E
$BNRDD,1326,2018-12-05T00:26:27Z,15,2,56,A,0628.9712,N,12449.4326,E,117.40,A,7,103*44
$BNRDD,1326,2018-12-05T00:26:32Z,19,4,60,A,0628.9652,N,12449.4681,E,119.50,A,8,95*7C
$BNRDD,1326,2018-12-05T00:26:37Z,17,0,60,A,0628.9761,N,12449.5002,E,120.90,A,8,95*78
$BNRDD,1326,2018-12-05T00:26:42Z,18,3,63,A,0629.0010,N,12449.5275,E,122.80,A,8,95*7D
$BNRDD,1326,2018-12-05T00:26:47Z,19,1,64,A,0629.0215,N,12449.5589,E,124.60,A,7,103*46
$BNRDD,1326,2018-12-05T00:26:52Z,18,1,65,A,0629.0211,N,12449.5992,E,127.00,A,7,103*45
$BNRDD,1326,2018-12-05T00:26:57Z,20,2,67,A,0629.0148,N,12449.6401,E,130.10,A,7,103*46
$BNRDD,1326,2018-12-05T00:27:02Z,21,3,70,A,0629.0276,N,12449.6781,E,132.70,A,7,103*40
$BNRDD,1326,2018-12-05T00:27:07Z,26,6,76,A,0629.0529,N,12449.7120,E,136.20,A,7,103*41
$BNRDD,1326,2018-12-05T00:27:12Z,28,4,80,A,0629.0831,N,12449.7371,E,140.10,A,8,95*71
$BNRDD,1326,2018-12-05T00:27:17Z,30,4,84,A,0629.1221,N,12449.7413,E,145.50,A,8,95*71
$BNRDD,1326,2018-12-05T00:27:22Z,31,1,85,A,0629.1657,N,12449.7408,E,149.80,A,8,95*7C
$BNRDD,1326,2018-12-05T00:27:27Z,30,1,86,A,0629.2068,N,12449.7540,E,152.60,A,9,92*7D
$BNRDD,1326,2018-12-05T00:27:32Z,28,2,88,A,0629.2388,N,12449.7857,E,153.30,A,9,92*7F
$BNRDD,1326,2018-12-05T00:27:37Z,32,4,92,A,0629.2433,N,12449.8287,E,153.80,A,8,96*7D
$BNRDD,1326,2018-12-05T00:27:42Z,30,1,93,A,0629.2200,N,12449.8702,E,152.60,A,9,92*7D
$BNRDD,1326,2018-12-05T00:27:47Z,35,6,99,A,0629.2076,N,12449.9152,E,148.80,A,9,92*74
$BNRDD,1326,2018-12-05T00:27:52Z,36,2,101,A,0629.2177,N,12449.9571,E,144.20,A,9,92*44
$BNRDD,1326,2018-12-05T00:27:57Z,38,4,105,A,0629.2467,N,12449.9807,E,141.50,A,9,92*47
$BNRDD,1326,2018-12-05T00:28:02Z,35,0,105,A,0629.2816,N,12449.9774,E,137.90,A,9,92*4D
$BNRDD,1326,2018-12-05T00:28:07Z,32,3,108,A,0629.3021,N,12449.9417,E,134.50,A,9,92*45
$BNRDD,1326,2018-12-05T00:28:12Z,31,3,111,A,0629.3294,N,12449.9146,E,129.80,A,9,92*46
$BNRDD,1326,2018-12-05T00:28:17Z,27,0,111,A,0629.3675,N,12449.9233,E,128.70,A,9,92*43
$BNRDD,1326,2018-12-05T00:28:22Z,27,1,112,A,0629.3802,N,12449.9632,E,127.40,A,9,92*40
$BNRDD,1326,2018-12-05T00:28:27Z,28,2,114,A,0629.3826,N,12450.0120,E,124.90,A,9,92*42
$BNRDD,1326,2018-12-05T00:28:32Z,27,1,115,A,0629.3933,N,12450.0588,E,121.80,A,9,92*4C
$BNRDD,1326,2018-12-05T00:28:37Z,25,2,117,A,0629.4217,N,12450.1007,E,116.50,A,8,107*76
$BNRDD,1326,2018-12-05T00:28:42Z,25,1,118,A,0629.4580,N,12450.1356,E,113.60,A,8,108*7F
$BNRDD,1326,2018-12-05T00:28:47Z,21,2,120,A,0629.4963,N,12450.1682,E,110.80,A,8,107*79
$BNRDD,1326,2018-12-05T00:28:52Z,21,2,122,A,0629.5285,N,12450.1961,E,108.30,A,9,92*41
$BNRDD,1326,2018-12-05T00:28:57Z,20,3,125,A,0629.5525,N,12450.2163,E,105.90,A,9,92*40
$BNRDD,1326,2018-12-05T00:29:02Z,24,4,129,A,0629.5714,N,12450.2324,E,103.80,A,10,86*75
$BNRDD,1326,2018-12-05T00:29:07Z,23,2,131,A,0629.5853,N,12450.2450,E,102.00,A,10,87*78
$BNRDD,1326,2018-12-05T00:29:12Z,21,1,132,A,0629.5858,N,12450.2557,E,100.20,A,10,86*72
$BNRDD,1326,2018-12-05T00:29:17Z,22,1,133,A,0629.5744,N,12450.2671,E,98.80,A,10,86*4A
$BNRDD,1326,2018-12-05T00:29:22Z,23,2,135,A,0629.5569,N,12450.2860,E,97.70,A,10,86*4B
$BNRDD,1326,2018-12-05T00:29:27Z,23,2,137,A,0629.5372,N,12450.3076,E,96.50,A,10,87*4C
$BNRDD,1326,2018-12-05T00:29:32Z,23,1,138,A,0629.5182,N,12450.3251,E,93.30,A,10,87*4D
$BNRDD,1326,2018-12-05T00:29:37Z,21,0,138,A,0629.5024,N,12450.3437,E,90.50,A,10,87*45
$BNRDD,1326,2018-12-05T00:29:42Z,23,3,141,A,0629.4844,N,12450.3659,E,85.60,A,10,87*4A
$BNRDD,1326,2018-12-05T00:29:47Z,23,2,143,A,0629.4685,N,12450.3844,E,82.90,A,10,86*44
$BNRDD,1326,2018-12-05T00:29:52Z,22,1,144,A,0629.4526,N,12450.4029,E,80.60,A,10,87*47
$BNRDD,1326,2018-12-05T00:29:57Z,20,1,145,A,0629.4354,N,12450.4233,E,78.70,A,10,86*4C
$BNRDD,1326,2018-12-05T00:30:02Z,18,2,147,A,0629.4171,N,12450.4441,E,77.10,A,10,86*41
$BNRDD,1326,2018-12-05T00:30:07Z,18,2,149,A,0629.4010,N,12450.4626,E,75.60,A,9,90*75
$BNRDD,1326,2018-12-05T00:30:12Z,19,2,151,A,0629.3867,N,12450.4793,E,73.90,A,9,90*70
$BNRDD,1326,2018-12-05T00:30:17Z,19,1,152,A,0629.3721,N,12450.4965,E,71.90,A,9,90*7D
$BNRDD,1326,2018-12-05T00:30:22Z,20,3,155,A,0629.3566,N,12450.5151,E,70.10,A,9,90*72
$BNRDD,1326,2018-12-05T00:30:27Z,21,3,158,A,0629.3410,N,12450.5350,E,68.40,A,9,90*74
$BNRDD,1326,2018-12-05T00:30:32Z,23,3,161,A,0629.3277,N,12450.5517,E,66.90,A,9,90*79
$BNRDD,1326,2018-12-05T00:30:37Z,24,1,162,A,0629.3202,N,12450.5655,E,65.50,A,9,90*72
$BNRDD,1326,2018-12-05T00:30:42Z,21,0,162,A,0629.3185,N,12450.5794,E,64.10,A,9,90*71
$BNRDD,1326,2018-12-05T00:30:47Z,22,3,165,A,0629.3217,N,12450.5946,E,62.70,A,9,90*7A
$BNRDD,1326,2018-12-05T00:30:52Z,23,2,167,A,0629.3321,N,12450.6086,E,61.10,A,9,90*7B
$BNRDD,1326,2018-12-05T00:30:57Z,22,0,167,A,0629.3452,N,12450.6188,E,59.50,A,9,90*7E
$BNRDD,1326,2018-12-05T00:31:02Z,21,1,168,A,0629.3617,N,12450.6298,E,58.10,A,8,105*4A
$BNRDD,1326,2018-12-05T00:31:07Z,21,2,170,A,0629.3811,N,12450.6415,E,56.70,A,8,105*46
$BNRDD,1326,2018-12-05T00:31:12Z,23,4,174,A,0629.4009,N,12450.6536,E,55.40,A,8,105*44
$BNRDD,1326,2018-12-05T00:31:17Z,23,1,175,A,0629.4207,N,12450.6670,E,54.90,A,10,87*46
$BNRDD,1326,2018-12-05T00:31:22Z,21,1,176,A,0629.4381,N,12450.6804,E,56.30,A,10,87*4B
$BNRDD,1326,2018-12-05T00:31:28Z,22,4,180,A,0629.4520,N,12450.6921,E,60.70,A,10,87*44
$BNRDD,1326,2018-12-05T00:31:33Z,19,0,180,A,0629.4606,N,12450.7011,E,64.90,A,10,87*44
$BNRDD,1326,2018-12-05T00:31:38Z,18,0,180,A,0629.4645,N,12450.7060,E,68.60,A,10,86*4D
$BNRDD,1326,2018-12-05T00:31:43Z,19,1,181,A,0629.4673,N,12450.7091,E,71.30,A,10,86*46
$BNRDD,1326,2018-12-05T00:31:48Z,17,1,182,A,0629.4705,N,12450.7148,E,72.80,A,10,87*4C
$BNRDD,1326,2018-12-05T00:31:53Z,17,2,184,A,0629.4636,N,12450.7234,E,75.20,A,10,87*47
$BNRDD,1326,2018-12-05T00:31:58Z,19,2,186,A,0629.4519,N,12450.7372,E,77.90,A,9,93*79
$BNRDD,1326,2018-12-05T00:32:03Z,21,3,189,A,0629.4369,N,12450.7552,E,80.20,A,10,88*45
$BNRDD,1326,2018-12-05T00:32:08Z,21,2,191,A,0629.4191,N,12450.7771,E,82.40,A,10,88*44
$BNRDD,1326,2018-12-05T00:32:13Z,19,2,193,A,0629.3976,N,12450.8030,E,84.00,A,10,88*4E
$BNRDD,1326,2018-12-05T00:32:18Z,21,3,196,A,0629.3748,N,12450.8307,E,85.60,A,10,88*49
$BNRDD,1326,2018-12-05T00:32:23Z,22,2,198,A,0629.3530,N,12450.8563,E,85.70,A,10,88*45
$BNRDD,1326,2018-12-05T00:32:28Z,20,2,200,A,0629.3374,N,12450.8749,E,85.70,A,10,88*42
$BNRDD,1326,2018-12-05T00:32:33Z,21,1,201,A,0629.3240,N,12450.8902,E,86.70,A,10,88*4F
$BNRDD,1326,2018-12-05T00:32:38Z,24,3,204,A,0629.3099,N,12450.9066,E,87.80,A,10,87*4B
$BNRDD,1326,2018-12-05T00:32:43Z,25,2,206,A,0629.2990,N,12450.9195,E,89.40,A,10,88*44
$BNRDD,1326,2018-12-05T00:32:48Z,25,1,207,A,0629.2938,N,12450.9252,E,88.70,A,10,88*45
$BNRDD,1326,2018-12-05T00:32:53Z,24,1,208,A,0629.2832,N,12450.9386,E,88.80,A,10,88*4D
$BNRDD,1326,2018-12-05T00:32:58Z,23,1,209,A,0629.2684,N,12450.9563,E,88.40,A,10,88*42
$BNRDD,1326,2018-12-05T00:33:03Z,21,1,210,A,0629.2500,N,12450.9806,E,88.20,A,10,88*40
$BNRDD,1326,2018-12-05T00:33:08Z,21,2,212,A,0629.2285,N,12451.0061,E,87.70,A,10,88*4B
$BNRDD,1326,2018-12-05T00:33:13Z,20,1,213,A,0629.2095,N,12451.0283,E,88.00,A,10,88*47
$BNRDD,1326,2018-12-05T00:33:18Z,17,0,213,A,0629.1930,N,12451.0472,E,86.90,A,10,87*4C
$BNRDD,1326,2018-12-05T00:33:23Z,16,1,214,A,0629.1768,N,12451.0652,E,86.70,A,10,88*41
$BNRDD,1326,2018-12-05T00:33:28Z,15,1,215,A,0629.1613,N,12451.0830,E,85.80,A,10,88*43
$BNRDD,1326,2018-12-05T00:33:33Z,15,1,216,A,0629.1468,N,12451.1004,E,85.40,A,10,88*46
$BNRDD,1326,2018-12-05T00:33:38Z,13,1,217,A,0629.1309,N,12451.1180,E,84.60,A,10,88*44
$BNRDD,1326,2018-12-05T00:33:43Z,12,1,218,A,0629.1169,N,12451.1340,E,84.10,A,10,88*4B
$BNRDD,1326,2018-12-05T00:33:48Z,13,2,220,A,0629.1040,N,12451.1491,E,84.80,A,10,88*41
$BNRDD,1326,2018-12-05T00:33:53Z,15,3,223,A,0629.0947,N,12451.1601,E,83.80,A,9,93*7E
$BNRDD,1326,2018-12-05T00:33:58Z,15,1,224,A,0629.0841,N,12451.1710,E,80.40,A,10,87*44
$BNRDD,1326,2018-12-05T00:34:03Z,14,0,224,A,0629.0715,N,12451.1847,E,78.90,A,9,91*7B
$BNRDD,1326,2018-12-05T00:34:08Z,13,1,225,A,0629.0549,N,12451.2029,E,77.30,A,8,99*73
$BNRDD,1326,2018-12-05T00:34:13Z,14,2,227,A,0629.0382,N,12451.2229,E,77.20,A,10,88*44
$BNRDD,1326,2018-12-05T00:34:18Z,16,2,229,A,0629.0199,N,12451.2466,E,76.60,A,10,88*43
$BNRDD,1326,2018-12-05T00:34:23Z,18,3,232,A,0629.0038,N,12451.2646,E,76.90,A,10,88*4B
$BNRDD,1326,2018-12-05T00:34:28Z,19,2,234,A,0628.9861,N,12451.2859,E,77.00,A,10,88*42
$BNRDD,1326,2018-12-05T00:34:33Z,19,1,235,A,0628.9639,N,12451.3132,E,76.90,A,10,88*44
$BNRDD,1326,2018-12-05T00:34:38Z,19,1,236,A,0628.9399,N,12451.3416,E,77.60,A,10,88*4E
$BNRDD,1326,2018-12-05T00:34:43Z,19,1,237,A,0628.9143,N,12451.3718,E,78.20,A,10,88*40
$BNRDD,1326,2018-12-05T00:34:48Z,19,2,239,A,0628.8865,N,12451.4031,E,78.50,A,10,88*46
$BNRDD,1326,2018-12-05T00:34:53Z,18,2,241,A,0628.8603,N,12451.4338,E,79.50,A,10,88*47
$BNRDD,1326,2018-12-05T00:34:58Z,20,3,244,A,0628.8331,N,12451.4651,E,80.50,A,9,94*7E
$BNRDD,1326,2018-12-05T00:35:03Z,23,3,247,A,0628.8059,N,12451.4972,E,81.70,A,9,94*71
$BNRDD,1326,2018-12-05T00:35:08Z,22,0,247,A,0628.7776,N,12451.5312,E,81.90,A,9,94*7E
$BNRDD,1326,2018-12-05T00:35:13Z,28,8,255,A,0628.7465,N,12451.5682,E,82.60,A,9,94*74
$BNRDD,1326,2018-12-05T00:35:18Z,27,1,256,A,0628.7132,N,12451.6066,E,83.60,A,10,88*46
$BNRDD,1326,2018-12-05T00:35:23Z,25,1,257,A,0628.6790,N,12451.6459,E,83.40,A,10,88*48
$BNRDD,1326,2018-12-05T00:35:28Z,24,1,258,A,0628.6460,N,12451.6841,E,84.50,A,10,88*42
$BNRDD,1326,2018-12-05T00:35:34Z,25,2,260,A,0628.6077,N,12451.7271,E,83.70,A,9,94*7C
$BNRDD,1326,2018-12-05T00:35:39Z,26,2,262,A,0628.5760,N,12451.7639,E,84.50,A,9,94*7F
$BNRDD,1326,2018-12-05T00:35:44Z,26,1,263,A,0628.5449,N,12451.7999,E,85.00,A,9,94*7E
$BNRDD,1326,2018-12-05T00:35:49Z,26,2,265,A,0628.5148,N,12451.8341,E,86.40,A,10,88*40
$BNRDD,1326,2018-12-05T00:35:54Z,26,2,267,A,0628.4861,N,12451.8683,E,86.70,A,9,91*75
$BNRDD,1326,2018-12-05T00:35:59Z,23,0,267,A,0628.4553,N,12451.9045,E,86.50,A,9,94*79
$BNRDD,1326,2018-12-05T00:36:04Z,21,1,268,A,0628.4227,N,12451.9431,E,86.70,A,9,94*7F
$BNRDD,1326,2018-12-05T00:36:09Z,22,1,269,A,0628.3894,N,12451.9828,E,87.50,A,10,89*46
$BNRDD,1326,2018-12-05T00:36:14Z,19,5,274,A,0628.3545,N,12452.0239,E,88.20,A,9,94*77
$BNRDD,1326,2018-12-05T00:36:19Z,18,0,274,A,0628.3204,N,12452.0639,E,89.30,A,9,94*78
$BNRDD,1326,2018-12-05T00:36:24Z,19,2,276,A,0628.2888,N,12452.1010,E,90.30,A,9,94*7C
$BNRDD,1326,2018-12-05T00:36:29Z,19,1,277,A,0628.2594,N,12452.1350,E,90.30,A,9,94*74
$BNRDD,1326,2018-12-05T00:36:34Z,21,4,281,A,0628.2360,N,12452.1596,E,91.00,A,9,94*7C
$BNRDD,1326,2018-12-05T00:36:39Z,20,1,282,A,0628.2287,N,12452.1717,E,91.30,A,9,94*76
$BNRDD,1326,2018-12-05T00:36:44Z,19,0,282,A,0628.2328,N,12452.1822,E,91.00,A,10,87*43
$BNRDD,1326,2018-12-05T00:36:49Z,18,1,283,A,0628.2500,N,12452.1946,E,90.70,A,10,89*48
$BNRDD,1326,2018-12-05T00:36:54Z,18,2,285,A,0628.2711,N,12452.2105,E,89.80,A,10,89*48
$BNRDD,1326,2018-12-05T00:36:59Z,19,1,286,A,0628.2963,N,12452.2289,E,88.70,A,10,89*46
$BNRDD,1326,2018-12-05T00:37:04Z,19,1,287,A,0628.3243,N,12452.2511,E,87.30,A,10,89*4B
$BNRDD,1326,2018-12-05T00:37:09Z,19,1,288,A,0628.3538,N,12452.2771,E,86.10,A,10,89*45
$BNRDD,1326,2018-12-05T00:37:14Z,17,3,291,A,0628.3823,N,12452.3001,E,84.60,A,10,89*4E
$BNRDD,1326,2018-12-05T00:37:19Z,18,1,292,A,0628.4074,N,12452.3211,E,83.50,A,10,89*47
$BNRDD,1326,2018-12-05T00:37:24Z,18,2,294,A,0628.4316,N,12452.3435,E,82.50,A,10,89*4A
$BNRDD,1326,2018-12-05T00:37:29Z,18,1,295,A,0628.4586,N,12452.3681,E,81.20,A,10,87*4D
$BNRDD,1326,2018-12-05T00:37:34Z,15,1,296,A,0628.4833,N,12452.3873,E,79.60,A,10,89*42
$BNRDD,1326,2018-12-05T00:37:39Z,18,4,300,A,0628.4938,N,12452.3976,E,77.40,A,10,89*4B
$BNRDD,1326,2018-12-05T00:37:44Z,19,1,301,A,0628.4930,N,12452.4055,E,76.80,A,9,95*7B
$BNRDD,1326,2018-12-05T00:37:49Z,20,2,303,A,0628.4839,N,12452.4145,E,80.20,A,9,95*76
$BNRDD,1326,2018-12-05T00:37:54Z,22,4,307,A,0628.4693,N,12452.4310,E,81.20,A,10,89*42
$BNRDD,1326,2018-12-05T00:37:59Z,21,0,307,A,0628.4507,N,12452.4516,E,83.10,A,10,89*47
$BNRDD,1326,2018-12-05T00:38:04Z,22,2,309,A,0628.4310,N,12452.4740,E,86.10,A,10,89*4B
$BNRDD,1326,2018-12-05T00:38:09Z,23,2,311,A,0628.4107,N,12452.4965,E,89.20,A,10,89*4F
$BNRDD,1326,2018-12-05T00:38:14Z,22,2,313,A,0628.3871,N,12452.5244,E,91.10,A,10,89*4C
$BNRDD,1326,2018-12-05T00:38:19Z,21,0,313,A,0628.3602,N,12452.5542,E,94.10,A,10,89*4E
$BNRDD,1326,2018-12-05T00:38:24Z,21,2,315,A,0628.3278,N,12452.5856,E,95.40,A,10,89*41
$BNRDD,1326,2018-12-05T00:38:29Z,21,1,316,A,0628.2914,N,12452.6161,E,95.10,A,10,89*47
$BNRDD,1326,2018-12-05T00:38:34Z,22,2,318,A,0628.2503,N,12452.6442,E,97.60,A,8,98*77
$BNRDD,1326,2018-12-05T00:38:39Z,21,3,321,A,0628.2054,N,12452.6684,E,96.10,A,10,89*42
$BNRDD,1326,2018-12-05T00:38:44Z,20,0,321,A,0628.1577,N,12452.6890,E,95.90,A,10,89*4D
$BNRDD,1326,2018-12-05T00:38:49Z,19,1,322,A,0628.1063,N,12452.7048,E,96.10,A,10,89*4F
$BNRDD,1326,2018-12-05T00:38:54Z,16,1,323,A,0628.0540,N,12452.7145,E,96.20,A,9,95*72
$BNRDD,1326,2018-12-05T00:38:59Z,17,1,324,A,0628.0004,N,12452.7200,E,97.20,A,10,89*4A
$BNRDD,1326,2018-12-05T00:39:04Z,17,2,326,A,0627.9451,N,12452.7239,E,97.50,A,10,89*4D
$BNRDD,1326,2018-12-05T00:39:09Z,19,4,330,A,0627.8959,N,12452.7263,E,96.80,A,10,89*48
$BNRDD,1326,2018-12-05T00:39:14Z,19,2,332,A,0627.8535,N,12452.7290,E,96.80,A,10,89*4A
$BNRDD,1326,2018-12-05T00:39:19Z,21,2,334,A,0627.8193,N,12452.7310,E,98.30,A,9,95*7B
$BNRDD,1326,2018-12-05T00:39:24Z,19,0,334,A,0627.7962,N,12452.7321,E,97.90,A,10,89*47
$BNRDD,1326,2018-12-05T00:39:30Z,19,1,335,A,0627.7861,N,12452.7306,E,97.20,A,10,89*4E
$BNRDD,1326,2018-12-05T00:39:35Z,18,1,336,A,0627.7870,N,12452.7240,E,96.40,A,10,89*4D
$BNRDD,1326,2018-12-05T00:39:40Z,15,0,336,A,0627.7872,N,12452.7177,E,94.20,A,10,89*42
$BNRDD,1326,2018-12-05T00:39:45Z,19,4,340,A,0627.7873,N,12452.7134,E,92.40,A,10,88*49
$BNRDD,1326,2018-12-05T00:39:50Z,19,1,341,A,0627.7880,N,12452.7127,E,90.70,A,10,88*46
$BNRDD,1326,2018-12-05T00:39:55Z,18,0,341,A,0627.7876,N,12452.7106,E,89.30,A,10,88*45
$BNRDD,1326,2018-12-05T00:40:00Z,20,3,344,A,0627.7865,N,12452.7015,E,88.50,A,10,89*41
$BNRDD,1326,2018-12-05T00:40:05Z,21,3,347,A,0627.7859,N,12452.6926,E,87.80,A,10,89*43
$BNRDD,1326,2018-12-05T00:40:10Z,18,1,348,A,0627.7852,N,12452.6845,E,86.20,A,10,89*44
$BNRDD,1326,2018-12-05T00:40:15Z,16,0,348,A,0627.7870,N,12452.6774,E,85.00,A,10,89*42
$BNRDD,1326,2018-12-05T00:40:20Z,18,4,352,A,0627.7828,N,12452.6705,E,85.30,A,10,90*45
$BNRDD,1326,2018-12-05T00:40:25Z,19,1,353,A,0627.7806,N,12452.6630,E,85.10,A,10,88*45
$BNRDD,1326,2018-12-05T00:40:30Z,22,4,357,A,0627.7794,N,12452.6536,E,84.50,A,10,88*4C
$BNRDD,1326,2018-12-05T00:40:35Z,22,1,358,A,0627.7802,N,12452.6471,E,84.00,A,10,88*44
$BNRDD,1326,2018-12-05T00:40:40Z,23,1,359,A,0627.7802,N,12452.6388,E,83.60,A,10,88*46
$BNRDD,1326,2018-12-05T00:40:45Z,20,1,360,A,0627.7795,N,12452.6326,E,83.80,A,10,88*41
$BNRDD,1326,2018-12-05T00:40:50Z,21,2,362,A,0627.7787,N,12452.6293,E,84.40,A,10,88*42
$BNRDD,1326,2018-12-05T00:40:55Z,23,2,364,A,0627.7781,N,12452.6249,E,84.00,A,10,88*46
$BNRDD,1326,2018-12-05T00:41:00Z,24,4,368,A,0627.7780,N,12452.6181,E,83.50,A,10,88*4E
$BNRDD,1326,2018-12-05T00:41:05Z,24,3,371,A,0627.7781,N,12452.6112,E,83.50,A,9,92*7C
$BNRDD,1326,2018-12-05T00:41:10Z,25,2,373,A,0627.7739,N,12452.6072,E,84.60,A,9,96*7E
$BNRDD,1326,2018-12-05T00:41:15Z,25,0,373,A,0627.7638,N,12452.6084,E,86.50,A,9,96*71
$BNRDD,1326,2018-12-05T00:41:20Z,23,2,375,A,0627.7617,N,12452.6136,E,89.40,A,9,96*7E
$BNRDD,1326,2018-12-05T00:41:25Z,23,1,376,A,0627.7662,N,12452.6168,E,91.80,A,9,96*77
$BNRDD,1326,2018-12-05T00:41:30Z,20,1,377,A,0627.7722,N,12452.6168,E,93.30,A,9,96*7D
$BNRDD,1326,2018-12-05T00:41:35Z,20,1,378,A,0627.7754,N,12452.6158,E,94.70,A,9,96*76
$BNRDD,1326,2018-12-05T00:41:40Z,19,0,378,A,0627.7766,N,12452.6157,E,96.10,A,9,92*71
$BNRDD,1326,2018-12-05T00:41:45Z,20,2,380,A,0627.7765,N,12452.6157,E,96.10,A,10,88*4B
$BNRDD,1326,2018-12-05T00:41:50Z,21,3,383,A,0627.7767,N,12452.6159,E,96.20,A,10,88*43
$BNRDD,1326,2018-12-05T00:41:55Z,19,0,383,A,0627.7767,N,12452.6159,E,96.20,A,10,90*47
$BNRDD,1326,2018-12-05T00:42:00Z,16,1,384,A,0627.7769,N,12452.6160,E,96.30,A,9,92*72
$BNRDD,1326,2018-12-05T00:42:05Z,15,2,386,A,0627.7775,N,12452.6167,E,96.70,A,10,88*48
$BNRDD,1326,2018-12-05T00:42:10Z,17,4,390,A,0627.7792,N,12452.6212,E,97.90,A,10,88*48
$BNRDD,1326,2018-12-05T00:42:15Z,19,2,392,A,0627.7795,N,12452.6224,E,98.30,A,10,88*40
$BNRDD,1326,2018-12-05T00:42:20Z,21,4,396,A,0627.7791,N,12452.6225,E,98.30,A,10,88*4A
$BNRDD,1326,2018-12-05T00:42:25Z,21,1,397,A,0627.7783,N,12452.6227,E,98.60,A,10,88*4F
$BNRDD,1326,2018-12-05T00:42:30Z,22,2,399,A,0627.7778,N,12452.6230,E,99.00,A,10,88*40
$BNRDD,1326,2018-12-05T00:42:35Z,23,2,401,A,0627.7774,N,12452.6234,E,99.00,A,10,88*4A
$BNRDD,1326,2018-12-05T00:42:40Z,23,0,401,A,0627.7774,N,12452.6230,E,99.00,A,10,88*4E
$BNRDD,1326,2018-12-05T00:42:45Z,27,6,407,A,0627.7774,N,12452.6229,E,99.00,A,10,88*47
$BNRDD,1326,2018-12-05T00:42:50Z,25,1,408,A,0627.7770,N,12452.6228,E,99.10,A,10,88*4D
$BNRDD,1326,2018-12-05T00:42:55Z,29,4,412,A,0627.7770,N,12452.6229,E,99.10,A,10,88*4B
$BNRDD,1326,2018-12-05T00:43:00Z,31,3,415,A,0627.7773,N,12452.6225,E,99.10,A,10,88*4C
$BNRDD,1326,2018-12-05T00:43:05Z,29,0,415,A,0627.7772,N,12452.6226,E,99.10,A,10,88*41
$BNRDD,1326,2018-12-05T00:43:10Z,26,1,416,A,0627.7774,N,12452.6223,E,99.10,A,10,88*4B
$BNRDD,1326,2018-12-05T00:43:15Z,25,1,417,A,0627.7769,N,12452.6226,E,99.30,A,10,88*47
$BNRDD,1326,2018-12-05T00:43:20Z,25,4,421,A,0627.7766,N,12452.6222,E,99.40,A,10,88*4D
$BNRDD,1326,2018-12-05T00:43:26Z,26,2,423,A,0627.7790,N,12452.6215,E,99.70,A,10,88*42
$BNRDD,1326,2018-12-05T00:43:31Z,31,7,430,A,0627.7802,N,12452.6208,E,99.60,A,10,88*4C
$BNRDD,1326,2018-12-05T00:43:36Z,30,1,431,A,0627.7824,N,12452.6199,E,99.60,A,10,90*4B
$BNRDD,1326,2018-12-05T00:43:41Z,31,1,432,A,0627.7845,N,12452.6199,E,100.00,A,10,90*79
$BNRDD,1326,2018-12-05T00:43:46Z,29,4,436,A,0627.7869,N,12452.6197,E,100.10,A,10,90*77
$BNRDD,1326,2018-12-05T00:43:51Z,31,3,439,A,0627.7900,N,12452.6198,E,100.30,A,10,90*73
$BNRDD,1326,2018-12-05T00:43:56Z,29,2,441,A,0627.7934,N,12452.6203,E,100.10,A,10,90*77
$BNRDD,1326,2018-12-05T00:44:01Z,27,1,442,A,0627.7944,N,12452.6212,E,100.30,A,10,90*79
$BNRDD,1326,2018-12-05T00:44:06Z,29,2,444,A,0627.7961,N,12452.6216,E,100.70,A,10,88*7B
$BNRDD,1326,2018-12-05T00:44:11Z,31,3,447,A,0627.7997,N,12452.6219,E,100.90,A,10,90*77
$BNRDD,1326,2018-12-05T00:44:16Z,32,2,449,A,0627.8010,N,12452.6220,E,100.60,A,10,91*71
$BNRDD,1326,2018-12-05T00:44:21Z,30,2,451,A,0627.8003,N,12452.6207,E,100.50,A,10,89*73
$BNRDD,1326,2018-12-05T00:44:26Z,29,1,452,A,0627.7998,N,12452.6211,E,100.40,A,10,88*7F
$BNRDD,1326,2018-12-05T00:44:31Z,24,2,454,A,0627.7999,N,12452.6210,E,100.40,A,9,98*48
$BNRDD,1326,2018-12-05T00:44:36Z,23,0,454,A,0627.7977,N,12452.6193,E,100.50,A,9,93*48
$BNRDD,1326,2018-12-05T00:44:41Z,22,0,454,A,0627.7938,N,12452.6192,E,100.60,A,9,93*40
$BNRDD,1326,2018-12-05T00:44:46Z,24,6,460,A,0627.7908,N,12452.6193,E,100.50,A,9,93*41
$BNRDD,1326,2018-12-05T00:44:51Z,21,0,460,A,0627.7888,N,12452.6193,E,100.50,A,9,93*4D
$BNRDD,1326,2018-12-05T00:44:56Z,20,1,461,A,0627.7855,N,12452.6197,E,101.50,A,9,93*4E
$BNRDD,1326,2018-12-05T00:45:01Z,22,3,464,A,0627.7834,N,12452.6195,E,102.60,A,9,93*4D
$BNRDD,1326,2018-12-05T00:45:06Z,21,1,465,A,0627.7825,N,12452.6162,E,103.00,A,9,93*45
$BNRDD,1326,2018-12-05T00:45:11Z,19,1,466,A,0627.7815,N,12452.6140,E,103.10,A,9,93*49
$BNRDD,1326,2018-12-05T00:45:16Z,18,1,467,A,0627.7812,N,12452.6104,E,103.60,A,9,93*4E
$BNRDD,1326,2018-12-05T00:45:21Z,18,2,469,A,0627.7830,N,12452.6068,E,103.60,A,9,93*4C
$BNRDD,1326,2018-12-05T00:45:26Z,23,6,475,A,0627.7836,N,12452.6050,E,104.20,A,9,93*44
$BNRDD,1326,2018-12-05T00:45:31Z,22,1,476,A,0627.7832,N,12452.6050,E,104.20,A,9,93*43
$BNRDD,1326,2018-12-05T00:45:36Z,25,3,479,A,0627.7831,N,12452.6029,E,104.50,A,9,93*44
$BNRDD,1326,2018-12-05T00:45:41Z,26,1,480,A,0627.7837,N,12452.5995,E,104.20,A,9,93*4F
$BNRDD,1326,2018-12-05T00:45:46Z,24,4,484,A,0627.7846,N,12452.5976,E,104.30,A,9,93*41
$BNRDD,1326,2018-12-05T00:45:51Z,26,2,486,A,0627.7855,N,12452.5966,E,104.30,A,9,93*42
$BNRDD,1326,2018-12-05T00:45:56Z,28,3,489,A,0627.7862,N,12452.5960,E,104.40,A,9,93*40
$BNRDD,1326,2018-12-05T00:46:01Z,29,4,493,A,0627.7881,N,12452.5971,E,104.50,A,9,98*4B
$BNRDD,1326,2018-12-05T00:46:06Z,30,2,495,A,0627.7875,N,12452.5982,E,104.60,A,9,93*4B
$BNRDD,1326,2018-12-05T00:46:11Z,32,3,498,A,0627.7877,N,12452.5984,E,104.60,A,9,93*47
$BNRDD,1326,2018-12-05T00:46:16Z,33,2,500,A,0627.7879,N,12452.5984,E,104.60,A,9,93*4E
$BNRDD,1326,2018-12-05T00:46:21Z,35,4,504,A,0627.7878,N,12452.5983,E,104.60,A,9,93*48
$BNRDD,1326,2018-12-05T00:46:26Z,30,1,505,A,0627.7873,N,12452.5983,E,104.60,A,9,93*45
$BNRDD,1326,2018-12-05T00:46:31Z,32,3,508,A,0627.7863,N,12452.5988,E,104.60,A,9,93*44
$BNRDD,1326,2018-12-05T00:46:36Z,29,0,508,A,0627.7825,N,12452.6005,E,104.60,A,9,93*47
$BNRDD,1326,2018-12-05T00:46:41Z,31,3,511,A,0627.7816,N,12452.6034,E,104.70,A,9,93*46
$BNRDD,1326,2018-12-05T00:46:46Z,28,1,512,A,0627.7849,N,12452.6040,E,104.80,A,9,93*4E
$BNRDD,1326,2018-12-05T00:46:51Z,30,4,516,A,0627.7830,N,12452.6065,E,105.10,A,9,93*41
$BNRDD,1326,2018-12-05T00:46:56Z,30,3,519,A,0627.7825,N,12452.6107,E,105.00,A,9,93*4E
$BNRDD,1326,2018-12-05T00:47:01Z,28,2,521,A,0627.7819,N,12452.6142,E,105.00,A,9,93*40
$BNRDD,1326,2018-12-05T00:47:06Z,31,5,526,A,0627.7833,N,12452.6165,E,104.60,A,9,93*45
$BNRDD,1326,2018-12-05T00:47:11Z,28,0,526,A,0627.7855,N,12452.6175,E,104.50,A,9,93*4C
$BNRDD,1326,2018-12-05T00:47:16Z,27,1,527,A,0627.7887,N,12452.6191,E,104.50,A,9,93*41
$BNRDD,1326,2018-12-05T00:47:21Z,24,1,528,A,0627.7932,N,12452.6201,E,104.50,A,9,99*46
$BNRDD,1326,2018-12-05T00:47:26Z,25,2,530,A,0627.7955,N,12452.6203,E,104.90,A,9,93*4F
$BNRDD,1326,2018-12-05T00:47:32Z,24,2,532,A,0627.7984,N,12452.6204,E,105.40,A,9,99*44
$BNRDD,1326,2018-12-05T00:47:37Z,26,2,534,A,0627.8023,N,12452.6216,E,105.60,A,9,93*45
$BNRDD,1326,2018-12-05T00:47:42Z,23,0,534,A,0627.8031,N,12452.6217,E,105.50,A,9,93*41
$BNRDD,1326,2018-12-05T00:47:47Z,22,0,534,A,0627.8041,N,12452.6210,E,105.50,A,9,93*45
$BNRDD,1326,2018-12-05T00:47:52Z,22,4,538,A,0627.8050,N,12452.6203,E,105.50,A,9,93*4B
$BNRDD,1326,2018-12-05T00:47:57Z,23,4,542,A,0627.8059,N,12452.6196,E,105.60,A,9,93*47
$BNRDD,1326,2018-12-05T00:48:02Z,26,5,547,A,0627.8064,N,12452.6191,E,105.70,A,9,93*41
$BNRDD,1326,2018-12-05T00:48:07Z,25,4,551,A,0627.8068,N,12452.6186,E,105.80,A,8,107*79
$BNRDD,1326,2018-12-05T00:48:12Z,26,1,552,A,0627.8073,N,12452.6179,E,105.80,A,7,116*7D
$BNRDD,1326,2018-12-05T00:48:17Z,25,0,552,A,0627.8075,N,12452.6174,E,105.90,A,7,116*70
$BNRDD,1326,2018-12-05T00:48:22Z,29,5,557,A,0627.8071,N,12452.6168,E,105.90,A,7,116*73
$BNRDD,1326,2018-12-05T00:48:27Z,30,3,560,A,0627.8063,N,12452.6171,E,105.90,A,7,116*77
$BNRDD,1326,2018-12-05T00:48:32Z,30,2,562,A,0627.8055,N,12452.6173,E,105.90,A,5,129*79
$BNRDD,1326,2018-12-05T00:48:37Z,28,0,562,A,0627.8049,N,12452.6172,E,105.90,A,5,129*7B
$BNRDD,1326,2018-12-05T00:48:42Z,30,2,564,A,0627.8042,N,12452.6195,E,105.90,A,7,118*76
$BNRDD,1326,2018-12-05T00:48:47Z,30,0,564,A,0627.8039,N,12452.6183,E,105.90,A,6,126*76
$BNRDD,1326,2018-12-05T00:48:52Z,28,2,566,A,0627.8034,N,12452.6176,E,105.80,A,7,118*71
$BNRDD,1326,2018-12-05T00:48:57Z,27,3,569,A,0627.8031,N,12452.6178,E,105.80,A,6,126*72
$BNRDD,1326,2018-12-05T00:49:02Z,26,4,573,A,0627.8030,N,12452.6182,E,105.90,A,6,126*7B
$BNRDD,1326,2018-12-05T00:49:07Z,24,2,575,A,0627.8030,N,12452.6190,E,105.90,A,6,126*7F
$BNRDD,1326,2018-12-05T00:49:12Z,25,2,577,A,0627.8027,N,12452.6199,E,105.90,A,6,126*77
$BNRDD,1326,2018-12-05T00:49:17Z,29,4,581,A,0627.8014,N,12452.6202,E,105.90,A,6,126*70
$BNRDD,1326,2018-12-05T00:49:22Z,26,2,583,A,0627.8009,N,12452.6209,E,105.90,A,6,126*7A
$BNRDD,1326,2018-12-05T00:49:27Z,25,2,585,A,0627.8007,N,12452.6198,E,105.90,A,6,126*7F
$BNRDD,1326,2018-12-05T00:49:32Z,26,3,588,A,0627.8006,N,12452.6199,E,105.90,A,6,126*74
$BNRDD,1326,2018-12-05T00:49:37Z,27,1,589,A,0627.8003,N,12452.6199,E,105.90,A,6,126*76
$BNRDD,1326,2018-12-05T00:49:42Z,27,2,591,A,0627.8001,N,12452.6199,E,105.90,A,6,126*7C
$BNRDD,1326,2018-12-05T00:49:47Z,33,6,597,A,0627.8001,N,12452.6194,E,105.90,A,6,126*73
$BNRDD,1326,2018-12-05T00:49:52Z,31,0,597,A,0627.8003,N,12452.6187,E,105.90,A,6,126*73
$BNRDD,1326,2018-12-05T00:49:57Z,28,0,597,A,0627.8006,N,12452.6181,E,105.90,A,6,126*7D
$BNRDD,1326,2018-12-05T00:50:02Z,27,3,600,A,0627.8005,N,12452.6175,E,105.90,A,6,126*7C
$BNRDD,1326,2018-12-05T00:50:07Z,27,2,602,A,0627.8004,N,12452.6170,E,105.90,A,6,126*7E
$BNRDD,1326,2018-12-05T00:50:12Z,27,2,604,A,0627.8003,N,12452.6157,E,105.90,A,5,129*72
$BNRDD,1326,2018-12-05T00:50:17Z,24,1,605,A,0627.8007,N,12452.6139,E,106.00,A,5,129*70
$BNRDD,1326,2018-12-05T00:50:22Z,27,5,610,A,0627.7996,N,12452.6118,E,106.00,A,4,178*7D
$BNRDD,1326,2018-12-05T00:50:27Z,28,3,613,A,0627.8003,N,12452.6121,E,106.00,A,4,178*72
$BNRDD,1326,2018-12-05T00:50:32Z,25,0,613,A,0627.8032,N,12452.6127,E,106.00,A,4,178*7C
$BNRDD,1326,2018-12-05T00:50:37Z,30,6,619,A,0627.8030,N,12452.6121,E,106.00,A,4,178*75
$BNRDD,1326,2018-12-05T00:50:42Z,33,5,624,A,0627.8059,N,12452.6117,E,105.70,A,5,129*72
$BNRDD,1326,2018-12-05T00:50:47Z,30,3,627,A,0627.8077,N,12452.6119,E,105.50,A,5,129*71
$BNRDD,1326,2018-12-05T00:50:53Z,34,4,631,A,0627.8101,N,12452.6107,E,105.60,A,5,129*7C
$BNRDD,1326,2018-12-05T00:50:58Z,41,7,638,A,0627.8107,N,12452.6130,E,105.60,A,6,120*77
$BNRDD,1326,2018-12-05T00:51:03Z,38,0,638,A,0627.8098,N,12452.6101,E,105.60,A,6,120*74
$BNRDD,1326,2018-12-05T00:51:08Z,36,0,638,A,0627.8080,N,12452.6118,E,104.90,A,6,120*7E
$BNRDD,1326,2018-12-05T00:51:13Z,37,3,641,A,0627.8076,N,12452.6126,E,104.60,A,6,120*73
$BNRDD,1326,2018-12-05T00:51:18Z,37,1,642,A,0627.8076,N,12452.6130,E,104.60,A,6,120*7E
$BNRDD,1326,2018-12-05T00:51:23Z,33,1,643,A,0627.8071,N,12452.6134,E,104.60,A,7,110*72
$BNRDD,1326,2018-12-05T00:51:28Z,32,2,645,A,0627.8067,N,12452.6145,E,104.60,A,7,110*7C
$BNRDD,1326,2018-12-05T00:51:33Z,37,5,650,A,0627.8061,N,12452.6181,E,104.40,A,7,110*7C
$BNRDD,1326,2018-12-05T00:51:38Z,35,4,654,A,0627.8064,N,12452.6188,E,104.40,A,8,95*4F
$BNRDD,1326,2018-12-05T00:51:43Z,32,2,656,A,0627.8064,N,12452.6214,E,104.40,A,8,95*46
$BNRDD,1326,2018-12-05T00:51:48Z,30,1,657,A,0627.8055,N,12452.6207,E,104.40,A,9,94*4D
$BNRDD,1326,2018-12-05T00:51:53Z,29,3,660,A,0627.8056,N,12452.6205,E,104.40,A,9,94*48
$BNRDD,1326,2018-12-05T00:51:58Z,23,1,661,A,0627.8054,N,12452.6206,E,104.40,A,9,94*4B
$BNRDD,1326,2018-12-05T00:52:03Z,25,2,663,A,0627.8050,N,12452.6209,E,104.40,A,9,94*4A
$BNRDD,1326,2018-12-05T00:52:08Z,27,2,665,A,0627.8035,N,12452.6218,E,104.40,A,8,104*7F
$BNRDD,1326,2018-12-05T00:52:13Z,26,2,667,A,0627.8028,N,12452.6222,E,104.40,A,8,104*73
$BNRDD,1326,2018-12-05T00:52:18Z,28,3,670,A,0627.8024,N,12452.6216,E,104.40,A,8,104*7A
$BNRDD,1326,2018-12-05T00:52:23Z,28,1,671,A,0627.8020,N,12452.6215,E,104.40,A,8,104*76
$BNRDD,1326,2018-12-05T00:52:28Z,28,2,673,A,0627.8015,N,12452.6213,E,104.40,A,8,104*7C
$BNRDD,1326,2018-12-05T00:52:33Z,25,2,675,A,0627.8011,N,12452.6209,E,104.40,A,8,104*72
$BNRDD,1326,2018-12-05T00:52:38Z,26,5,680,A,0627.8010,N,12452.6205,E,104.40,A,8,104*7A
$BNRDD,1326,2018-12-05T00:52:43Z,27,3,683,A,0627.8009,N,12452.6201,E,104.50,A,8,104*7F
$BNRDD,1326,2018-12-05T00:52:48Z,29,3,686,A,0627.8004,N,12452.6200,E,104.50,A,8,104*73
$BNRDD,1326,2018-12-05T00:52:53Z,29,3,689,A,0627.8000,N,12452.6213,E,104.50,A,8,104*70
$BNRDD,1326,2018-12-05T00:52:58Z,32,4,693,A,0627.7991,N,12452.6204,E,104.50,A,8,104*75
# NEW LOG
# format=1.3.6nano
# deadtime=on
$BNRDD,1326,2018-12-05T09:29:54Z,20,3,83,A,0628.4020,N,12452.5200,E,68.50,A,9,100*79
$BNRDD,1326,2018-12-05T09:29:59Z,18,2,85,A,0628.4053,N,12452.5147,E,72.90,A,10,88*72
$BNRDD,1326,2018-12-05T09:30:04Z,18,2,87,A,0628.4088,N,12452.5105,E,77.90,A,11,84*78
$BNRDD,1326,2018-12-05T09:30:09Z,18,1,88,A,0628.4119,N,12452.5065,E,79.50,A,11,84*75
$BNRDD,1326,2018-12-05T09:30:14Z,17,2,90,A,0628.4146,N,12452.5031,E,81.80,A,11,84*7D
$BNRDD,1326,2018-12-05T09:30:19Z,19,3,93,A,0628.4172,N,12452.5006,E,84.20,A,11,84*70
$BNRDD,1326,2018-12-05T09:30:24Z,20,3,96,A,0628.4193,N,12452.4983,E,87.00,A,11,84*7A
$BNRDD,1326,2018-12-05T09:30:30Z,21,1,97,A,0628.4256,N,12452.4895,E,90.00,A,10,91*72
$BNRDD,1326,2018-12-05T09:30:35Z,21,1,98,A,0628.4387,N,12452.4730,E,91.60,A,10,91*72
$BNRDD,1326,2018-12-05T09:30:40Z,25,4,102,A,0628.4579,N,12452.4500,E,92.10,A,11,86*46
$BNRDD,1326,2018-12-05T09:30:45Z,26,2,104,A,0628.4790,N,12452.4255,E,93.40,A,11,86*46
$BNRDD,1326,2018-12-05T09:30:50Z,25,1,105,A,0628.5036,N,12452.3976,E,94.90,A,10,91*49
$BNRDD,1326,2018-12-05T09:30:55Z,25,3,108,A,0628.5310,N,12452.3659,E,95.60,A,10,91*48
$BNRDD,1326,2018-12-05T09:31:00Z,24,1,109,A,0628.5616,N,12452.3309,E,96.30,A,10,91*4E
$BNRDD,1326,2018-12-05T09:31:05Z,27,5,114,A,0628.5920,N,12452.2955,E,95.20,A,10,91*4A
$BNRDD,1326,2018-12-05T09:31:10Z,28,2,116,A,0628.6204,N,12452.2613,E,94.20,A,10,91*46
$BNRDD,1326,2018-12-05T09:31:15Z,29,3,119,A,0628.6459,N,12452.2304,E,92.40,A,10,91*41
$BNRDD,1326,2018-12-05T09:31:20Z,29,3,122,A,0628.6696,N,12452.2026,E,87.00,A,10,91*4D
$BNRDD,1326,2018-12-05T09:31:25Z,28,2,124,A,0628.6953,N,12452.1731,E,86.60,A,11,87*4B
$BNRDD,1326,2018-12-05T09:31:30Z,29,2,126,A,0628.7211,N,12452.1422,E,87.20,A,10,91*42
$BNRDD,1326,2018-12-05T09:31:35Z,28,0,126,A,0628.7438,N,12452.1158,E,84.40,A,10,91*44
$BNRDD,1326,2018-12-05T09:31:40Z,28,4,130,A,0628.7646,N,12452.0920,E,82.00,A,10,91*4A
$BNRDD,1326,2018-12-05T09:31:45Z,29,3,133,A,0628.7841,N,12452.0694,E,79.90,A,11,87*48
$BNRDD,1326,2018-12-05T09:31:50Z,30,2,135,A,0628.8068,N,12452.0442,E,78.10,A,10,91*49
$BNRDD,1326,2018-12-05T09:31:55Z,32,5,140,A,0628.8275,N,12452.0197,E,78.80,A,10,91*41
$BNRDD,1326,2018-12-05T09:32:00Z,31,0,140,A,0628.8488,N,12451.9955,E,77.40,A,10,91*4F
$BNRDD,1326,2018-12-05T09:32:05Z,26,0,140,A,0628.8736,N,12451.9668,E,74.60,A,11,87*4C
$BNRDD,1326,2018-12-05T09:32:10Z,25,1,141,A,0628.8992,N,12451.9345,E,76.30,A,11,87*46
$BNRDD,1326,2018-12-05T09:32:15Z,23,1,142,A,0628.9253,N,12451.9031,E,75.60,A,10,91*41
$BNRDD,1326,2018-12-05T09:32:20Z,20,0,142,A,0628.9537,N,12451.8697,E,75.40,A,10,91*49
$BNRDD,1326,2018-12-05T09:32:25Z,20,2,144,A,0628.9833,N,12451.8347,E,74.90,A,10,92*46
$BNRDD,1326,2018-12-05T09:32:30Z,22,4,148,A,0629.0112,N,12451.8015,E,74.70,A,10,92*42
$BNRDD,1326,2018-12-05T09:32:35Z,22,0,148,A,0629.0295,N,12451.7801,E,73.90,A,11,87*41
$BNRDD,1326,2018-12-05T09:32:40Z,18,0,148,A,0629.0435,N,12451.7636,E,73.20,A,11,87*47
$BNRDD,1326,2018-12-05T09:32:45Z,16,1,149,A,0629.0635,N,12451.7399,E,73.40,A,10,92*4D
$BNRDD,1326,2018-12-05T09:32:50Z,15,1,150,A,0629.0881,N,12451.7113,E,73.70,A,11,87*45
$BNRDD,1326,2018-12-05T09:32:55Z,11,1,151,A,0629.1142,N,12451.6807,E,73.30,A,11,87*4B
$BNRDD,1326,2018-12-05T09:33:00Z,11,0,151,A,0629.1377,N,12451.6529,E,72.60,A,11,87*4A
$BNRDD,1326,2018-12-05T09:33:05Z,18,7,158,A,0629.1593,N,12451.6273,E,72.20,A,11,87*48
$BNRDD,1326,2018-12-05T09:33:10Z,17,0,158,A,0629.1847,N,12451.5975,E,71.80,A,11,87*47
$BNRDD,1326,2018-12-05T09:33:15Z,16,0,158,A,0629.2099,N,12451.5680,E,71.80,A,10,92*4B
$BNRDD,1326,2018-12-05T09:33:20Z,17,1,159,A,0629.2327,N,12451.5414,E,72.60,A,11,87*4D
$BNRDD,1326,2018-12-05T09:33:25Z,19,4,163,A,0629.2514,N,12451.5198,E,73.00,A,11,87*4A
$BNRDD,1326,2018-12-05T09:33:30Z,17,2,165,A,0629.2660,N,12451.5026,E,72.70,A,11,87*42
$BNRDD,1326,2018-12-05T09:33:35Z,20,3,168,A,0629.2768,N,12451.4901,E,72.20,A,11,87*4E
$BNRDD,1326,2018-12-05T09:33:40Z,26,6,174,A,0629.2861,N,12451.4800,E,72.20,A,11,87*44
$BNRDD,1326,2018-12-05T09:33:45Z,27,2,176,A,0629.2976,N,12451.4664,E,69.70,A,11,87*42
$BNRDD,1326,2018-12-05T09:33:50Z,28,2,178,A,0629.3110,N,12451.4511,E,67.90,A,11,87*4F
$BNRDD,1326,2018-12-05T09:33:55Z,28,1,179,A,0629.3250,N,12451.4361,E,66.60,A,11,87*40
$BNRDD,1326,2018-12-05T09:34:00Z,30,2,181,A,0629.3420,N,12451.4148,E,66.90,A,11,87*4D
$BNRDD,1326,2018-12-05T09:34:05Z,28,5,186,A,0629.3617,N,12451.3917,E,67.80,A,11,87*42
$BNRDD,1326,2018-12-05T09:34:10Z,30,2,188,A,0629.3794,N,12451.3708,E,67.90,A,11,87*4D
$BNRDD,1326,2018-12-05T09:34:15Z,31,1,189,A,0629.3979,N,12451.3491,E,67.70,A,10,92*4E
$BNRDD,1326,2018-12-05T09:34:20Z,33,3,192,A,0629.4160,N,12451.3278,E,67.00,A,11,87*46
$BNRDD,1326,2018-12-05T09:34:25Z,31,2,194,A,0629.4300,N,12451.3111,E,66.60,A,11,87*49
$BNRDD,1326,2018-12-05T09:34:30Z,29,0,194,A,0629.4411,N,12451.2978,E,67.60,A,11,87*46
$BNRDD,1326,2018-12-05T09:34:35Z,32,6,200,A,0629.4551,N,12451.2816,E,66.10,A,11,87*4B
$BNRDD,1326,2018-12-05T09:34:40Z,28,2,202,A,0629.4644,N,12451.2706,E,65.90,A,11,87*46
$BNRDD,1326,2018-12-05T09:34:45Z,27,1,203,A,0629.4680,N,12451.2662,E,67.00,A,11,87*4E
$BNRDD,1326,2018-12-05T09:34:50Z,26,1,204,A,0629.4764,N,12451.2568,E,67.90,A,11,87*47
$BNRDD,1326,2018-12-05T09:34:55Z,28,3,207,A,0629.4897,N,12451.2411,E,68.20,A,11,87*45
$BNRDD,1326,2018-12-05T09:35:00Z,28,2,209,A,0629.5062,N,12451.2215,E,68.30,A,11,87*4B
$BNRDD,1326,2018-12-05T09:35:05Z,23,0,209,A,0629.5229,N,12451.2016,E,68.80,A,10,92*45
$BNRDD,1326,2018-12-05T09:35:10Z,22,1,210,A,0629.5440,N,12451.1773,E,68.90,A,11,87*43
$BNRDD,1326,2018-12-05T09:35:15Z,22,1,211,A,0629.5628,N,12451.1552,E,69.30,A,11,87*41
$BNRDD,1326,2018-12-05T09:35:21Z,19,0,211,A,0629.5783,N,12451.1374,E,70.40,A,11,87*42
$BNRDD,1326,2018-12-05T09:35:26Z,20,3,214,A,0629.5915,N,12451.1208,E,72.70,A,11,87*43
$BNRDD,1326,2018-12-05T09:35:31Z,21,1,215,A,0629.6035,N,12451.1074,E,73.70,A,11,87*47
$BNRDD,1326,2018-12-05T09:35:36Z,20,5,220,A,0629.6141,N,12451.0968,E,74.20,A,10,92*43
$BNRDD,1326,2018-12-05T09:35:41Z,19,1,221,A,0629.6245,N,12451.0858,E,74.00,A,10,92*4B
$BNRDD,1326,2018-12-05T09:35:46Z,20,2,223,A,0629.6315,N,12451.0773,E,74.80,A,11,87*48
$BNRDD,1326,2018-12-05T09:35:51Z,24,5,228,A,0629.6400,N,12451.0678,E,73.00,A,11,88*4F
$BNRDD,1326,2018-12-05T09:35:56Z,22,1,229,A,0629.6510,N,12451.0519,E,71.50,A,10,92*42
$BNRDD,1326,2018-12-05T09:36:01Z,20,0,229,A,0629.6650,N,12451.0347,E,70.40,A,10,92*4A
$BNRDD,1326,2018-12-05T09:36:06Z,22,2,231,A,0629.6766,N,12451.0215,E,69.80,A,11,88*48
$BNRDD,1326,2018-12-05T09:36:11Z,23,2,233,A,0629.6848,N,12451.0121,E,69.80,A,11,84*46
$BNRDD,1326,2018-12-05T09:36:16Z,25,3,236,A,0629.6928,N,12451.0031,E,70.20,A,11,88*4A
$BNRDD,1326,2018-12-05T09:36:21Z,26,1,237,A,0629.7021,N,12450.9917,E,69.70,A,11,88*47
$BNRDD,1326,2018-12-05T09:36:26Z,24,1,238,A,0629.7104,N,12450.9812,E,68.30,A,11,88*4A
$BNRDD,1326,2018-12-05T09:36:31Z,25,2,240,A,0629.7170,N,12450.9727,E,67.80,A,11,88*4F
$BNRDD,1326,2018-12-05T09:36:36Z,20,0,240,A,0629.7234,N,12450.9650,E,67.00,A,10,92*4F
$BNRDD,1326,2018-12-05T09:36:41Z,21,2,242,A,0629.7277,N,12450.9597,E,65.80,A,11,88*41
$BNRDD,1326,2018-12-05T09:36:46Z,22,3,245,A,0629.7295,N,12450.9579,E,65.00,A,11,85*4A
$BNRDD,1326,2018-12-05T09:36:51Z,20,3,248,A,0629.7299,N,12450.9572,E,64.80,A,10,92*4A
$BNRDD,1326,2018-12-05T09:36:56Z,20,1,249,A,0629.7302,N,12450.9572,E,64.80,A,11,84*4B
$BNRDD,1326,2018-12-05T09:37:01Z,22,2,251,A,0629.7303,N,12450.9573,E,64.80,A,10,90*44
$BNRDD,1326,2018-12-05T09:37:06Z,22,2,253,A,0629.7305,N,12450.9571,E,64.80,A,10,90*45
$BNRDD,1326,2018-12-05T09:37:11Z,21,1,254,A,0629.7304,N,12450.9572,E,64.80,A,10,90*46
$BNRDD,1326,2018-12-05T09:37:16Z,21,3,257,A,0629.7304,N,12450.9572,E,64.80,A,10,90*40
$BNRDD,1326,2018-12-05T09:37:21Z,20,0,257,A,0629.7304,N,12450.9572,E,64.80,A,10,92*44
$BNRDD,1326,2018-12-05T09:37:26Z,19,0,257,A,0629.7305,N,12450.9572,E,64.80,A,10,92*48
$BNRDD,1326,2018-12-05T09:37:31Z,17,0,257,A,0629.7303,N,12450.9573,E,64.80,A,10,90*45
$BNRDD,1326,2018-12-05T09:37:36Z,18,1,258,A,0629.7304,N,12450.9572,E,64.80,A,10,92*47
$BNRDD,1326,2018-12-05T09:37:41Z,17,1,259,A,0629.7303,N,12450.9573,E,64.70,A,10,90*42
$BNRDD,1326,2018-12-05T09:37:46Z,15,1,260,A,0629.7301,N,12450.9575,E,64.80,A,10,90*46
$BNRDD,1326,2018-12-05T09:37:51Z,13,1,261,A,0629.7302,N,12450.9577,E,64.80,A,10,90*46
$BNRDD,1326,2018-12-05T09:37:56Z,13,1,262,A,0629.7305,N,12450.9580,E,64.80,A,10,90*4D
$BNRDD,1326,2018-12-05T09:38:01Z,12,1,263,A,0629.7313,N,12450.9578,E,64.80,A,10,90*40
$BNRDD,1326,2018-12-05T09:38:06Z,12,2,265,A,0629.7368,N,12450.9532,E,64.60,A,10,92*4C
$BNRDD,1326,2018-12-05T09:38:11Z,13,2,267,A,0629.7486,N,12450.9393,E,63.90,A,11,88*41
$BNRDD,1326,2018-12-05T09:38:16Z,13,3,270,A,0629.7664,N,12450.9179,E,63.30,A,11,88*43
$BNRDD,1326,2018-12-05T09:38:21Z,14,1,271,A,0629.7841,N,12450.8982,E,63.30,A,11,88*47
$BNRDD,1326,2018-12-05T09:38:26Z,15,1,272,A,0629.7982,N,12450.8806,E,63.00,A,11,88*42
$BNRDD,1326,2018-12-05T09:38:31Z,16,1,273,A,0629.8107,N,12450.8657,E,62.50,A,11,88*42
$BNRDD,1326,2018-12-05T09:38:36Z,16,1,274,A,0629.8210,N,12450.8539,E,62.80,A,11,88*41
$BNRDD,1326,2018-12-05T09:38:41Z,16,1,275,A,0629.8293,N,12450.8436,E,62.50,A,11,88*48
$BNRDD,1326,2018-12-05T09:38:46Z,20,5,280,A,0629.8358,N,12450.8349,E,63.70,A,11,88*4E
$BNRDD,1326,2018-12-05T09:38:51Z,21,2,282,A,0629.8448,N,12450.8238,E,63.30,A,11,88*49
$BNRDD,1326,2018-12-05T09:38:56Z,21,1,283,A,0629.8560,N,12450.8106,E,63.70,A,11,88*4D
$BNRDD,1326,2018-12-05T09:39:01Z,22,2,285,A,0629.8654,N,12450.8002,E,62.80,A,11,88*47
$BNRDD,1326,2018-12-05T09:39:06Z,22,2,287,A,0629.8734,N,12450.7907,E,62.90,A,11,88*47
$BNRDD,1326,2018-12-05T09:39:11Z,22,2,289,A,0629.8809,N,12450.7816,E,63.90,A,11,88*4E
$BNRDD,1326,2018-12-05T09:39:16Z,22,3,292,A,0629.8845,N,12450.7753,E,64.00,A,11,88*4A
$BNRDD,1326,2018-12-05T09:39:21Z,22,1,293,A,0629.8841,N,12450.7713,E,64.80,A,11,85*48
$BNRDD,1326,2018-12-05T09:39:26Z,23,2,295,A,0629.8833,N,12450.7693,E,65.50,A,11,85*4B
$BNRDD,1326,2018-12-05T09:39:31Z,24,2,297,A,0629.8805,N,12450.7658,E,66.60,A,11,88*47
$BNRDD,1326,2018-12-05T09:39:37Z,25,2,299,A,0629.8771,N,12450.7616,E,68.40,A,11,85*49
$BNRDD,1326,2018-12-05T09:39:42Z,25,1,300,A,0629.8760,N,12450.7605,E,67.80,A,11,85*48
$BNRDD,1326,2018-12-05T09:39:47Z,24,4,304,A,0629.8757,N,12450.7605,E,67.20,A,11,85*43
$BNRDD,1326,2018-12-05T09:39:52Z,26,4,308,A,0629.8758,N,12450.7602,E,67.30,A,11,85*40
$BNRDD,1326,2018-12-05T09:39:57Z,32,7,315,A,0629.8756,N,12450.7603,E,67.30,A,11,85*40
$BNRDD,1326,2018-12-05T09:40:02Z,31,1,316,A,0629.8755,N,12450.7603,E,67.40,A,11,85*4C
$BNRDD,1326,2018-12-05T09:40:07Z,32,3,319,A,0629.8756,N,12450.7601,E,67.40,A,10,90*43
$BNRDD,1326,2018-12-05T09:40:12Z,31,1,320,A,0629.8754,N,12450.7602,E,67.40,A,10,90*4D
$BNRDD,1326,2018-12-05T09:40:17Z,33,5,325,A,0629.8753,N,12450.7603,E,67.40,A,11,85*48
$BNRDD,1326,2018-12-05T09:40:22Z,36,4,329,A,0629.8755,N,12450.7605,E,67.50,A,11,85*47
$BNRDD,1326,2018-12-05T09:40:27Z,35,1,330,A,0629.8756,N,12450.7612,E,67.50,A,11,85*49
$BNRDD,1326,2018-12-05T09:40:32Z,34,1,331,A,0629.8726,N,12450.7590,E,67.70,A,11,85*41
$BNRDD,1326,2018-12-05T09:40:37Z,37,5,336,A,0629.8673,N,12450.7543,E,67.10,A,11,88*40
$BNRDD,1326,2018-12-05T09:40:42Z,40,4,340,A,0629.8630,N,12450.7487,E,66.90,A,10,102*77
$BNRDD,1326,2018-12-05T09:40:47Z,40,4,344,A,0629.8561,N,12450.7433,E,66.00,A,10,93*4E
$BNRDD,1326,2018-12-05T09:40:52Z,38,2,346,A,0629.8478,N,12450.7364,E,65.60,A,10,102*71
$BNRDD,1326,2018-12-05T09:40:57Z,35,4,350,A,0629.8450,N,12450.7346,E,66.00,A,10,90*4D
$BNRDD,1326,2018-12-05T09:41:02Z,35,1,351,A,0629.8430,N,12450.7329,E,65.80,A,8,116*4A
$BNRDD,1326,2018-12-05T09:41:07Z,35,3,354,A,0629.8393,N,12450.7300,E,66.10,A,9,101*40
$BNRDD,1326,2018-12-05T09:41:12Z,37,3,357,A,0629.8358,N,12450.7264,E,66.20,A,8,116*45
$BNRDD,1326,2018-12-05T09:41:17Z,35,3,360,A,0629.8345,N,12450.7260,E,66.50,A,10,90*4F
$BNRDD,1326,2018-12-05T09:41:22Z,34,3,363,A,0629.8341,N,12450.7251,E,66.40,A,10,90*4C
$BNRDD,1326,2018-12-05T09:41:27Z,35,2,365,A,0629.8383,N,12450.7197,E,67.60,A,10,93*48
$BNRDD,1326,2018-12-05T09:41:32Z,38,4,369,A,0629.8499,N,12450.7066,E,67.60,A,11,89*42
$BNRDD,1326,2018-12-05T09:41:37Z,36,3,372,A,0629.8651,N,12450.6888,E,67.50,A,11,89*48
$BNRDD,1326,2018-12-05T09:41:42Z,35,3,375,A,0629.8780,N,12450.6728,E,67.60,A,11,89*45
$BNRDD,1326,2018-12-05T09:41:47Z,35,4,379,A,0629.8890,N,12450.6597,E,67.90,A,11,89*4C
$BNRDD,1326,2018-12-05T09:41:52Z,38,5,384,A,0629.8941,N,12450.6538,E,67.20,A,11,85*49
$BNRDD,1326,2018-12-05T09:41:57Z,36,2,386,A,0629.8970,N,12450.6505,E,66.80,A,11,85*40
$BNRDD,1326,2018-12-05T09:42:02Z,38,3,389,A,0629.9065,N,12450.6395,E,67.20,A,11,89*47
$BNRDD,1326,2018-12-05T09:42:07Z,36,1,390,A,0629.9193,N,12450.6256,E,67.20,A,11,89*40
$BNRDD,1326,2018-12-05T09:42:12Z,36,3,393,A,0629.9258,N,12450.6184,E,67.20,A,11,89*4D
$BNRDD,1326,2018-12-05T09:42:17Z,38,5,398,A,0629.9314,N,12450.6103,E,67.00,A,11,89*4F
$BNRDD,1326,2018-12-05T09:42:22Z,39,4,402,A,0629.9378,N,12450.6014,E,67.20,A,11,89*42
$BNRDD,1326,2018-12-05T09:42:27Z,39,2,404,A,0629.9408,N,12450.5972,E,67.40,A,11,85*47
$BNRDD,1326,2018-12-05T09:42:32Z,36,1,405,A,0629.9419,N,12450.5960,E,67.20,A,11,85*4B
$BNRDD,1326,2018-12-05T09:42:37Z,34,1,406,A,0629.9428,N,12450.5949,E,67.50,A,11,85*41
$BNRDD,1326,2018-12-05T09:42:42Z,35,4,410,A,0629.9429,N,12450.5951,E,67.50,A,10,90*4D
$BNRDD,1326,2018-12-05T09:42:47Z,33,2,412,A,0629.9431,N,12450.5951,E,67.50,A,10,90*43
$BNRDD,1326,2018-12-05T09:42:52Z,29,1,413,A,0629.9431,N,12450.5950,E,67.50,A,10,90*4F
$BNRDD,1326,2018-12-05T09:42:57Z,29,2,415,A,0629.9433,N,12450.5949,E,67.50,A,11,89*4C
$BNRDD,1326,2018-12-05T09:43:02Z,26,0,415,A,0629.9440,N,12450.5946,E,67.50,A,11,85*47
$BNRDD,1326,2018-12-05T09:43:07Z,27,2,417,A,0629.9439,N,12450.5946,E,67.50,A,10,90*48
$BNRDD,1326,2018-12-05T09:43:12Z,27,3,420,A,0629.9444,N,12450.5942,E,67.50,A,10,90*47
$BNRDD,1326,2018-12-05T09:43:17Z,24,2,422,A,0629.9452,N,12450.5933,E,67.60,A,11,85*45
$BNRDD,1326,2018-12-05T09:43:22Z,22,2,424,A,0629.9458,N,12450.5925,E,67.70,A,11,85*4F
$BNRDD,1326,2018-12-05T09:43:27Z,22,2,426,A,0629.9460,N,12450.5923,E,67.60,A,11,89*48
$BNRDD,1326,2018-12-05T09:43:32Z,24,3,429,A,0629.9464,N,12450.5918,E,67.70,A,11,85*45
$BNRDD,1326,2018-12-05T09:43:38Z,25,2,431,A,0629.9480,N,12450.5911,E,67.60,A,11,85*44
$BNRDD,1326,2018-12-05T09:43:43Z,26,5,436,A,0629.9498,N,12450.5897,E,67.60,A,11,85*4D
$BNRDD,1326,2018-12-05T09:43:48Z,26,2,438,A,0629.9517,N,12450.5880,E,67.80,A,11,85*41
$BNRDD,1326,2018-12-05T09:43:53Z,25,0,438,A,0629.9531,N,12450.5877,E,67.30,A,11,85*4D
$BNRDD,1326,2018-12-05T09:43:58Z,27,4,442,A,0629.9559,N,12450.5854,E,66.30,A,11,85*43
$BNRDD,1326,2018-12-05T09:44:03Z,29,2,444,A,0629.9573,N,12450.5839,E,65.50,A,11,85*42
$BNRDD,1326,2018-12-05T09:44:08Z,29,2,446,A,0629.9585,N,12450.5832,E,64.90,A,11,85*44
$BNRDD,1326,2018-12-05T09:44:13Z,28,2,448,A,0629.9602,N,12450.5819,E,64.70,A,11,85*4A
$BNRDD,1326,2018-12-05T09:44:18Z,29,3,451,A,0629.9622,N,12450.5799,E,64.60,A,11,85*4D
$BNRDD,1326,2018-12-05T09:44:23Z,28,1,452,A,0629.9647,N,12450.5766,E,64.40,A,11,85*44
$BNRDD,1326,2018-12-05T09:44:28Z,28,2,454,A,0629.9654,N,12450.5744,E,64.60,A,11,85*4A
$BNRDD,1326,2018-12-05T09:44:33Z,27,2,456,A,0629.9653,N,12450.5740,E,64.50,A,11,85*4D
$BNRDD,1326,2018-12-05T09:44:38Z,27,2,458,A,0629.9662,N,12450.5731,E,64.70,A,11,85*4E
$BNRDD,1326,2018-12-05T09:44:43Z,23,1,459,A,0629.9668,N,12450.5721,E,64.80,A,11,85*40
$BNRDD,1326,2018-12-05T09:44:48Z,22,1,460,A,0629.9669,N,12450.5718,E,64.80,A,11,85*4B
$BNRDD,1326,2018-12-05T09:44:53Z,27,5,465,A,0629.9670,N,12450.5714,E,64.90,A,11,85*40
$BNRDD,1326,2018-12-05T09:44:58Z,25,2,467,A,0629.9675,N,12450.5701,E,64.80,A,11,85*4C
$BNRDD,1326,2018-12-05T09:45:03Z,23,0,467,A,0629.9664,N,12450.5625,E,65.50,A,11,89*40
$BNRDD,1326,2018-12-05T09:45:08Z,28,7,474,A,0629.9547,N,12450.5504,E,66.40,A,10,94*48
$BNRDD,1326,2018-12-05T09:45:13Z,28,2,476,A,0629.9375,N,12450.5353,E,67.70,A,10,95*45
$BNRDD,1326,2018-12-05T09:45:18Z,27,2,478,A,0629.9279,N,12450.5282,E,69.70,A,11,89*4D
$BNRDD,1326,2018-12-05T09:45:23Z,29,3,481,A,0629.9254,N,12450.5270,E,70.20,A,11,85*4F
$BNRDD,1326,2018-12-05T09:45:28Z,31,4,485,A,0629.9251,N,12450.5265,E,70.10,A,11,85*4C
$BNRDD,1326,2018-12-05T09:45:33Z,31,2,487,A,0629.9177,N,12450.5190,E,69.80,A,10,95*4D
$BNRDD,1326,2018-12-05T09:45:38Z,31,2,489,A,0629.9000,N,12450.5036,E,69.30,A,10,94*4E
$BNRDD,1326,2018-12-05T09:45:43Z,30,0,489,A,0629.8774,N,12450.4845,E,69.20,A,11,89*45
$BNRDD,1326,2018-12-05T09:45:48Z,29,0,489,A,0629.8557,N,12450.4664,E,69.70,A,11,90*45
$BNRDD,1326,2018-12-05T09:45:53Z,24,0,489,A,0629.8291,N,12450.4438,E,69.30,A,11,90*40
$BNRDD,1326,2018-12-05T09:45:58Z,25,3,492,A,0629.7995,N,12450.4192,E,69.50,A,11,90*40
$BNRDD,1326,2018-12-05T09:46:03Z,27,2,494,A,0629.7725,N,12450.3970,E,69.40,A,11,90*4F
$BNRDD,1326,2018-12-05T09:46:08Z,22,2,496,A,0629.7547,N,12450.3823,E,70.00,A,11,90*4E
$BNRDD,1326,2018-12-05T09:46:13Z,20,0,496,A,0629.7419,N,12450.3713,E,68.00,A,11,90*4B
$BNRDD,1326,2018-12-05T09:46:18Z,20,2,498,A,0629.7351,N,12450.3654,E,67.40,A,11,90*4E
$BNRDD,1326,2018-12-05T09:46:23Z,19,2,500,A,0629.7290,N,12450.3603,E,66.80,A,11,90*4F
$BNRDD,1326,2018-12-05T09:46:28Z,17,2,502,A,0629.7230,N,12450.3555,E,68.20,A,11,90*46
$BNRDD,1326,2018-12-05T09:46:33Z,20,5,507,A,0629.7150,N,12450.3480,E,69.80,A,11,90*4D
$BNRDD,1326,2018-12-05T09:46:38Z,22,4,511,A,0629.7054,N,12450.3392,E,68.80,A,10,91*42
$BNRDD,1326,2018-12-05T09:46:43Z,26,4,515,A,0629.6964,N,12450.3317,E,68.70,A,10,91*47
$BNRDD,1326,2018-12-05T09:46:48Z,30,4,519,A,0629.6857,N,12450.3225,E,69.50,A,11,90*45
$BNRDD,1326,2018-12-05T09:46:53Z,31,1,520,A,0629.6772,N,12450.3154,E,69.90,A,11,90*40
$BNRDD,1326,2018-12-05T09:46:58Z,29,1,521,A,0629.6669,N,12450.3063,E,69.00,A,11,90*44
$BNRDD,1326,2018-12-05T09:47:03Z,30,3,524,A,0629.6597,N,12450.3001,E,67.70,A,11,90*4B
$BNRDD,1326,2018-12-05T09:47:08Z,30,2,526,A,0629.6578,N,12450.2990,E,67.20,A,11,85*43
$BNRDD,1326,2018-12-05T09:47:13Z,32,2,528,A,0629.6577,N,12450.2994,E,67.30,A,11,85*4F
$BNRDD,1326,2018-12-05T09:47:18Z,30,0,528,A,0629.6575,N,12450.2993,E,67.30,A,9,91*7D
$BNRDD,1326,2018-12-05T09:47:23Z,29,1,529,A,0629.6558,N,12450.2978,E,67.30,A,11,85*4B
$BNRDD,1326,2018-12-05T09:47:28Z,29,2,531,A,0629.6502,N,12450.2930,E,67.40,A,11,90*4A
$BNRDD,1326,2018-12-05T09:47:33Z,24,0,531,A,0629.6460,N,12450.2888,E,67.00,A,11,85*48
$BNRDD,1326,2018-12-05T09:47:38Z,27,7,538,A,0629.6451,N,12450.2883,E,67.70,A,11,85*40
$BNRDD,1326,2018-12-05T09:47:44Z,26,3,541,A,0629.6451,N,12450.2877,E,67.80,A,10,86*46
$BNRDD,1326,2018-12-05T09:47:49Z,25,3,544,A,0629.6445,N,12450.2868,E,68.00,A,11,85*43
$BNRDD,1326,2018-12-05T09:47:54Z,26,2,546,A,0629.6415,N,12450.2831,E,68.00,A,11,85*46
$BNRDD,1326,2018-12-05T09:47:59Z,26,1,547,A,0629.6377,N,12450.2792,E,67.40,A,11,85*47
$BNRDD,1326,2018-12-05T09:48:04Z,29,6,553,A,0629.6340,N,12450.2762,E,67.20,A,11,85*40
$BNRDD,1326,2018-12-05T09:48:09Z,31,4,557,A,0629.6308,N,12450.2734,E,67.40,A,11,85*4B
$BNRDD,1326,2018-12-05T09:48:14Z,33,4,561,A,0629.6294,N,12450.2722,E,67.40,A,10,87*40
$BNRDD,1326,2018-12-05T09:48:19Z,35,2,563,A,0629.6270,N,12450.2701,E,67.30,A,11,85*40
$BNRDD,1326,2018-12-05T09:48:24Z,38,4,567,A,0629.6257,N,12450.2695,E,67.30,A,10,90*4D
$BNRDD,1326,2018-12-05T09:48:29Z,37,1,568,A,0629.6237,N,12450.2681,E,67.30,A,10,90*46
$BNRDD,1326,2018-12-05T09:48:34Z,39,2,570,A,0629.6205,N,12450.2660,E,67.20,A,11,85*44
$BNRDD,1326,2018-12-05T09:48:39Z,35,3,573,A,0629.6167,N,12450.2630,E,67.50,A,10,90*47
$BNRDD,1326,2018-12-05T09:48:44Z,34,2,575,A,0629.6140,N,12450.2604,E,68.00,A,10,90*43
$BNRDD,1326,2018-12-05T09:48:49Z,33,2,577,A,0629.6108,N,12450.2574,E,68.20,A,10,90*41
$BNRDD,1326,2018-12-05T09:48:54Z,33,2,579,A,0629.6079,N,12450.2550,E,68.60,A,10,90*46
$BNRDD,1326,2018-12-05T09:48:59Z,36,4,583,A,0629.6041,N,12450.2516,E,68.80,A,10,90*4A
$BNRDD,1326,2018-12-05T09:49:04Z,36,6,589,A,0629.6019,N,12450.2497,E,68.80,A,10,90*4E
$BNRDD,1326,2018-12-05T09:49:09Z,32,0,589,A,0629.5991,N,12450.2477,E,69.30,A,10,90*4F
$BNRDD,1326,2018-12-05T09:49:14Z,30,2,591,A,0629.5981,N,12450.2471,E,69.80,A,11,85*43
$BNRDD,1326,2018-12-05T09:49:19Z,30,2,593,A,0629.5973,N,12450.2464,E,70.00,A,11,85*45
$BNRDD,1326,2018-12-05T09:49:24Z,28,2,595,A,0629.5958,N,12450.2447,E,70.20,A,11,85*4E
$BNRDD,1326,2018-12-05T09:49:29Z,27,0,595,A,0629.5940,N,12450.2430,E,70.10,A,11,85*44
$BNRDD,1326,2018-12-05T09:49:34Z,26,1,596,A,0629.5906,N,12450.2398,E,70.10,A,11,90*48
$BNRDD,1326,2018-12-05T09:49:39Z,23,0,596,A,0629.5797,N,12450.2313,E,70.20,A,11,90*47
$BNRDD,1326,2018-12-05T09:49:44Z,21,0,596,A,0629.5626,N,12450.2179,E,70.10,A,11,90*49
$BNRDD,1326,2018-12-05T09:49:49Z,23,4,600,A,0629.5475,N,12450.2058,E,70.20,A,10,95*4F
$BNRDD,1326,2018-12-05T09:49:54Z,23,2,602,A,0629.5315,N,12450.1926,E,70.00,A,11,90*43
$BNRDD,1326,2018-12-05T09:49:59Z,21,2,604,A,0629.5103,N,12450.1748,E,69.60,A,11,90*47
$BNRDD,1326,2018-12-05T09:50:04Z,16,1,605,A,0629.4841,N,12450.1517,E,70.40,A,11,90*4D
$BNRDD,1326,2018-12-05T09:50:09Z,17,1,606,A,0629.4545,N,12450.1259,E,73.00,A,11,90*41
$BNRDD,1326,2018-12-05T09:50:14Z,16,1,607,A,0629.4263,N,12450.1012,E,78.10,A,11,90*49
$BNRDD,1326,2018-12-05T09:50:19Z,17,3,610,A,0629.4030,N,12450.0733,E,83.50,A,11,90*40
$BNRDD,1326,2018-12-05T09:50:24Z,16,1,611,A,0629.3883,N,12450.0403,E,88.90,A,11,85*48
$BNRDD,1326,2018-12-05T09:50:29Z,16,0,611,A,0629.3830,N,12450.0048,E,93.70,A,11,91*46
$BNRDD,1326,2018-12-05T09:50:34Z,17,2,613,A,0629.3815,N,12449.9705,E,98.70,A,11,85*4D
$BNRDD,1326,2018-12-05T09:50:39Z,21,4,617,A,0629.3795,N,12449.9375,E,102.00,A,11,90*72
$BNRDD,1326,2018-12-05T09:50:44Z,24,3,620,A,0629.3600,N,12449.9115,E,106.00,A,11,85*77
$BNRDD,1326,2018-12-05T09:50:49Z,21,1,621,A,0629.3253,N,12449.9087,E,110.20,A,9,98*44
$BNRDD,1326,2018-12-05T09:50:54Z,22,3,624,A,0629.2993,N,12449.9363,E,115.30,A,10,95*72
$BNRDD,1326,2018-12-05T09:50:59Z,20,0,624,A,0629.2814,N,12449.9671,E,118.60,A,9,99*4A
$BNRDD,1326,2018-12-05T09:51:04Z,21,2,626,A,0629.2490,N,12449.9768,E,121.20,A,10,95*71
$BNRDD,1326,2018-12-05T09:51:09Z,22,2,628,A,0629.2195,N,12449.9540,E,124.00,A,10,90*7B
$BNRDD,1326,2018-12-05T09:51:14Z,22,1,629,A,0629.2086,N,12449.9177,E,126.80,A,10,90*7C
$BNRDD,1326,2018-12-05T09:51:19Z,20,1,630,A,0629.2160,N,12449.8799,E,131.40,A,11,89*76
$BNRDD,1326,2018-12-05T09:51:24Z,21,2,632,A,0629.2351,N,12449.8443,E,135.30,A,12,83*76
$BNRDD,1326,2018-12-05T09:51:30Z,25,4,636,A,0629.2450,N,12449.7995,E,141.10,A,10,95*7E
$BNRDD,1326,2018-12-05T09:51:35Z,25,2,638,A,0629.2283,N,12449.7665,E,145.30,A,10,90*78
$BNRDD,1326,2018-12-05T09:51:40Z,23,2,640,A,0629.2007,N,12449.7476,E,147.90,A,11,91*75
$BNRDD,1326,2018-12-05T09:51:45Z,20,0,640,A,0629.1724,N,12449.7391,E,150.30,A,11,91*76
$BNRDD,1326,2018-12-05T09:51:50Z,21,2,642,A,0629.1401,N,12449.7372,E,151.80,A,11,86*76
$BNRDD,1326,2018-12-05T09:51:55Z,21,3,645,A,0629.1035,N,12449.7374,E,152.00,A,10,95*78
$BNRDD,1326,2018-12-05T09:52:00Z,23,2,647,A,0629.0705,N,12449.7243,E,151.80,A,10,90*74
$BNRDD,1326,2018-12-05T09:52:05Z,22,1,648,A,0629.0438,N,12449.6981,E,152.40,A,10,94*7E
$BNRDD,1326,2018-12-05T09:52:10Z,20,0,648,A,0629.0230,N,12449.6679,E,151.70,A,11,86*7D
$BNRDD,1326,2018-12-05T09:52:15Z,22,3,651,A,0629.0113,N,12449.6336,E,150.50,A,10,90*78
$BNRDD,1326,2018-12-05T09:52:20Z,24,3,654,A,0629.0173,N,12449.5951,E,149.30,A,10,94*79
$BNRDD,1326,2018-12-05T09:52:25Z,25,3,657,A,0629.0171,N,12449.5588,E,148.60,A,9,98*44
$BNRDD,1326,2018-12-05T09:52:30Z,21,0,657,A,0628.9987,N,12449.5269,E,147.00,A,9,98*4F
$BNRDD,1326,2018-12-05T09:52:35Z,21,2,659,A,0628.9771,N,12449.4983,E,145.80,A,9,98*45
$BNRDD,1326,2018-12-05T09:52:40Z,20,1,660,A,0628.9662,N,12449.4652,E,144.70,A,10,90*71
$BNRDD,1326,2018-12-05T09:52:45Z,22,2,662,A,0628.9706,N,12449.4303,E,143.40,A,10,90*71
$BNRDD,1326,2018-12-05T09:52:50Z,22,2,664,A,0628.9920,N,12449.3946,E,140.00,A,10,95*77
$BNRDD,1326,2018-12-05T09:52:55Z,21,2,666,A,0629.0093,N,12449.3633,E,136.10,A,10,95*77
$BNRDD,1326,2018-12-05T09:53:00Z,19,0,666,A,0629.0181,N,12449.3329,E,132.50,A,10,90*76
$BNRDD,1326,2018-12-05T09:53:05Z,19,1,667,A,0629.0211,N,12449.3095,E,129.00,A,11,86*74
$BNRDD,1326,2018-12-05T09:53:10Z,23,4,671,A,0629.0229,N,12449.2885,E,125.90,A,11,89*72
$BNRDD,1326,2018-12-05T09:53:15Z,21,1,672,A,0629.0232,N,12449.2721,E,120.60,A,11,89*72
$BNRDD,1326,2018-12-05T09:53:20Z,20,2,674,A,0629.0239,N,12449.2674,E,114.80,A,12,81*78
$BNRDD,1326,2018-12-05T09:53:25Z,18,1,675,A,0629.0264,N,12449.2627,E,111.60,A,12,83*73
$BNRDD,1326,2018-12-05T09:53:30Z,19,1,676,A,0629.0336,N,12449.2594,E,108.70,A,12,83*71
$BNRDD,1326,2018-12-05T09:53:35Z,19,2,678,A,0629.0486,N,12449.2552,E,105.50,A,11,89*79
$BNRDD,1326,2018-12-05T09:53:40Z,20,2,680,A,0629.0745,N,12449.2501,E,102.00,A,11,89*7E
$BNRDD,1326,2018-12-05T09:53:45Z,21,3,683,A,0629.1042,N,12449.2431,E,100.80,A,11,89*71
$BNRDD,1326,2018-12-05T09:53:50Z,19,0,683,A,0629.1292,N,12449.2363,E,99.60,A,11,89*4D
$BNRDD,1326,2018-12-05T09:53:55Z,19,2,685,A,0629.1471,N,12449.2328,E,100.20,A,12,83*74
$BNRDD,1326,2018-12-05T09:54:00Z,20,1,686,A,0629.1524,N,12449.2323,E,102.40,A,12,83*77
$BNRDD,1326,2018-12-05T09:54:05Z,20,1,687,A,0629.1555,N,12449.2315,E,103.00,A,12,81*77
$BNRDD,1326,2018-12-05T09:54:10Z,21,5,692,A,0629.1644,N,12449.2286,E,102.50,A,11,89*75
$BNRDD,1326,2018-12-05T09:54:15Z,20,0,692,A,0629.1814,N,12449.2247,E,100.50,A,11,89*70
$BNRDD,1326,2018-12-05T09:54:20Z,19,1,693,A,0629.1983,N,12449.2202,E,100.00,A,11,89*77
$BNRDD,1326,2018-12-05T09:54:25Z,21,3,696,A,0629.2141,N,12449.2146,E,98.00,A,11,89*48
$BNRDD,1326,2018-12-05T09:54:30Z,22,2,698,A,0629.2332,N,12449.2106,E,97.40,A,11,89*49
$BNRDD,1326,2018-12-05T09:54:35Z,22,2,700,A,0629.2513,N,12449.2062,E,97.40,A,12,83*43
$BNRDD,1326,2018-12-05T09:54:40Z,23,3,703,A,0629.2684,N,12449.2016,E,96.10,A,12,83*48
$BNRDD,1326,2018-12-05T09:54:45Z,22,2,705,A,0629.2846,N,12449.1974,E,95.00,A,11,89*4E
$BNRDD,1326,2018-12-05T09:54:50Z,25,3,708,A,0629.3017,N,12449.1918,E,92.40,A,11,89*45
$BNRDD,1326,2018-12-05T09:54:55Z,24,1,709,A,0629.3221,N,12449.1859,E,90.40,A,11,89*43
$BNRDD,1326,2018-12-05T09:55:00Z,24,1,710,A,0629.3383,N,12449.1820,E,90.50,A,12,83*45
$BNRDD,1326,2018-12-05T09:55:05Z,25,2,712,A,0629.3412,N,12449.1745,E,89.50,A,11,89*42
$BNRDD,1326,2018-12-05T09:55:10Z,23,3,715,A,0629.3290,N,12449.1632,E,88.10,A,12,83*47
$BNRDD,1326,2018-12-05T09:55:15Z,25,2,717,A,0629.3088,N,12449.1481,E,86.80,A,12,83*41
$BNRDD,1326,2018-12-05T09:55:20Z,25,1,718,A,0629.2879,N,12449.1332,E,88.20,A,12,83*47
$BNRDD,1326,2018-12-05T09:55:25Z,25,3,721,A,0629.2756,N,12449.1247,E,88.90,A,12,83*40
$BNRDD,1326,2018-12-05T09:55:30Z,24,1,722,A,0629.2722,N,12449.1204,E,90.80,A,12,81*4A
$BNRDD,1326,2018-12-05T09:55:35Z,25,3,725,A,0629.2721,N,12449.1183,E,91.00,A,12,81*4D
$BNRDD,1326,2018-12-05T09:55:40Z,25,3,728,A,0629.2735,N,12449.1161,E,91.20,A,12,81*49
$BNRDD,1326,2018-12-05T09:55:45Z,23,0,728,A,0629.2778,N,12449.1098,E,91.30,A,12,84*43
$BNRDD,1326,2018-12-05T09:55:50Z,22,2,730,A,0629.2834,N,12449.1041,E,91.30,A,12,84*4E
$BNRDD,1326,2018-12-05T09:55:56Z,21,0,730,A,0629.2922,N,12449.0965,E,89.80,A,12,84*43
$BNRDD,1326,2018-12-05T09:56:01Z,21,1,731,A,0629.3031,N,12449.0827,E,88.10,A,12,84*47
$BNRDD,1326,2018-12-05T09:56:06Z,22,3,734,A,0629.3176,N,12449.0644,E,86.50,A,12,84*47
$BNRDD,1326,2018-12-05T09:56:11Z,20,1,735,A,0629.3338,N,12449.0430,E,85.20,A,12,84*4D
$BNRDD,1326,2018-12-05T09:56:16Z,20,2,737,A,0629.3482,N,12449.0238,E,84.10,A,12,84*41
$BNRDD,1326,2018-12-05T09:56:21Z,19,0,737,A,0629.3586,N,12449.0104,E,84.00,A,12,84*45
$BNRDD,1326,2018-12-05T09:56:26Z,18,2,739,A,0629.3603,N,12449.0031,E,84.30,A,12,84*45
# NEW LOG
# format=1.3.6nano
# deadtime=on
# NEW LOG
# format=1.3.6nano
# deadtime=on
# NEW LOG
# format=1.3.6nano
# deadtime=on
# NEW LOG
# format=1.3.6nano
# deadtime=on
