# NEW LOG
# format=1.3.6nano
# deadtime=on
$BNRDD,1326,2019-01-30T02:32:43Z,44,3,78,A,0629.3255,N,12449.0705,E,92.70,A,4,321*7F
$BNRDD,1326,2019-01-30T02:32:48Z,43,1,79,A,0629.3255,N,12449.0701,E,92.70,A,4,322*77
$BNRDD,1326,2019-01-30T02:32:53Z,47,5,84,A,0629.3255,N,12449.0701,E,92.70,A,4,985*78
$BNRDD,1326,2019-01-30T02:32:58Z,48,7,91,A,0629.3257,N,12449.0701,E,92.70,A,4,322*7F
$BNRDD,1326,2019-01-30T02:33:03Z,47,3,94,A,0629.3258,N,12449.0702,E,92.70,A,4,322*72
$BNRDD,1326,2019-01-30T02:33:08Z,45,0,94,A,0629.3257,N,12449.0702,E,92.70,A,4,322*77
$BNRDD,1326,2019-01-30T02:33:13Z,45,3,97,A,0629.3258,N,12449.0701,E,92.70,A,4,322*71
$BNRDD,1326,2019-01-30T02:33:18Z,40,4,101,A,0629.3260,N,12449.0701,E,92.70,A,4,965*44
$BNRDD,1326,2019-01-30T02:33:23Z,40,4,105,A,0629.3262,N,12449.0700,E,92.80,A,4,961*40
$BNRDD,1326,2019-01-30T02:33:28Z,41,4,109,A,0629.3264,N,12449.0701,E,92.80,A,4,321*4F
$BNRDD,1326,2019-01-30T02:33:33Z,41,5,114,A,0629.3265,N,12449.0702,E,92.80,A,4,321*4A
$BNRDD,1326,2019-01-30T02:33:38Z,41,2,116,A,0629.3266,N,12449.0702,E,92.80,A,4,321*47
$BNRDD,1326,2019-01-30T02:33:43Z,39,1,117,A,0629.3267,N,12449.0702,E,92.80,V,4,947*5A
$BNRDD,1326,2019-01-30T02:33:48Z,40,2,119,A,0629.3270,N,12449.0703,E,92.80,A,4,321*48
$BNRDD,1326,2019-01-30T02:33:53Z,40,5,124,A,0629.3271,N,12449.0702,E,92.80,A,4,321*4B
$BNRDD,1326,2019-01-30T02:33:58Z,36,3,127,A,0629.3272,N,12449.0701,E,92.80,A,4,321*44
$BNRDD,1326,2019-01-30T02:34:03Z,35,2,129,A,0629.3271,N,12449.0698,E,92.80,A,4,321*43
$BNRDD,1326,2019-01-30T02:34:08Z,39,4,133,A,0629.3271,N,12449.0695,E,92.80,A,4,321*44
$BNRDD,1326,2019-01-30T02:34:13Z,37,1,134,A,0629.3270,N,12449.0692,E,92.90,A,4,321*45
$BNRDD,1326,2019-01-30T02:34:18Z,35,2,136,A,0629.3256,N,12449.0694,E,93.10,A,4,321*46
$BNRDD,1326,2019-01-30T02:34:23Z,33,2,138,A,0629.3246,N,12449.0696,E,93.40,A,4,321*40
$BNRDD,1326,2019-01-30T02:34:28Z,33,4,142,A,0629.3242,N,12449.0699,E,93.60,A,4,914*45
$BNRDD,1326,2019-01-30T02:34:34Z,28,0,142,A,0629.3240,N,12449.0699,E,93.70,A,4,321*49
$BNRDD,1326,2019-01-30T02:34:39Z,29,3,145,A,0629.3229,N,12449.0697,E,94.00,A,4,321*40
$BNRDD,1326,2019-01-30T02:34:44Z,30,2,147,A,0629.3222,N,12449.0695,E,94.30,A,4,320*4A
$BNRDD,1326,2019-01-30T02:34:49Z,29,1,148,A,0629.3217,N,12449.0692,E,94.50,A,4,900*4C
$BNRDD,1326,2019-01-30T02:34:54Z,27,3,151,A,0629.3221,N,12449.0693,E,94.60,A,4,896*4D
$BNRDD,1326,2019-01-30T02:34:59Z,30,6,157,A,0629.3225,N,12449.0695,E,94.70,A,4,321*41
$BNRDD,1326,2019-01-30T02:35:04Z,30,2,159,A,0629.3230,N,12449.0697,E,94.70,A,4,890*45
$BNRDD,1326,2019-01-30T02:35:09Z,26,0,159,A,0629.3234,N,12449.0699,E,94.70,A,4,320*47
$BNRDD,1326,2019-01-30T02:35:14Z,26,1,160,A,0629.3237,N,12449.0701,E,94.70,A,4,320*43
$BNRDD,1326,2019-01-30T02:35:19Z,29,5,165,A,0629.3239,N,12449.0701,E,94.70,A,4,320*4E
$BNRDD,1326,2019-01-30T02:35:24Z,30,3,168,A,0629.3240,N,12449.0702,E,94.70,A,4,876*46
$BNRDD,1326,2019-01-30T02:35:29Z,27,1,169,A,0629.3242,N,12449.0703,E,94.70,A,4,873*48
$BNRDD,1326,2019-01-30T02:35:34Z,30,3,172,A,0629.3248,N,12449.0704,E,94.70,A,4,870*44
$BNRDD,1326,2019-01-30T02:35:39Z,28,1,173,A,0629.3252,N,12449.0703,E,94.70,A,4,866*48
$BNRDD,1326,2019-01-30T02:35:44Z,27,1,174,A,0629.3255,N,12449.0704,E,94.70,A,4,320*43
$BNRDD,1326,2019-01-30T02:35:49Z,30,4,178,A,0629.3259,N,12449.0704,E,94.70,A,4,860*42
$BNRDD,1326,2019-01-30T02:35:54Z,30,3,181,A,0629.3262,N,12449.0704,E,94.80,A,4,320*47
$BNRDD,1326,2019-01-30T02:35:59Z,26,2,183,A,0629.3265,N,12449.0706,E,94.70,A,4,854*4C
$BNRDD,1326,2019-01-30T02:36:04Z,30,6,189,A,0629.3269,N,12449.0707,E,94.70,A,4,851*46
$BNRDD,1326,2019-01-30T02:36:09Z,31,1,190,A,0629.3276,N,12449.0709,E,94.70,A,4,319*42
$BNRDD,1326,2019-01-30T02:36:14Z,35,5,195,A,0629.3283,N,12449.0711,E,94.70,A,4,319*48
$BNRDD,1326,2019-01-30T02:36:19Z,33,3,198,A,0629.3291,N,12449.0713,E,94.60,A,4,841*4E
$BNRDD,1326,2019-01-30T02:36:24Z,30,0,198,A,0629.3298,N,12449.0715,E,94.60,A,4,838*41
$BNRDD,1326,2019-01-30T02:36:29Z,31,2,200,A,0629.3296,N,12449.0718,E,94.60,A,4,319*46
$BNRDD,1326,2019-01-30T02:36:34Z,32,4,204,A,0629.3301,N,12449.0718,E,94.60,A,4,832*46
$BNRDD,1326,2019-01-30T02:36:39Z,31,0,204,A,0629.3303,N,12449.0717,E,94.60,A,4,319*43
$BNRDD,1326,2019-01-30T02:36:44Z,32,2,206,A,0629.3305,N,12449.0716,E,94.60,A,4,319*4D
$BNRDD,1326,2019-01-30T02:36:49Z,31,3,209,A,0629.3308,N,12449.0715,E,94.60,A,4,318*42
$BNRDD,1326,2019-01-30T02:36:54Z,31,3,212,A,0629.3310,N,12449.0713,E,94.60,A,4,319*4A
$BNRDD,1326,2019-01-30T02:36:59Z,31,2,214,A,0629.3310,N,12449.0712,E,94.60,A,4,319*41
$BNRDD,1326,2019-01-30T02:37:04Z,29,4,218,A,0629.3307,N,12449.0712,E,94.60,A,4,318*4C
$BNRDD,1326,2019-01-30T02:37:09Z,32,4,222,A,0629.3304,N,12449.0711,E,94.60,A,4,318*42
$BNRDD,1326,2019-01-30T02:37:14Z,29,2,224,A,0629.3305,N,12449.0708,E,94.60,A,4,319*4C
$BNRDD,1326,2019-01-30T02:37:19Z,27,1,225,A,0629.3306,N,12449.0707,E,94.60,A,4,318*40
$BNRDD,1326,2019-01-30T02:37:24Z,30,3,228,A,0629.3307,N,12449.0707,E,94.60,A,4,803*47
$BNRDD,1326,2019-01-30T02:37:29Z,29,1,229,A,0629.3308,N,12449.0705,E,94.60,A,4,318*4D
$BNRDD,1326,2019-01-30T02:37:34Z,26,1,230,A,0629.3306,N,12449.0705,E,94.70,A,4,797*4A
$BNRDD,1326,2019-01-30T02:37:39Z,29,3,233,A,0629.3307,N,12449.0704,E,94.70,A,4,318*4A
$BNRDD,1326,2019-01-30T02:37:45Z,33,6,239,A,0629.3309,N,12449.0703,E,94.70,A,4,317*43
$BNRDD,1326,2019-01-30T02:37:50Z,33,3,242,A,0629.3308,N,12449.0701,E,94.70,A,4,317*4D
$BNRDD,1326,2019-01-30T02:37:55Z,35,5,247,A,0629.3306,N,12449.0698,E,94.70,A,4,317*42
$BNRDD,1326,2019-01-30T02:38:00Z,36,3,250,A,0629.3302,N,12449.0696,E,94.70,A,4,317*44
$BNRDD,1326,2019-01-30T02:38:05Z,36,4,254,A,0629.3299,N,12449.0694,E,94.70,A,4,317*43
$BNRDD,1326,2019-01-30T02:38:10Z,32,0,254,A,0629.3294,N,12449.0688,E,94.70,A,4,317*47
$BNRDD,1326,2019-01-30T02:38:15Z,31,1,255,A,0629.3290,N,12449.0686,E,94.70,A,4,317*4B
$BNRDD,1326,2019-01-30T02:38:20Z,33,3,258,A,0629.3287,N,12449.0682,E,94.80,A,4,317*4D
$BNRDD,1326,2019-01-30T02:38:25Z,32,2,260,A,0629.3286,N,12449.0684,E,94.80,A,4,316*45
$BNRDD,1326,2019-01-30T02:38:30Z,33,2,262,A,0629.3286,N,12449.0684,E,94.80,A,4,316*42
$BNRDD,1326,2019-01-30T02:38:35Z,36,4,266,A,0629.3287,N,12449.0686,E,94.80,A,4,763*45
$BNRDD,1326,2019-01-30T02:38:40Z,39,6,272,A,0629.3288,N,12449.0685,E,94.80,A,4,316*45
$BNRDD,1326,2019-01-30T02:38:45Z,34,1,273,A,0629.3288,N,12449.0682,E,94.80,A,4,316*4C
$BNRDD,1326,2019-01-30T02:38:50Z,32,1,274,A,0629.3289,N,12449.0681,E,94.80,A,4,756*4B
$BNRDD,1326,2019-01-30T02:38:55Z,28,1,275,A,0629.3292,N,12449.0681,E,94.80,A,4,753*4B
$BNRDD,1326,2019-01-30T02:39:00Z,28,3,278,A,0629.3295,N,12449.0683,E,94.70,A,4,316*4A
$BNRDD,1326,2019-01-30T02:39:05Z,24,0,278,A,0629.3297,N,12449.0686,E,94.70,A,4,315*44
$BNRDD,1326,2019-01-30T02:39:10Z,26,2,280,A,0629.3297,N,12449.0687,E,94.70,A,4,315*46
$BNRDD,1326,2019-01-30T02:39:15Z,25,0,280,A,0629.3298,N,12449.0687,E,94.70,A,4,315*4D
$BNRDD,1326,2019-01-30T02:39:20Z,22,0,280,A,0629.3299,N,12449.0688,E,94.70,A,4,315*42
$BNRDD,1326,2019-01-30T02:39:25Z,22,2,282,A,0629.3298,N,12449.0687,E,94.70,A,4,315*49
$BNRDD,1326,2019-01-30T02:39:30Z,25,5,287,A,0629.3297,N,12449.0685,E,94.70,A,4,315*45
$BNRDD,1326,2019-01-30T02:39:35Z,24,3,290,A,0629.3293,N,12449.0685,E,94.70,A,4,314*44
$BNRDD,1326,2019-01-30T02:39:40Z,19,1,291,A,0629.3282,N,12449.0690,E,94.70,A,4,315*4E
$BNRDD,1326,2019-01-30T02:39:45Z,19,1,292,A,0629.3278,N,12449.0690,E,94.70,A,4,314*4C
$BNRDD,1326,2019-01-30T02:39:50Z,26,8,300,A,0629.3274,N,12449.0691,E,94.70,A,4,314*4A
$BNRDD,1326,2019-01-30T02:39:55Z,25,0,300,A,0629.3269,N,12449.0690,E,94.70,A,4,314*49
$BNRDD,1326,2019-01-30T02:40:00Z,23,1,301,A,0629.3262,N,12449.0688,E,94.70,A,4,314*43
$BNRDD,1326,2019-01-30T02:40:05Z,23,0,301,A,0629.3256,N,12449.0686,E,94.80,A,4,313*46
$BNRDD,1326,2019-01-30T02:40:10Z,23,2,303,A,0629.3255,N,12449.0684,E,94.80,A,4,716*42
$BNRDD,1326,2019-01-30T02:40:15Z,25,2,305,A,0629.3256,N,12449.0685,E,94.80,A,4,313*44
$BNRDD,1326,2019-01-30T02:40:20Z,28,3,308,A,0629.3258,N,12449.0686,E,94.80,A,4,313*4E
$BNRDD,1326,2019-01-30T02:40:25Z,27,1,309,A,0629.3264,N,12449.0689,E,94.80,A,4,313*47
$BNRDD,1326,2019-01-30T02:40:30Z,27,5,314,A,0629.3266,N,12449.0693,E,94.70,A,4,312*4C
$BNRDD,1326,2019-01-30T02:40:35Z,25,1,315,A,0629.3271,N,12449.0693,E,94.70,A,4,704*4B
$BNRDD,1326,2019-01-30T02:40:40Z,27,3,318,A,0629.3275,N,12449.0691,E,94.70,A,4,312*41
$BNRDD,1326,2019-01-30T02:40:45Z,28,2,320,A,0629.3274,N,12449.0691,E,94.70,A,4,312*40
$BNRDD,1326,2019-01-30T02:40:50Z,21,1,321,A,0629.3275,N,12449.0691,E,94.70,A,4,697*46
$BNRDD,1326,2019-01-30T02:40:55Z,24,3,324,A,0629.3279,N,12449.0690,E,94.70,A,4,695*4E
$BNRDD,1326,2019-01-30T02:41:00Z,28,5,329,A,0629.3282,N,12449.0688,E,94.80,A,4,312*40
$BNRDD,1326,2019-01-30T02:41:06Z,30,2,331,A,0629.3285,N,12449.0688,E,94.80,A,4,690*49
$BNRDD,1326,2019-01-30T02:41:11Z,31,3,334,A,0629.3288,N,12449.0688,E,94.80,A,4,311*4B
$BNRDD,1326,2019-01-30T02:41:16Z,32,3,337,A,0629.3293,N,12449.0688,E,94.80,A,4,311*46
$BNRDD,1326,2019-01-30T02:41:21Z,30,1,338,A,0629.3294,N,12449.0688,E,94.90,A,4,684*42
$BNRDD,1326,2019-01-30T02:41:26Z,33,4,342,A,0629.3297,N,12449.0686,E,94.90,A,4,311*4A
$BNRDD,1326,2019-01-30T02:41:31Z,30,2,344,A,0629.3301,N,12449.0685,E,94.90,A,4,679*49
$BNRDD,1326,2019-01-30T02:41:36Z,31,2,346,A,0629.3307,N,12449.0685,E,94.90,A,4,677*45
$BNRDD,1326,2019-01-30T02:41:41Z,29,1,347,A,0629.3305,N,12449.0685,E,95.20,A,4,674*45
$BNRDD,1326,2019-01-30T02:41:46Z,30,3,350,A,0629.3296,N,12449.0687,E,95.20,A,4,310*40
$BNRDD,1326,2019-01-30T02:41:51Z,33,4,354,A,0629.3297,N,12449.0686,E,95.20,A,4,310*46
$BNRDD,1326,2019-01-30T02:41:56Z,33,3,357,A,0629.3295,N,12449.0686,E,95.20,A,4,310*47
$BNRDD,1326,2019-01-30T02:42:01Z,29,1,358,A,0629.3292,N,12449.0683,E,95.20,A,4,309*4A
$BNRDD,1326,2019-01-30T02:42:06Z,29,2,360,A,0629.3286,N,12449.0682,E,95.20,A,4,310*49
$BNRDD,1326,2019-01-30T02:42:11Z,28,2,362,A,0629.3284,N,12449.0682,E,95.30,A,4,309*47
$BNRDD,1326,2019-01-30T02:42:16Z,26,1,363,A,0629.3286,N,12449.0686,E,95.30,A,4,309*4A
$BNRDD,1326,2019-01-30T02:42:21Z,26,1,364,A,0629.3292,N,12449.0694,E,95.30,A,4,309*4F
$BNRDD,1326,2019-01-30T02:42:26Z,23,1,365,A,0629.3297,N,12449.0700,E,95.30,A,4,656*4A
$BNRDD,1326,2019-01-30T02:42:31Z,24,3,368,A,0629.3301,N,12449.0703,E,95.30,A,4,308*47
$BNRDD,1326,2019-01-30T02:42:36Z,25,3,371,A,0629.3304,N,12449.0706,E,95.40,A,4,308*4E
$BNRDD,1326,2019-01-30T02:42:41Z,26,2,373,A,0629.3300,N,12449.0705,E,95.50,A,4,649*48
$BNRDD,1326,2019-01-30T02:42:46Z,25,2,375,A,0629.3300,N,12449.0703,E,95.50,A,4,308*4C
$BNRDD,1326,2019-01-30T02:42:51Z,22,1,376,A,0629.3302,N,12449.0700,E,95.50,A,4,308*4C
$BNRDD,1326,2019-01-30T02:42:56Z,19,0,376,A,0629.3302,N,12449.0698,E,95.50,A,4,307*4D
$BNRDD,1326,2019-01-30T02:43:01Z,20,2,378,A,0629.3301,N,12449.0695,E,95.50,A,4,307*46
$BNRDD,1326,2019-01-30T02:43:06Z,19,1,379,A,0629.3299,N,12449.0694,E,95.50,A,4,307*48
$BNRDD,1326,2019-01-30T02:43:11Z,18,1,380,A,0629.3297,N,12449.0694,E,95.50,A,4,307*47
$BNRDD,1326,2019-01-30T02:43:16Z,20,3,383,A,0629.3296,N,12449.0692,E,95.50,A,4,307*4D
$BNRDD,1326,2019-01-30T02:43:21Z,22,3,386,A,0629.3296,N,12449.0693,E,95.50,A,4,307*4F
$BNRDD,1326,2019-01-30T02:43:26Z,22,1,387,A,0629.3295,N,12449.0691,E,95.50,A,4,306*4B
$BNRDD,1326,2019-01-30T02:43:31Z,21,2,389,A,0629.3296,N,12449.0690,E,95.50,A,4,630*41
# NEW LOG
# format=1.3.6nano
# deadtime=on
$BNRDD,1326,2019-01-30T03:22:53Z,32,6,109,A,0000.0000,N,00000.0000,E,0.00,V,0,0*66
$BNRDD,1326,2019-01-30T03:22:58Z,33,3,112,A,0000.0000,N,00000.0000,E,0.00,V,0,0*63
$BNRDD,1326,2019-01-30T03:23:03Z,35,4,116,A,0000.0000,N,00000.0000,E,0.00,V,0,0*69
$BNRDD,1326,2019-01-30T03:23:08Z,37,3,119,A,0000.0000,N,00000.0000,E,0.00,V,0,0*68
$BNRDD,1326,2019-01-30T03:23:12Z,39,2,121,A,0000.0000,N,00000.0000,E,0.00,V,0,0*67
$BNRDD,1326,2019-01-30T03:23:18Z,37,1,122,A,0000.0000,N,00000.0000,E,0.00,V,0,0*63
$BNRDD,1326,2019-01-30T03:23:23Z,36,2,124,A,0000.0000,N,00000.0000,E,0.00,V,0,0*6F
$BNRDD,1326,2019-01-30T03:23:28Z,36,1,125,A,0000.0000,N,00000.0000,E,0.00,V,0,0*66
$BNRDD,1326,2019-01-30T03:23:33Z,36,2,127,A,0000.0000,N,00000.0000,E,0.00,V,0,0*6D
$BNRDD,1326,2019-01-30T03:23:38Z,36,2,129,A,0000.0000,N,00000.0000,E,0.00,V,0,0*68
$BNRDD,1326,2019-01-30T03:23:42Z,34,3,132,A,0000.0000,N,00000.0000,E,0.00,V,0,0*6C
$BNRDD,1326,2019-01-30T03:23:48Z,31,2,134,A,0000.0000,N,00000.0000,E,0.00,V,0,0*64
$BNRDD,1326,2019-01-30T03:23:53Z,28,3,137,A,0000.0000,N,00000.0000,E,0.00,V,0,0*64
$BNRDD,1326,2019-01-30T03:23:59Z,26,1,138,A,0000.0000,N,00000.0000,E,0.00,V,0,0*6D
$BNRDD,1326,2019-01-30T03:24:04Z,25,3,141,A,0000.0000,N,00000.0000,E,0.00,V,0,0*6D
$BNRDD,1326,2019-01-30T03:24:09Z,22,0,141,A,0000.0000,N,00000.0000,E,0.00,V,0,0*64
$BNRDD,1326,2019-01-30T03:24:14Z,21,1,142,A,0000.0000,N,00000.0000,E,0.00,V,0,0*69
$BNRDD,1326,2019-01-30T03:24:18Z,25,5,147,A,0000.0000,N,00000.0000,E,0.00,V,0,0*60
$BNRDD,1326,2019-01-30T03:24:24Z,25,2,149,A,0000.0000,N,00000.0000,E,0.00,A,0,0*71
$BNRDD,1326,2019-01-30T03:24:29Z,26,2,151,A,0000.0000,N,00000.0000,E,0.00,V,0,0*61
$BNRDD,1326,2019-01-30T03:24:34Z,28,4,155,A,0000.0000,N,00000.0000,E,0.00,V,0,0*61
$BNRDD,1326,2019-01-30T03:24:39Z,27,1,156,A,0000.0000,N,00000.0000,E,0.00,V,0,0*65
$BNRDD,1326,2019-01-30T03:24:44Z,25,1,157,A,0000.0000,N,00000.0000,E,0.00,V,0,0*6C
$BNRDD,1326,2019-01-30T03:24:48Z,25,2,159,A,0000.0000,N,00000.0000,E,0.00,V,0,0*6D
$BNRDD,1326,2019-01-30T03:24:54Z,27,5,164,A,0000.0000,N,00000.0000,E,0.00,V,0,0*6B
$BNRDD,1326,2019-01-30T03:24:59Z,27,1,165,A,0000.0000,N,00000.0000,E,0.00,V,0,0*63
$BNRDD,1326,2019-01-30T03:25:04Z,27,3,168,A,0000.0000,N,00000.0000,E,0.00,V,0,0*65
$BNRDD,1326,2019-01-30T03:25:09Z,29,2,170,A,0000.0000,N,00000.0000,E,0.00,V,0,0*6E
$BNRDD,1326,2019-01-30T03:25:14Z,29,1,171,A,0000.0000,N,00000.0000,E,0.00,V,0,0*60
$BNRDD,1326,2019-01-30T03:25:18Z,25,1,172,A,0000.0000,N,00000.0000,E,0.00,V,0,0*63
$BNRDD,1326,2019-01-30T03:25:24Z,24,1,173,A,0000.0000,N,00000.0000,E,0.00,A,0,0*7B
$BNRDD,1326,2019-01-30T03:25:29Z,25,3,176,A,0000.0000,N,00000.0000,E,0.00,V,0,0*67
$BNRDD,1326,2019-01-30T03:25:34Z,22,1,177,A,0000.0000,N,00000.0000,E,0.00,V,0,0*6F
$BNRDD,1326,2019-01-30T03:25:39Z,22,1,178,A,0000.0000,N,00000.0000,E,0.00,V,0,0*6D
$BNRDD,1326,2019-01-30T03:25:44Z,23,2,180,A,0000.0000,N,00000.0000,E,0.00,V,0,0*62
$BNRDD,1326,2019-01-30T03:25:48Z,27,6,186,A,0000.0000,N,00000.0000,E,0.00,A,0,0*7F
$BNRDD,1326,2019-01-30T03:25:54Z,25,3,189,A,0000.0000,N,00000.0000,E,0.00,V,0,0*6D
$BNRDD,1326,2019-01-30T03:25:59Z,27,3,192,A,0000.0000,N,00000.0000,E,0.00,V,0,0*68
$BNRDD,1326,2019-01-30T03:26:04Z,25,1,193,A,0000.0000,N,00000.0000,E,0.00,V,0,0*62
$BNRDD,1326,2019-01-30T03:26:09Z,30,7,200,A,0000.0000,N,00000.0000,E,0.00,V,0,0*64
$BNRDD,1326,2019-01-30T03:26:14Z,33,4,204,A,0000.0000,N,00000.0000,E,0.00,V,0,0*6C
$BNRDD,1326,2019-01-30T03:26:18Z,35,3,207,A,0000.0000,N,00000.0000,E,0.00,V,0,0*62
$BNRDD,1326,2019-01-30T03:26:24Z,38,4,211,A,0000.0000,N,00000.0000,E,0.00,V,0,0*60
$BNRDD,1326,2019-01-30T03:26:29Z,36,1,212,A,0000.0000,N,00000.0000,E,0.00,V,0,0*65
$BNRDD,1326,2019-01-30T03:26:34Z,37,2,214,A,0000.0000,N,00000.0000,E,0.00,V,0,0*6D
$BNRDD,1326,2019-01-30T03:26:39Z,39,3,217,A,0000.0000,N,00000.0000,E,0.00,V,0,0*6C
$BNRDD,1326,2019-01-30T03:26:44Z,37,0,217,A,0000.0000,N,00000.0000,E,0.00,V,0,0*6B
$BNRDD,1326,2019-01-30T03:26:48Z,35,4,221,A,0000.0000,N,00000.0000,E,0.00,V,0,0*64
$BNRDD,1326,2019-01-30T03:26:54Z,33,1,222,A,0000.0000,N,00000.0000,E,0.00,V,0,0*69
$BNRDD,1326,2019-01-30T03:26:59Z,31,1,223,A,0000.0000,N,00000.0000,E,0.00,V,0,0*67
$BNRDD,1326,2019-01-30T03:27:04Z,32,2,225,A,0000.0000,N,00000.0000,E,0.00,V,0,0*68
$BNRDD,1326,2019-01-30T03:27:09Z,29,4,229,A,0000.0000,N,00000.0000,E,0.00,V,0,0*65
$BNRDD,1326,2019-01-30T03:27:14Z,30,5,234,A,0000.0000,N,00000.0000,E,0.00,V,0,0*6C
$BNRDD,1326,2019-01-30T03:27:18Z,30,3,237,A,0000.0000,N,00000.0000,E,0.00,V,0,0*65
$BNRDD,1326,2019-01-30T03:27:24Z,27,1,238,A,0000.0000,N,00000.0000,E,0.00,V,0,0*61
$BNRDD,1326,2019-01-30T03:27:30Z,29,3,241,A,0000.0000,N,00000.0000,E,0.00,V,0,0*66
$BNRDD,1326,2019-01-30T03:27:35Z,31,4,245,A,0000.0000,N,00000.0000,E,0.00,V,0,0*69
$BNRDD,1326,2019-01-30T03:27:40Z,30,2,247,A,0000.0000,N,00000.0000,E,0.00,V,0,0*6E
$BNRDD,1326,2019-01-30T03:27:45Z,31,1,248,A,0000.0000,N,00000.0000,E,0.00,V,0,0*66
$BNRDD,1326,2019-01-30T03:27:50Z,29,2,250,A,0000.0000,N,00000.0000,E,0.00,V,0,0*61
$BNRDD,1326,2019-01-30T03:27:54Z,29,1,251,A,0000.0000,N,00000.0000,E,0.00,V,0,0*67
$BNRDD,1326,2019-01-30T03:28:00Z,32,4,255,A,0000.0000,N,00000.0000,E,0.00,V,0,0*62
$BNRDD,1326,2019-01-30T03:28:05Z,34,4,259,A,0000.0000,N,00000.0000,E,0.00,V,0,0*6D
$BNRDD,1326,2019-01-30T03:28:10Z,32,2,261,A,0000.0000,N,00000.0000,E,0.00,V,0,0*62
$BNRDD,1326,2019-01-30T03:28:15Z,28,1,262,A,0000.0000,N,00000.0000,E,0.00,V,0,0*6C
$BNRDD,1326,2019-01-30T03:28:20Z,27,2,264,A,0000.0000,N,00000.0000,E,0.00,V,0,0*60
$BNRDD,1326,2019-01-30T03:28:24Z,27,1,265,A,0000.0000,N,00000.0000,E,0.00,V,0,0*66
$BNRDD,1326,2019-01-30T03:28:30Z,25,1,266,A,0000.0000,N,00000.0000,E,0.00,V,0,0*62
$BNRDD,1326,2019-01-30T03:28:35Z,24,3,269,A,0000.0000,N,00000.0000,E,0.00,V,0,0*6B
$BNRDD,1326,2019-01-30T03:28:40Z,28,6,275,A,0000.0000,N,00000.0000,E,0.00,V,0,0*6D
$BNRDD,1326,2019-01-30T03:28:45Z,29,2,277,A,0000.0000,N,00000.0000,E,0.00,V,0,0*6F
$BNRDD,1326,2019-01-30T03:28:50Z,29,2,279,A,0000.0000,N,00000.0000,E,0.00,V,0,0*65
$BNRDD,1326,2019-01-30T03:28:54Z,30,2,281,A,0000.0000,N,00000.0000,E,0.00,V,0,0*6E
$BNRDD,1326,2019-01-30T03:29:00Z,28,2,283,A,0000.0000,N,00000.0000,E,0.00,V,0,0*65
$BNRDD,1326,2019-01-30T03:29:05Z,24,0,283,A,0000.0000,N,00000.0000,E,0.00,V,0,0*6E
$BNRDD,1326,2019-01-30T03:29:10Z,23,1,284,A,0000.0000,N,00000.0000,E,0.00,V,0,0*6B
$BNRDD,1326,2019-01-30T03:29:15Z,25,3,287,A,0000.0000,N,00000.0000,E,0.00,V,0,0*69
$BNRDD,1326,2019-01-30T03:29:20Z,24,1,288,A,0000.0000,N,00000.0000,E,0.00,V,0,0*63
$BNRDD,1326,2019-01-30T03:29:24Z,26,3,291,A,0000.0000,N,00000.0000,E,0.00,V,0,0*6F
$BNRDD,1326,2019-01-30T03:29:30Z,26,1,292,A,0000.0000,N,00000.0000,E,0.00,V,0,0*6B
$BNRDD,1326,2019-01-30T03:29:35Z,24,1,293,A,0000.0000,N,00000.0000,E,0.00,V,0,0*6D
$BNRDD,1326,2019-01-30T03:29:40Z,22,4,297,A,0000.0000,N,00000.0000,E,0.00,V,0,0*68
$BNRDD,1326,2019-01-30T03:29:45Z,23,3,300,A,0000.0000,N,00000.0000,E,0.00,V,0,0*64
$BNRDD,1326,2019-01-30T03:29:50Z,25,4,304,A,0000.0000,N,00000.0000,E,0.00,V,0,0*65
$BNRDD,1326,2019-01-30T03:29:54Z,26,3,307,A,0000.0000,N,00000.0000,E,0.00,V,0,0*66
$BNRDD,1326,2019-01-30T03:30:00Z,27,3,310,A,0000.0000,N,00000.0000,E,0.00,V,0,0*68
$BNRDD,1326,2019-01-30T03:30:05Z,29,2,312,A,0000.0000,N,00000.0000,E,0.00,V,0,0*60
$BNRDD,1326,2019-01-30T03:30:11Z,36,8,320,A,0000.0000,N,00000.0000,E,0.00,V,0,0*60
$BNRDD,1326,2019-01-30T03:30:16Z,35,2,322,A,0000.0000,N,00000.0000,E,0.00,V,0,0*6C
$BNRDD,1326,2019-01-30T03:30:21Z,35,1,323,A,0000.0000,N,00000.0000,E,0.00,V,0,0*6A
$BNRDD,1326,2019-01-30T03:30:26Z,35,3,326,A,0000.0000,N,00000.0000,E,0.00,V,0,0*6A
# NEW LOG
# format=1.3.6nano
# deadtime=on
$BNRDD,1326,2019-01-30T03:35:42Z,21,0,110,A,0000.0000,N,00000.0000,E,0.00,V,0,0*6C
$BNRDD,1326,2019-01-30T03:35:47Z,22,3,113,A,0000.0000,N,00000.0000,E,0.00,V,0,0*6A
$BNRDD,1326,2019-01-30T03:35:52Z,19,2,115,A,0000.0000,N,00000.0000,E,0.00,V,0,0*61
$BNRDD,1326,2019-01-30T03:35:57Z,21,4,119,A,0000.0000,N,00000.0000,E,0.00,V,0,0*65
$BNRDD,1326,2019-01-30T03:36:02Z,22,4,123,A,0000.0000,N,00000.0000,E,0.00,V,0,0*6C
$BNRDD,1326,2019-01-30T03:36:06Z,23,3,126,A,0000.0000,N,00000.0000,E,0.00,V,0,0*6B
$BNRDD,1326,2019-01-30T03:36:12Z,25,3,129,A,0000.0000,N,00000.0000,E,0.00,V,0,0*67
$BNRDD,1326,2019-01-30T03:36:17Z,25,2,131,A,0000.0000,N,00000.0000,E,0.00,V,0,0*6A
$BNRDD,1326,2019-01-30T03:36:22Z,28,3,134,A,0000.0000,N,00000.0000,E,0.00,V,0,0*65
$BNRDD,1326,2019-01-30T03:36:27Z,29,2,136,A,0000.0000,N,00000.0000,E,0.00,V,0,0*62
$BNRDD,1326,2019-01-30T03:36:32Z,33,6,142,A,0000.0000,N,00000.0000,E,0.00,V,0,0*6A
$BNRDD,1326,2019-01-30T03:36:36Z,35,3,145,A,0000.0000,N,00000.0000,E,0.00,V,0,0*6A
$BNRDD,1326,2019-01-30T03:36:42Z,39,4,149,A,0000.0000,N,00000.0000,E,0.00,V,0,0*6E
$BNRDD,1326,2019-01-30T03:36:47Z,37,1,150,A,0000.0000,N,00000.0000,E,0.00,V,0,0*68
$BNRDD,1326,2019-01-30T03:36:52Z,39,4,154,A,0000.0000,N,00000.0000,E,0.00,V,0,0*63
$BNRDD,1326,2019-01-30T03:36:57Z,37,2,156,A,0000.0000,N,00000.0000,E,0.00,V,0,0*6C
$BNRDD,1326,2019-01-30T03:37:02Z,36,3,159,A,0000.0000,N,00000.0000,E,0.00,V,0,0*62
$BNRDD,1326,2019-01-30T03:37:06Z,37,4,163,A,0000.0000,N,00000.0000,E,0.00,V,0,0*69
$BNRDD,1326,2019-01-30T03:37:12Z,36,2,165,A,0000.0000,N,00000.0000,E,0.00,V,0,0*6D
$BNRDD,1326,2019-01-30T03:37:17Z,38,4,169,A,0000.0000,N,00000.0000,E,0.00,V,0,0*6C
$BNRDD,1326,2019-01-30T03:37:22Z,38,3,172,A,0000.0000,N,00000.0000,E,0.00,V,0,0*67
$BNRDD,1326,2019-01-30T03:37:27Z,39,3,175,A,0000.0000,N,00000.0000,E,0.00,V,0,0*64
$BNRDD,1326,2019-01-30T03:37:32Z,34,1,176,A,0000.0000,N,00000.0000,E,0.00,V,0,0*6C
$BNRDD,1326,2019-01-30T03:37:36Z,34,3,179,A,0000.0000,N,00000.0000,E,0.00,V,0,0*65
$BNRDD,1326,2019-01-30T03:37:42Z,32,2,181,A,0000.0000,N,00000.0000,E,0.00,V,0,0*66
$BNRDD,1326,2019-01-30T03:37:47Z,32,1,182,A,0000.0000,N,00000.0000,E,0.00,V,0,0*63
$BNRDD,1326,2019-01-30T03:37:52Z,31,3,185,A,0000.0000,N,00000.0000,E,0.00,V,0,0*61
$BNRDD,1326,2019-01-30T03:37:57Z,32,3,188,A,0000.0000,N,00000.0000,E,0.00,V,0,0*6A
$BNRDD,1326,2019-01-30T03:38:02Z,30,1,189,A,0000.0000,N,00000.0000,E,0.00,V,0,0*64
$BNRDD,1326,2019-01-30T03:38:06Z,28,2,191,A,0000.0000,N,00000.0000,E,0.00,V,0,0*63
$BNRDD,1326,2019-01-30T03:38:12Z,27,1,192,A,0000.0000,N,00000.0000,E,0.00,V,0,0*69
$BNRDD,1326,2019-01-30T03:38:18Z,29,6,198,A,0000.0000,N,00000.0000,E,0.00,V,0,0*60
$BNRDD,1326,2019-01-30T03:38:23Z,27,1,199,A,0000.0000,N,00000.0000,E,0.00,V,0,0*60
$BNRDD,1326,2019-01-30T03:38:28Z,27,3,202,A,0000.0000,N,00000.0000,E,0.00,V,0,0*68
$BNRDD,1326,2019-01-30T03:38:33Z,26,0,202,A,0000.0000,N,00000.0000,E,0.00,V,0,0*60
$BNRDD,1326,2019-01-30T03:38:38Z,23,0,202,A,0000.0000,N,00000.0000,E,0.00,V,0,0*6E
$BNRDD,1326,2019-01-30T03:38:42Z,22,1,203,A,0000.0000,N,00000.0000,E,0.00,V,0,0*62
$BNRDD,1326,2019-01-30T03:38:48Z,21,0,203,A,0000.0000,N,00000.0000,E,0.00,V,0,0*6A
$BNRDD,1326,2019-01-30T03:38:53Z,23,5,208,A,0000.0000,N,00000.0000,E,0.00,V,0,0*6C
$BNRDD,1326,2019-01-30T03:38:58Z,23,3,211,A,0000.0000,N,00000.0000,E,0.00,V,0,0*69
$BNRDD,1326,2019-01-30T03:39:03Z,25,3,214,A,0000.0000,N,00000.0000,E,0.00,V,0,0*65
$BNRDD,1326,2019-01-30T03:39:08Z,29,6,220,A,0000.0000,N,00000.0000,E,0.00,V,0,0*60
$BNRDD,1326,2019-01-30T03:39:12Z,31,3,223,A,0000.0000,N,00000.0000,E,0.00,V,0,0*64
$BNRDD,1326,2019-01-30T03:39:18Z,28,3,226,A,0000.0000,N,00000.0000,E,0.00,V,0,0*63
$BNRDD,1326,2019-01-30T03:39:23Z,29,2,228,A,0000.0000,N,00000.0000,E,0.00,V,0,0*65
$BNRDD,1326,2019-01-30T03:39:28Z,27,1,229,A,0000.0000,N,00000.0000,E,0.00,V,0,0*62
$BNRDD,1326,2019-01-30T03:39:33Z,30,3,232,A,0629.3246,N,12449.0697,E,91.20,V,4,236*53
$BNRDD,1326,2019-01-30T03:39:38Z,32,2,234,A,0629.3248,N,12449.0697,E,91.20,V,4,236*53
$BNRDD,1326,2019-01-30T03:39:43Z,32,1,235,A,0629.3248,N,12449.0698,E,91.20,V,4,260*51
$BNRDD,1326,2019-01-30T03:39:48Z,35,3,238,A,0629.3250,N,12449.0699,E,91.20,V,4,260*5A
$BNRDD,1326,2019-01-30T03:39:53Z,34,4,242,A,0629.3252,N,12449.0701,E,91.30,A,4,235*4F
$BNRDD,1326,2019-01-30T03:39:58Z,35,4,246,A,0629.3250,N,12449.0700,E,91.30,V,4,235*55
$BNRDD,1326,2019-01-30T03:40:03Z,34,2,248,A,0629.3250,N,12449.0698,E,91.30,V,4,235*5C
$BNRDD,1326,2019-01-30T03:40:08Z,30,2,250,A,0629.3250,N,12449.0698,E,91.30,V,4,235*5A
$BNRDD,1326,2019-01-30T03:40:13Z,29,2,252,A,0629.3251,N,12449.0698,E,91.30,V,4,234*5A
$BNRDD,1326,2019-01-30T03:40:18Z,28,2,254,A,0629.3252,N,12449.0698,E,91.40,V,4,234*52
$BNRDD,1326,2019-01-30T03:40:23Z,28,2,256,A,0629.3253,N,12449.0698,E,91.40,V,4,234*59
$BNRDD,1326,2019-01-30T03:40:28Z,29,2,258,A,0629.3254,N,12449.0697,E,91.40,V,4,233*52
$BNRDD,1326,2019-01-30T03:40:33Z,28,2,260,A,0629.3253,N,12449.0697,E,91.40,V,4,233*55
$BNRDD,1326,2019-01-30T03:40:38Z,29,3,263,A,0629.3254,N,12449.0698,E,91.40,V,4,233*55
$BNRDD,1326,2019-01-30T03:40:43Z,30,2,265,A,0629.3254,N,12449.0700,E,91.40,V,4,233*56
# NEW LOG
# format=1.3.6nano
# deadtime=on
$BNRDD,1326,2019-01-30T03:42:57Z,30,4,56,A,0629.3239,N,12449.0748,E,121.10,A,4,226*4E
$BNRDD,1326,2019-01-30T03:43:02Z,30,3,59,A,0629.3238,N,12449.0745,E,121.10,A,4,225*48
$BNRDD,1326,2019-01-30T03:43:07Z,32,3,62,A,0629.3237,N,12449.0744,E,121.10,A,4,225*49
$BNRDD,1326,2019-01-30T03:43:12Z,30,2,64,A,0629.3235,N,12449.0741,E,121.10,A,4,225*4F
$BNRDD,1326,2019-01-30T03:43:17Z,29,3,67,A,0629.3233,N,12449.0739,E,121.10,A,4,225*49
$BNRDD,1326,2019-01-30T03:43:22Z,30,3,70,A,0629.3232,N,12449.0738,E,121.10,A,4,224*40
$BNRDD,1326,2019-01-30T03:43:27Z,31,2,72,A,0629.3231,N,12449.0739,E,121.10,A,4,224*45
$BNRDD,1326,2019-01-30T03:43:32Z,29,1,73,A,0629.3234,N,12449.0741,E,121.10,A,4,224*40
$BNRDD,1326,2019-01-30T03:43:37Z,29,3,76,A,0629.3236,N,12449.0741,E,121.10,A,4,249*4B
$BNRDD,1326,2019-01-30T03:43:42Z,30,2,78,A,0629.3236,N,12449.0740,E,121.10,A,4,224*44
$BNRDD,1326,2019-01-30T03:43:48Z,29,1,79,A,0629.3235,N,12449.0738,E,121.10,A,4,223*4F
$BNRDD,1326,2019-01-30T03:43:53Z,28,1,80,A,0629.3233,N,12449.0736,E,121.10,A,4,223*4A
$BNRDD,1326,2019-01-30T03:43:58Z,25,1,81,A,0629.3233,N,12449.0736,E,121.10,A,4,223*4D
$BNRDD,1326,2019-01-30T03:44:03Z,27,5,86,A,0629.3234,N,12449.0735,E,121.10,A,4,222*40
$BNRDD,1326,2019-01-30T03:44:08Z,26,2,88,A,0629.3237,N,12449.0733,E,121.10,A,4,247*45
$BNRDD,1326,2019-01-30T03:44:13Z,27,3,91,A,0629.3237,N,12449.0734,E,121.10,A,4,222*43
$BNRDD,1326,2019-01-30T03:44:18Z,30,6,97,A,0629.3238,N,12449.0735,E,121.10,A,4,221*40
# NEW LOG
# format=1.3.6nano
# deadtime=on
$BNRDD,1326,2019-01-30T03:47:27Z,35,4,87,A,0629.3241,N,12449.0731,E,94.60,A,4,213*7A
$BNRDD,1326,2019-01-30T03:47:32Z,40,9,96,A,0629.3241,N,12449.0729,E,94.60,A,4,213*78
$BNRDD,1326,2019-01-30T03:47:37Z,37,1,97,A,0629.3243,N,12449.0728,E,94.70,A,4,212*77
$BNRDD,1326,2019-01-30T03:47:42Z,34,3,100,A,0629.3246,N,12449.0727,E,94.70,A,4,212*41
$BNRDD,1326,2019-01-30T03:47:47Z,32,1,101,A,0629.3244,N,12449.0724,E,94.70,A,4,212*40
$BNRDD,1326,2019-01-30T03:47:52Z,33,3,104,A,0629.3242,N,12449.0724,E,94.70,A,4,212*44
$BNRDD,1326,2019-01-30T03:47:57Z,31,0,104,A,0629.3243,N,12449.0724,E,94.70,A,4,212*41
$BNRDD,1326,2019-01-30T03:48:02Z,28,2,106,A,0629.3246,N,12449.0726,E,94.70,A,4,211*42
$BNRDD,1326,2019-01-30T03:48:07Z,30,4,110,A,0629.3251,N,12449.0728,E,94.70,A,4,211*47
$BNRDD,1326,2019-01-30T03:48:12Z,34,5,115,A,0629.3252,N,12449.0730,E,94.70,A,4,211*49
$BNRDD,1326,2019-01-30T03:48:17Z,35,2,117,A,0629.3253,N,12449.0730,E,94.70,A,4,211*49
$BNRDD,1326,2019-01-30T03:48:22Z,35,1,118,A,0629.3254,N,12449.0728,E,94.70,A,4,210*4C
$BNRDD,1326,2019-01-30T03:48:28Z,37,6,124,A,0629.3254,N,12449.0727,E,94.70,V,4,210*54
$BNRDD,1326,2019-01-30T03:48:33Z,30,2,126,A,0629.3255,N,12449.0728,E,94.70,V,4,210*51
$BNRDD,1326,2019-01-30T03:48:38Z,31,2,128,A,0629.3258,N,12449.0732,E,94.70,V,4,210*53
$BNRDD,1326,2019-01-30T03:48:43Z,32,4,132,A,0629.3262,N,12449.0736,E,94.70,V,4,210*5C
$BNRDD,1326,2019-01-30T03:48:48Z,32,1,133,A,0629.3266,N,12449.0738,E,94.70,V,4,209*51
$BNRDD,1326,2019-01-30T03:48:53Z,31,2,135,A,0629.3271,N,12449.0741,E,94.70,V,4,209*55
$BNRDD,1326,2019-01-30T03:48:58Z,35,4,139,A,0629.3273,N,12449.0741,E,94.70,V,4,209*52
$BNRDD,1326,2019-01-30T03:49:03Z,37,4,143,A,0629.3274,N,12449.0742,E,94.70,V,4,237*5B
$BNRDD,1326,2019-01-30T03:49:08Z,34,1,144,A,0629.3276,N,12449.0741,E,94.70,V,4,237*50
$BNRDD,1326,2019-01-30T03:49:13Z,32,3,147,A,0629.3274,N,12449.0740,E,94.70,V,4,208*52
$BNRDD,1326,2019-01-30T03:49:18Z,35,5,152,A,0629.3275,N,12449.0739,E,94.70,V,4,208*53
$BNRDD,1326,2019-01-30T03:49:23Z,40,6,158,A,0629.3275,N,12449.0736,E,94.70,V,4,208*5F
$BNRDD,1326,2019-01-30T03:49:28Z,37,3,161,A,0629.3274,N,12449.0733,E,94.60,V,5,172*51
$BNRDD,1326,2019-01-30T03:49:33Z,36,1,162,A,0629.3275,N,12449.0731,E,94.60,V,5,172*58
$BNRDD,1326,2019-01-30T03:49:38Z,36,2,164,A,0629.3277,N,12449.0733,E,94.60,V,5,172*56
$BNRDD,1326,2019-01-30T03:49:43Z,35,3,167,A,0629.3280,N,12449.0732,E,94.60,V,5,172*52
$BNRDD,1326,2019-01-30T03:49:48Z,35,1,168,A,0629.3279,N,12449.0729,E,94.50,V,5,172*5B
$BNRDD,1326,2019-01-30T03:49:53Z,38,5,173,A,0629.3279,N,12449.0728,E,94.50,V,5,172*53
$BNRDD,1326,2019-01-30T03:49:58Z,35,1,174,A,0629.3279,N,12449.0727,E,94.50,V,5,172*59
$BNRDD,1326,2019-01-30T03:50:03Z,33,2,176,A,0629.3277,N,12449.0724,E,94.50,V,5,172*55
# NEW LOG
# format=1.3.6nano
# deadtime=on
$BNRDD,1326,2019-01-30T03:52:41Z,46,6,68,A,0629.3219,N,12449.0700,E,91.80,A,4,208*77
$BNRDD,1326,2019-01-30T03:52:46Z,45,1,69,A,0629.3219,N,12449.0700,E,91.80,A,4,208*75
# NEW LOG
# format=1.3.6nano
# deadtime=on
$BNRDD,1326,2019-01-30T06:46:50Z,33,2,37,A,0629.3189,N,12449.0684,E,83.40,V,6,210*6F
$BNRDD,1326,2019-01-30T06:46:55Z,34,4,41,A,0629.3189,N,12449.0685,E,83.20,V,6,210*6D
$BNRDD,1326,2019-01-30T06:47:00Z,33,2,43,A,0629.3189,N,12449.0685,E,83.30,V,6,210*6E
$BNRDD,1326,2019-01-30T06:47:05Z,31,1,44,A,0629.3189,N,12449.0685,E,83.30,V,7,207*6A
$BNRDD,1326,2019-01-30T06:47:10Z,30,2,46,A,0629.3189,N,12449.0685,E,83.30,V,7,207*6E
$BNRDD,1326,2019-01-30T06:47:15Z,32,4,50,A,0629.3189,N,12449.0685,E,83.30,V,7,207*68
$BNRDD,1326,2019-01-30T06:47:20Z,31,2,52,A,0629.3189,N,12449.0685,E,83.40,V,7,207*6E
$BNRDD,1326,2019-01-30T06:47:25Z,32,3,55,A,0629.3189,N,12449.0685,E,83.40,V,7,207*6E
$BNRDD,1326,2019-01-30T06:47:30Z,29,0,55,A,0629.3189,N,12449.0685,E,83.40,V,7,206*62
$BNRDD,1326,2019-01-30T06:47:35Z,28,1,56,A,0629.3189,N,12449.0685,E,83.40,V,7,206*64
$BNRDD,1326,2019-01-30T06:47:40Z,27,2,58,A,0629.3189,N,12449.0685,E,83.40,V,7,206*64
$BNRDD,1326,2019-01-30T06:47:45Z,26,3,61,A,0629.3189,N,12449.0685,E,83.40,V,7,206*6B
$BNRDD,1326,2019-01-30T06:47:50Z,27,3,64,A,0629.3189,N,12449.0685,E,83.40,V,7,206*6B
$BNRDD,1326,2019-01-30T06:47:55Z,28,5,69,A,0629.3189,N,12449.0685,E,83.40,V,7,206*6A
$BNRDD,1326,2019-01-30T06:48:00Z,28,2,71,A,0629.3189,N,12449.0685,E,83.40,V,7,206*6B
$BNRDD,1326,2019-01-30T06:48:05Z,31,4,75,A,0629.3189,N,12449.0685,E,83.40,V,7,206*64
$BNRDD,1326,2019-01-30T06:48:10Z,31,2,77,A,0629.3189,N,12449.0685,E,83.40,V,7,206*64
$BNRDD,1326,2019-01-30T06:48:15Z,31,4,81,A,0629.3189,N,12449.0685,E,83.40,V,7,206*6E
$BNRDD,1326,2019-01-30T06:48:20Z,30,1,82,A,0629.3189,N,12449.0685,E,83.40,V,7,206*6F
$BNRDD,1326,2019-01-30T06:48:25Z,28,1,83,A,0629.3189,N,12449.0685,E,83.40,V,7,206*62
$BNRDD,1326,2019-01-30T06:48:30Z,29,1,84,A,0629.3189,N,12449.0685,E,83.40,V,7,206*60
$BNRDD,1326,2019-01-30T06:48:35Z,29,1,85,A,0629.3189,N,12449.0685,E,83.40,V,7,206*64
$BNRDD,1326,2019-01-30T06:48:40Z,30,3,88,A,0629.3189,N,12449.0685,E,83.40,V,7,206*61
$BNRDD,1326,2019-01-30T06:48:46Z,27,0,88,A,0629.3189,N,12449.0685,E,83.50,V,7,206*63
$BNRDD,1326,2019-01-30T06:48:51Z,25,1,89,A,0629.3189,N,12449.0685,E,83.50,V,7,206*67
$BNRDD,1326,2019-01-30T06:48:56Z,24,4,93,A,0629.3189,N,12449.0685,E,83.50,V,7,206*6F
$BNRDD,1326,2019-01-30T06:49:01Z,23,1,94,A,0629.3189,N,12449.0685,E,83.50,V,7,206*69
# NEW LOG
# format=1.3.6nano
# deadtime=on
$BNRDD,1326,2019-01-30T06:50:10Z,21,4,21,V,0629.3209,N,12449.0710,E,100.50,V,6,207*43
$BNRDD,1326,2019-01-30T06:50:15Z,27,6,27,V,0629.3209,N,12449.0710,E,100.40,V,6,207*45
$BNRDD,1326,2019-01-30T06:50:20Z,30,3,30,V,0629.3212,N,12449.0713,E,99.80,V,6,207*72
$BNRDD,1326,2019-01-30T06:50:25Z,28,2,32,A,0629.3214,N,12449.0716,E,99.80,V,6,207*69
$BNRDD,1326,2019-01-30T06:50:30Z,33,5,37,A,0629.3215,N,12449.0717,E,100.00,V,6,206*5D
$BNRDD,1326,2019-01-30T06:50:35Z,32,1,38,A,0629.3215,N,12449.0717,E,100.00,V,7,202*57
$BNRDD,1326,2019-01-30T06:50:40Z,33,3,41,A,0629.3217,N,12449.0720,E,99.50,V,7,202*6A
$BNRDD,1326,2019-01-30T06:50:45Z,35,4,45,A,0629.3218,N,12449.0721,E,98.60,V,7,202*66
# NEW LOG
# format=1.3.6nano
# deadtime=on
$BNRDD,1326,2019-01-30T07:04:11Z,31,1,31,V,0629.3219,N,12449.0706,E,98.60,A,4,555*67
$BNRDD,1326,2019-01-30T07:04:16Z,34,3,34,V,0629.3217,N,12449.0704,E,98.20,A,4,547*69
$BNRDD,1326,2019-01-30T07:04:21Z,38,4,38,V,0629.3215,N,12449.0701,E,99.10,A,4,548*60
$BNRDD,1326,2019-01-30T07:04:26Z,39,1,39,V,0629.3216,N,12449.0701,E,99.70,A,4,548*67
$BNRDD,1326,2019-01-30T07:04:31Z,42,3,42,V,0629.3218,N,12449.0706,E,100.90,A,5,407*5E
$BNRDD,1326,2019-01-30T07:04:36Z,40,4,46,A,0629.3218,N,12449.0708,E,101.90,A,5,407*40
$BNRDD,1326,2019-01-30T07:04:41Z,38,3,49,A,0629.3223,N,12449.0717,E,101.00,A,5,407*48
$BNRDD,1326,2019-01-30T07:04:46Z,41,4,53,A,0629.3222,N,12449.0718,E,100.10,A,5,408*4C
$BNRDD,1326,2019-01-30T07:04:51Z,40,2,55,A,0629.3223,N,12449.0721,E,99.60,A,5,408*76
$BNRDD,1326,2019-01-30T07:04:56Z,37,2,57,A,0629.3223,N,12449.0721,E,99.60,A,6,229*75
$BNRDD,1326,2019-01-30T07:05:01Z,34,2,59,A,0629.3223,N,12449.0721,E,99.50,A,6,229*78
$BNRDD,1326,2019-01-30T07:05:06Z,32,3,62,A,0629.3224,N,12449.0722,E,99.50,A,6,228*75
$BNRDD,1326,2019-01-30T07:05:11Z,34,3,65,A,0629.3224,N,12449.0722,E,99.50,A,6,228*72
$BNRDD,1326,2019-01-30T07:05:16Z,33,2,67,A,0629.3224,N,12449.0722,E,99.40,A,6,262*7E
$BNRDD,1326,2019-01-30T07:05:21Z,30,1,68,A,0629.3224,N,12449.0722,E,99.40,A,6,262*75
$BNRDD,1326,2019-01-30T07:05:26Z,31,2,70,A,0629.3223,N,12449.0721,E,99.40,A,6,261*7E
$BNRDD,1326,2019-01-30T07:05:31Z,28,0,70,A,0629.3223,N,12449.0721,E,99.40,A,6,261*72
$BNRDD,1326,2019-01-30T07:05:36Z,26,2,72,A,0629.3223,N,12449.0721,E,99.40,A,6,261*7B
$BNRDD,1326,2019-01-30T07:05:41Z,25,2,74,A,0629.3223,N,12449.0721,E,99.30,A,6,261*79
$BNRDD,1326,2019-01-30T07:05:46Z,24,3,77,A,0629.3223,N,12449.0721,E,99.30,A,6,260*7C
$BNRDD,1326,2019-01-30T07:05:51Z,24,2,79,A,0629.3223,N,12449.0721,E,99.30,A,6,260*75
$BNRDD,1326,2019-01-30T07:05:56Z,25,3,82,A,0629.3223,N,12449.0721,E,99.30,A,6,260*76
$BNRDD,1326,2019-01-30T07:06:01Z,27,4,86,A,0629.3223,N,12449.0721,E,99.30,A,6,259*7C
$BNRDD,1326,2019-01-30T07:06:06Z,26,2,88,A,0629.3223,N,12449.0721,E,99.30,A,6,259*72
$BNRDD,1326,2019-01-30T07:06:11Z,25,2,90,A,0629.3223,N,12449.0721,E,99.30,A,6,259*7E
$BNRDD,1326,2019-01-30T07:06:16Z,25,2,92,A,0629.3223,N,12449.0721,E,99.30,A,6,259*7B
$BNRDD,1326,2019-01-30T07:06:21Z,27,3,95,A,0629.3223,N,12449.0721,E,99.30,A,6,258*7A
$BNRDD,1326,2019-01-30T07:06:26Z,27,2,97,A,0629.3223,N,12449.0721,E,99.30,A,6,258*7E
$BNRDD,1326,2019-01-30T07:06:31Z,29,2,99,A,0629.3223,N,12449.0721,E,99.30,A,6,258*78
$BNRDD,1326,2019-01-30T07:06:36Z,30,3,102,A,0629.3223,N,12449.0721,E,99.20,A,6,258*44
$BNRDD,1326,2019-01-30T07:06:41Z,28,0,102,A,0629.3223,N,12449.0721,E,99.20,A,6,257*41
$BNRDD,1326,2019-01-30T07:06:46Z,30,5,107,A,0629.3223,N,12449.0721,E,99.20,A,6,257*4F
$BNRDD,1326,2019-01-30T07:06:51Z,29,1,108,A,0629.3223,N,12449.0721,E,99.20,A,6,257*4A
$BNRDD,1326,2019-01-30T07:06:56Z,28,2,110,A,0629.3223,N,12449.0721,E,99.20,A,6,256*47
$BNRDD,1326,2019-01-30T07:07:02Z,26,2,112,A,0629.3223,N,12449.0721,E,99.20,A,6,256*4B
$BNRDD,1326,2019-01-30T07:07:06Z,25,1,113,A,0629.3223,N,12449.0721,E,99.20,A,6,256*4E
$BNRDD,1326,2019-01-30T07:07:11Z,23,0,113,A,0629.3223,N,12449.0721,E,99.20,A,6,255*4C
$BNRDD,1326,2019-01-30T07:07:16Z,22,1,114,A,0629.3223,N,12449.0721,E,99.20,A,6,255*4C
$BNRDD,1326,2019-01-30T07:07:21Z,23,4,118,A,0629.3223,N,12449.0721,E,99.20,A,6,255*40
$BNRDD,1326,2019-01-30T07:07:26Z,23,2,120,A,0629.3224,N,12449.0721,E,99.20,A,6,223*4C
$BNRDD,1326,2019-01-30T07:07:32Z,22,1,121,A,0629.3224,N,12449.0720,E,99.20,A,6,223*4B
$BNRDD,1326,2019-01-30T07:07:37Z,22,3,124,A,0629.3224,N,12449.0719,E,99.20,A,6,223*43
$BNRDD,1326,2019-01-30T07:07:42Z,27,5,129,A,0629.3224,N,12449.0719,E,99.20,A,6,253*48
$BNRDD,1326,2019-01-30T07:07:47Z,23,1,130,A,0629.3224,N,12449.0718,E,99.20,A,6,253*44
$BNRDD,1326,2019-01-30T07:07:52Z,25,3,133,A,0629.3224,N,12449.0717,E,99.20,A,6,222*4E
$BNRDD,1326,2019-01-30T07:07:57Z,27,4,137,A,0629.3225,N,12449.0715,E,99.20,A,5,264*48
$BNRDD,1326,2019-01-30T07:08:02Z,26,1,138,A,0629.3226,N,12449.0712,E,99.20,A,5,264*48
$BNRDD,1326,2019-01-30T07:08:07Z,25,0,138,A,0629.3228,N,12449.0708,E,99.20,A,5,264*4A
$BNRDD,1326,2019-01-30T07:08:12Z,31,6,144,A,0629.3230,N,12449.0703,E,99.20,A,6,222*45
$BNRDD,1326,2019-01-30T07:08:17Z,33,3,147,A,0629.3233,N,12449.0698,E,99.20,A,6,221*47
$BNRDD,1326,2019-01-30T07:08:22Z,33,4,151,A,0629.3237,N,12449.0691,E,99.20,A,6,221*4C
$BNRDD,1326,2019-01-30T07:08:27Z,34,3,154,A,0629.3239,N,12449.0683,E,99.20,A,6,221*41
$BNRDD,1326,2019-01-30T07:08:32Z,36,3,157,A,0629.3241,N,12449.0672,E,99.10,A,6,250*40
$BNRDD,1326,2019-01-30T07:08:37Z,36,3,160,A,0629.3241,N,12449.0660,E,99.10,A,6,221*44
$BNRDD,1326,2019-01-30T07:08:42Z,32,1,161,A,0629.3243,N,12449.0652,E,99.10,A,6,221*42
$BNRDD,1326,2019-01-30T07:08:47Z,32,1,162,A,0629.3239,N,12449.0638,E,99.10,A,6,220*44
$BNRDD,1326,2019-01-30T07:08:52Z,30,1,163,A,0629.3233,N,12449.0626,E,99.10,A,6,220*46
$BNRDD,1326,2019-01-30T07:08:57Z,30,4,167,A,0629.3228,N,12449.0610,E,99.10,A,6,220*4D
$BNRDD,1326,2019-01-30T07:09:02Z,32,3,170,A,0629.3222,N,12449.0596,E,99.10,A,6,220*48
$BNRDD,1326,2019-01-30T07:09:07Z,37,5,175,A,0629.3221,N,12449.0580,E,99.10,A,6,220*4F
$BNRDD,1326,2019-01-30T07:09:12Z,34,3,178,A,0629.3201,N,12449.0553,E,99.00,A,4,303*4C
$BNRDD,1326,2019-01-30T07:09:17Z,35,4,182,A,0629.3174,N,12449.0519,E,99.10,A,5,263*42
$BNRDD,1326,2019-01-30T07:09:22Z,32,1,183,A,0629.3176,N,12449.0517,E,99.10,A,4,303*4D
$BNRDD,1326,2019-01-30T07:09:27Z,33,4,187,A,0629.3186,N,12449.0526,E,99.10,A,4,303*45
$BNRDD,1326,2019-01-30T07:09:32Z,30,0,187,A,0629.3180,N,12449.0517,E,99.10,A,4,303*42
$BNRDD,1326,2019-01-30T07:09:37Z,31,4,191,A,0629.3156,N,12449.0498,E,99.10,A,4,303*48
$BNRDD,1326,2019-01-30T07:09:42Z,34,4,195,A,0629.3128,N,12449.0483,E,99.10,A,4,303*48
$BNRDD,1326,2019-01-30T07:09:47Z,36,3,198,A,0629.3102,N,12449.0458,E,99.20,A,4,304*4F
$BNRDD,1326,2019-01-30T07:09:52Z,38,3,201,A,0629.3091,N,12449.0439,E,99.20,A,5,264*4C
$BNRDD,1326,2019-01-30T07:09:57Z,36,2,203,A,0629.3088,N,12449.0451,E,99.20,A,5,263*45
$BNRDD,1326,2019-01-30T07:10:02Z,33,0,203,A,0629.3078,N,12449.0493,E,99.10,A,5,263*48
$BNRDD,1326,2019-01-30T07:10:07Z,30,2,205,A,0629.3069,N,12449.0507,E,99.10,A,6,217*46
$BNRDD,1326,2019-01-30T07:10:12Z,31,4,209,A,0629.3062,N,12449.0507,E,99.10,A,6,217*42
$BNRDD,1326,2019-01-30T07:10:17Z,29,2,211,A,0629.3056,N,12449.0505,E,99.10,A,6,217*44
$BNRDD,1326,2019-01-30T07:10:22Z,29,1,212,A,0629.3051,N,12449.0498,E,99.10,A,6,217*40
$BNRDD,1326,2019-01-30T07:10:27Z,26,1,213,A,0629.3047,N,12449.0490,E,99.10,A,6,217*44
$BNRDD,1326,2019-01-30T07:10:32Z,28,2,215,A,0629.3046,N,12449.0488,E,99.00,A,6,217*42
$BNRDD,1326,2019-01-30T07:10:37Z,26,2,217,A,0629.3052,N,12449.0489,E,99.00,A,6,216*4E
$BNRDD,1326,2019-01-30T07:10:42Z,26,4,221,A,0629.3051,N,12449.0486,E,99.00,A,6,216*43
$BNRDD,1326,2019-01-30T07:10:47Z,26,3,224,A,0629.3064,N,12449.0498,E,98.80,A,6,216*44
$BNRDD,1326,2019-01-30T07:10:52Z,27,4,228,A,0629.3061,N,12449.0492,E,98.80,A,6,242*44
$BNRDD,1326,2019-01-30T07:10:57Z,28,3,231,A,0629.3059,N,12449.0487,E,98.80,A,6,216*4F
$BNRDD,1326,2019-01-30T07:11:02Z,33,5,236,A,0629.3056,N,12449.0481,E,98.80,A,6,241*4E
$BNRDD,1326,2019-01-30T07:11:07Z,40,9,245,A,0629.3055,N,12449.0476,E,98.80,A,5,430*4F
$BNRDD,1326,2019-01-30T07:11:12Z,38,2,247,A,0629.3055,N,12449.0472,E,98.80,A,4,533*4A
$BNRDD,1326,2019-01-30T07:11:17Z,40,4,251,A,0629.3056,N,12449.0471,E,98.80,A,4,534*46
$BNRDD,1326,2019-01-30T07:11:22Z,39,0,251,A,0629.3059,N,12449.0472,E,98.80,A,4,533*41
$BNRDD,1326,2019-01-30T07:11:27Z,42,4,255,A,0629.3061,N,12449.0474,E,98.80,A,4,532*44
$BNRDD,1326,2019-01-30T07:11:32Z,44,4,259,A,0629.3064,N,12449.0478,E,98.80,A,4,532*43
$BNRDD,1326,2019-01-30T07:11:37Z,44,2,261,A,0629.3067,N,12449.0483,E,98.80,A,4,531*4F
$BNRDD,1326,2019-01-30T07:11:42Z,43,3,264,A,0629.3070,N,12449.0490,E,98.80,A,4,530*4B
$BNRDD,1326,2019-01-30T07:11:47Z,41,1,265,A,0629.3072,N,12449.0498,E,98.80,A,5,243*47
$BNRDD,1326,2019-01-30T07:11:53Z,40,3,268,A,0629.3098,N,12449.0546,E,98.70,A,5,218*4B
$BNRDD,1326,2019-01-30T07:11:58Z,42,5,273,A,0629.3100,N,12449.0558,E,98.70,A,5,218*41
$BNRDD,1326,2019-01-30T07:12:03Z,42,5,278,A,0629.3113,N,12449.0580,E,98.70,A,5,217*4F
$BNRDD,1326,2019-01-30T07:12:08Z,39,6,284,A,0629.3110,N,12449.0582,E,98.70,A,5,217*49
$BNRDD,1326,2019-01-30T07:12:13Z,40,3,287,A,0629.3117,N,12449.0594,E,98.70,A,5,242*4B
$BNRDD,1326,2019-01-30T07:12:18Z,38,2,289,A,0629.3124,N,12449.0601,E,98.70,A,5,217*4F
$BNRDD,1326,2019-01-30T07:12:23Z,43,5,294,A,0629.3130,N,12449.0607,E,98.70,A,6,212*45
$BNRDD,1326,2019-01-30T07:12:28Z,41,2,296,A,0629.3134,N,12449.0615,E,98.70,A,6,236*48
$BNRDD,1326,2019-01-30T07:12:33Z,39,2,298,A,0629.3146,N,12449.0632,E,98.70,A,6,212*45
$BNRDD,1326,2019-01-30T07:12:38Z,40,3,301,A,0629.3153,N,12449.0641,E,98.70,A,6,212*40
$BNRDD,1326,2019-01-30T07:12:43Z,41,4,305,A,0629.3158,N,12449.0647,E,98.70,A,6,212*43
$BNRDD,1326,2019-01-30T07:12:48Z,44,4,309,A,0629.3165,N,12449.0653,E,98.70,A,6,211*49
$BNRDD,1326,2019-01-30T07:12:53Z,44,3,312,A,0629.3171,N,12449.0663,E,98.70,A,6,211*48
$BNRDD,1326,2019-01-30T07:12:58Z,40,1,313,A,0629.3179,N,12449.0663,E,98.60,A,6,211*4D
$BNRDD,1326,2019-01-30T07:13:03Z,36,1,314,A,0629.3185,N,12449.0670,E,98.60,A,6,211*45
$BNRDD,1326,2019-01-30T07:13:08Z,33,3,317,A,0629.3188,N,12449.0677,E,98.60,A,6,211*40
$BNRDD,1326,2019-01-30T07:13:13Z,31,1,318,A,0629.3191,N,12449.0684,E,98.60,A,6,211*41
$BNRDD,1326,2019-01-30T07:13:18Z,32,3,321,A,0629.3183,N,12449.0664,E,98.60,A,5,263*4A
$BNRDD,1326,2019-01-30T07:13:23Z,31,4,325,A,0629.3186,N,12449.0666,E,98.50,A,5,263*46
$BNRDD,1326,2019-01-30T07:13:28Z,31,2,327,A,0629.3187,N,12449.0681,E,98.50,A,5,262*40
$BNRDD,1326,2019-01-30T07:13:33Z,30,1,328,A,0629.3208,N,12449.0729,E,98.50,A,5,262*40
$BNRDD,1326,2019-01-30T07:13:38Z,28,1,329,A,0629.3219,N,12449.0756,E,98.50,A,5,262*4B
$BNRDD,1326,2019-01-30T07:13:43Z,25,1,330,A,0629.3228,N,12449.0760,E,98.50,A,5,263*44
$BNRDD,1326,2019-01-30T07:13:48Z,26,5,335,A,0629.3238,N,12449.0772,E,98.50,A,5,262*4E
$BNRDD,1326,2019-01-30T07:13:53Z,23,0,335,A,0629.3235,N,12449.0777,E,98.50,A,5,262*4C
$BNRDD,1326,2019-01-30T07:13:58Z,25,3,338,A,0629.3229,N,12449.0782,E,98.40,A,5,262*49
$BNRDD,1326,2019-01-30T07:14:03Z,26,2,340,A,0629.3236,N,12449.0790,E,98.40,A,5,262*40
$BNRDD,1326,2019-01-30T07:14:08Z,24,1,341,A,0629.3239,N,12449.0800,E,98.40,A,5,262*42
$BNRDD,1326,2019-01-30T07:14:13Z,23,0,341,A,0629.3258,N,12449.0829,E,98.40,A,5,262*42
$BNRDD,1326,2019-01-30T07:14:18Z,25,5,346,A,0629.3275,N,12449.0831,E,98.40,A,6,208*44
$BNRDD,1326,2019-01-30T07:14:23Z,24,3,349,A,0629.3277,N,12449.0835,E,98.40,A,6,208*42
$BNRDD,1326,2019-01-30T07:14:28Z,26,4,353,A,0629.3285,N,12449.0839,E,98.40,A,6,208*46
$BNRDD,1326,2019-01-30T07:14:33Z,26,1,354,A,0629.3294,N,12449.0841,E,98.40,A,6,207*4E
$BNRDD,1326,2019-01-30T07:14:38Z,29,4,358,A,0629.3295,N,12449.0801,E,98.30,A,4,252*43
$BNRDD,1326,2019-01-30T07:14:43Z,37,9,367,A,0629.3294,N,12449.0763,E,98.50,A,4,252*4D
$BNRDD,1326,2019-01-30T07:14:48Z,36,4,371,A,0629.3300,N,12449.0766,E,98.50,A,4,252*44
$BNRDD,1326,2019-01-30T07:14:53Z,39,3,374,A,0629.3305,N,12449.0770,E,98.50,A,4,252*41
$BNRDD,1326,2019-01-30T07:14:58Z,41,5,379,A,0629.3310,N,12449.0774,E,98.50,A,4,251*4D
$BNRDD,1326,2019-01-30T07:15:03Z,41,2,381,A,0629.3313,N,12449.0777,E,98.50,A,4,251*42
$BNRDD,1326,2019-01-30T07:15:08Z,45,5,386,A,0629.3316,N,12449.0779,E,98.50,A,4,251*46
$BNRDD,1326,2019-01-30T07:15:13Z,48,3,389,A,0629.3317,N,12449.0778,E,98.50,A,4,251*48
$BNRDD,1326,2019-01-30T07:15:18Z,48,5,394,A,0629.3317,N,12449.0775,E,98.50,A,4,251*44
$BNRDD,1326,2019-01-30T07:15:23Z,49,4,398,A,0629.3315,N,12449.0771,E,98.50,A,4,250*47
$BNRDD,1326,2019-01-30T07:15:28Z,45,0,398,A,0629.3312,N,12449.0767,E,98.40,A,4,250*45
$BNRDD,1326,2019-01-30T07:15:33Z,49,5,403,A,0629.3308,N,12449.0764,E,98.40,A,4,250*4B
$BNRDD,1326,2019-01-30T07:15:38Z,47,2,405,A,0629.3302,N,12449.0762,E,98.40,A,4,249*4B
$BNRDD,1326,2019-01-30T07:15:43Z,43,5,410,A,0629.3295,N,12449.0760,E,98.40,A,4,249*4D
$BNRDD,1326,2019-01-30T07:15:48Z,39,0,410,A,0629.3282,N,12449.0758,E,98.40,A,4,249*43
$BNRDD,1326,2019-01-30T07:15:53Z,37,1,411,A,0629.3268,N,12449.0768,E,98.30,A,4,249*47
$BNRDD,1326,2019-01-30T07:15:58Z,34,2,413,A,0629.3254,N,12449.0776,E,98.30,A,3,852*49
$BNRDD,1326,2019-01-30T07:16:03Z,34,2,415,A,0629.3244,N,12449.0777,E,98.30,A,3,848*49
$BNRDD,1326,2019-01-30T07:16:08Z,29,0,415,A,0629.3240,N,12449.0776,E,98.20,A,3,844*44
$BNRDD,1326,2019-01-30T07:16:13Z,34,8,423,A,0629.3228,N,12449.0780,E,98.20,A,3,840*4C
$BNRDD,1326,2019-01-30T07:16:18Z,31,2,425,A,0629.3213,N,12449.0786,E,98.20,A,3,836*41
$BNRDD,1326,2019-01-30T07:16:24Z,30,3,428,A,0629.3197,N,12449.0788,E,98.20,A,3,831*45
$BNRDD,1326,2019-01-30T07:16:29Z,34,4,432,A,0629.3187,N,12449.0786,E,98.20,A,3,827*48
$BNRDD,1326,2019-01-30T07:16:34Z,30,1,433,A,0629.3177,N,12449.0784,E,98.10,A,3,823*4E
$BNRDD,1326,2019-01-30T07:16:39Z,33,5,438,A,0629.3163,N,12449.0785,E,98.10,A,3,820*48
$BNRDD,1326,2019-01-30T07:16:44Z,29,1,439,A,0629.3163,N,12449.0785,E,98.10,V,3,820*5B
$BNRDD,1326,2019-01-30T07:16:49Z,32,3,442,A,0629.3163,N,12449.0785,E,98.10,V,3,820*52
$BNRDD,1326,2019-01-30T07:16:54Z,34,3,445,A,0629.3163,N,12449.0785,E,98.10,V,3,820*5F
$BNRDD,1326,2019-01-30T07:16:59Z,33,1,446,A,0629.3163,N,12449.0785,E,98.10,V,3,820*54
$BNRDD,1326,2019-01-30T07:17:04Z,33,2,448,A,0629.3163,N,12449.0785,E,98.10,V,3,820*50
$BNRDD,1326,2019-01-30T07:17:09Z,34,1,449,A,0629.3163,N,12449.0785,E,98.10,V,3,820*58
$BNRDD,1326,2019-01-30T07:17:14Z,27,1,450,A,0629.3163,N,12449.0785,E,98.10,V,3,820*5E
$BNRDD,1326,2019-01-30T07:17:19Z,27,2,452,A,0629.3163,N,12449.0785,E,98.10,V,3,820*52
$BNRDD,1326,2019-01-30T07:17:24Z,25,1,453,A,0629.3163,N,12449.0785,E,98.10,V,3,820*5C
$BNRDD,1326,2019-01-30T07:17:29Z,22,1,454,A,0629.3163,N,12449.0785,E,98.10,V,3,820*51
$BNRDD,1326,2019-01-30T07:17:34Z,24,3,457,A,0629.3163,N,12449.0785,E,98.10,V,3,820*5A
$BNRDD,1326,2019-01-30T07:17:39Z,20,1,458,A,0629.3163,N,12449.0785,E,98.10,V,3,820*5E
$BNRDD,1326,2019-01-30T07:17:44Z,25,6,464,A,0629.3163,N,12449.0785,E,98.10,V,3,820*59
$BNRDD,1326,2019-01-30T07:17:49Z,23,1,465,A,0629.3163,N,12449.0785,E,98.10,V,3,820*54
$BNRDD,1326,2019-01-30T07:17:54Z,22,2,467,A,0629.3143,N,12449.0349,E,79.60,A,4,468*46
$BNRDD,1326,2019-01-30T07:17:59Z,27,6,473,A,0629.3101,N,12449.0383,E,94.90,A,4,469*42
$BNRDD,1326,2019-01-30T07:18:04Z,26,1,474,A,0629.3103,N,12449.0394,E,97.20,A,4,470*40
$BNRDD,1326,2019-01-30T07:18:09Z,31,6,480,A,0629.3111,N,12449.0415,E,97.40,A,4,470*4C
$BNRDD,1326,2019-01-30T07:18:14Z,32,2,482,A,0629.3138,N,12449.0438,E,97.90,A,4,470*4C
$BNRDD,1326,2019-01-30T07:18:19Z,34,4,486,A,0629.3142,N,12449.0442,E,98.00,A,4,470*43
$BNRDD,1326,2019-01-30T07:18:24Z,34,1,487,A,0629.3144,N,12449.0445,E,98.10,A,3,594*45
$BNRDD,1326,2019-01-30T07:18:29Z,38,5,492,A,0629.3141,N,12449.0456,E,98.10,A,3,595*42
$BNRDD,1326,2019-01-30T07:18:34Z,40,5,497,A,0629.3125,N,12449.0446,E,98.10,A,3,596*44
$BNRDD,1326,2019-01-30T07:18:39Z,43,4,501,A,0629.3125,N,12449.0447,E,98.10,A,3,596*44
$BNRDD,1326,2019-01-30T07:18:44Z,43,6,507,A,0629.3125,N,12449.0448,E,98.10,A,3,597*44
$BNRDD,1326,2019-01-30T07:18:49Z,43,1,508,A,0629.3127,N,12449.0448,E,98.10,A,4,472*4E
$BNRDD,1326,2019-01-30T07:18:54Z,44,3,511,A,0629.3130,N,12449.0447,E,98.10,A,3,552*42
$BNRDD,1326,2019-01-30T07:18:59Z,39,1,512,A,0629.3131,N,12449.0446,E,98.10,A,3,554*42
$BNRDD,1326,2019-01-30T07:19:04Z,43,5,517,A,0629.3133,N,12449.0442,E,98.10,A,3,554*41
$BNRDD,1326,2019-01-30T07:19:09Z,39,2,519,A,0629.3134,N,12449.0439,E,98.10,A,3,555*42
$BNRDD,1326,2019-01-30T07:19:14Z,38,1,520,A,0629.3135,N,12449.0437,E,98.10,A,3,556*4A
$BNRDD,1326,2019-01-30T07:19:19Z,38,4,524,A,0629.3135,N,12449.0435,E,98.10,A,4,308*4E
$BNRDD,1326,2019-01-30T07:19:24Z,40,3,527,A,0629.3134,N,12449.0434,E,98.10,A,5,217*45
$BNRDD,1326,2019-01-30T07:19:29Z,38,3,530,A,0629.3132,N,12449.0434,E,98.10,A,5,217*47
$BNRDD,1326,2019-01-30T07:19:34Z,38,5,535,A,0629.3128,N,12449.0434,E,98.10,A,5,216*42
$BNRDD,1326,2019-01-30T07:19:39Z,36,2,537,A,0629.3124,N,12449.0437,E,98.10,A,5,216*4B
$BNRDD,1326,2019-01-30T07:19:44Z,32,2,539,A,0629.3119,N,12449.0442,E,98.10,A,5,216*47
$BNRDD,1326,2019-01-30T07:19:49Z,33,2,541,A,0629.3117,N,12449.0501,E,98.20,A,5,216*4F
