# NEW LOG
# format=1.3.6nano
# deadtime=on
$BNRDD,1326,2018-12-13T01:41:49Z,25,3,301,A,1439.6008,N,12103.3737,E,77.90,A,6,123*49
$BNRDD,1326,2018-12-13T01:41:54Z,25,0,301,A,1439.6002,N,12103.3740,E,77.90,A,6,123*4C
$BNRDD,1326,2018-12-13T01:41:59Z,31,6,307,A,1439.6000,N,12103.3735,E,78.00,A,6,123*42
$BNRDD,1326,2018-12-13T01:42:04Z,35,6,313,A,1439.6006,N,12103.3735,E,78.10,A,6,123*4F
$BNRDD,1326,2018-12-13T01:42:09Z,35,3,316,A,1439.6026,N,12103.3750,E,78.40,A,6,123*46
$BNRDD,1326,2018-12-13T01:42:14Z,38,4,320,A,1439.6033,N,12103.3748,E,78.50,A,6,126*4C
$BNRDD,1326,2018-12-13T01:42:19Z,40,4,324,A,1439.6042,N,12103.3760,E,78.70,A,6,127*45
$BNRDD,1326,2018-12-13T01:42:24Z,42,2,326,A,1439.6058,N,12103.3763,E,78.90,A,6,127*4B
$BNRDD,1326,2018-12-13T01:42:29Z,44,6,332,A,1439.6036,N,12103.3773,E,79.10,A,6,123*45
$BNRDD,1326,2018-12-13T01:42:34Z,41,1,333,A,1439.6042,N,12103.3775,E,79.10,A,6,114*4B
$BNRDD,1326,2018-12-13T01:42:39Z,43,5,338,A,1439.6034,N,12103.3764,E,79.50,A,6,114*4E
$BNRDD,1326,2018-12-13T01:42:44Z,44,4,342,A,1439.6021,N,12103.3762,E,80.00,A,6,114*4E
$BNRDD,1326,2018-12-13T01:42:50Z,42,1,343,A,1439.6016,N,12103.3758,E,80.20,A,6,114*46
$BNRDD,1326,2018-12-13T01:42:55Z,44,2,345,A,1439.5988,N,12103.3734,E,81.00,A,6,114*44
$BNRDD,1326,2018-12-13T01:43:00Z,41,3,348,A,1439.5965,N,12103.3723,E,81.70,A,6,114*4E
$BNRDD,1326,2018-12-13T01:43:05Z,38,3,351,A,1439.5957,N,12103.3735,E,82.30,A,7,108*40
$BNRDD,1326,2018-12-13T01:43:10Z,37,2,353,A,1439.5953,N,12103.3731,E,82.40,A,7,108*4F
$BNRDD,1326,2018-12-13T01:43:15Z,35,2,355,A,1439.5954,N,12103.3728,E,82.50,A,7,117*4E
$BNRDD,1326,2018-12-13T01:43:20Z,34,3,358,A,1439.5944,N,12103.3726,E,82.50,A,7,108*44
$BNRDD,1326,2018-12-13T01:43:25Z,36,4,362,A,1439.5944,N,12103.3727,E,82.50,A,7,108*4C
$BNRDD,1326,2018-12-13T01:43:30Z,35,5,367,A,1439.5949,N,12103.3727,E,82.50,A,7,108*42
$BNRDD,1326,2018-12-13T01:43:35Z,37,3,370,A,1439.5961,N,12103.3730,E,82.50,A,7,108*49
$BNRDD,1326,2018-12-13T01:43:40Z,35,3,373,A,1439.6000,N,12103.3736,E,82.40,A,7,108*40
$BNRDD,1326,2018-12-13T01:43:45Z,38,7,380,A,1439.6086,N,12103.3745,E,82.00,A,7,117*40
$BNRDD,1326,2018-12-13T01:43:50Z,39,2,382,A,1439.6150,N,12103.3754,E,81.60,A,6,111*4A
$BNRDD,1326,2018-12-13T01:43:55Z,40,3,385,A,1439.6129,N,12103.3750,E,80.50,A,6,111*4F
$BNRDD,1326,2018-12-13T01:44:00Z,40,3,388,A,1439.6080,N,12103.3732,E,80.00,A,6,111*46
$BNRDD,1326,2018-12-13T01:44:05Z,43,6,394,A,1439.6045,N,12103.3723,E,79.40,A,6,111*43
$BNRDD,1326,2018-12-13T01:44:10Z,44,3,397,A,1439.6041,N,12103.3724,E,79.10,A,6,111*40
$BNRDD,1326,2018-12-13T01:44:15Z,45,3,400,A,1439.6060,N,12103.3758,E,77.30,A,6,111*49
$BNRDD,1326,2018-12-13T01:44:20Z,49,7,407,A,1439.6096,N,12103.3771,E,76.50,A,6,119*4D
$BNRDD,1326,2018-12-13T01:44:25Z,47,2,409,A,1439.6101,N,12103.3781,E,75.80,A,6,112*48
$BNRDD,1326,2018-12-13T01:44:30Z,44,2,411,A,1439.6102,N,12103.3783,E,75.60,A,6,112*49
$BNRDD,1326,2018-12-13T01:44:35Z,44,3,414,A,1439.6069,N,12103.3772,E,75.50,A,6,112*49
$BNRDD,1326,2018-12-13T01:44:40Z,48,7,421,A,1439.6054,N,12103.3781,E,75.50,A,6,112*47
$BNRDD,1326,2018-12-13T01:44:45Z,45,4,425,A,1439.6054,N,12103.3788,E,75.60,A,6,112*42
$BNRDD,1326,2018-12-13T01:44:50Z,46,3,428,A,1439.6059,N,12103.3786,E,75.60,A,5,125*4B
$BNRDD,1326,2018-12-13T01:44:55Z,48,5,433,A,1439.6072,N,12103.3796,E,75.50,A,5,154*41
$BNRDD,1326,2018-12-13T01:45:00Z,46,1,434,A,1439.6054,N,12103.3786,E,75.50,A,6,122*4A
$BNRDD,1326,2018-12-13T01:45:05Z,45,5,439,A,1439.6032,N,12103.3764,E,75.40,A,5,152*4C
$BNRDD,1326,2018-12-13T01:45:10Z,44,2,441,A,1439.6027,N,12103.3781,E,75.50,A,6,122*4B
$BNRDD,1326,2018-12-13T01:45:15Z,46,5,446,A,1439.6020,N,12103.3766,E,75.70,A,6,122*40
$BNRDD,1326,2018-12-13T01:45:20Z,42,3,449,A,1439.6030,N,12103.3731,E,75.80,A,5,144*44
$BNRDD,1326,2018-12-13T01:45:25Z,44,4,453,A,1439.6049,N,12103.3695,E,75.80,A,4,148*47
$BNRDD,1326,2018-12-13T01:45:30Z,44,2,455,A,1439.6054,N,12103.3651,E,75.80,A,4,148*47
$BNRDD,1326,2018-12-13T01:45:35Z,43,2,457,A,1439.6031,N,12103.3648,E,75.80,A,4,148*4C
$BNRDD,1326,2018-12-13T01:45:40Z,39,3,460,A,1439.6010,N,12103.3658,E,75.80,A,4,148*44
$BNRDD,1326,2018-12-13T01:45:45Z,37,2,462,A,1439.6020,N,12103.3630,E,75.80,A,3,206*4F
$BNRDD,1326,2018-12-13T01:45:50Z,40,6,468,A,1439.6037,N,12103.3586,E,75.80,A,4,148*43
$BNRDD,1326,2018-12-13T01:45:55Z,37,2,470,A,1439.6070,N,12103.3585,E,75.90,A,4,148*4A
$BNRDD,1326,2018-12-13T01:46:00Z,40,4,474,A,1439.6099,N,12103.3555,E,75.90,A,4,148*41
$BNRDD,1326,2018-12-13T01:46:05Z,35,0,474,A,1439.6092,N,12103.3590,E,75.30,A,4,148*4A
$BNRDD,1326,2018-12-13T01:46:10Z,35,2,476,A,1439.6094,N,12103.3617,E,74.80,A,4,180*4A
$BNRDD,1326,2018-12-13T01:46:15Z,35,5,481,A,1439.6097,N,12103.3636,E,74.70,A,4,148*4B
$BNRDD,1326,2018-12-13T01:46:20Z,37,5,486,A,1439.6094,N,12103.3670,E,74.70,A,4,148*49
$BNRDD,1326,2018-12-13T01:46:25Z,41,8,494,A,1439.6111,N,12103.3725,E,75.10,A,4,148*49
$BNRDD,1326,2018-12-13T01:46:30Z,41,2,496,A,1439.6085,N,12103.3731,E,75.60,A,4,148*4B
$BNRDD,1326,2018-12-13T01:46:35Z,43,4,500,A,1439.6074,N,12103.3730,E,76.00,A,4,148*4E
$BNRDD,1326,2018-12-13T01:46:41Z,45,5,505,A,1439.6075,N,12103.3751,E,76.30,A,4,148*4A
$BNRDD,1326,2018-12-13T01:46:46Z,45,2,507,A,1439.6085,N,12103.3766,E,76.60,A,4,148*46
$BNRDD,1326,2018-12-13T01:46:51Z,41,2,509,A,1439.6073,N,12103.3739,E,76.90,A,5,139*41
$BNRDD,1326,2018-12-13T01:46:56Z,45,6,515,A,1439.6047,N,12103.3713,E,77.10,A,5,139*4D
$BNRDD,1326,2018-12-13T01:47:01Z,49,8,523,A,1439.6048,N,12103.3707,E,77.40,A,5,156*4F
$BNRDD,1326,2018-12-13T01:47:06Z,57,8,531,A,1439.6016,N,12103.3720,E,77.60,A,5,140*4F
$BNRDD,1326,2018-12-13T01:47:11Z,57,2,533,A,1439.5998,N,12103.3723,E,77.80,A,5,139*4E
$BNRDD,1326,2018-12-13T01:47:16Z,53,1,534,A,1439.6064,N,12103.3681,E,78.50,A,5,139*4B
$BNRDD,1326,2018-12-13T01:47:21Z,53,5,539,A,1439.6101,N,12103.3652,E,78.90,A,5,140*48
$BNRDD,1326,2018-12-13T01:47:26Z,51,6,545,A,1439.6093,N,12103.3631,E,79.10,A,5,140*43
$BNRDD,1326,2018-12-13T01:47:31Z,50,1,546,A,1439.6069,N,12103.3636,E,79.40,A,7,118*48
$BNRDD,1326,2018-12-13T01:47:36Z,46,0,546,A,1439.6036,N,12103.3653,E,79.40,A,7,118*40
$BNRDD,1326,2018-12-13T01:47:41Z,42,1,547,A,1439.6011,N,12103.3667,E,79.50,A,7,118*47
$BNRDD,1326,2018-12-13T01:47:46Z,43,3,550,A,1439.6016,N,12103.3683,E,79.40,A,7,118*49
$BNRDD,1326,2018-12-13T01:47:51Z,42,1,551,A,1439.6012,N,12103.3693,E,79.40,A,7,118*48
$BNRDD,1326,2018-12-13T01:47:56Z,38,2,553,A,1439.6007,N,12103.3704,E,79.10,A,7,118*4D
$BNRDD,1326,2018-12-13T01:48:01Z,34,4,557,A,1439.6020,N,12103.3705,E,79.10,A,7,118*4A
$BNRDD,1326,2018-12-13T01:48:06Z,30,4,561,A,1439.6030,N,12103.3714,E,79.10,A,7,118*4D
$BNRDD,1326,2018-12-13T01:48:11Z,30,2,563,A,1439.6024,N,12103.3717,E,79.10,A,7,118*49
$BNRDD,1326,2018-12-13T01:48:16Z,31,2,565,A,1439.6007,N,12103.3723,E,79.10,A,7,118*4F
$BNRDD,1326,2018-12-13T01:48:21Z,28,2,567,A,1439.5993,N,12103.3709,E,79.20,A,7,118*4D
$BNRDD,1326,2018-12-13T01:48:26Z,24,2,569,A,1439.5988,N,12103.3699,E,79.30,A,7,118*4B
$BNRDD,1326,2018-12-13T01:48:31Z,25,2,571,A,1439.5963,N,12103.3690,E,79.40,A,7,118*4E
$BNRDD,1326,2018-12-13T01:48:36Z,31,6,577,A,1439.5957,N,12103.3685,E,79.50,A,7,118*4C
$BNRDD,1326,2018-12-13T01:48:41Z,33,3,580,A,1439.5943,N,12103.3681,E,79.50,A,6,161*4D
$BNRDD,1326,2018-12-13T01:48:46Z,33,3,583,A,1439.5937,N,12103.3682,E,79.50,A,6,161*49
$BNRDD,1326,2018-12-13T01:48:51Z,37,5,588,A,1439.5955,N,12103.3709,E,79.50,A,5,168*4A
$BNRDD,1326,2018-12-13T01:48:56Z,38,3,591,A,1439.5959,N,12103.3731,E,79.40,V,5,168*5D
$BNRDD,1326,2018-12-13T01:49:01Z,38,4,595,A,1439.5959,N,12103.3731,E,79.40,V,5,168*5D
$BNRDD,1326,2018-12-13T01:49:06Z,37,3,598,A,1439.5959,N,12103.3731,E,79.40,V,5,168*5F
$BNRDD,1326,2018-12-13T01:49:11Z,37,2,600,A,1439.5959,N,12103.3731,E,79.40,V,5,168*5A
$BNRDD,1326,2018-12-13T01:49:16Z,36,1,601,A,1439.5959,N,12103.3731,E,79.40,V,5,168*5E
$BNRDD,1326,2018-12-13T01:49:21Z,38,4,605,A,1439.5959,N,12103.3731,E,79.40,V,5,168*55
$BNRDD,1326,2018-12-13T01:49:26Z,40,4,609,A,1439.5959,N,12103.3731,E,79.40,V,5,168*51
$BNRDD,1326,2018-12-13T01:49:31Z,44,6,615,A,1439.5959,N,12103.3731,E,79.40,V,5,168*5C
$BNRDD,1326,2018-12-13T01:49:36Z,40,2,617,A,1439.5959,N,12103.3731,E,79.40,V,5,168*59
$BNRDD,1326,2018-12-13T01:49:41Z,39,2,619,A,1439.5959,N,12103.3731,E,79.40,V,5,168*59
$BNRDD,1326,2018-12-13T01:49:46Z,37,1,620,A,1439.5959,N,12103.3731,E,79.40,V,5,168*59
$BNRDD,1326,2018-12-13T01:49:51Z,34,2,622,A,1439.5959,N,12103.3731,E,79.40,V,5,168*5D
$BNRDD,1326,2018-12-13T01:49:56Z,34,3,625,A,1439.5959,N,12103.3731,E,79.40,V,5,168*5C
$BNRDD,1326,2018-12-13T01:50:01Z,33,3,628,A,1439.5959,N,12103.3731,E,79.40,V,5,168*5C
$BNRDD,1326,2018-12-13T01:50:06Z,33,3,631,A,1439.5959,N,12103.3731,E,79.40,V,5,168*53
$BNRDD,1326,2018-12-13T01:50:11Z,32,1,632,A,1439.5959,N,12103.3731,E,79.40,V,5,168*55
$BNRDD,1326,2018-12-13T01:50:16Z,33,2,634,A,1439.5959,N,12103.3731,E,79.40,V,5,168*56
$BNRDD,1326,2018-12-13T01:50:21Z,32,3,637,A,1439.5959,N,12103.3731,E,79.40,V,5,168*51
$BNRDD,1326,2018-12-13T01:50:26Z,28,0,637,A,1439.5959,N,12103.3731,E,79.40,V,5,168*5E
$BNRDD,1326,2018-12-13T01:50:31Z,24,2,639,A,1439.5959,N,12103.3731,E,79.40,V,5,168*58
$BNRDD,1326,2018-12-13T01:50:36Z,28,6,645,A,1439.5959,N,12103.3731,E,79.40,V,5,168*5C
$BNRDD,1326,2018-12-13T01:50:41Z,28,2,647,A,1439.5959,N,12103.3731,E,79.40,V,5,168*5A
$BNRDD,1326,2018-12-13T01:50:47Z,30,3,650,A,1439.5959,N,12103.3731,E,79.40,V,5,168*52
$BNRDD,1326,2018-12-13T01:50:52Z,30,2,652,A,1439.5959,N,12103.3731,E,79.40,V,5,168*55
$BNRDD,1326,2018-12-13T01:50:57Z,30,3,655,A,1439.5959,N,12103.3731,E,79.40,V,5,168*56
$BNRDD,1326,2018-12-13T01:51:02Z,31,4,659,A,1439.5959,N,12103.3731,E,79.40,V,5,168*5D
$BNRDD,1326,2018-12-13T01:51:07Z,33,5,664,A,1439.5959,N,12103.3731,E,79.40,V,5,168*55
$BNRDD,1326,2018-12-13T01:51:12Z,33,1,665,A,1439.5959,N,12103.3731,E,79.40,V,5,168*54
$BNRDD,1326,2018-12-13T01:51:17Z,32,1,666,A,1439.5959,N,12103.3731,E,79.40,V,5,168*53
$BNRDD,1326,2018-12-13T01:51:22Z,31,2,668,A,1439.5959,N,12103.3731,E,79.40,V,5,168*5B
$BNRDD,1326,2018-12-13T01:51:27Z,35,4,672,A,1439.5959,N,12103.3731,E,79.40,V,5,168*57
$BNRDD,1326,2018-12-13T01:51:32Z,35,2,674,A,1439.5959,N,12103.3731,E,79.40,V,5,168*53
$BNRDD,1326,2018-12-13T01:51:37Z,32,3,677,A,1439.5959,N,12103.3731,E,79.40,V,5,168*53
$BNRDD,1326,2018-12-13T01:51:42Z,30,0,677,A,1439.5959,N,12103.3731,E,79.40,V,5,168*50
$BNRDD,1326,2018-12-13T01:51:47Z,28,1,678,A,1439.5959,N,12103.3731,E,79.40,V,5,168*52
$BNRDD,1326,2018-12-13T01:51:52Z,31,5,683,A,1439.5959,N,12103.3731,E,79.40,V,5,168*5E
$BNRDD,1326,2018-12-13T01:51:57Z,30,2,685,A,1439.5802,N,12103.3758,E,126.60,A,3,9999*4C
$BNRDD,1326,2018-12-13T01:52:02Z,27,1,686,A,1439.5790,N,12103.3753,E,111.10,A,5,182*78
$BNRDD,1326,2018-12-13T01:52:07Z,24,2,688,A,1439.5783,N,12103.3724,E,84.60,A,4,188*40
$BNRDD,1326,2018-12-13T01:52:12Z,24,1,689,A,1439.5774,N,12103.3725,E,82.50,V,1,9999*69
$BNRDD,1326,2018-12-13T01:52:17Z,25,2,691,A,1439.5779,N,12103.3721,E,82.00,V,1,9999*6B
$BNRDD,1326,2018-12-13T01:52:22Z,25,2,693,A,1439.5779,N,12103.3721,E,82.00,V,1,9999*6F
$BNRDD,1326,2018-12-13T01:52:27Z,24,3,696,A,1439.5779,N,12103.3721,E,82.00,V,1,9999*6F
$BNRDD,1326,2018-12-13T01:52:32Z,26,4,700,A,1439.5779,N,12103.3721,E,82.00,V,1,9999*60
$BNRDD,1326,2018-12-13T01:52:37Z,26,3,703,A,1439.5779,N,12103.3721,E,82.00,V,1,9999*61
$BNRDD,1326,2018-12-13T01:52:42Z,31,5,708,A,1439.5779,N,12103.3721,E,82.00,V,1,9999*68
$BNRDD,1326,2018-12-13T01:52:47Z,37,7,715,A,1439.5779,N,12103.3721,E,82.00,V,1,9999*65
$BNRDD,1326,2018-12-13T01:55:07Z,35,2,811,A,1439.5973,N,12103.3631,E,66.60,A,7,117*44
$BNRDD,1326,2018-12-13T01:55:12Z,35,3,814,A,1439.5981,N,12103.3625,E,66.60,A,7,117*4C
$BNRDD,1326,2018-12-13T01:55:17Z,86,51,865,A,1439.5952,N,12103.3652,E,66.70,A,6,156*7B
$BNRDD,1326,2018-12-13T01:55:22Z,143,59,924,A,1439.5917,N,12103.3655,E,66.70,A,7,120*4F
$BNRDD,1326,2018-12-13T01:55:27Z,142,3,927,A,1439.5898,N,12103.3635,E,66.70,A,7,120*77
$BNRDD,1326,2018-12-13T01:59:58Z,154,2,1421,A,1439.6037,N,12103.3738,E,66.40,A,8,116*44
$BNRDD,1326,2018-12-13T02:00:03Z,185,35,1456,A,1439.6030,N,12103.3744,E,66.40,A,8,104*72
$BNRDD,1326,2018-12-13T02:00:08Z,295,111,1567,A,1439.6040,N,12103.3754,E,66.40,A,8,104*49
$BNRDD,1326,2018-12-13T02:00:13Z,295,4,1571,A,1439.6028,N,12103.3760,E,66.50,A,8,103*4E
$BNRDD,1326,2018-12-13T02:00:19Z,296,4,1575,A,1439.6034,N,12103.3743,E,66.40,A,8,104*49
$BNRDD,1326,2018-12-13T02:00:24Z,295,2,1577,A,1439.6052,N,12103.3743,E,66.40,A,8,103*47
$BNRDD,1326,2018-12-13T02:00:29Z,271,4,1581,A,1439.6060,N,12103.3743,E,66.30,A,8,104*4E
$BNRDD,1326,2018-12-13T02:00:34Z,173,1,1582,A,1439.6050,N,12103.3738,E,66.30,A,8,103*4D
$BNRDD,1326,2018-12-13T02:00:39Z,174,2,1584,A,1439.6028,N,12103.3734,E,66.50,A,8,103*47
$BNRDD,1326,2018-12-13T02:00:44Z,173,2,1586,A,1439.6024,N,12103.3732,E,66.50,A,8,103*42
$BNRDD,1326,2018-12-13T02:00:49Z,175,3,1589,A,1439.6029,N,12103.3728,E,66.50,A,8,103*41
$BNRDD,1326,2018-12-13T02:00:54Z,172,2,1591,A,1439.6037,N,12103.3711,E,66.60,A,7,116*4F
$BNRDD,1326,2018-12-13T02:00:59Z,170,0,1591,A,1439.6025,N,12103.3705,E,66.70,A,6,150*46
$BNRDD,1326,2018-12-13T02:01:04Z,139,4,1595,A,1439.6028,N,12103.3690,E,66.80,A,6,150*4D
$BNRDD,1326,2018-12-13T02:01:09Z,32,4,1599,A,1439.6022,N,12103.3679,E,66.90,A,6,150*7A
$BNRDD,1326,2018-12-13T02:01:14Z,29,1,1600,A,1439.6015,N,12103.3701,E,67.00,A,7,118*75
$BNRDD,1326,2018-12-13T02:01:19Z,30,5,1605,A,1439.6011,N,12103.3707,E,66.80,A,7,118*7A
$BNRDD,1326,2018-12-13T02:01:24Z,29,1,1606,A,1439.5995,N,12103.3727,E,66.40,A,8,103*76
$BNRDD,1326,2018-12-13T02:01:29Z,26,1,1607,A,1439.5996,N,12103.3709,E,66.70,A,8,103*79
$BNRDD,1326,2018-12-13T02:01:34Z,28,3,1610,A,1439.5978,N,12103.3694,E,66.70,A,8,103*7A
$BNRDD,1326,2018-12-13T02:01:39Z,26,0,1610,A,1439.5987,N,12103.3686,E,66.80,A,8,103*76
$BNRDD,1326,2018-12-13T02:01:44Z,27,3,1613,A,1439.6010,N,12103.3698,E,66.70,A,8,103*79
$BNRDD,1326,2018-12-13T02:01:49Z,24,0,1613,A,1439.6013,N,12103.3696,E,66.70,A,8,103*79
$BNRDD,1326,2018-12-13T02:01:54Z,27,5,1618,A,1439.6032,N,12103.3714,E,66.70,A,8,103*70
$BNRDD,1326,2018-12-13T02:01:59Z,29,2,1620,A,1439.6068,N,12103.3785,E,66.70,A,8,103*78
$BNRDD,1326,2018-12-13T02:02:04Z,25,0,1620,A,1439.6091,N,12103.3795,E,66.80,A,8,103*75
$BNRDD,1326,2018-12-13T02:02:09Z,22,1,1621,A,1439.6125,N,12103.3824,E,66.80,A,8,103*74
$BNRDD,1326,2018-12-13T02:02:14Z,22,1,1622,A,1439.6154,N,12103.3836,E,66.70,A,8,103*71
$BNRDD,1326,2018-12-13T02:02:19Z,19,2,1624,A,1439.6169,N,12103.3828,E,66.50,A,8,103*72
$BNRDD,1326,2018-12-13T02:02:24Z,21,3,1627,A,1439.6169,N,12103.3832,E,66.60,A,8,103*7D
$BNRDD,1326,2018-12-13T02:02:29Z,23,3,1630,A,1439.6180,N,12103.3817,E,66.70,A,8,103*75
$BNRDD,1326,2018-12-13T02:02:34Z,24,4,1634,A,1439.6203,N,12103.3793,E,66.90,A,8,116*7C
$BNRDD,1326,2018-12-13T02:02:39Z,25,1,1635,A,1439.6217,N,12103.3781,E,67.00,A,8,103*7E
$BNRDD,1326,2018-12-13T02:02:44Z,22,0,1635,A,1439.6220,N,12103.3782,E,66.80,A,8,103*7C
$BNRDD,1326,2018-12-13T02:02:49Z,29,7,1642,A,1439.6240,N,12103.3789,E,66.50,A,8,103*7D
$BNRDD,1326,2018-12-13T02:02:54Z,28,4,1646,A,1439.6243,N,12103.3796,E,66.30,A,8,103*7C
$BNRDD,1326,2018-12-13T02:02:59Z,29,3,1649,A,1439.6254,N,12103.3792,E,66.90,A,8,103*70
$BNRDD,1326,2018-12-13T02:03:04Z,29,0,1649,A,1439.6254,N,12103.3782,E,67.50,A,8,116*72
$BNRDD,1326,2018-12-13T02:03:09Z,30,2,1651,A,1439.6261,N,12103.3775,E,67.60,A,8,103*75
$BNRDD,1326,2018-12-13T02:03:14Z,31,2,1653,A,1439.6261,N,12103.3779,E,67.40,A,8,103*74
$BNRDD,1326,2018-12-13T02:03:19Z,32,3,1656,A,1439.6264,N,12103.3794,E,67.10,A,8,103*7D
$BNRDD,1326,2018-12-13T02:03:24Z,32,3,1659,A,1439.6263,N,12103.3795,E,67.10,A,8,103*7A
$BNRDD,1326,2018-12-13T02:03:29Z,33,4,1663,A,1439.6266,N,12103.3778,E,67.50,A,8,103*7A
$BNRDD,1326,2018-12-13T02:03:34Z,33,4,1667,A,1439.6267,N,12103.3776,E,68.00,A,8,103*77
$BNRDD,1326,2018-12-13T02:03:39Z,33,1,1668,A,1439.6265,N,12103.3785,E,68.10,A,8,103*7F
$BNRDD,1326,2018-12-13T02:03:44Z,38,5,1673,A,1439.6261,N,12103.3806,E,68.30,A,8,103*72
$BNRDD,1326,2018-12-13T02:03:49Z,34,3,1676,A,1439.6256,N,12103.3805,E,68.30,A,8,103*77
$BNRDD,1326,2018-12-13T02:03:54Z,32,2,1678,A,1439.6244,N,12103.3822,E,68.60,A,8,103*71
$BNRDD,1326,2018-12-13T02:03:59Z,32,3,1681,A,1439.6242,N,12103.3830,E,68.90,A,8,103*71
$BNRDD,1326,2018-12-13T02:04:04Z,33,1,1682,A,1439.6239,N,12103.3830,E,68.90,A,8,103*72
$BNRDD,1326,2018-12-13T02:04:09Z,35,4,1686,A,1439.6235,N,12103.3828,E,68.90,A,8,103*7D
$BNRDD,1326,2018-12-13T02:04:14Z,36,3,1689,A,1439.6232,N,12103.3827,E,69.00,A,8,103*7A
$BNRDD,1326,2018-12-13T02:04:19Z,34,1,1690,A,1439.6234,N,12103.3818,E,68.90,A,8,103*7D
$BNRDD,1326,2018-12-13T02:04:25Z,32,1,1691,A,1439.6238,N,12103.3812,E,69.10,A,8,103*7A
$BNRDD,1326,2018-12-13T02:04:30Z,28,0,1691,A,1439.6241,N,12103.3808,E,69.10,A,8,103*71
$BNRDD,1326,2018-12-13T02:04:35Z,27,3,1694,A,1439.6238,N,12103.3802,E,69.60,A,8,103*7E
$BNRDD,1326,2018-12-13T02:04:40Z,28,2,1696,A,1439.6240,N,12103.3788,E,69.70,A,8,103*73
$BNRDD,1326,2018-12-13T02:04:45Z,23,0,1696,A,1439.6236,N,12103.3787,E,69.70,A,8,103*71
$BNRDD,1326,2018-12-13T02:04:50Z,23,3,1699,A,1439.6234,N,12103.3789,E,69.70,A,8,103*75
$BNRDD,1326,2018-12-13T02:04:55Z,21,0,1699,A,1439.6230,N,12103.3792,E,69.70,A,8,103*7F
$BNRDD,1326,2018-12-13T02:05:00Z,19,1,1700,A,1439.6232,N,12103.3793,E,69.80,A,8,103*79
$BNRDD,1326,2018-12-13T02:05:05Z,20,2,1702,A,1439.6233,N,12103.3797,E,69.80,A,7,107*79
$BNRDD,1326,2018-12-13T02:05:10Z,20,4,1706,A,1439.6233,N,12103.3794,E,69.80,A,7,107*7C
$BNRDD,1326,2018-12-13T02:05:15Z,19,2,1708,A,1439.6229,N,12103.3788,E,69.80,A,7,107*7D
$BNRDD,1326,2018-12-13T02:05:20Z,19,1,1709,A,1439.6237,N,12103.3804,E,69.60,A,7,107*73
$BNRDD,1326,2018-12-13T02:05:25Z,18,0,1709,A,1439.6248,N,12103.3801,E,69.50,A,7,107*78
$BNRDD,1326,2018-12-13T02:05:30Z,19,1,1710,A,1439.6246,N,12103.3799,E,69.50,A,7,107*74
$BNRDD,1326,2018-12-13T02:05:35Z,16,0,1710,A,1439.6233,N,12103.3787,E,69.40,A,7,107*73
$BNRDD,1326,2018-12-13T02:05:40Z,16,2,1712,A,1439.6217,N,12103.3786,E,69.30,A,7,107*71
$BNRDD,1326,2018-12-13T02:05:45Z,17,1,1713,A,1439.6206,N,12103.3790,E,69.10,A,7,107*72
$BNRDD,1326,2018-12-13T02:05:50Z,14,0,1713,A,1439.6192,N,12103.3814,E,68.90,A,7,107*70
$BNRDD,1326,2018-12-13T02:05:55Z,15,1,1714,A,1439.6183,N,12103.3827,E,68.90,A,7,107*72
$BNRDD,1326,2018-12-13T02:06:00Z,18,4,1718,A,1439.6190,N,12103.3839,E,69.20,A,7,107*72
$BNRDD,1326,2018-12-13T02:06:05Z,19,3,1721,A,1439.6196,N,12103.3836,E,69.20,A,7,107*72
$BNRDD,1326,2018-12-13T02:06:10Z,16,1,1722,A,1439.6192,N,12103.3833,E,69.20,A,7,107*79
$BNRDD,1326,2018-12-13T02:06:15Z,16,2,1724,A,1439.6187,N,12103.3831,E,69.20,A,7,107*7F
$BNRDD,1326,2018-12-13T02:06:20Z,16,1,1725,A,1439.6176,N,12103.3824,E,69.30,A,7,107*70
$BNRDD,1326,2018-12-13T02:06:25Z,20,4,1729,A,1439.6175,N,12103.3824,E,69.30,A,7,107*7A
$BNRDD,1326,2018-12-13T02:06:30Z,20,1,1730,A,1439.6180,N,12103.3815,E,69.50,A,7,107*7D
$BNRDD,1326,2018-12-13T02:06:35Z,24,4,1734,A,1439.6180,N,12103.3797,E,69.60,A,7,107*7B
$BNRDD,1326,2018-12-13T02:06:40Z,25,3,1737,A,1439.6178,N,12103.3780,E,69.80,A,7,107*73
$BNRDD,1326,2018-12-13T02:06:45Z,28,4,1741,A,1439.6181,N,12103.3772,E,70.00,A,7,107*76
$BNRDD,1326,2018-12-13T02:06:50Z,31,3,1744,A,1439.6182,N,12103.3769,E,70.00,A,7,107*71
$BNRDD,1326,2018-12-13T02:06:55Z,33,3,1747,A,1439.6190,N,12103.3758,E,69.70,A,7,107*7B
$BNRDD,1326,2018-12-13T02:07:00Z,32,3,1750,A,1439.6196,N,12103.3765,E,69.70,A,7,107*75
$BNRDD,1326,2018-12-13T02:07:05Z,31,2,1752,A,1439.6209,N,12103.3762,E,69.50,A,7,107*70
$BNRDD,1326,2018-12-13T02:07:10Z,32,2,1754,A,1439.6225,N,12103.3762,E,69.60,A,7,107*7C
$BNRDD,1326,2018-12-13T02:07:15Z,32,2,1756,A,1439.6234,N,12103.3755,E,69.70,A,7,107*7E
$BNRDD,1326,2018-12-13T02:07:20Z,34,3,1759,A,1439.6248,N,12103.3755,E,70.00,A,7,107*74
$BNRDD,1326,2018-12-13T02:07:25Z,31,1,1760,A,1439.6247,N,12103.3758,E,70.20,A,7,107*7C
$BNRDD,1326,2018-12-13T02:07:30Z,31,1,1761,A,1439.6242,N,12103.3757,E,70.30,A,7,107*72
$BNRDD,1326,2018-12-13T02:07:35Z,29,2,1763,A,1439.6239,N,12103.3750,E,70.30,A,7,107*74
$BNRDD,1326,2018-12-13T02:07:40Z,26,0,1763,A,1439.6237,N,12103.3753,E,70.20,A,7,107*77
$BNRDD,1326,2018-12-13T02:07:45Z,23,1,1764,A,1439.6248,N,12103.3748,E,70.10,A,7,107*70
$BNRDD,1326,2018-12-13T02:07:50Z,21,1,1765,A,1439.6251,N,12103.3759,E,70.10,A,7,107*7F
$BNRDD,1326,2018-12-13T02:07:55Z,18,0,1765,A,1439.6255,N,12103.3764,E,70.10,A,7,107*7B
$BNRDD,1326,2018-12-13T02:08:00Z,16,1,1766,A,1439.6245,N,12103.3762,E,70.10,A,7,107*7F
$BNRDD,1326,2018-12-13T02:08:05Z,16,2,1768,A,1439.6233,N,12103.3767,E,70.10,A,7,107*73
$BNRDD,1326,2018-12-13T02:08:10Z,17,3,1771,A,1439.6234,N,12103.3780,E,70.20,A,6,118*7D
$BNRDD,1326,2018-12-13T02:08:15Z,16,1,1772,A,1439.6239,N,12103.3813,E,70.30,A,7,107*7E
$BNRDD,1326,2018-12-13T02:08:20Z,13,0,1772,A,1439.6267,N,12103.3826,E,70.30,A,7,107*71
$BNRDD,1326,2018-12-13T02:08:25Z,14,2,1774,A,1439.6247,N,12103.3800,E,70.80,A,7,107*7A
$BNRDD,1326,2018-12-13T02:08:31Z,14,1,1775,A,1439.6240,N,12103.3789,E,70.90,A,7,107*75
$BNRDD,1326,2018-12-13T02:08:36Z,14,2,1777,A,1439.6238,N,12103.3791,E,71.00,A,7,107*7D
$BNRDD,1326,2018-12-13T02:08:41Z,15,1,1778,A,1439.6231,N,12103.3792,E,71.20,A,7,107*78
$BNRDD,1326,2018-12-13T02:08:46Z,17,3,1781,A,1439.6223,N,12103.3790,E,71.40,A,7,107*7E
$BNRDD,1326,2018-12-13T02:08:51Z,18,2,1783,A,1439.6214,N,12103.3787,E,71.40,A,7,107*76
$BNRDD,1326,2018-12-13T02:08:56Z,20,2,1785,A,1439.6203,N,12103.3787,E,71.50,A,7,107*7B
$BNRDD,1326,2018-12-13T02:09:01Z,24,5,1790,A,1439.6196,N,12103.3792,E,71.40,A,7,107*75
$BNRDD,1326,2018-12-13T02:09:06Z,22,0,1790,A,1439.6195,N,12103.3794,E,71.40,A,7,107*74
$BNRDD,1326,2018-12-13T02:09:11Z,19,0,1790,A,1439.6195,N,12103.3794,E,71.40,A,7,107*7A
$BNRDD,1326,2018-12-13T02:09:16Z,18,0,1790,A,1439.6198,N,12103.3786,E,71.30,A,7,107*75
$BNRDD,1326,2018-12-13T02:09:21Z,19,1,1791,A,1439.6205,N,12103.3784,E,71.40,A,7,107*72
