# NEW LOG
# format=1.3.6nano
# deadtime=on
$BNRDD,1326,2019-05-03T03:33:36Z,31,1,4598,A,0629.3513,N,12449.1207,E,91.60,V,4,306*65
$BNRDD,1326,2019-05-03T03:33:41Z,28,1,4599,A,0629.3513,N,12449.1207,E,91.60,V,4,306*6C
$BNRDD,1326,2019-05-03T03:33:46Z,32,4,4603,A,0629.3513,N,12449.1207,E,91.60,V,4,306*65
$BNRDD,1326,2019-05-03T03:33:51Z,34,5,4608,A,0629.3513,N,12449.1207,E,91.60,V,4,306*6F
$BNRDD,1326,2019-05-03T03:33:56Z,34,2,4610,A,0629.3513,N,12449.1207,E,91.60,V,4,306*66
$BNRDD,1326,2019-05-03T03:34:01Z,34,0,4610,A,0629.3513,N,12449.1207,E,91.60,V,4,306*61
$BNRDD,1326,2019-05-03T03:34:06Z,35,7,4617,A,0629.3513,N,12449.1207,E,91.60,V,4,306*67
$BNRDD,1326,2019-05-03T03:34:11Z,39,6,4623,A,0629.3513,N,12449.1207,E,91.60,V,4,306*6B
$BNRDD,1326,2019-05-03T03:34:17Z,34,1,4624,A,0629.3513,N,12449.1207,E,91.60,V,4,306*60
$BNRDD,1326,2019-05-03T03:34:22Z,33,2,4626,A,0629.3513,N,12449.1207,E,91.60,V,4,306*60
$BNRDD,1326,2019-05-03T03:34:27Z,31,1,4627,A,0629.3513,N,12449.1207,E,91.60,V,4,306*65
$BNRDD,1326,2019-05-03T03:34:32Z,34,4,4631,A,0629.3513,N,12449.1207,E,91.60,V,4,306*66
$BNRDD,1326,2019-05-03T03:34:37Z,33,0,4631,A,0629.3513,N,12449.1207,E,91.60,V,4,306*60
$BNRDD,1326,2019-05-03T03:34:42Z,33,1,4632,A,0629.3513,N,12449.1207,E,91.60,V,4,306*60
$BNRDD,1326,2019-05-03T03:34:47Z,30,1,4633,A,0629.3513,N,12449.1207,E,91.60,V,4,306*67
$BNRDD,1326,2019-05-03T03:34:52Z,29,4,4637,A,0629.3513,N,12449.1207,E,91.60,V,4,306*6A
$BNRDD,1326,2019-05-03T03:34:57Z,28,1,4638,A,0629.3513,N,12449.1207,E,91.60,V,4,306*64
$BNRDD,1326,2019-05-03T03:35:02Z,30,2,4640,A,0629.3513,N,12449.1207,E,91.60,V,4,306*60
$BNRDD,1326,2019-05-03T03:35:07Z,28,5,4645,A,0629.3513,N,12449.1207,E,91.60,V,4,306*6E
$BNRDD,1326,2019-05-03T03:35:12Z,24,2,4647,A,0629.3513,N,12449.1207,E,91.60,V,4,306*63
$BNRDD,1326,2019-05-03T03:35:17Z,26,3,4650,A,0629.3513,N,12449.1207,E,91.60,V,4,306*63
$BNRDD,1326,2019-05-03T03:35:22Z,27,3,4653,A,0629.3513,N,12449.1207,E,91.60,V,4,306*67
$BNRDD,1326,2019-05-03T03:35:27Z,30,4,4657,A,0629.3513,N,12449.1207,E,91.60,V,4,306*67
$BNRDD,1326,2019-05-03T03:35:32Z,28,2,4659,A,0629.3513,N,12449.1207,E,91.60,V,4,306*62
$BNRDD,1326,2019-05-03T03:35:37Z,28,0,4659,A,0629.3513,N,12449.1207,E,91.60,V,4,306*65
$BNRDD,1326,2019-05-03T03:35:42Z,30,3,4662,A,0629.3513,N,12449.1207,E,91.60,V,4,306*65
$BNRDD,1326,2019-05-03T03:35:47Z,34,5,4667,A,0629.3513,N,12449.1207,E,91.60,V,4,306*67
$BNRDD,1326,2019-05-03T03:35:52Z,32,2,4669,A,0629.3513,N,12449.1207,E,91.60,V,4,306*6C
$BNRDD,1326,2019-05-03T03:35:57Z,34,3,4672,A,0629.3513,N,12449.1207,E,91.60,V,4,306*64
$BNRDD,1326,2019-05-03T03:36:02Z,35,3,4675,A,0629.3513,N,12449.1207,E,91.60,V,4,306*61
$BNRDD,1326,2019-05-03T03:36:07Z,33,3,4678,A,0629.3513,N,12449.1207,E,91.60,V,4,306*6F
$BNRDD,1326,2019-05-03T03:36:12Z,33,2,4680,A,0629.3513,N,12449.1207,E,91.60,V,4,306*6D
$BNRDD,1326,2019-05-03T03:36:17Z,34,4,4684,A,0629.3513,N,12449.1207,E,91.60,V,4,306*6D
$BNRDD,1326,2019-05-03T03:36:22Z,33,2,4686,A,0629.3513,N,12449.1207,E,91.60,V,4,306*68
$BNRDD,1326,2019-05-03T03:36:27Z,31,2,4688,A,0629.3513,N,12449.1207,E,91.60,V,4,306*61
$BNRDD,1326,2019-05-03T03:36:32Z,32,3,4691,A,0629.3513,N,12449.1207,E,91.60,V,4,306*6F
$BNRDD,1326,2019-05-03T03:36:37Z,33,1,4692,A,0629.3513,N,12449.1207,E,91.60,V,4,306*6A
$BNRDD,1326,2019-05-03T03:36:42Z,35,5,4697,A,0629.3513,N,12449.1207,E,91.60,V,4,306*6F
$BNRDD,1326,2019-05-03T03:36:47Z,33,3,4700,A,0629.3513,N,12449.1207,E,91.60,V,4,306*65
$BNRDD,1326,2019-05-03T03:36:52Z,35,4,4704,A,0629.3513,N,12449.1207,E,91.60,V,4,306*64
$BNRDD,1326,2019-05-03T03:36:57Z,36,4,4708,A,0629.3513,N,12449.1207,E,91.60,V,4,306*6E
$BNRDD,1326,2019-05-03T03:37:02Z,35,2,4710,A,0629.3513,N,12449.1207,E,91.60,V,4,306*63
$BNRDD,1326,2019-05-03T03:37:07Z,36,4,4714,A,0629.3513,N,12449.1207,E,91.60,V,4,306*67
$BNRDD,1326,2019-05-03T03:37:12Z,40,6,4720,A,0629.3513,N,12449.1207,E,91.60,V,4,306*67
$BNRDD,1326,2019-05-03T03:37:17Z,38,2,4722,A,0629.3513,N,12449.1207,E,91.60,V,4,306*6B
$BNRDD,1326,2019-05-03T03:37:22Z,37,1,4723,A,0629.3513,N,12449.1207,E,91.60,V,4,306*60
$BNRDD,1326,2019-05-03T03:37:27Z,38,3,4726,A,0629.3513,N,12449.1207,E,91.60,V,4,306*6D
$BNRDD,1326,2019-05-03T03:37:32Z,38,3,4729,A,0629.3513,N,12449.1207,E,91.60,V,4,306*66
$BNRDD,1326,2019-05-03T03:37:37Z,44,7,4736,A,0629.3513,N,12449.1207,E,91.60,V,4,306*62
$BNRDD,1326,2019-05-03T03:37:42Z,41,2,4738,A,0629.3513,N,12449.1207,E,91.60,V,4,306*6E
$BNRDD,1326,2019-05-03T03:37:47Z,43,5,4743,A,0629.3513,N,12449.1207,E,91.60,V,4,306*62
$BNRDD,1326,2019-05-03T03:37:52Z,43,4,4747,A,0629.3513,N,12449.1207,E,91.60,V,4,306*63
$BNRDD,1326,2019-05-03T03:37:57Z,41,2,4749,A,0629.3513,N,12449.1207,E,91.60,V,4,306*6C
$BNRDD,1326,2019-05-03T03:38:02Z,40,1,4750,A,0629.3513,N,12449.1207,E,91.60,V,4,306*69
$BNRDD,1326,2019-05-03T03:38:07Z,37,1,4751,A,0629.3513,N,12449.1207,E,91.60,V,4,306*6D
$BNRDD,1326,2019-05-03T03:38:12Z,37,6,4757,A,0629.3513,N,12449.1207,E,91.60,V,4,306*68
$BNRDD,1326,2019-05-03T03:38:17Z,39,4,4761,A,0629.3513,N,12449.1207,E,91.60,V,4,306*64
$BNRDD,1326,2019-05-03T03:38:22Z,39,1,4762,A,0629.3513,N,12449.1207,E,91.60,V,4,306*64
$BNRDD,1326,2019-05-03T03:38:27Z,40,4,4766,A,0629.3513,N,12449.1207,E,91.60,V,4,306*6E
$BNRDD,1326,2019-05-03T03:38:32Z,40,3,4769,A,0629.3513,N,12449.1207,E,91.60,V,4,306*62
$BNRDD,1326,2019-05-03T03:38:37Z,34,1,4770,A,0629.3513,N,12449.1207,E,91.60,V,4,306*6E
$BNRDD,1326,2019-05-03T03:38:42Z,33,1,4771,A,0629.3513,N,12449.1207,E,91.60,V,4,306*6A
$BNRDD,1326,2019-05-03T03:38:48Z,29,1,4772,A,0629.3513,N,12449.1207,E,91.60,V,4,306*68
$BNRDD,1326,2019-05-03T03:38:53Z,30,5,4777,A,0629.3513,N,12449.1207,E,91.60,V,4,306*6B
$BNRDD,1326,2019-05-03T03:38:58Z,32,4,4781,A,0629.3513,N,12449.1207,E,91.60,V,4,306*6A
$BNRDD,1326,2019-05-03T03:39:03Z,33,2,4783,A,0629.3513,N,12449.1207,E,91.60,V,4,306*60
$BNRDD,1326,2019-05-03T03:39:08Z,33,1,4784,A,0629.3513,N,12449.1207,E,91.60,V,4,306*6F
$BNRDD,1326,2019-05-03T03:39:13Z,28,1,4785,A,0629.3513,N,12449.1207,E,91.60,V,4,306*6E
$BNRDD,1326,2019-05-03T03:39:18Z,26,2,4787,A,0629.3513,N,12449.1207,E,91.60,V,4,306*6A
$BNRDD,1326,2019-05-03T03:39:23Z,29,4,4791,A,0629.3513,N,12449.1207,E,91.60,V,4,306*6C
$BNRDD,1326,2019-05-03T03:39:28Z,27,2,4793,A,0629.3513,N,12449.1207,E,91.60,V,4,306*6D
$BNRDD,1326,2019-05-03T03:39:33Z,27,3,4796,A,0629.3513,N,12449.1207,E,91.60,V,4,306*63
$BNRDD,1326,2019-05-03T03:39:38Z,28,2,4798,A,0629.3513,N,12449.1207,E,91.60,V,4,306*68
$BNRDD,1326,2019-05-03T03:39:43Z,29,2,4800,A,0629.3513,N,12449.1207,E,91.60,V,4,306*6B
$BNRDD,1326,2019-05-03T03:39:48Z,29,1,4801,A,0629.3513,N,12449.1207,E,91.60,V,4,306*62
$BNRDD,1326,2019-05-03T03:39:53Z,26,2,4803,A,0629.3513,N,12449.1207,E,91.60,V,4,306*66
$BNRDD,1326,2019-05-03T03:39:58Z,23,1,4804,A,0629.3513,N,12449.1207,E,91.60,V,4,306*6C
$BNRDD,1326,2019-05-03T03:40:03Z,24,3,4807,A,0629.3513,N,12449.1207,E,91.60,V,4,306*6A
$BNRDD,1326,2019-05-03T03:40:08Z,24,1,4808,A,0629.3513,N,12449.1207,E,91.60,V,4,306*6C
$BNRDD,1326,2019-05-03T03:40:13Z,26,3,4811,A,0629.3513,N,12449.1207,E,91.60,V,4,306*6E
$BNRDD,1326,2019-05-03T03:40:18Z,28,4,4815,A,0629.3513,N,12449.1207,E,91.60,V,4,306*68
$BNRDD,1326,2019-05-03T03:40:23Z,27,3,4818,A,0629.3513,N,12449.1207,E,91.60,V,4,306*65
$BNRDD,1326,2019-05-03T03:40:28Z,29,4,4822,A,0629.3513,N,12449.1207,E,91.60,V,4,306*6E
$BNRDD,1326,2019-05-03T03:40:33Z,28,2,4824,A,0629.3513,N,12449.1207,E,91.60,V,4,306*65
$BNRDD,1326,2019-05-03T03:40:38Z,29,3,4827,A,0629.3513,N,12449.1207,E,91.60,V,4,306*6D
$BNRDD,1326,2019-05-03T03:40:43Z,30,3,4830,A,0629.3513,N,12449.1207,E,91.60,V,4,306*6F
$BNRDD,1326,2019-05-03T03:40:48Z,31,2,4832,A,0629.3513,N,12449.1207,E,91.60,V,4,306*66
$BNRDD,1326,2019-05-03T03:40:53Z,30,1,4833,A,0629.3513,N,12449.1207,E,91.60,V,4,306*6F
$BNRDD,1326,2019-05-03T03:40:58Z,32,3,4836,A,0629.3513,N,12449.1207,E,91.60,V,4,306*61
$BNRDD,1326,2019-05-03T03:41:03Z,33,4,4840,A,0629.3513,N,12449.1207,E,91.60,V,4,306*69
$BNRDD,1326,2019-05-03T03:41:08Z,34,2,4842,A,0629.3513,N,12449.1207,E,91.60,V,4,306*61
$BNRDD,1326,2019-05-03T03:41:13Z,35,4,4846,A,0629.3513,N,12449.1207,E,91.60,V,4,306*68
$BNRDD,1326,2019-05-03T03:41:18Z,35,4,4850,A,0629.3513,N,12449.1207,E,91.60,V,4,306*64
$BNRDD,1326,2019-05-03T03:41:23Z,32,0,4850,A,0629.3513,N,12449.1207,E,91.60,V,4,306*6F
$BNRDD,1326,2019-05-03T03:41:28Z,30,2,4852,A,0629.3513,N,12449.1207,E,91.60,V,4,306*66
$BNRDD,1326,2019-05-03T03:41:33Z,28,0,4852,A,0629.3513,N,12449.1207,E,91.60,V,4,306*67
$BNRDD,1326,2019-05-03T03:41:38Z,28,3,4855,A,0629.3513,N,12449.1207,E,91.60,V,4,306*68
$BNRDD,1326,2019-05-03T03:41:43Z,29,4,4859,A,0629.3513,N,12449.1207,E,91.60,V,4,306*6E
$BNRDD,1326,2019-05-03T03:41:48Z,31,4,4863,A,0629.3513,N,12449.1207,E,91.60,V,4,306*65
$BNRDD,1326,2019-05-03T03:41:53Z,34,4,4867,A,0629.3513,N,12449.1207,E,91.60,V,4,306*6E
$BNRDD,1326,2019-05-03T03:41:58Z,34,3,4870,A,0629.3513,N,12449.1207,E,91.60,V,4,306*64
$BNRDD,1326,2019-05-03T03:42:03Z,32,2,4872,A,0629.3513,N,12449.1207,E,91.60,V,4,306*6C
$BNRDD,1326,2019-05-03T03:42:08Z,32,2,4874,A,0629.3513,N,12449.1207,E,91.60,V,4,306*61
$BNRDD,1326,2019-05-03T03:42:13Z,32,4,4878,A,0629.3513,N,12449.1207,E,91.60,V,4,306*61
$BNRDD,1326,2019-05-03T03:42:18Z,33,5,4883,A,0629.3513,N,12449.1207,E,91.60,V,4,306*6E
$BNRDD,1326,2019-05-03T03:42:23Z,36,3,4886,A,0629.3513,N,12449.1207,E,91.60,V,4,306*60
$BNRDD,1326,2019-05-03T03:42:28Z,35,1,4887,A,0629.3513,N,12449.1207,E,91.60,V,4,306*6B
$BNRDD,1326,2019-05-03T03:42:33Z,38,3,4890,A,0629.3513,N,12449.1207,E,91.60,V,4,306*68
$BNRDD,1326,2019-05-03T03:42:38Z,38,3,4893,A,0629.3513,N,12449.1207,E,91.60,V,4,306*60
$BNRDD,1326,2019-05-03T03:42:43Z,35,1,4894,A,0629.3513,N,12449.1207,E,91.60,V,4,306*64
$BNRDD,1326,2019-05-03T03:42:48Z,35,4,4898,A,0629.3513,N,12449.1207,E,91.60,V,4,306*66
$BNRDD,1326,2019-05-03T03:42:53Z,32,1,4899,A,0629.3513,N,12449.1207,E,91.60,V,4,306*6F
$BNRDD,1326,2019-05-03T03:42:58Z,33,4,4903,A,0629.3513,N,12449.1207,E,91.60,V,4,306*62
$BNRDD,1326,2019-05-03T03:43:03Z,34,3,4906,A,0629.3513,N,12449.1207,E,91.60,V,4,306*68
$BNRDD,1326,2019-05-03T03:43:08Z,32,0,4906,A,0629.3513,N,12449.1207,E,91.60,V,4,306*66
$BNRDD,1326,2019-05-03T03:43:13Z,30,2,4908,A,0629.3513,N,12449.1207,E,91.60,V,4,306*62
$BNRDD,1326,2019-05-03T03:43:18Z,26,1,4909,A,0629.3513,N,12449.1207,E,91.60,V,4,306*6C
$BNRDD,1326,2019-05-03T03:43:23Z,28,5,4914,A,0629.3513,N,12449.1207,E,91.60,V,4,306*62
$BNRDD,1326,2019-05-03T03:43:29Z,31,4,4918,A,0629.3513,N,12449.1207,E,91.60,V,4,306*6D
$BNRDD,1326,2019-05-03T03:43:34Z,34,6,4924,A,0629.3513,N,12449.1207,E,91.60,V,4,306*69
$BNRDD,1326,2019-05-03T03:43:39Z,37,6,4930,A,0629.3513,N,12449.1207,E,91.60,V,4,306*62
$BNRDD,1326,2019-05-03T03:43:44Z,39,3,4933,A,0629.3513,N,12449.1207,E,91.60,V,4,306*60
$BNRDD,1326,2019-05-03T03:43:49Z,37,2,4935,A,0629.3513,N,12449.1207,E,91.60,V,4,306*64
$BNRDD,1326,2019-05-03T03:43:54Z,39,3,4938,A,0629.3513,N,12449.1207,E,91.60,V,4,306*6A
$BNRDD,1326,2019-05-03T03:43:59Z,40,5,4943,A,0629.3513,N,12449.1207,E,91.60,V,4,306*63
$BNRDD,1326,2019-05-03T03:44:04Z,39,2,4945,A,0629.3513,N,12449.1207,E,91.60,V,4,306*63
$BNRDD,1326,2019-05-03T03:44:09Z,39,0,4945,A,0629.3513,N,12449.1207,E,91.60,V,4,306*6C
$BNRDD,1326,2019-05-03T03:44:14Z,40,3,4948,A,0629.3513,N,12449.1207,E,91.60,V,4,306*60
$BNRDD,1326,2019-05-03T03:44:19Z,42,3,4951,A,0629.3513,N,12449.1207,E,91.60,V,4,306*67
$BNRDD,1326,2019-05-03T03:44:24Z,42,5,4956,A,0629.3513,N,12449.1207,E,91.60,V,4,306*68
$BNRDD,1326,2019-05-03T03:44:29Z,39,1,4957,A,0629.3513,N,12449.1207,E,91.60,V,4,306*6C
$BNRDD,1326,2019-05-03T03:44:34Z,36,3,4960,A,0629.3513,N,12449.1207,E,91.60,V,4,306*69
$BNRDD,1326,2019-05-03T03:44:39Z,35,5,4965,A,0629.3513,N,12449.1207,E,91.60,V,4,306*64
$BNRDD,1326,2019-05-03T03:44:44Z,34,2,4967,A,0629.3513,N,12449.1207,E,91.60,V,4,306*6A
$BNRDD,1326,2019-05-03T03:44:49Z,33,1,4968,A,0629.3513,N,12449.1207,E,91.60,V,4,306*6C
$BNRDD,1326,2019-05-03T03:44:54Z,34,4,4972,A,0629.3513,N,12449.1207,E,91.60,V,4,306*69
$BNRDD,1326,2019-05-03T03:44:59Z,32,3,4975,A,0629.3513,N,12449.1207,E,91.60,V,4,306*62
$BNRDD,1326,2019-05-03T03:45:04Z,34,4,4979,A,0629.3513,N,12449.1207,E,91.60,V,4,306*66
$BNRDD,1326,2019-05-03T03:45:09Z,37,3,4982,A,0629.3513,N,12449.1207,E,91.60,V,4,306*6B
$BNRDD,1326,2019-05-03T03:45:14Z,36,2,4984,A,0629.3513,N,12449.1207,E,91.60,V,4,306*61
$BNRDD,1326,2019-05-03T03:45:19Z,37,4,4988,A,0629.3513,N,12449.1207,E,91.60,V,4,306*67
$BNRDD,1326,2019-05-03T03:45:24Z,38,6,4994,A,0629.3513,N,12449.1207,E,91.60,V,4,306*69
$BNRDD,1326,2019-05-03T03:45:29Z,40,3,4997,A,0629.3513,N,12449.1207,E,91.60,V,4,306*6D
$BNRDD,1326,2019-05-03T03:45:34Z,41,4,5001,A,0629.3513,N,12449.1207,E,91.60,V,4,306*60
$BNRDD,1326,2019-05-03T03:45:39Z,39,3,5004,A,0629.3513,N,12449.1207,E,91.60,V,4,306*60
$BNRDD,1326,2019-05-03T03:45:44Z,38,1,5005,A,0629.3513,N,12449.1207,E,91.60,V,4,306*68
$BNRDD,1326,2019-05-03T03:45:49Z,39,2,5007,A,0629.3513,N,12449.1207,E,91.60,V,4,306*65
$BNRDD,1326,2019-05-03T03:45:54Z,37,2,5009,A,0629.3513,N,12449.1207,E,91.60,V,4,306*69
$BNRDD,1326,2019-05-03T03:45:59Z,38,4,5013,A,0629.3513,N,12449.1207,E,91.60,V,4,306*66
$BNRDD,1326,2019-05-03T03:46:04Z,37,3,5016,A,0629.3513,N,12449.1207,E,91.60,V,4,306*60
$BNRDD,1326,2019-05-03T03:46:09Z,42,8,5024,A,0629.3513,N,12449.1207,E,91.60,V,4,306*65
$BNRDD,1326,2019-05-03T03:46:14Z,42,2,5026,A,0629.3513,N,12449.1207,E,91.60,V,4,306*61
$BNRDD,1326,2019-05-03T03:46:19Z,42,4,5030,A,0629.3513,N,12449.1207,E,91.60,V,4,306*6D
$BNRDD,1326,2019-05-03T03:46:24Z,42,6,5036,A,0629.3513,N,12449.1207,E,91.60,V,4,306*67
$BNRDD,1326,2019-05-03T03:46:29Z,42,3,5039,A,0629.3513,N,12449.1207,E,91.60,V,4,306*60
$BNRDD,1326,2019-05-03T03:46:34Z,39,1,5040,A,0629.3513,N,12449.1207,E,91.60,V,4,306*6C
$BNRDD,1326,2019-05-03T03:46:39Z,41,5,5045,A,0629.3513,N,12449.1207,E,91.60,V,4,306*6F
$BNRDD,1326,2019-05-03T03:46:44Z,42,2,5047,A,0629.3513,N,12449.1207,E,91.60,V,4,306*63
$BNRDD,1326,2019-05-03T03:46:49Z,44,4,5051,A,0629.3513,N,12449.1207,E,91.60,V,4,306*69
$BNRDD,1326,2019-05-03T03:46:54Z,46,4,5055,A,0629.3513,N,12449.1207,E,91.60,V,4,306*63
$BNRDD,1326,2019-05-03T03:46:59Z,42,0,5055,A,0629.3513,N,12449.1207,E,91.60,V,4,306*6E
$BNRDD,1326,2019-05-03T03:47:04Z,39,0,5055,A,0629.3513,N,12449.1207,E,91.60,V,4,306*6B
$BNRDD,1326,2019-05-03T03:47:09Z,32,1,5056,A,0629.3513,N,12449.1207,E,91.60,V,4,306*6F
$BNRDD,1326,2019-05-03T03:47:14Z,31,1,5057,A,0629.3513,N,12449.1207,E,91.60,V,4,306*61
$BNRDD,1326,2019-05-03T03:47:19Z,30,3,5060,A,0629.3513,N,12449.1207,E,91.60,V,4,306*6B
$BNRDD,1326,2019-05-03T03:47:24Z,26,2,5062,A,0629.3513,N,12449.1207,E,91.60,V,4,306*61
$BNRDD,1326,2019-05-03T03:47:29Z,26,3,5065,A,0629.3513,N,12449.1207,E,91.60,V,4,306*6A
$BNRDD,1326,2019-05-03T03:47:34Z,27,2,5067,A,0629.3513,N,12449.1207,E,91.60,V,4,306*64
$BNRDD,1326,2019-05-03T03:47:39Z,24,2,5069,A,0629.3513,N,12449.1207,E,91.60,V,4,306*64
$BNRDD,1326,2019-05-03T03:47:44Z,22,0,5069,A,0629.3513,N,12449.1207,E,91.60,V,4,306*6A
$BNRDD,1326,2019-05-03T03:47:49Z,24,6,5075,A,0629.3513,N,12449.1207,E,91.60,V,4,306*6A
$BNRDD,1326,2019-05-03T03:47:54Z,20,0,5075,A,0629.3513,N,12449.1207,E,91.60,V,4,306*64
$BNRDD,1326,2019-05-03T03:47:59Z,20,0,5075,A,0629.3513,N,12449.1207,E,91.60,V,4,306*69
$BNRDD,1326,2019-05-03T03:48:05Z,25,5,5080,A,0629.3513,N,12449.1207,E,91.60,V,4,306*65
$BNRDD,1326,2019-05-03T03:48:10Z,26,2,5082,A,0629.3513,N,12449.1207,E,91.60,V,4,306*67
$BNRDD,1326,2019-05-03T03:48:15Z,27,2,5084,A,0629.3513,N,12449.1207,E,91.60,V,4,306*65
$BNRDD,1326,2019-05-03T03:48:20Z,26,2,5086,A,0629.3513,N,12449.1207,E,91.60,V,4,306*60
$BNRDD,1326,2019-05-03T03:48:25Z,28,4,5090,A,0629.3513,N,12449.1207,E,91.60,V,4,306*6A
$BNRDD,1326,2019-05-03T03:48:30Z,26,1,5091,A,0629.3513,N,12449.1207,E,91.60,V,4,306*64
$BNRDD,1326,2019-05-03T03:48:35Z,28,4,5095,A,0629.3513,N,12449.1207,E,91.60,V,4,306*6E
$BNRDD,1326,2019-05-03T03:48:40Z,26,0,5095,A,0629.3513,N,12449.1207,E,91.60,V,4,306*66
$BNRDD,1326,2019-05-03T03:48:45Z,29,3,5098,A,0629.3513,N,12449.1207,E,91.60,V,4,306*62
$BNRDD,1326,2019-05-03T03:48:50Z,23,0,5098,A,0629.3513,N,12449.1207,E,91.60,V,4,306*6F
$BNRDD,1326,2019-05-03T03:48:55Z,27,4,5102,A,0629.3513,N,12449.1207,E,91.60,V,4,306*68
$BNRDD,1326,2019-05-03T03:49:00Z,28,1,5103,A,0629.3513,N,12449.1207,E,91.60,V,4,306*62
$BNRDD,1326,2019-05-03T03:49:05Z,25,2,5105,A,0629.3513,N,12449.1207,E,91.60,V,4,306*6F
$BNRDD,1326,2019-05-03T03:49:10Z,25,2,5107,A,0629.3513,N,12449.1207,E,91.60,V,4,306*69
$BNRDD,1326,2019-05-03T03:49:15Z,27,4,5111,A,0629.3513,N,12449.1207,E,91.60,V,4,306*6F
$BNRDD,1326,2019-05-03T03:49:20Z,26,1,5112,A,0629.3513,N,12449.1207,E,91.60,V,4,306*6E
$BNRDD,1326,2019-05-03T03:49:25Z,28,6,5118,A,0629.3513,N,12449.1207,E,91.60,V,4,306*68
$BNRDD,1326,2019-05-03T03:49:30Z,36,9,5127,A,0629.3513,N,12449.1207,E,91.60,V,4,306*60
$BNRDD,1326,2019-05-03T03:49:35Z,33,1,5128,A,0629.3513,N,12449.1207,E,91.60,V,4,306*67
$BNRDD,1326,2019-05-03T03:49:40Z,34,1,5129,A,0629.3513,N,12449.1207,E,91.60,V,4,306*63
$BNRDD,1326,2019-05-03T03:49:45Z,35,4,5133,A,0629.3513,N,12449.1207,E,91.60,V,4,306*69
$BNRDD,1326,2019-05-03T03:49:50Z,41,6,5139,A,0629.3513,N,12449.1207,E,91.60,V,4,306*66
$BNRDD,1326,2019-05-03T03:49:55Z,39,2,5141,A,0629.3513,N,12449.1207,E,91.60,V,4,306*67
$BNRDD,1326,2019-05-03T03:50:00Z,41,3,5144,A,0629.3513,N,12449.1207,E,91.60,V,4,306*64
$BNRDD,1326,2019-05-03T03:50:05Z,40,1,5145,A,0629.3513,N,12449.1207,E,91.60,V,4,306*63
$BNRDD,1326,2019-05-03T03:50:10Z,42,4,5149,A,0629.3513,N,12449.1207,E,91.60,V,4,306*6C
$BNRDD,1326,2019-05-03T03:50:15Z,39,1,5150,A,0629.3513,N,12449.1207,E,91.60,V,4,306*68
$BNRDD,1326,2019-05-03T03:50:20Z,38,0,5150,A,0629.3513,N,12449.1207,E,91.60,V,4,306*6E
$BNRDD,1326,2019-05-03T03:50:25Z,35,3,5153,A,0629.3513,N,12449.1207,E,91.60,V,4,306*66
$BNRDD,1326,2019-05-03T03:50:30Z,28,2,5155,A,0629.3513,N,12449.1207,E,91.60,V,4,306*69
$BNRDD,1326,2019-05-03T03:50:35Z,30,3,5158,A,0629.3513,N,12449.1207,E,91.60,V,4,306*69
$BNRDD,1326,2019-05-03T03:50:40Z,32,3,5161,A,0629.3513,N,12449.1207,E,91.60,V,4,306*63
$BNRDD,1326,2019-05-03T03:50:45Z,29,1,5162,A,0629.3513,N,12449.1207,E,91.60,V,4,306*6D
$BNRDD,1326,2019-05-03T03:50:50Z,29,6,5168,A,0629.3513,N,12449.1207,E,91.60,V,4,306*64
$BNRDD,1326,2019-05-03T03:50:55Z,29,2,5170,A,0629.3513,N,12449.1207,E,91.60,V,4,306*6C
$BNRDD,1326,2019-05-03T03:51:00Z,28,2,5172,A,0629.3513,N,12449.1207,E,91.60,V,4,306*6E
$BNRDD,1326,2019-05-03T03:51:05Z,32,5,5177,A,0629.3513,N,12449.1207,E,91.60,V,4,306*62
$BNRDD,1326,2019-05-03T03:51:10Z,33,5,5182,A,0629.3513,N,12449.1207,E,91.60,V,4,306*6D
$BNRDD,1326,2019-05-03T03:51:15Z,35,3,5185,A,0629.3513,N,12449.1207,E,91.60,V,4,306*6F
$BNRDD,1326,2019-05-03T03:51:20Z,36,1,5186,A,0629.3513,N,12449.1207,E,91.60,V,4,306*6B
$BNRDD,1326,2019-05-03T03:51:25Z,36,3,5189,A,0629.3513,N,12449.1207,E,91.60,V,4,306*63
$BNRDD,1326,2019-05-03T03:51:30Z,38,4,5193,A,0629.3513,N,12449.1207,E,91.60,V,4,306*65
$BNRDD,1326,2019-05-03T03:51:35Z,36,1,5194,A,0629.3513,N,12449.1207,E,91.60,V,4,306*6C
$BNRDD,1326,2019-05-03T03:51:40Z,34,1,5195,A,0629.3513,N,12449.1207,E,91.60,V,4,306*6D
$BNRDD,1326,2019-05-03T03:51:45Z,40,7,5202,A,0629.3513,N,12449.1207,E,91.60,V,4,306*60
$BNRDD,1326,2019-05-03T03:51:50Z,35,1,5203,A,0629.3513,N,12449.1207,E,91.60,V,4,306*61
$BNRDD,1326,2019-05-03T03:51:55Z,36,3,5206,A,0629.3513,N,12449.1207,E,91.60,V,4,306*60
$BNRDD,1326,2019-05-03T03:52:00Z,40,6,5212,A,0629.3513,N,12449.1207,E,91.60,V,4,306*62
$BNRDD,1326,2019-05-03T03:52:05Z,40,5,5217,A,0629.3513,N,12449.1207,E,91.60,V,4,306*61
$BNRDD,1326,2019-05-03T03:52:10Z,41,6,5223,A,0629.3513,N,12449.1207,E,91.60,V,4,306*60
$BNRDD,1326,2019-05-03T03:52:15Z,40,2,5225,A,0629.3513,N,12449.1207,E,91.60,V,4,306*66
# NEW LOG
# format=1.3.6nano
# deadtime=on
$BNRDD,1326,2019-05-03T04:09:34Z,31,3,560,A,0629.3386,N,12449.0688,E,91.60,A,4,241*45
$BNRDD,1326,2019-05-03T04:09:39Z,31,2,562,A,0629.3397,N,12449.0705,E,91.50,A,4,241*4C
$BNRDD,1326,2019-05-03T04:09:44Z,30,3,565,A,0629.3404,N,12449.0712,E,91.40,A,4,241*4B
$BNRDD,1326,2019-05-03T04:09:49Z,31,1,566,A,0629.3409,N,12449.0716,E,91.40,A,4,241*4F
$BNRDD,1326,2019-05-03T04:09:54Z,30,2,568,A,0629.3413,N,12449.0719,E,91.40,A,4,241*4B
$BNRDD,1326,2019-05-03T04:09:59Z,25,0,568,A,0629.3415,N,12449.0722,E,91.50,A,4,241*4F
$BNRDD,1326,2019-05-03T04:10:04Z,25,2,570,A,0629.3415,N,12449.0719,E,91.50,A,4,241*4C
$BNRDD,1326,2019-05-03T04:10:09Z,23,1,571,A,0629.3411,N,12449.0717,E,91.50,A,4,241*4F
$BNRDD,1326,2019-05-03T04:10:14Z,23,3,574,A,0629.3409,N,12449.0713,E,91.50,A,4,241*49
$BNRDD,1326,2019-05-03T04:10:19Z,22,1,575,A,0629.3406,N,12449.0710,E,91.50,A,4,241*4A
$BNRDD,1326,2019-05-03T04:10:24Z,23,3,578,A,0629.3403,N,12449.0709,E,91.50,A,4,241*47
$BNRDD,1326,2019-05-03T04:10:29Z,25,4,582,A,0629.3402,N,12449.0708,E,91.50,A,4,241*4E
$BNRDD,1326,2019-05-03T04:10:34Z,26,4,586,A,0629.3402,N,12449.0706,E,91.50,A,4,241*4B
$BNRDD,1326,2019-05-03T04:10:39Z,26,2,588,A,0629.3403,N,12449.0703,E,91.50,A,4,241*4A
$BNRDD,1326,2019-05-03T04:10:44Z,27,4,592,A,0629.3405,N,12449.0700,E,91.50,A,4,241*49
$BNRDD,1326,2019-05-03T04:10:49Z,31,5,597,A,0629.3409,N,12449.0699,E,91.50,A,4,241*4A
$BNRDD,1326,2019-05-03T04:10:54Z,35,6,603,A,0629.3414,N,12449.0701,E,91.50,A,4,1140*70
$BNRDD,1326,2019-05-03T04:10:59Z,38,3,606,A,0629.3414,N,12449.0706,E,91.40,A,4,241*45
$BNRDD,1326,2019-05-03T04:11:04Z,39,3,609,A,0629.3413,N,12449.0705,E,91.40,A,4,241*46
$BNRDD,1326,2019-05-03T04:11:09Z,41,3,612,A,0629.3410,N,12449.0708,E,91.40,A,4,241*40
$BNRDD,1326,2019-05-03T04:11:14Z,40,2,614,A,0629.3383,N,12449.0707,E,91.30,A,4,241*4F
$BNRDD,1326,2019-05-03T04:11:19Z,40,1,615,A,0629.3367,N,12449.0710,E,91.10,A,4,241*4E
$BNRDD,1326,2019-05-03T04:11:24Z,39,2,617,A,0629.3365,N,12449.0722,E,91.10,A,4,241*4C
$BNRDD,1326,2019-05-03T04:11:29Z,36,1,618,A,0629.3377,N,12449.0742,E,91.10,A,4,241*47
$BNRDD,1326,2019-05-03T04:11:34Z,33,1,619,A,0629.3383,N,12449.0752,E,91.10,A,4,241*45
$BNRDD,1326,2019-05-03T04:11:39Z,34,3,622,A,0629.3384,N,12449.0756,E,91.10,A,3,719*49
$BNRDD,1326,2019-05-03T04:11:44Z,32,2,624,A,0629.3387,N,12449.0757,E,91.10,A,3,720*4A
$BNRDD,1326,2019-05-03T04:11:49Z,29,2,626,A,0629.3390,N,12449.0757,E,91.10,A,3,720*49
$BNRDD,1326,2019-05-03T04:11:54Z,25,2,628,A,0629.3393,N,12449.0761,E,91.10,A,3,722*43
$BNRDD,1326,2019-05-03T04:11:59Z,25,3,631,A,0629.3441,N,12449.0773,E,91.40,A,4,738*45
$BNRDD,1326,2019-05-03T04:12:04Z,22,0,631,A,0629.3457,N,12449.0784,E,91.60,A,5,641*49
$BNRDD,1326,2019-05-03T04:12:09Z,21,2,633,A,0629.3474,N,12449.0787,E,91.60,A,5,644*40
$BNRDD,1326,2019-05-03T04:12:14Z,21,2,635,A,0629.3476,N,12449.0792,E,91.60,A,5,151*4F
$BNRDD,1326,2019-05-03T04:12:19Z,21,1,636,A,0629.3477,N,12449.0794,E,91.60,A,5,150*44
$BNRDD,1326,2019-05-03T04:12:24Z,21,2,638,A,0629.3476,N,12449.0796,E,91.60,A,5,150*44
$BNRDD,1326,2019-05-03T04:12:30Z,22,2,640,A,0629.3459,N,12449.0806,E,91.60,A,5,151*47
$BNRDD,1326,2019-05-03T04:12:35Z,25,4,644,A,0629.3442,N,12449.0808,E,91.70,A,5,150*43
$BNRDD,1326,2019-05-03T04:12:40Z,23,1,645,A,0629.3441,N,12449.0802,E,91.70,A,5,150*4A
$BNRDD,1326,2019-05-03T04:12:45Z,29,8,653,A,0629.3439,N,12449.0799,E,91.70,A,5,150*49
$BNRDD,1326,2019-05-03T04:12:50Z,33,6,659,A,0629.3441,N,12449.0797,E,91.70,A,5,150*43
$BNRDD,1326,2019-05-03T04:12:55Z,34,3,662,A,0629.3437,N,12449.0796,E,91.70,A,5,150*4C
$BNRDD,1326,2019-05-03T04:13:00Z,34,3,665,A,0629.3424,N,12449.0796,E,91.80,A,5,151*46
$BNRDD,1326,2019-05-03T04:13:05Z,37,3,668,A,0629.3424,N,12449.0787,E,91.90,A,5,150*4D
$BNRDD,1326,2019-05-03T04:13:10Z,36,1,669,A,0629.3428,N,12449.0783,E,91.90,A,5,151*42
$BNRDD,1326,2019-05-03T04:13:15Z,39,5,674,A,0629.3428,N,12449.0780,E,91.90,A,5,151*43
$BNRDD,1326,2019-05-03T04:13:20Z,44,6,680,A,0629.3432,N,12449.0772,E,91.60,A,6,132*48
$BNRDD,1326,2019-05-03T04:13:25Z,45,3,683,A,0629.3442,N,12449.0768,E,91.50,A,5,270*43
$BNRDD,1326,2019-05-03T04:13:30Z,45,2,685,A,0629.3444,N,12449.0762,E,91.50,A,6,132*4A
$BNRDD,1326,2019-05-03T04:13:35Z,42,1,686,A,0629.3447,N,12449.0758,E,91.60,A,6,132*41
$BNRDD,1326,2019-05-03T04:13:40Z,45,4,690,A,0629.3450,N,12449.0757,E,91.60,A,6,132*4F
$BNRDD,1326,2019-05-03T04:13:45Z,38,1,691,A,0629.3452,N,12449.0757,E,91.60,A,6,132*46
$BNRDD,1326,2019-05-03T04:13:50Z,34,2,693,A,0629.3455,N,12449.0766,E,91.90,A,6,132*45
$BNRDD,1326,2019-05-03T04:13:55Z,33,2,695,A,0629.3459,N,12449.0767,E,92.10,A,6,132*47
$BNRDD,1326,2019-05-03T04:14:00Z,34,4,699,A,0629.3454,N,12449.0768,E,92.10,A,6,132*4F
$BNRDD,1326,2019-05-03T04:14:05Z,34,3,702,A,0629.3423,N,12449.0760,E,92.20,A,6,131*46
$BNRDD,1326,2019-05-03T04:14:10Z,36,3,705,A,0629.3362,N,12449.0751,E,92.20,A,6,132*44
$BNRDD,1326,2019-05-03T04:14:15Z,34,3,708,A,0629.3350,N,12449.0751,E,92.10,A,6,131*4F
$BNRDD,1326,2019-05-03T04:14:20Z,30,2,710,A,0629.3335,N,12449.0744,E,92.10,A,6,132*41
$BNRDD,1326,2019-05-03T04:14:25Z,30,3,713,A,0629.3306,N,12449.0763,E,92.20,A,6,132*40
$BNRDD,1326,2019-05-03T04:14:30Z,30,2,715,A,0629.3282,N,12449.0754,E,92.20,A,6,132*4A
$BNRDD,1326,2019-05-03T04:14:35Z,30,1,716,A,0629.3265,N,12449.0756,E,92.20,A,6,131*47
$BNRDD,1326,2019-05-03T04:14:40Z,27,1,717,A,0629.3257,N,12449.0764,E,92.20,A,6,132*41
$BNRDD,1326,2019-05-03T04:14:45Z,30,4,721,A,0629.3288,N,12449.0814,E,91.80,A,6,131*42
$BNRDD,1326,2019-05-03T04:14:50Z,32,4,725,A,0629.3281,N,12449.0863,E,91.50,A,5,151*41
$BNRDD,1326,2019-05-03T04:14:55Z,32,2,727,A,0629.3234,N,12449.0902,E,90.20,A,6,131*4B
$BNRDD,1326,2019-05-03T04:15:00Z,32,4,731,A,0629.3220,N,12449.0926,E,89.50,A,6,131*47
$BNRDD,1326,2019-05-03T04:15:05Z,33,4,735,A,0629.3214,N,12449.0925,E,88.60,A,6,131*41
$BNRDD,1326,2019-05-03T04:15:10Z,35,5,740,A,0629.3221,N,12449.0923,E,87.60,A,6,131*4F
$BNRDD,1326,2019-05-03T04:15:15Z,36,4,744,A,0629.3228,N,12449.0928,E,86.70,A,6,131*4E
$BNRDD,1326,2019-05-03T04:15:20Z,37,3,747,A,0629.3226,N,12449.0927,E,86.70,A,6,131*4C
$BNRDD,1326,2019-05-03T04:15:25Z,35,1,748,A,0629.3227,N,12449.0927,E,86.70,A,5,154*47
$BNRDD,1326,2019-05-03T04:15:30Z,34,1,749,A,0629.3230,N,12449.0925,E,86.70,A,6,131*47
$BNRDD,1326,2019-05-03T04:15:35Z,37,4,753,A,0629.3243,N,12449.0914,E,86.60,A,6,104*4E
$BNRDD,1326,2019-05-03T04:15:40Z,38,2,755,A,0629.3242,N,12449.0911,E,86.60,A,6,104*47
$BNRDD,1326,2019-05-03T04:15:45Z,35,1,756,A,0629.3243,N,12449.0911,E,86.60,A,7,92*71
$BNRDD,1326,2019-05-03T04:15:50Z,32,1,757,A,0629.3242,N,12449.0912,E,86.60,A,7,92*71
$BNRDD,1326,2019-05-03T04:15:55Z,33,3,760,A,0629.3241,N,12449.0912,E,86.60,A,9,80*7D
$BNRDD,1326,2019-05-03T04:16:00Z,30,1,761,A,0629.3275,N,12449.0870,E,85.30,A,9,80*7A
$BNRDD,1326,2019-05-03T04:16:05Z,28,2,763,A,0629.3298,N,12449.0852,E,83.80,A,9,81*78
$BNRDD,1326,2019-05-03T04:16:10Z,27,4,767,A,0629.3299,N,12449.0850,E,83.80,A,9,80*73
$BNRDD,1326,2019-05-03T04:16:15Z,24,1,768,A,0629.3300,N,12449.0849,E,83.80,A,9,80*76
$BNRDD,1326,2019-05-03T04:16:20Z,26,5,773,A,0629.3301,N,12449.0848,E,83.80,A,9,80*7C
$BNRDD,1326,2019-05-03T04:16:25Z,25,0,773,A,0629.3302,N,12449.0847,E,83.80,A,9,80*73
$BNRDD,1326,2019-05-03T04:16:30Z,30,6,779,A,0629.3301,N,12449.0845,E,83.80,A,9,80*7E
$BNRDD,1326,2019-05-03T04:16:35Z,29,3,782,A,0629.3307,N,12449.0840,E,83.60,A,9,80*7F
$BNRDD,1326,2019-05-03T04:16:40Z,30,3,785,A,0629.3304,N,12449.0842,E,83.60,A,9,80*73
$BNRDD,1326,2019-05-03T04:16:46Z,31,2,787,A,0629.3300,N,12449.0841,E,83.60,A,9,80*70
$BNRDD,1326,2019-05-03T04:16:51Z,35,5,792,A,0629.3299,N,12449.0840,E,83.70,A,8,88*79
$BNRDD,1326,2019-05-03T04:16:56Z,34,2,794,A,0629.3300,N,12449.0840,E,83.70,A,8,88*7F
$BNRDD,1326,2019-05-03T04:17:01Z,36,3,797,A,0629.3300,N,12449.0838,E,83.80,A,8,88*7C
$BNRDD,1326,2019-05-03T04:17:05Z,37,3,800,A,0629.3299,N,12449.0836,E,83.80,A,8,88*77
$BNRDD,1326,2019-05-03T04:17:10Z,36,3,803,A,0629.3293,N,12449.0840,E,83.60,A,9,80*7D
$BNRDD,1326,2019-05-03T04:17:15Z,36,1,804,A,0629.3289,N,12449.0844,E,83.50,A,8,88*78
$BNRDD,1326,2019-05-03T04:17:20Z,33,2,806,A,0629.3289,N,12449.0843,E,83.50,A,9,80*74
$BNRDD,1326,2019-05-03T04:17:25Z,37,4,810,A,0629.3289,N,12449.0842,E,83.50,A,9,80*75
$BNRDD,1326,2019-05-03T04:17:30Z,33,2,812,A,0629.3289,N,12449.0840,E,83.60,A,9,80*70
$BNRDD,1326,2019-05-03T04:17:35Z,30,0,812,A,0629.3286,N,12449.0843,E,83.50,A,9,80*7B
$BNRDD,1326,2019-05-03T04:17:40Z,27,0,812,A,0629.3283,N,12449.0843,E,83.40,A,9,80*7B
$BNRDD,1326,2019-05-03T04:17:45Z,25,0,812,A,0629.3282,N,12449.0842,E,83.40,A,9,80*7C
$BNRDD,1326,2019-05-03T04:17:51Z,22,2,814,A,0629.3279,N,12449.0840,E,83.30,A,9,80*7B
$BNRDD,1326,2019-05-03T04:17:56Z,21,1,815,A,0629.3268,N,12449.0844,E,82.70,A,9,80*7C
$BNRDD,1326,2019-05-03T04:18:01Z,19,1,816,A,0629.3258,N,12449.0852,E,82.00,A,9,80*7A
$BNRDD,1326,2019-05-03T04:18:06Z,19,3,819,A,0629.3254,N,12449.0857,E,81.40,A,8,98*76
$BNRDD,1326,2019-05-03T04:18:11Z,18,2,821,A,0629.3245,N,12449.0861,E,80.90,A,9,80*7A
$BNRDD,1326,2019-05-03T04:18:16Z,18,1,822,A,0629.3240,N,12449.0867,E,80.40,A,9,80*73
$BNRDD,1326,2019-05-03T04:18:21Z,18,2,824,A,0629.3244,N,12449.0865,E,79.80,A,9,80*7E
$BNRDD,1326,2019-05-03T04:18:26Z,16,2,826,A,0629.3244,N,12449.0866,E,79.20,A,9,80*7C
$BNRDD,1326,2019-05-03T04:18:31Z,17,3,829,A,0629.3242,N,12449.0868,E,79.10,A,8,88*77
$BNRDD,1326,2019-05-03T04:18:36Z,17,0,829,A,0629.3242,N,12449.0867,E,79.10,A,8,88*7C
$BNRDD,1326,2019-05-03T04:18:41Z,18,1,830,A,0629.3240,N,12449.0868,E,79.20,A,9,80*7D
$BNRDD,1326,2019-05-03T04:18:46Z,21,3,833,A,0629.3241,N,12449.0873,E,79.20,A,9,80*7A
$BNRDD,1326,2019-05-03T04:18:51Z,21,2,835,A,0629.3240,N,12449.0880,E,79.40,A,9,80*70
$BNRDD,1326,2019-05-03T04:18:56Z,22,2,837,A,0629.3239,N,12449.0883,E,79.40,A,9,80*7B
# NEW LOG
# format=1.3.6nano
# deadtime=on
$BNRDD,1326,2019-05-03T05:43:42Z,14,4,14,V,0629.3168,N,12449.1093,E,126.70,A,6,108*55
$BNRDD,1326,2019-05-03T05:43:47Z,16,2,16,V,0629.3188,N,12449.1117,E,131.10,A,6,108*55
$BNRDD,1326,2019-05-03T05:43:52Z,21,5,21,V,0629.3199,N,12449.1104,E,131.00,A,6,108*55
$BNRDD,1326,2019-05-03T05:43:57Z,22,1,22,V,0629.3194,N,12449.1083,E,125.10,A,6,108*53
$BNRDD,1326,2019-05-03T05:44:02Z,22,0,22,V,0629.3184,N,12449.1079,E,117.70,A,6,108*56
$BNRDD,1326,2019-05-03T05:44:07Z,23,1,23,V,0629.3190,N,12449.1078,E,116.50,A,6,108*55
$BNRDD,1326,2019-05-03T05:44:12Z,27,4,27,V,0629.3205,N,12449.1078,E,114.00,A,6,108*5C
$BNRDD,1326,2019-05-03T05:44:17Z,29,2,29,V,0629.3204,N,12449.1077,E,111.60,A,6,108*52
$BNRDD,1326,2019-05-03T05:44:22Z,30,1,30,V,0629.3206,N,12449.1079,E,111.60,A,6,108*5B
$BNRDD,1326,2019-05-03T05:44:27Z,29,2,32,A,0629.3207,N,12449.1081,E,111.60,A,8,83*7A
$BNRDD,1326,2019-05-03T05:44:32Z,29,3,35,A,0629.3206,N,12449.1082,E,111.60,A,8,83*7A
$BNRDD,1326,2019-05-03T05:44:37Z,25,0,35,A,0629.3206,N,12449.1081,E,111.60,A,8,83*73
$BNRDD,1326,2019-05-03T05:44:42Z,23,2,37,A,0629.3201,N,12449.1074,E,111.50,A,8,83*79
$BNRDD,1326,2019-05-03T05:44:47Z,26,5,42,A,0629.3199,N,12449.1064,E,111.10,A,8,83*7B
$BNRDD,1326,2019-05-03T05:44:52Z,24,3,45,A,0629.3200,N,12449.1049,E,111.00,A,8,83*71
$BNRDD,1326,2019-05-03T05:44:57Z,25,2,47,A,0629.3197,N,12449.1032,E,110.30,A,8,83*75
$BNRDD,1326,2019-05-03T05:45:02Z,28,3,50,A,0629.3193,N,12449.1037,E,109.70,A,7,94*7A
$BNRDD,1326,2019-05-03T05:45:07Z,29,2,52,A,0629.3194,N,12449.1042,E,109.50,A,7,94*7A
$BNRDD,1326,2019-05-03T05:45:12Z,31,6,58,A,0629.3199,N,12449.1041,E,109.50,A,7,107*4C
$BNRDD,1326,2019-05-03T05:45:17Z,30,1,59,A,0629.3203,N,12449.1039,E,109.50,A,7,107*41
$BNRDD,1326,2019-05-03T05:45:22Z,29,0,59,A,0629.3208,N,12449.1040,E,109.50,A,7,107*4B
$BNRDD,1326,2019-05-03T05:45:27Z,29,2,61,A,0629.3214,N,12449.1036,E,109.20,A,7,107*4C
$BNRDD,1326,2019-05-03T05:45:32Z,26,0,61,A,0629.3215,N,12449.1022,E,109.30,A,7,94*7B
$BNRDD,1326,2019-05-03T05:45:37Z,26,0,61,A,0629.3220,N,12449.1026,E,109.30,A,6,113*43
$BNRDD,1326,2019-05-03T05:45:42Z,24,0,61,A,0629.3227,N,12449.1036,E,109.00,A,5,143*40
$BNRDD,1326,2019-05-03T05:45:47Z,21,2,63,A,0629.3223,N,12449.1030,E,109.00,A,7,94*7B
$BNRDD,1326,2019-05-03T05:45:52Z,18,0,63,A,0629.3225,N,12449.1007,E,110.40,A,6,99*75
$BNRDD,1326,2019-05-03T05:45:57Z,20,4,67,A,0629.3218,N,12449.0981,E,110.30,A,8,83*71
$BNRDD,1326,2019-05-03T05:46:02Z,21,4,71,A,0629.3211,N,12449.0945,E,105.50,A,10,82*4F
$BNRDD,1326,2019-05-03T05:46:07Z,21,2,73,A,0629.3208,N,12449.0914,E,101.30,A,10,82*40
$BNRDD,1326,2019-05-03T05:46:12Z,18,3,76,A,0629.3194,N,12449.0889,E,98.90,A,10,82*72
$BNRDD,1326,2019-05-03T05:46:17Z,18,1,77,A,0629.3183,N,12449.0867,E,96.90,A,10,82*7C
$BNRDD,1326,2019-05-03T05:46:22Z,22,4,81,A,0629.3174,N,12449.0846,E,95.80,A,10,82*76
$BNRDD,1326,2019-05-03T05:46:27Z,23,3,84,A,0629.3166,N,12449.0828,E,94.90,A,8,102*7B
$BNRDD,1326,2019-05-03T05:46:33Z,24,1,85,A,0629.3153,N,12449.0804,E,93.40,A,9,101*7A
$BNRDD,1326,2019-05-03T05:46:38Z,26,2,87,A,0629.3142,N,12449.0781,E,91.60,A,9,101*70
$BNRDD,1326,2019-05-03T05:46:43Z,26,0,87,A,0629.3146,N,12449.0754,E,90.90,A,9,101*7C
$BNRDD,1326,2019-05-03T05:46:48Z,26,2,89,A,0629.3156,N,12449.0728,E,90.90,A,10,88*79
$BNRDD,1326,2019-05-03T05:46:53Z,26,0,89,A,0629.3166,N,12449.0706,E,90.70,A,11,82*7B
$BNRDD,1326,2019-05-03T05:46:58Z,25,3,92,A,0629.3173,N,12449.0684,E,90.00,A,11,85*75
$BNRDD,1326,2019-05-03T05:47:03Z,22,1,93,A,0629.3189,N,12449.0664,E,90.00,A,12,79*75
$BNRDD,1326,2019-05-03T05:47:08Z,20,0,93,A,0629.3203,N,12449.0642,E,89.90,A,12,79*79
$BNRDD,1326,2019-05-03T05:47:13Z,19,2,95,A,0629.3201,N,12449.0615,E,90.10,A,12,78*7C
$BNRDD,1326,2019-05-03T05:47:18Z,21,3,98,A,0629.3202,N,12449.0597,E,89.50,A,12,78*76
$BNRDD,1326,2019-05-03T05:47:23Z,20,3,101,A,0629.3190,N,12449.0568,E,89.00,A,11,83*44
$BNRDD,1326,2019-05-03T05:47:28Z,17,0,101,A,0629.3202,N,12449.0542,E,89.40,A,12,79*4A
$BNRDD,1326,2019-05-03T05:47:33Z,17,1,102,A,0629.3218,N,12449.0517,E,89.60,A,12,79*4B
$BNRDD,1326,2019-05-03T05:47:38Z,17,2,104,A,0629.3235,N,12449.0496,E,90.00,A,12,79*4C
$BNRDD,1326,2019-05-03T05:47:43Z,18,1,105,A,0629.3243,N,12449.0470,E,91.40,A,12,78*40
$BNRDD,1326,2019-05-03T05:47:48Z,18,2,107,A,0629.3255,N,12449.0450,E,93.00,A,12,79*48
$BNRDD,1326,2019-05-03T05:47:53Z,18,0,107,A,0629.3275,N,12449.0431,E,93.10,A,12,79*44
$BNRDD,1326,2019-05-03T05:47:58Z,22,7,114,A,0629.3291,N,12449.0409,E,92.90,A,12,79*4B
$BNRDD,1326,2019-05-03T05:48:03Z,22,1,115,A,0629.3305,N,12449.0389,E,92.50,A,12,79*42
$BNRDD,1326,2019-05-03T05:48:08Z,22,0,115,A,0629.3321,N,12449.0370,E,92.80,A,12,79*45
$BNRDD,1326,2019-05-03T05:48:13Z,22,2,117,A,0629.3330,N,12449.0344,E,92.60,A,12,79*46
$BNRDD,1326,2019-05-03T05:48:18Z,21,2,119,A,0629.3327,N,12449.0319,E,91.90,A,12,79*42
$BNRDD,1326,2019-05-03T05:48:23Z,23,5,124,A,0629.3314,N,12449.0293,E,91.80,A,12,79*43
$BNRDD,1326,2019-05-03T05:48:28Z,24,1,125,A,0629.3300,N,12449.0267,E,91.50,A,12,79*49
$BNRDD,1326,2019-05-03T05:48:33Z,24,1,126,A,0629.3287,N,12449.0240,E,91.20,A,12,79*4C
$BNRDD,1326,2019-05-03T05:48:38Z,26,4,130,A,0629.3274,N,12449.0212,E,90.70,A,12,79*48
$BNRDD,1326,2019-05-03T05:48:43Z,28,3,133,A,0629.3257,N,12449.0187,E,90.40,A,12,79*43
$BNRDD,1326,2019-05-03T05:48:48Z,27,1,134,A,0629.3238,N,12449.0162,E,89.90,A,12,79*45
$BNRDD,1326,2019-05-03T05:48:53Z,28,1,135,A,0629.3219,N,12449.0139,E,89.70,A,12,79*42
$BNRDD,1326,2019-05-03T05:48:58Z,23,2,137,A,0629.3199,N,12449.0114,E,89.80,A,12,79*48
$BNRDD,1326,2019-05-03T05:49:03Z,23,1,138,A,0629.3180,N,12449.0088,E,90.40,A,12,79*43
$BNRDD,1326,2019-05-03T05:49:08Z,25,2,140,A,0629.3165,N,12449.0059,E,90.50,A,12,79*44
$BNRDD,1326,2019-05-03T05:49:13Z,26,3,143,A,0629.3160,N,12449.0030,E,90.20,A,12,79*42
$BNRDD,1326,2019-05-03T05:49:18Z,24,0,143,A,0629.3156,N,12449.0001,E,90.10,A,12,79*4C
$BNRDD,1326,2019-05-03T05:49:23Z,19,0,143,A,0629.3155,N,12448.9963,E,89.80,A,11,83*4B
$BNRDD,1326,2019-05-03T05:49:28Z,20,2,145,A,0629.3161,N,12448.9927,E,89.50,A,12,79*42
$BNRDD,1326,2019-05-03T05:49:33Z,20,1,146,A,0629.3155,N,12448.9934,E,89.70,A,12,79*4F
$BNRDD,1326,2019-05-03T05:49:38Z,16,0,146,A,0629.3147,N,12448.9932,E,89.60,A,12,79*44
$BNRDD,1326,2019-05-03T05:49:43Z,15,2,148,A,0629.3148,N,12448.9934,E,89.60,A,9,89*7B
$BNRDD,1326,2019-05-03T05:49:48Z,14,0,148,A,0629.3164,N,12448.9933,E,89.70,A,10,85*4F
$BNRDD,1326,2019-05-03T05:49:53Z,17,4,152,A,0629.3171,N,12448.9919,E,89.70,A,12,79*44
$BNRDD,1326,2019-05-03T05:49:58Z,17,2,154,A,0629.3177,N,12448.9907,E,89.70,A,11,83*40
$BNRDD,1326,2019-05-03T05:50:03Z,21,5,159,A,0629.3178,N,12448.9894,E,89.70,A,12,79*4B
$BNRDD,1326,2019-05-03T05:50:08Z,21,2,161,A,0629.3176,N,12448.9885,E,89.70,A,12,79*42
$BNRDD,1326,2019-05-03T05:50:13Z,22,4,165,A,0629.3180,N,12448.9886,E,89.70,A,12,79*43
$BNRDD,1326,2019-05-03T05:50:18Z,23,1,166,A,0629.3183,N,12448.9883,E,89.70,A,12,79*49
$BNRDD,1326,2019-05-03T05:50:23Z,24,1,167,A,0629.3197,N,12448.9877,E,89.80,A,12,79*46
$BNRDD,1326,2019-05-03T05:50:28Z,24,2,169,A,0629.3205,N,12448.9891,E,89.70,A,11,81*4B
$BNRDD,1326,2019-05-03T05:50:33Z,26,3,172,A,0629.3202,N,12448.9909,E,90.10,A,12,79*45
$BNRDD,1326,2019-05-03T05:50:38Z,27,1,173,A,0629.3201,N,12448.9907,E,90.20,A,12,79*42
$BNRDD,1326,2019-05-03T05:50:43Z,29,4,177,A,0629.3208,N,12448.9896,E,90.30,A,12,79*40
$BNRDD,1326,2019-05-03T05:50:48Z,32,3,180,A,0629.3225,N,12448.9892,E,90.80,A,12,79*4E
$BNRDD,1326,2019-05-03T05:50:53Z,30,2,182,A,0629.3246,N,12448.9887,E,90.90,A,12,81*42
$BNRDD,1326,2019-05-03T05:50:58Z,28,0,182,A,0629.3275,N,12448.9880,E,91.00,A,12,81*4D
$BNRDD,1326,2019-05-03T05:51:03Z,26,3,185,A,0629.3297,N,12448.9875,E,91.20,A,11,83*4D
$BNRDD,1326,2019-05-03T05:51:08Z,26,2,187,A,0629.3309,N,12448.9869,E,91.30,A,12,81*4E
$BNRDD,1326,2019-05-03T05:51:13Z,24,2,189,A,0629.3323,N,12448.9865,E,91.50,A,11,86*4E
$BNRDD,1326,2019-05-03T05:51:18Z,24,1,190,A,0629.3325,N,12448.9866,E,91.80,A,9,92*7A
$BNRDD,1326,2019-05-03T05:51:23Z,25,2,192,A,0629.3325,N,12448.9867,E,91.80,A,11,83*4A
$BNRDD,1326,2019-05-03T05:51:28Z,25,2,194,A,0629.3326,N,12448.9869,E,91.80,A,11,83*4A
$BNRDD,1326,2019-05-03T05:51:33Z,24,2,196,A,0629.3334,N,12448.9869,E,91.90,A,12,79*47
$BNRDD,1326,2019-05-03T05:51:38Z,27,4,200,A,0629.3358,N,12448.9873,E,91.90,A,12,81*43
$BNRDD,1326,2019-05-03T05:51:43Z,26,3,203,A,0629.3401,N,12448.9879,E,91.90,A,11,86*4F
$BNRDD,1326,2019-05-03T05:51:48Z,26,3,206,A,0629.3434,N,12448.9885,E,91.80,A,11,86*45
$BNRDD,1326,2019-05-03T05:51:54Z,27,3,209,A,0629.3442,N,12448.9880,E,92.50,A,12,79*4F
$BNRDD,1326,2019-05-03T05:51:59Z,30,3,212,A,0629.3447,N,12448.9859,E,92.80,A,12,79*42
$BNRDD,1326,2019-05-03T05:52:04Z,30,3,215,A,0629.3452,N,12448.9856,E,92.90,A,12,79*44
$BNRDD,1326,2019-05-03T05:52:09Z,30,2,217,A,0629.3455,N,12448.9854,E,93.00,A,12,79*47
$BNRDD,1326,2019-05-03T05:52:14Z,30,2,219,A,0629.3454,N,12448.9853,E,93.00,A,12,79*43
$BNRDD,1326,2019-05-03T05:52:19Z,32,3,222,A,0629.3453,N,12448.9854,E,93.00,A,12,79*45
$BNRDD,1326,2019-05-03T05:52:24Z,34,4,226,A,0629.3455,N,12448.9850,E,93.00,A,12,79*4C
$BNRDD,1326,2019-05-03T05:52:29Z,33,1,227,A,0629.3455,N,12448.9843,E,93.00,A,9,91*7C
$BNRDD,1326,2019-05-03T05:52:34Z,36,5,232,A,0629.3456,N,12448.9837,E,93.00,A,7,99*73
$BNRDD,1326,2019-05-03T05:52:39Z,35,3,235,A,0629.3456,N,12448.9832,E,93.00,A,8,94*7B
$BNRDD,1326,2019-05-03T05:52:44Z,34,2,237,A,0629.3456,N,12448.9832,E,93.00,A,8,90*77
$BNRDD,1326,2019-05-03T05:52:49Z,34,3,240,A,0629.3458,N,12448.9832,E,93.00,A,8,90*75
$BNRDD,1326,2019-05-03T05:52:54Z,33,2,242,A,0629.3460,N,12448.9829,E,93.00,A,8,90*7C
$BNRDD,1326,2019-05-03T05:52:59Z,33,3,245,A,0629.3462,N,12448.9825,E,93.00,A,8,90*79
$BNRDD,1326,2019-05-03T05:53:04Z,32,2,247,A,0629.3467,N,12448.9824,E,93.00,A,8,94*72
$BNRDD,1326,2019-05-03T05:53:09Z,31,1,248,A,0629.3471,N,12448.9824,E,93.00,A,8,94*77
$BNRDD,1326,2019-05-03T05:53:14Z,31,2,250,A,0629.3473,N,12448.9825,E,93.00,A,8,90*76
$BNRDD,1326,2019-05-03T05:53:19Z,29,1,251,A,0629.3474,N,12448.9825,E,93.00,A,8,90*77
$BNRDD,1326,2019-05-03T05:53:24Z,28,3,254,A,0629.3474,N,12448.9827,E,93.00,A,8,90*7D
$BNRDD,1326,2019-05-03T05:53:29Z,28,1,255,A,0629.3471,N,12448.9828,E,93.00,A,8,90*79
$BNRDD,1326,2019-05-03T05:53:34Z,29,6,261,A,0629.3467,N,12448.9832,E,93.00,A,5,127*48
$BNRDD,1326,2019-05-03T05:53:39Z,28,2,263,A,0629.3464,N,12448.9835,E,93.00,A,4,210*40
$BNRDD,1326,2019-05-03T05:53:44Z,28,2,265,A,0629.3460,N,12448.9835,E,93.00,A,4,210*48
$BNRDD,1326,2019-05-03T05:53:49Z,33,8,273,A,0629.3459,N,12448.9834,E,93.00,A,5,153*4C
$BNRDD,1326,2019-05-03T05:53:54Z,32,1,274,A,0629.3461,N,12448.9832,E,93.00,A,5,153*42
$BNRDD,1326,2019-05-03T05:53:59Z,30,1,275,A,0629.3460,N,12448.9831,E,93.00,A,6,135*4D
$BNRDD,1326,2019-05-03T05:54:04Z,30,2,277,A,0629.3460,N,12448.9832,E,93.00,A,7,106*41
$BNRDD,1326,2019-05-03T05:54:09Z,32,3,280,A,0629.3463,N,12448.9834,E,93.00,A,7,106*42
$BNRDD,1326,2019-05-03T05:54:14Z,31,1,281,A,0629.3463,N,12448.9835,E,93.00,A,6,124*4E
$BNRDD,1326,2019-05-03T05:54:19Z,32,2,283,A,0629.3462,N,12448.9835,E,93.00,A,6,125*41
$BNRDD,1326,2019-05-03T05:54:24Z,32,3,286,A,0629.3459,N,12448.9837,E,93.00,A,6,125*41
$BNRDD,1326,2019-05-03T05:54:29Z,34,3,289,A,0629.3457,N,12448.9840,E,93.00,A,5,154*4E
$BNRDD,1326,2019-05-03T05:54:34Z,30,2,291,A,0629.3457,N,12448.9842,E,93.00,A,4,172*49
$BNRDD,1326,2019-05-03T05:54:39Z,29,1,292,A,0629.3456,N,12448.9845,E,93.00,A,5,143*49
$BNRDD,1326,2019-05-03T05:54:44Z,30,3,295,A,0629.3456,N,12448.9846,E,93.00,A,5,143*4D
$BNRDD,1326,2019-05-03T05:54:49Z,27,5,300,A,0629.3455,N,12448.9844,E,93.00,A,5,143*4C
$BNRDD,1326,2019-05-03T05:54:54Z,29,3,303,A,0629.3455,N,12448.9839,E,93.00,A,6,126*41
$BNRDD,1326,2019-05-03T05:54:59Z,32,4,307,A,0629.3457,N,12448.9833,E,93.00,A,7,102*4A
$BNRDD,1326,2019-05-03T05:55:04Z,32,2,309,A,0629.3468,N,12448.9818,E,93.00,A,8,95*7E
$BNRDD,1326,2019-05-03T05:55:09Z,31,2,311,A,0629.3471,N,12448.9809,E,93.00,A,7,106*45
$BNRDD,1326,2019-05-03T05:55:14Z,36,6,317,A,0629.3481,N,12448.9804,E,93.00,A,8,95*7A
$BNRDD,1326,2019-05-03T05:55:19Z,38,4,321,A,0629.3499,N,12448.9801,E,93.00,A,8,95*72
$BNRDD,1326,2019-05-03T05:55:24Z,41,6,327,A,0629.3500,N,12448.9798,E,93.00,A,9,94*78
$BNRDD,1326,2019-05-03T05:55:29Z,41,3,330,A,0629.3500,N,12448.9793,E,93.00,A,9,94*7D
$BNRDD,1326,2019-05-03T05:55:34Z,44,5,335,A,0629.3499,N,12448.9787,E,93.00,A,7,97*7E
$BNRDD,1326,2019-05-03T05:55:40Z,49,6,341,A,0629.3522,N,12448.9810,E,92.60,A,6,106*4F
$BNRDD,1326,2019-05-03T05:55:45Z,46,0,341,A,0629.3533,N,12448.9815,E,92.50,A,5,175*42
$BNRDD,1326,2019-05-03T05:55:50Z,49,8,349,A,0629.3532,N,12448.9818,E,92.50,A,5,141*42
# NEW LOG
# format=1.3.6nano
# deadtime=on
$BNRDD,1326,2019-05-03T12:36:24Z,27,2,32,A,0632.1158,N,12440.0709,E,120.00,A,7,127*4E
$BNRDD,1326,2019-05-03T12:36:30Z,28,1,33,A,0632.1154,N,12440.0710,E,124.80,A,8,109*4D
$BNRDD,1326,2019-05-03T12:36:35Z,24,2,35,A,0632.1154,N,12440.0711,E,125.30,A,8,103*40
$BNRDD,1326,2019-05-03T12:36:40Z,25,3,38,A,0632.1155,N,12440.0714,E,124.60,A,8,103*4F
$BNRDD,1326,2019-05-03T12:36:45Z,23,0,38,A,0632.1157,N,12440.0717,E,124.00,A,8,103*48
$BNRDD,1326,2019-05-03T12:36:50Z,23,1,39,A,0632.1158,N,12440.0720,E,123.30,A,8,103*43
$BNRDD,1326,2019-05-03T12:36:55Z,18,0,39,A,0632.1159,N,12440.0724,E,122.20,A,8,109*40
$BNRDD,1326,2019-05-03T12:37:00Z,20,3,42,A,0632.1159,N,12440.0722,E,122.50,A,8,109*44
$BNRDD,1326,2019-05-03T12:37:05Z,19,2,44,A,0632.1158,N,12440.0721,E,122.80,A,8,109*43
$BNRDD,1326,2019-05-03T12:37:10Z,19,2,46,A,0632.1159,N,12440.0719,E,123.30,A,8,109*45
$BNRDD,1326,2019-05-03T12:37:15Z,18,0,46,A,0632.1158,N,12440.0717,E,123.90,A,8,109*46
$BNRDD,1326,2019-05-03T12:37:20Z,17,1,47,A,0632.1158,N,12440.0715,E,124.50,A,8,109*46
$BNRDD,1326,2019-05-03T12:37:25Z,18,3,50,A,0632.1157,N,12440.0714,E,124.60,A,8,109*45
$BNRDD,1326,2019-05-03T12:37:30Z,21,4,54,A,0632.1156,N,12440.0712,E,124.70,A,8,109*4E
$BNRDD,1326,2019-05-03T12:37:35Z,22,3,57,A,0632.1156,N,12440.0711,E,124.80,A,8,109*40
$BNRDD,1326,2019-05-03T12:37:40Z,20,1,58,A,0632.1156,N,12440.0710,E,125.30,A,8,109*46
$BNRDD,1326,2019-05-03T12:37:45Z,20,0,58,A,0632.1156,N,12440.0710,E,125.30,A,8,109*42
$BNRDD,1326,2019-05-03T12:37:50Z,20,1,59,A,0632.1156,N,12440.0710,E,125.30,A,8,109*46
$BNRDD,1326,2019-05-03T12:37:55Z,21,1,60,A,0632.1156,N,12440.0710,E,125.30,A,8,109*48
$BNRDD,1326,2019-05-03T12:38:00Z,19,1,61,A,0632.1156,N,12440.0710,E,125.30,A,8,109*4D
$BNRDD,1326,2019-05-03T12:38:05Z,17,0,61,A,0632.1156,N,12440.0710,E,125.30,A,8,109*47
$BNRDD,1326,2019-05-03T12:38:10Z,19,4,65,A,0632.1156,N,12440.0710,E,125.30,A,8,109*4D
$BNRDD,1326,2019-05-03T12:38:15Z,21,2,67,A,0632.1156,N,12440.0710,E,125.30,A,8,109*47
$BNRDD,1326,2019-05-03T12:38:20Z,23,3,70,A,0632.1156,N,12440.0710,E,125.30,A,8,109*44
$BNRDD,1326,2019-05-03T12:38:25Z,21,1,71,A,0632.1156,N,12440.0710,E,125.30,A,8,109*40
$BNRDD,1326,2019-05-03T12:38:30Z,19,2,73,A,0632.1156,N,12440.0710,E,125.30,A,8,109*4E
$BNRDD,1326,2019-05-03T12:38:35Z,17,1,74,A,0632.1155,N,12440.0710,E,125.30,A,8,109*42
$BNRDD,1326,2019-05-03T12:38:40Z,16,0,74,A,0632.1155,N,12440.0710,E,125.30,A,8,109*40
$BNRDD,1326,2019-05-03T12:38:45Z,17,1,75,A,0632.1155,N,12440.0710,E,125.30,A,8,109*44
$BNRDD,1326,2019-05-03T12:38:50Z,16,0,75,A,0632.1155,N,12440.0710,E,125.30,A,8,109*40
$BNRDD,1326,2019-05-03T12:38:55Z,18,3,78,A,0632.1155,N,12440.0710,E,125.30,A,8,109*45
$BNRDD,1326,2019-05-03T12:39:00Z,20,3,81,A,0632.1155,N,12440.0710,E,125.30,A,8,109*49
$BNRDD,1326,2019-05-03T12:39:05Z,20,0,81,A,0632.1155,N,12440.0710,E,125.30,A,8,109*4F
$BNRDD,1326,2019-05-03T12:39:10Z,17,1,82,A,0632.1155,N,12440.0710,E,125.30,A,8,109*4D
$BNRDD,1326,2019-05-03T12:39:15Z,19,4,86,A,0632.1155,N,12440.0710,E,125.30,A,8,109*47
$BNRDD,1326,2019-05-03T12:39:20Z,17,1,87,A,0632.1155,N,12440.0710,E,125.30,A,8,109*4B
$BNRDD,1326,2019-05-03T12:39:25Z,21,5,92,A,0632.1155,N,12440.0710,E,125.30,A,9,95*7E
$BNRDD,1326,2019-05-03T12:39:30Z,23,4,96,A,0632.1155,N,12440.0710,E,125.30,A,9,95*7D
$BNRDD,1326,2019-05-03T12:39:35Z,23,1,97,A,0632.1155,N,12440.0711,E,125.30,A,9,95*7D
$BNRDD,1326,2019-05-03T12:39:40Z,23,0,97,A,0632.1155,N,12440.0711,E,125.30,A,9,95*7E
$BNRDD,1326,2019-05-03T12:39:45Z,22,0,97,A,0632.1155,N,12440.0711,E,125.30,A,9,95*7A
$BNRDD,1326,2019-05-03T12:39:50Z,23,1,98,A,0632.1155,N,12440.0711,E,125.30,A,9,95*71
$BNRDD,1326,2019-05-03T12:39:55Z,24,4,102,A,0632.1155,N,12440.0711,E,125.30,A,9,95*44
$BNRDD,1326,2019-05-03T12:40:00Z,25,4,106,A,0632.1155,N,12440.0711,E,125.30,A,10,82*71
$BNRDD,1326,2019-05-03T12:40:05Z,30,5,111,A,0632.1155,N,12440.0711,E,125.30,A,10,82*77
$BNRDD,1326,2019-05-03T12:40:10Z,31,2,113,A,0632.1155,N,12440.0711,E,125.30,A,10,82*77
$BNRDD,1326,2019-05-03T12:40:15Z,30,3,116,A,0632.1155,N,12440.0711,E,125.30,A,10,82*77
$BNRDD,1326,2019-05-03T12:40:20Z,33,4,120,A,0632.1155,N,12440.0711,E,125.30,A,10,82*70
$BNRDD,1326,2019-05-03T12:40:25Z,31,3,123,A,0632.1155,N,12440.0711,E,125.30,A,10,82*73
$BNRDD,1326,2019-05-03T12:40:30Z,28,1,124,A,0632.1155,N,12440.0711,E,125.30,A,10,82*7A
$BNRDD,1326,2019-05-03T12:40:35Z,29,2,126,A,0632.1155,N,12440.0711,E,125.30,A,10,82*7F
$BNRDD,1326,2019-05-03T12:40:40Z,33,4,130,A,0632.1155,N,12440.0711,E,125.30,A,10,82*77
$BNRDD,1326,2019-05-03T12:40:45Z,37,4,134,A,0632.1155,N,12440.0711,E,125.30,A,10,82*72
$BNRDD,1326,2019-05-03T12:40:50Z,37,1,135,A,0632.1155,N,12440.0711,E,125.30,A,10,82*72
$BNRDD,1326,2019-05-03T12:40:55Z,34,1,136,A,0632.1155,N,12440.0711,E,125.30,A,10,82*77
$BNRDD,1326,2019-05-03T12:41:00Z,31,1,137,A,0632.1155,N,12440.0711,E,125.30,A,9,94*4D
$BNRDD,1326,2019-05-03T12:41:05Z,28,2,139,A,0632.1155,N,12440.0711,E,125.30,A,9,94*4D
$BNRDD,1326,2019-05-03T12:41:10Z,28,2,141,A,0632.1154,N,12440.0712,E,125.00,A,9,94*47
$BNRDD,1326,2019-05-03T12:41:15Z,26,1,142,A,0632.1153,N,12440.0713,E,124.90,A,10,82*7D
$BNRDD,1326,2019-05-03T12:41:20Z,27,5,147,A,0632.1154,N,12440.0713,E,124.80,A,9,94*42
$BNRDD,1326,2019-05-03T12:41:25Z,27,3,150,A,0632.1154,N,12440.0713,E,124.80,A,9,94*47
$BNRDD,1326,2019-05-03T12:41:30Z,26,0,150,A,0632.1154,N,12440.0713,E,124.80,A,9,94*41
$BNRDD,1326,2019-05-03T12:41:35Z,27,3,153,A,0632.1154,N,12440.0713,E,124.80,A,9,94*45
$BNRDD,1326,2019-05-03T12:41:40Z,24,1,154,A,0632.1154,N,12440.0713,E,124.80,A,9,94*41
$BNRDD,1326,2019-05-03T12:41:45Z,20,0,154,A,0632.1154,N,12440.0713,E,124.40,A,10,82*72
$BNRDD,1326,2019-05-03T12:41:50Z,21,2,156,A,0632.1154,N,12440.0712,E,124.00,A,10,82*72
$BNRDD,1326,2019-05-03T12:41:55Z,25,5,161,A,0632.1154,N,12440.0711,E,123.90,A,10,82*7D
$BNRDD,1326,2019-05-03T12:42:00Z,28,4,165,A,0632.1154,N,12440.0711,E,123.90,A,10,82*76
$BNRDD,1326,2019-05-03T12:42:05Z,26,0,165,A,0632.1154,N,12440.0711,E,123.90,A,10,82*79
$BNRDD,1326,2019-05-03T12:42:11Z,25,1,166,A,0632.1154,N,12440.0711,E,123.90,A,10,82*7D
$BNRDD,1326,2019-05-03T12:42:16Z,24,0,166,A,0632.1154,N,12440.0712,E,123.90,A,10,82*79
$BNRDD,1326,2019-05-03T12:42:21Z,22,3,169,A,0632.1154,N,12440.0711,E,123.90,A,10,82*74
$BNRDD,1326,2019-05-03T12:42:26Z,23,4,173,A,0632.1154,N,12440.0711,E,123.90,A,10,82*7E
$BNRDD,1326,2019-05-03T12:42:31Z,26,3,176,A,0632.1154,N,12440.0711,E,123.90,A,10,82*7F
$BNRDD,1326,2019-05-03T12:42:36Z,26,3,179,A,0632.1154,N,12440.0712,E,123.90,A,10,82*74
$BNRDD,1326,2019-05-03T12:42:41Z,26,1,180,A,0632.1154,N,12440.0712,E,123.90,A,10,82*70
$BNRDD,1326,2019-05-03T12:42:46Z,26,0,180,A,0632.1154,N,12440.0712,E,123.90,A,10,82*76
$BNRDD,1326,2019-05-03T12:42:51Z,28,4,184,A,0632.1154,N,12440.0712,E,123.90,A,10,82*7E
$BNRDD,1326,2019-05-03T12:42:56Z,24,1,185,A,0632.1154,N,12440.0712,E,123.90,A,10,82*71
$BNRDD,1326,2019-05-03T12:43:01Z,22,2,187,A,0632.1154,N,12440.0712,E,123.90,A,10,82*75
$BNRDD,1326,2019-05-03T12:43:06Z,23,1,188,A,0632.1154,N,12440.0712,E,123.90,A,10,82*7F
$BNRDD,1326,2019-05-03T12:43:11Z,23,1,189,A,0632.1154,N,12440.0712,E,123.90,A,10,82*78
$BNRDD,1326,2019-05-03T12:43:16Z,27,4,193,A,0632.1154,N,12440.0712,E,123.90,A,10,82*75
$BNRDD,1326,2019-05-03T12:43:21Z,25,1,194,A,0632.1154,N,12440.0712,E,123.90,A,10,82*71
$BNRDD,1326,2019-05-03T12:43:26Z,23,2,196,A,0632.1154,N,12440.0712,E,123.90,A,10,82*71
$BNRDD,1326,2019-05-03T12:43:31Z,22,2,198,A,0632.1154,N,12440.0712,E,123.90,A,10,82*78
$BNRDD,1326,2019-05-03T12:43:36Z,19,0,198,A,0632.1154,N,12440.0712,E,124.00,A,10,82*7B
$BNRDD,1326,2019-05-03T12:43:41Z,20,2,200,A,0632.1154,N,12440.0712,E,124.00,A,10,82*71
$BNRDD,1326,2019-05-03T12:43:46Z,21,1,201,A,0632.1154,N,12440.0712,E,124.00,A,10,82*75
$BNRDD,1326,2019-05-03T12:43:51Z,18,1,202,A,0632.1154,N,12440.0712,E,124.00,A,10,82*7A
$BNRDD,1326,2019-05-03T12:43:56Z,18,1,203,A,0632.1154,N,12440.0712,E,124.00,A,10,82*7C
$BNRDD,1326,2019-05-03T12:44:01Z,17,1,204,A,0632.1153,N,12440.0712,E,124.00,A,10,82*76
$BNRDD,1326,2019-05-03T12:44:06Z,18,2,206,A,0632.1153,N,12440.0712,E,124.00,A,10,82*7F
$BNRDD,1326,2019-05-03T12:44:11Z,18,1,207,A,0632.1153,N,12440.0712,E,123.90,A,10,82*75
$BNRDD,1326,2019-05-03T12:44:16Z,14,0,207,A,0632.1153,N,12440.0712,E,123.90,A,10,82*7F
$BNRDD,1326,2019-05-03T12:44:21Z,13,0,207,A,0632.1153,N,12440.0712,E,123.90,A,9,92*45
$BNRDD,1326,2019-05-03T12:44:26Z,12,1,208,A,0632.1153,N,12440.0712,E,123.90,A,9,92*4D
$BNRDD,1326,2019-05-03T12:44:31Z,15,5,213,A,0632.1153,N,12440.0712,E,123.90,A,10,87*7E
$BNRDD,1326,2019-05-03T12:44:36Z,18,3,216,A,0632.1153,N,12440.0712,E,123.90,A,11,79*77
$BNRDD,1326,2019-05-03T12:44:41Z,18,2,218,A,0632.1153,N,12440.0712,E,123.90,A,11,79*78
$BNRDD,1326,2019-05-03T12:44:46Z,20,3,221,A,0632.1153,N,12440.0712,E,123.90,A,10,87*7F
$BNRDD,1326,2019-05-03T12:44:51Z,20,1,222,A,0632.1153,N,12440.0713,E,123.80,A,11,79*78
$BNRDD,1326,2019-05-03T12:44:56Z,19,0,222,A,0632.1153,N,12440.0713,E,123.80,A,11,79*74
$BNRDD,1326,2019-05-03T12:45:01Z,22,4,226,A,0632.1153,N,12440.0713,E,123.80,A,11,79*7F
$BNRDD,1326,2019-05-03T12:45:06Z,20,0,226,A,0632.1153,N,12440.0713,E,123.80,A,11,79*7E
$BNRDD,1326,2019-05-03T12:45:11Z,20,1,227,A,0632.1153,N,12440.0713,E,123.70,A,10,85*75
$BNRDD,1326,2019-05-03T12:45:16Z,23,3,230,A,0632.1153,N,12440.0713,E,123.70,A,11,79*77
$BNRDD,1326,2019-05-03T12:45:21Z,26,3,233,A,0632.1153,N,12440.0713,E,123.70,A,11,79*75
$BNRDD,1326,2019-05-03T12:45:26Z,29,4,237,A,0632.1153,N,12440.0713,E,123.70,A,11,79*7E
$BNRDD,1326,2019-05-03T12:45:31Z,27,3,240,A,0632.1153,N,12440.0713,E,123.80,A,11,79*7E
$BNRDD,1326,2019-05-03T12:45:36Z,25,1,241,A,0632.1153,N,12440.0713,E,123.80,A,11,79*78
$BNRDD,1326,2019-05-03T12:45:41Z,27,4,245,A,0632.1153,N,12440.0713,E,123.80,A,11,79*7B
$BNRDD,1326,2019-05-03T12:45:46Z,25,1,246,A,0632.1152,N,12440.0713,E,123.80,A,11,79*79
$BNRDD,1326,2019-05-03T12:45:51Z,28,4,250,A,0632.1152,N,12440.0713,E,123.80,A,11,79*70
$BNRDD,1326,2019-05-03T12:45:57Z,31,3,253,A,0632.1152,N,12440.0713,E,123.80,A,11,79*7A
$BNRDD,1326,2019-05-03T12:46:02Z,29,2,255,A,0632.1152,N,12440.0713,E,123.80,A,11,79*77
$BNRDD,1326,2019-05-03T12:46:07Z,29,0,255,A,0632.1152,N,12440.0713,E,123.80,A,11,79*70
$BNRDD,1326,2019-05-03T12:46:12Z,30,2,257,A,0632.1152,N,12440.0713,E,123.80,A,11,79*7C
$BNRDD,1326,2019-05-03T12:46:17Z,29,2,259,A,0632.1152,N,12440.0713,E,123.80,A,11,79*7F
$BNRDD,1326,2019-05-03T12:46:22Z,26,0,259,A,0632.1152,N,12440.0713,E,123.80,A,11,79*74
$BNRDD,1326,2019-05-03T12:46:27Z,22,0,259,A,0632.1152,N,12440.0713,E,123.80,A,11,79*75
$BNRDD,1326,2019-05-03T12:46:32Z,20,1,260,A,0632.1152,N,12440.0713,E,123.80,A,11,79*78
$BNRDD,1326,2019-05-03T12:46:37Z,23,4,264,A,0632.1152,N,12440.0713,E,123.80,A,11,79*7F
$BNRDD,1326,2019-05-03T12:46:42Z,19,0,264,A,0632.1152,N,12440.0713,E,123.80,A,11,79*70
$BNRDD,1326,2019-05-03T12:46:47Z,21,3,267,A,0632.1152,N,12440.0713,E,123.80,A,11,79*7E
$BNRDD,1326,2019-05-03T12:46:52Z,21,4,271,A,0632.1152,N,12440.0713,E,123.80,A,11,79*7A
$BNRDD,1326,2019-05-03T12:46:57Z,22,4,275,A,0632.1152,N,12440.0713,E,123.70,A,10,84*74
$BNRDD,1326,2019-05-03T12:47:02Z,20,0,275,A,0632.1152,N,12440.0713,E,123.70,A,11,79*70
$BNRDD,1326,2019-05-03T12:47:07Z,23,3,278,A,0632.1152,N,12440.0713,E,123.70,A,11,79*78
$BNRDD,1326,2019-05-03T12:47:12Z,22,1,279,A,0632.1152,N,12440.0713,E,123.70,A,12,74*70
$BNRDD,1326,2019-05-03T12:47:17Z,21,1,280,A,0632.1152,N,12440.0713,E,123.70,A,12,74*70
$BNRDD,1326,2019-05-03T12:47:22Z,26,5,285,A,0632.1152,N,12440.0713,E,123.70,A,12,74*70
$BNRDD,1326,2019-05-03T12:47:27Z,29,3,288,A,0632.1152,N,12440.0713,E,123.70,A,12,74*71
$BNRDD,1326,2019-05-03T12:47:32Z,32,4,292,A,0632.1152,N,12440.0713,E,123.70,A,12,74*73
$BNRDD,1326,2019-05-03T12:47:37Z,28,0,292,A,0632.1152,N,12440.0713,E,123.70,A,12,74*79
$BNRDD,1326,2019-05-03T12:47:42Z,31,3,295,A,0632.1152,N,12440.0714,E,123.70,A,12,74*70
$BNRDD,1326,2019-05-03T12:47:47Z,29,1,296,A,0632.1152,N,12440.0714,E,123.70,A,12,74*7D
$BNRDD,1326,2019-05-03T12:47:52Z,28,3,299,A,0632.1152,N,12440.0714,E,123.70,A,12,74*75
$BNRDD,1326,2019-05-03T12:47:57Z,26,2,301,A,0632.1152,N,12440.0714,E,123.70,A,12,74*7F
$BNRDD,1326,2019-05-03T12:48:02Z,33,7,308,A,0632.1152,N,12440.0714,E,123.70,A,11,79*76
$BNRDD,1326,2019-05-03T12:48:07Z,32,2,310,A,0632.1152,N,12440.0714,E,123.70,A,12,74*70
$BNRDD,1326,2019-05-03T12:48:12Z,32,1,311,A,0632.1152,N,12440.0714,E,123.70,A,12,74*76
$BNRDD,1326,2019-05-03T12:48:17Z,33,2,313,A,0632.1152,N,12440.0714,E,123.70,A,12,74*73
$BNRDD,1326,2019-05-03T12:48:22Z,29,1,314,A,0632.1152,N,12440.0714,E,123.70,A,12,74*7A
$BNRDD,1326,2019-05-03T12:48:27Z,28,2,316,A,0632.1152,N,12440.0714,E,123.70,A,12,74*7F
$BNRDD,1326,2019-05-03T12:48:32Z,25,1,317,A,0632.1152,N,12440.0714,E,123.70,A,12,74*74
$BNRDD,1326,2019-05-03T12:48:37Z,26,1,318,A,0632.1152,N,12440.0714,E,123.70,A,12,74*7D
$BNRDD,1326,2019-05-03T12:48:42Z,24,1,319,A,0632.1152,N,12440.0714,E,123.70,A,11,80*74
$BNRDD,1326,2019-05-03T12:48:47Z,24,1,320,A,0632.1152,N,12440.0714,E,123.60,A,11,80*7A
$BNRDD,1326,2019-05-03T12:48:52Z,22,1,321,A,0632.1152,N,12440.0714,E,123.60,A,12,74*71
$BNRDD,1326,2019-05-03T12:48:57Z,23,3,324,A,0632.1152,N,12440.0714,E,123.60,A,12,74*72
$BNRDD,1326,2019-05-03T12:49:02Z,17,1,325,A,0632.1152,N,12440.0714,E,123.60,A,12,74*77
$BNRDD,1326,2019-05-03T12:49:07Z,16,1,326,A,0632.1152,N,12440.0714,E,123.60,A,12,74*70
$BNRDD,1326,2019-05-03T12:49:12Z,18,3,329,A,0632.1152,N,12440.0714,E,123.60,A,12,74*77
$BNRDD,1326,2019-05-03T12:49:17Z,18,2,331,A,0632.1152,N,12440.0714,E,123.60,A,12,74*7A
$BNRDD,1326,2019-05-03T12:49:22Z,18,1,332,A,0632.1152,N,12440.0714,E,123.60,A,12,74*7C
$BNRDD,1326,2019-05-03T12:49:27Z,20,4,336,A,0632.1152,N,12440.0714,E,123.60,A,12,74*73
$BNRDD,1326,2019-05-03T12:49:32Z,20,1,337,A,0632.1152,N,12440.0714,E,123.60,A,12,74*73
$BNRDD,1326,2019-05-03T12:49:37Z,19,0,337,A,0632.1152,N,12440.0714,E,123.60,A,12,74*7D
$BNRDD,1326,2019-05-03T12:49:42Z,20,2,339,A,0632.1152,N,12440.0714,E,123.60,A,12,74*79
$BNRDD,1326,2019-05-03T12:49:47Z,21,2,341,A,0632.1152,N,12440.0714,E,123.60,A,12,74*72
$BNRDD,1326,2019-05-03T12:49:53Z,22,2,343,A,0632.1152,N,12440.0714,E,123.50,A,12,74*75
$BNRDD,1326,2019-05-03T12:49:58Z,21,2,345,A,0632.1152,N,12440.0714,E,123.50,A,12,74*7B
$BNRDD,1326,2019-05-03T12:50:03Z,23,3,348,A,0632.1152,N,12440.0714,E,123.50,A,12,74*73
$BNRDD,1326,2019-05-03T12:50:08Z,25,3,351,A,0632.1152,N,12440.0714,E,123.50,A,12,74*76
$BNRDD,1326,2019-05-03T12:50:13Z,25,3,354,A,0632.1152,N,12440.0714,E,123.50,A,11,80*71
$BNRDD,1326,2019-05-03T12:50:18Z,27,4,358,A,0632.1152,N,12440.0714,E,123.50,A,11,80*73
$BNRDD,1326,2019-05-03T12:50:23Z,29,3,361,A,0632.1152,N,12440.0714,E,123.50,A,11,80*78
$BNRDD,1326,2019-05-03T12:50:28Z,25,0,361,A,0632.1152,N,12440.0714,E,123.50,A,11,80*7C
$BNRDD,1326,2019-05-03T12:50:33Z,24,0,361,A,0632.1152,N,12440.0714,E,123.50,A,11,80*77
$BNRDD,1326,2019-05-03T12:50:38Z,27,3,364,A,0632.1152,N,12440.0714,E,123.50,A,11,80*79
$BNRDD,1326,2019-05-03T12:50:43Z,25,0,364,A,0632.1152,N,12440.0714,E,123.50,A,11,80*74
$BNRDD,1326,2019-05-03T12:50:48Z,28,5,369,A,0632.1152,N,12440.0714,E,123.40,A,11,80*7B
$BNRDD,1326,2019-05-03T12:50:53Z,27,1,370,A,0632.1152,N,12440.0714,E,123.40,A,11,80*72
$BNRDD,1326,2019-05-03T12:50:58Z,28,3,373,A,0632.1152,N,12440.0714,E,123.40,A,11,80*77
$BNRDD,1326,2019-05-03T12:51:03Z,26,1,374,A,0632.1152,N,12440.0714,E,123.40,A,12,74*7B
$BNRDD,1326,2019-05-03T12:51:08Z,27,4,378,A,0632.1152,N,12440.0714,E,123.40,A,12,74*78
$BNRDD,1326,2019-05-03T12:51:13Z,25,1,379,A,0632.1152,N,12440.0714,E,123.40,A,12,74*74
$BNRDD,1326,2019-05-03T12:51:18Z,23,2,381,A,0632.1152,N,12440.0714,E,123.40,A,12,74*7D
$BNRDD,1326,2019-05-03T12:51:23Z,21,1,382,A,0632.1152,N,12440.0714,E,123.30,A,11,80*78
$BNRDD,1326,2019-05-03T12:51:28Z,21,0,382,A,0632.1152,N,12440.0714,E,123.30,A,12,74*7A
$BNRDD,1326,2019-05-03T12:51:33Z,23,2,384,A,0632.1152,N,12440.0714,E,123.30,A,11,80*7E
$BNRDD,1326,2019-05-03T12:51:38Z,24,4,388,A,0632.1152,N,12440.0714,E,123.30,A,11,80*78
$BNRDD,1326,2019-05-03T12:51:43Z,27,3,391,A,0632.1151,N,12440.0714,E,123.30,A,11,80*7B
$BNRDD,1326,2019-05-03T12:51:48Z,25,3,394,A,0632.1152,N,12440.0714,E,123.30,A,11,80*74
$BNRDD,1326,2019-05-03T12:51:53Z,25,1,395,A,0632.1152,N,12440.0714,E,123.30,A,11,80*7D
$BNRDD,1326,2019-05-03T12:51:58Z,23,1,396,A,0632.1151,N,12440.0714,E,123.30,A,11,80*70
$BNRDD,1326,2019-05-03T12:52:03Z,23,1,397,A,0632.1151,N,12440.0714,E,123.30,A,11,80*7C
$BNRDD,1326,2019-05-03T12:52:08Z,20,1,398,A,0632.1151,N,12440.0714,E,123.30,A,11,80*7B
$BNRDD,1326,2019-05-03T12:52:13Z,21,2,400,A,0632.1151,N,12440.0714,E,123.30,A,11,80*75
$BNRDD,1326,2019-05-03T12:52:18Z,20,1,401,A,0632.1151,N,12440.0714,E,123.30,A,11,80*7D
$BNRDD,1326,2019-05-03T12:52:24Z,21,2,403,A,0632.1151,N,12440.0714,E,123.30,A,11,80*72
$BNRDD,1326,2019-05-03T12:52:29Z,21,0,403,A,0632.1151,N,12440.0714,E,123.30,A,11,80*7D
$BNRDD,1326,2019-05-03T12:52:34Z,19,0,403,A,0632.1151,N,12440.0714,E,123.30,A,11,80*7A
$BNRDD,1326,2019-05-03T12:52:39Z,17,2,405,A,0632.1151,N,12440.0714,E,123.30,A,11,80*7D
$BNRDD,1326,2019-05-03T12:52:44Z,16,2,407,A,0632.1151,N,12440.0714,E,123.20,A,10,84*70
$BNRDD,1326,2019-05-03T12:52:49Z,17,4,411,A,0632.1151,N,12440.0714,E,123.20,A,10,84*7D
$BNRDD,1326,2019-05-03T12:52:54Z,20,4,415,A,0632.1151,N,12440.0714,E,123.20,A,10,84*71
$BNRDD,1326,2019-05-03T12:52:59Z,21,2,417,A,0632.1151,N,12440.0715,E,123.20,A,10,84*78
$BNRDD,1326,2019-05-03T12:53:04Z,22,2,419,A,0632.1151,N,12440.0715,E,123.20,A,11,80*79
$BNRDD,1326,2019-05-03T12:53:08Z,23,2,421,A,0632.1151,N,12440.0715,E,123.20,A,11,80*7F
$BNRDD,1326,2019-05-03T12:53:13Z,24,3,424,A,0632.1151,N,12440.0715,E,123.20,A,11,80*76
$BNRDD,1326,2019-05-03T12:53:19Z,26,3,427,A,0632.1151,N,12440.0715,E,123.20,A,11,80*7D
$BNRDD,1326,2019-05-03T12:53:24Z,24,0,427,A,0632.1151,N,12440.0715,E,123.20,A,11,80*72
$BNRDD,1326,2019-05-03T12:53:29Z,28,4,431,A,0632.1151,N,12440.0715,E,123.20,A,11,80*70
$BNRDD,1326,2019-05-03T12:53:34Z,28,0,431,A,0632.1151,N,12440.0715,E,123.20,A,11,80*78
$BNRDD,1326,2019-05-03T12:53:39Z,28,2,433,A,0632.1151,N,12440.0715,E,123.20,A,11,80*75
$BNRDD,1326,2019-05-03T12:53:44Z,27,1,434,A,0632.1151,N,12440.0715,E,123.10,A,11,80*77
$BNRDD,1326,2019-05-03T12:53:49Z,26,3,437,A,0632.1151,N,12440.0715,E,123.10,A,11,80*7A
$BNRDD,1326,2019-05-03T12:53:54Z,22,0,437,A,0632.1151,N,12440.0715,E,123.10,A,11,80*71
$BNRDD,1326,2019-05-03T12:53:59Z,20,0,437,A,0632.1151,N,12440.0715,E,123.10,A,11,80*7E
$BNRDD,1326,2019-05-03T12:54:04Z,19,1,438,A,0632.1151,N,12440.0715,E,123.10,A,11,80*75
$BNRDD,1326,2019-05-03T12:54:09Z,19,2,440,A,0632.1151,N,12440.0715,E,123.10,A,11,80*74
$BNRDD,1326,2019-05-03T12:54:14Z,18,2,442,A,0632.1151,N,12440.0715,E,123.10,A,11,80*7B
$BNRDD,1326,2019-05-03T12:54:19Z,17,2,444,A,0632.1151,N,12440.0715,E,123.10,A,11,80*7F
$BNRDD,1326,2019-05-03T12:54:24Z,20,3,447,A,0632.1151,N,12440.0715,E,123.10,A,11,80*77
$BNRDD,1326,2019-05-03T12:54:29Z,17,1,448,A,0632.1151,N,12440.0715,E,123.10,A,11,79*75
$BNRDD,1326,2019-05-03T12:54:34Z,18,1,449,A,0632.1151,N,12440.0715,E,123.00,A,11,79*76
$BNRDD,1326,2019-05-03T12:54:39Z,19,3,452,A,0632.1151,N,12440.0715,E,123.00,A,11,79*72
$BNRDD,1326,2019-05-03T12:54:44Z,22,4,456,A,0632.1151,N,12440.0715,E,123.00,A,11,79*73
$BNRDD,1326,2019-05-03T12:54:49Z,21,2,458,A,0632.1151,N,12440.0715,E,123.00,A,11,79*75
$BNRDD,1326,2019-05-03T12:54:54Z,22,1,459,A,0632.1151,N,12440.0715,E,123.00,A,11,79*78
$BNRDD,1326,2019-05-03T12:54:59Z,22,0,459,A,0632.1151,N,12440.0715,E,123.00,A,11,79*74
$BNRDD,1326,2019-05-03T12:55:04Z,22,1,460,A,0632.1151,N,12440.0716,E,123.00,A,11,79*75
$BNRDD,1326,2019-05-03T12:55:09Z,20,0,460,A,0632.1151,N,12440.0716,E,123.00,A,11,79*7B
$BNRDD,1326,2019-05-03T12:55:14Z,18,0,460,A,0632.1151,N,12440.0716,E,123.00,A,11,79*7C
$BNRDD,1326,2019-05-03T12:55:19Z,18,2,462,A,0632.1151,N,12440.0716,E,123.00,A,11,79*71
$BNRDD,1326,2019-05-03T12:55:24Z,16,1,463,A,0632.1151,N,12440.0716,E,123.00,A,12,74*7D
$BNRDD,1326,2019-05-03T12:55:29Z,16,1,464,A,0632.1151,N,12440.0716,E,123.00,A,12,74*77
$BNRDD,1326,2019-05-03T12:55:34Z,16,1,465,A,0632.1151,N,12440.0716,E,122.90,A,12,74*72
$BNRDD,1326,2019-05-03T12:55:39Z,15,2,467,A,0632.1151,N,12440.0716,E,123.00,A,12,74*75
$BNRDD,1326,2019-05-03T12:55:44Z,11,0,467,A,0632.1151,N,12440.0716,E,122.90,A,12,74*71
$BNRDD,1326,2019-05-03T12:55:49Z,9,0,467,A,0632.1151,N,12440.0716,E,122.90,A,12,74*45
$BNRDD,1326,2019-05-03T12:55:54Z,11,3,470,A,0632.1151,N,12440.0716,E,122.90,A,12,74*75
$BNRDD,1326,2019-05-03T12:55:59Z,12,1,471,A,0632.1151,N,12440.0716,E,122.90,A,12,74*78
$BNRDD,1326,2019-05-03T12:56:04Z,12,1,472,A,0632.1151,N,12440.0716,E,122.90,A,12,74*70
$BNRDD,1326,2019-05-03T12:56:09Z,12,0,472,A,0632.1151,N,12440.0716,E,122.90,A,11,79*72
$BNRDD,1326,2019-05-03T12:56:14Z,14,2,474,A,0632.1151,N,12440.0716,E,122.90,A,11,79*7C
$BNRDD,1326,2019-05-03T12:56:19Z,14,2,476,A,0632.1151,N,12440.0716,E,122.90,A,11,79*73
$BNRDD,1326,2019-05-03T12:56:24Z,15,2,478,A,0632.1151,N,12440.0716,E,122.90,A,11,79*72
$BNRDD,1326,2019-05-03T12:56:29Z,15,1,479,A,0632.1151,N,12440.0716,E,122.90,A,11,79*7D
$BNRDD,1326,2019-05-03T12:56:34Z,15,1,480,A,0632.1151,N,12440.0716,E,122.90,A,11,79*77
$BNRDD,1326,2019-05-03T12:56:39Z,15,2,482,A,0632.1151,N,12440.0716,E,122.90,A,11,79*7B
$BNRDD,1326,2019-05-03T12:56:44Z,18,3,485,A,0632.1151,N,12440.0716,E,122.90,A,11,79*7A
$BNRDD,1326,2019-05-03T12:56:49Z,19,1,486,A,0632.1151,N,12440.0716,E,122.90,A,11,79*77
$BNRDD,1326,2019-05-03T12:56:54Z,19,3,489,A,0632.1151,N,12440.0716,E,122.90,A,11,79*76
$BNRDD,1326,2019-05-03T12:56:59Z,19,1,490,A,0632.1151,N,12440.0716,E,122.90,A,11,79*71
$BNRDD,1326,2019-05-03T12:57:04Z,20,2,492,A,0632.1151,N,12440.0716,E,122.80,A,11,79*72
$BNRDD,1326,2019-05-03T12:57:10Z,20,0,492,A,0632.1151,N,12440.0716,E,122.80,A,11,79*75
$BNRDD,1326,2019-05-03T12:57:15Z,19,1,493,A,0632.1151,N,12440.0716,E,122.80,A,11,79*7A
$BNRDD,1326,2019-05-03T12:57:20Z,19,2,495,A,0632.1151,N,12440.0716,E,122.80,A,11,79*79
$BNRDD,1326,2019-05-03T12:57:25Z,20,3,498,A,0632.1151,N,12440.0716,E,122.80,A,11,79*7A
$BNRDD,1326,2019-05-03T12:57:30Z,20,1,499,A,0632.1151,N,12440.0716,E,122.80,A,11,79*7D
$BNRDD,1326,2019-05-03T12:57:35Z,21,2,501,A,0632.1151,N,12440.0716,E,122.80,A,11,79*7A
$BNRDD,1326,2019-05-03T12:57:40Z,19,0,501,A,0632.1151,N,12440.0716,E,122.80,A,11,79*71
$BNRDD,1326,2019-05-03T12:57:45Z,18,2,503,A,0632.1151,N,12440.0716,E,122.80,A,11,79*75
$BNRDD,1326,2019-05-03T12:57:50Z,18,1,504,A,0632.1151,N,12440.0716,E,122.80,A,11,79*75
$BNRDD,1326,2019-05-03T12:57:55Z,18,3,507,A,0632.1151,N,12440.0716,E,122.80,A,11,79*71
$BNRDD,1326,2019-05-03T12:58:00Z,18,1,508,A,0632.1151,N,12440.0716,E,122.80,A,11,79*73
$BNRDD,1326,2019-05-03T12:58:05Z,18,2,510,A,0632.1151,N,12440.0716,E,122.80,A,11,79*7C
$BNRDD,1326,2019-05-03T12:58:10Z,19,1,511,A,0632.1151,N,12440.0716,E,122.80,A,11,79*7B
$BNRDD,1326,2019-05-03T12:58:15Z,20,2,513,A,0632.1151,N,12440.0717,E,122.70,A,11,79*7B
$BNRDD,1326,2019-05-03T12:58:20Z,19,1,514,A,0632.1151,N,12440.0716,E,122.70,A,11,79*72
$BNRDD,1326,2019-05-03T12:58:25Z,17,1,515,A,0632.1151,N,12440.0716,E,122.70,A,11,79*78
$BNRDD,1326,2019-05-03T12:58:30Z,19,3,518,A,0632.1151,N,12440.0716,E,122.70,A,11,79*7D
$BNRDD,1326,2019-05-03T12:58:35Z,17,0,518,A,0632.1151,N,12440.0716,E,122.70,A,11,79*75
$BNRDD,1326,2019-05-03T12:58:40Z,17,0,518,A,0632.1151,N,12440.0716,E,122.70,A,11,79*77
$BNRDD,1326,2019-05-03T12:58:45Z,18,3,521,A,0632.1151,N,12440.0716,E,122.70,A,11,79*74
$BNRDD,1326,2019-05-03T12:58:50Z,21,4,525,A,0632.1151,N,12440.0716,E,122.70,A,11,79*79
$BNRDD,1326,2019-05-03T12:58:55Z,21,3,528,A,0632.1149,N,12440.0717,E,122.30,A,9,97*43
$BNRDD,1326,2019-05-03T12:59:00Z,20,0,528,A,0632.1148,N,12440.0717,E,122.00,A,9,98*4D
$BNRDD,1326,2019-05-03T12:59:05Z,18,0,528,A,0632.1148,N,12440.0717,E,122.00,A,9,98*43
$BNRDD,1326,2019-05-03T12:59:10Z,18,1,529,A,0632.1148,N,12440.0717,E,122.00,A,9,98*47
$BNRDD,1326,2019-05-03T12:59:15Z,18,2,531,A,0632.1148,N,12440.0717,E,122.00,A,9,98*48
$BNRDD,1326,2019-05-03T12:59:20Z,18,1,532,A,0632.1148,N,12440.0717,E,122.00,A,9,98*4E
$BNRDD,1326,2019-05-03T12:59:25Z,18,1,533,A,0632.1148,N,12440.0717,E,122.00,A,9,98*4A
$BNRDD,1326,2019-05-03T12:59:30Z,22,7,540,A,0632.1148,N,12440.0717,E,122.00,A,9,98*45
$BNRDD,1326,2019-05-03T12:59:35Z,24,2,542,A,0632.1148,N,12440.0717,E,122.00,A,9,98*41
$BNRDD,1326,2019-05-03T12:59:40Z,26,2,544,A,0632.1148,N,12440.0717,E,122.00,A,9,100*77
$BNRDD,1326,2019-05-03T12:59:45Z,24,1,545,A,0632.1148,N,12440.0717,E,122.00,A,9,100*72
$BNRDD,1326,2019-05-03T12:59:50Z,21,1,546,A,0632.1148,N,12440.0717,E,122.00,A,10,90*70
$BNRDD,1326,2019-05-03T12:59:55Z,24,6,552,A,0632.1148,N,12440.0717,E,122.00,A,9,97*4D
$BNRDD,1326,2019-05-03T13:00:00Z,25,1,553,A,0632.1148,N,12440.0717,E,122.00,A,10,83*7A
$BNRDD,1326,2019-05-03T13:00:05Z,26,1,554,A,0632.1148,N,12440.0717,E,122.00,A,10,83*7B
$BNRDD,1326,2019-05-03T13:00:10Z,27,2,556,A,0632.1148,N,12440.0717,E,122.00,A,10,83*7F
$BNRDD,1326,2019-05-03T13:00:15Z,26,1,557,A,0632.1148,N,12440.0717,E,122.00,A,10,83*79
$BNRDD,1326,2019-05-03T13:00:20Z,28,3,560,A,0632.1148,N,12440.0717,E,122.00,A,11,78*72
$BNRDD,1326,2019-05-03T13:00:25Z,28,1,561,A,0632.1148,N,12440.0717,E,122.00,A,11,78*74
$BNRDD,1326,2019-05-03T13:00:30Z,23,2,563,A,0632.1148,N,12440.0717,E,122.00,A,9,97*42
$BNRDD,1326,2019-05-03T13:00:35Z,23,2,565,A,0632.1148,N,12440.0717,E,122.00,A,10,90*7E
$BNRDD,1326,2019-05-03T13:00:40Z,24,3,568,A,0632.1148,N,12440.0717,E,122.00,A,11,79*71
$BNRDD,1326,2019-05-03T13:00:45Z,28,5,573,A,0632.1148,N,12440.0717,E,122.00,A,11,79*74
$BNRDD,1326,2019-05-03T13:00:50Z,29,2,575,A,0632.1148,N,12440.0717,E,122.00,A,11,79*70
$BNRDD,1326,2019-05-03T13:00:55Z,26,3,578,A,0632.1148,N,12440.0717,E,122.00,A,11,79*76
$BNRDD,1326,2019-05-03T13:01:00Z,26,1,579,A,0632.1148,N,12440.0717,E,122.00,A,12,74*7A
$BNRDD,1326,2019-05-03T13:01:05Z,25,0,579,A,0632.1148,N,12440.0717,E,121.90,A,11,80*7F
$BNRDD,1326,2019-05-03T13:01:10Z,27,4,583,A,0632.1148,N,12440.0717,E,121.90,A,11,80*78
$BNRDD,1326,2019-05-03T13:01:15Z,30,4,587,A,0632.1148,N,12440.0717,E,121.90,A,11,80*7F
$BNRDD,1326,2019-05-03T13:01:21Z,30,3,590,A,0632.1148,N,12440.0717,E,121.90,A,11,80*79
$BNRDD,1326,2019-05-03T13:01:26Z,31,2,592,A,0632.1148,N,12440.0717,E,121.90,A,11,80*7C
$BNRDD,1326,2019-05-03T13:01:31Z,30,1,593,A,0632.1148,N,12440.0717,E,121.90,A,12,74*71
$BNRDD,1326,2019-05-03T13:01:36Z,31,3,596,A,0632.1148,N,12440.0717,E,121.90,A,12,74*70
$BNRDD,1326,2019-05-03T13:01:41Z,32,4,600,A,0632.1148,N,12440.0717,E,121.90,A,12,74*78
$BNRDD,1326,2019-05-03T13:01:46Z,30,3,603,A,0632.1148,N,12440.0717,E,121.90,A,12,74*79
$BNRDD,1326,2019-05-03T13:01:51Z,31,3,606,A,0632.1148,N,12440.0717,E,121.90,A,12,74*7B
$BNRDD,1326,2019-05-03T13:01:56Z,32,4,610,A,0632.1148,N,12440.0717,E,121.90,A,12,74*7F
$BNRDD,1326,2019-05-03T13:02:01Z,33,2,612,A,0632.1148,N,12440.0717,E,121.90,A,12,74*7B
$BNRDD,1326,2019-05-03T13:02:06Z,35,2,614,A,0632.1148,N,12440.0717,E,121.90,A,12,74*7C
$BNRDD,1326,2019-05-03T13:02:11Z,34,3,617,A,0632.1148,N,12440.0717,E,121.90,A,12,74*79
$BNRDD,1326,2019-05-03T13:02:16Z,30,0,617,A,0632.1148,N,12440.0717,E,121.90,A,12,74*79
$BNRDD,1326,2019-05-03T13:02:21Z,28,1,618,A,0632.1148,N,12440.0717,E,121.90,A,11,79*74
$BNRDD,1326,2019-05-03T13:02:26Z,26,0,618,A,0632.1148,N,12440.0717,E,121.90,A,11,79*7C
$BNRDD,1326,2019-05-03T13:02:31Z,28,3,621,A,0632.1148,N,12440.0717,E,121.90,A,10,83*79
$BNRDD,1326,2019-05-03T13:02:36Z,27,2,623,A,0632.1148,N,12440.0717,E,121.90,A,11,78*77
$BNRDD,1326,2019-05-03T13:02:41Z,27,4,627,A,0632.1148,N,12440.0717,E,121.90,A,11,78*75
$BNRDD,1326,2019-05-03T13:02:46Z,30,6,633,A,0632.1148,N,12440.0717,E,121.90,A,9,102*76
$BNRDD,1326,2019-05-03T13:02:51Z,29,2,635,A,0632.1148,N,12440.0717,E,122.00,A,10,81*72
$BNRDD,1326,2019-05-03T13:02:56Z,27,2,637,A,0632.1149,N,12440.0717,E,122.20,A,11,77*72
$BNRDD,1326,2019-05-03T13:03:01Z,25,0,637,A,0632.1149,N,12440.0717,E,122.20,A,11,77*71
$BNRDD,1326,2019-05-03T13:03:06Z,24,1,638,A,0632.1149,N,12440.0717,E,122.20,A,11,77*79
$BNRDD,1326,2019-05-03T13:03:11Z,23,2,640,A,0632.1149,N,12440.0717,E,122.20,A,12,74*74
$BNRDD,1326,2019-05-03T13:03:16Z,24,1,641,A,0632.1149,N,12440.0717,E,122.20,A,12,74*76
$BNRDD,1326,2019-05-03T13:03:21Z,25,2,643,A,0632.1149,N,12440.0717,E,122.20,A,12,74*72
$BNRDD,1326,2019-05-03T13:03:26Z,27,2,645,A,0632.1149,N,12440.0717,E,122.20,A,12,74*71
$BNRDD,1326,2019-05-03T13:03:31Z,26,2,647,A,0632.1149,N,12440.0717,E,122.20,A,11,79*7A
$BNRDD,1326,2019-05-03T13:03:36Z,28,4,651,A,0632.1149,N,12440.0717,E,122.20,A,11,79*72
$BNRDD,1326,2019-05-03T13:03:41Z,24,0,651,A,0632.1149,N,12440.0717,E,122.20,A,11,79*7A
$BNRDD,1326,2019-05-03T13:03:46Z,19,1,652,A,0632.1149,N,12440.0717,E,122.20,A,11,79*71
$BNRDD,1326,2019-05-03T13:03:51Z,19,2,654,A,0632.1149,N,12440.0717,E,122.20,A,11,79*72
$BNRDD,1326,2019-05-03T13:03:56Z,20,3,657,A,0632.1149,N,12440.0717,E,122.20,A,11,79*7D
$BNRDD,1326,2019-05-03T13:04:01Z,21,1,658,A,0632.1149,N,12440.0717,E,122.20,A,11,79*74
$BNRDD,1326,2019-05-03T13:04:06Z,20,0,658,A,0632.1149,N,12440.0717,E,122.20,A,11,79*73
$BNRDD,1326,2019-05-03T13:04:11Z,18,0,658,A,0632.1149,N,12440.0717,E,122.10,A,11,79*7D
$BNRDD,1326,2019-05-03T13:04:16Z,17,0,658,A,0632.1149,N,12440.0717,E,122.10,A,11,79*75
$BNRDD,1326,2019-05-03T13:04:21Z,19,4,662,A,0632.1149,N,12440.0717,E,122.10,A,11,79*72
$BNRDD,1326,2019-05-03T13:04:26Z,21,4,666,A,0632.1149,N,12440.0717,E,122.10,A,11,79*7A
$BNRDD,1326,2019-05-03T13:04:31Z,20,1,667,A,0632.1149,N,12440.0717,E,122.10,A,11,79*79
$BNRDD,1326,2019-05-03T13:04:36Z,17,1,668,A,0632.1149,N,12440.0717,E,122.10,A,11,79*75
$BNRDD,1326,2019-05-03T13:04:41Z,19,2,670,A,0632.1148,N,12440.0717,E,122.10,A,11,79*70
$BNRDD,1326,2019-05-03T13:04:46Z,20,2,672,A,0632.1148,N,12440.0717,E,122.10,A,11,79*7F
$BNRDD,1326,2019-05-03T13:04:51Z,19,1,673,A,0632.1148,N,12440.0717,E,122.10,A,11,79*71
$BNRDD,1326,2019-05-03T13:04:56Z,17,1,674,A,0632.1148,N,12440.0717,E,122.10,A,11,79*7F
$BNRDD,1326,2019-05-03T13:05:01Z,16,0,674,A,0632.1148,N,12440.0717,E,122.20,A,11,79*7F
$BNRDD,1326,2019-05-03T13:05:06Z,18,2,676,A,0632.1148,N,12440.0717,E,122.20,A,9,101*71
$BNRDD,1326,2019-05-03T13:05:11Z,18,0,676,A,0632.1148,N,12440.0717,E,122.20,A,10,90*74
$BNRDD,1326,2019-05-03T13:05:16Z,19,1,677,A,0632.1148,N,12440.0717,E,122.20,A,9,101*73
$BNRDD,1326,2019-05-03T13:05:22Z,16,1,678,A,0632.1148,N,12440.0717,E,122.10,A,9,101*77
$BNRDD,1326,2019-05-03T13:05:27Z,14,2,680,A,0632.1148,N,12440.0717,E,122.10,A,9,101*74
$BNRDD,1326,2019-05-03T13:05:32Z,14,1,681,A,0632.1148,N,12440.0717,E,122.10,A,10,91*72
$BNRDD,1326,2019-05-03T13:05:37Z,14,1,682,A,0632.1148,N,12440.0717,E,122.10,A,10,91*74
$BNRDD,1326,2019-05-03T13:05:42Z,13,1,683,A,0632.1148,N,12440.0717,E,122.10,A,11,86*77
$BNRDD,1326,2019-05-03T13:05:47Z,13,2,685,A,0632.1148,N,12440.0717,E,122.10,A,12,74*79
$BNRDD,1326,2019-05-03T13:05:52Z,12,0,685,A,0632.1148,N,12440.0717,E,122.10,A,12,74*7E
$BNRDD,1326,2019-05-03T13:05:57Z,14,3,688,A,0632.1148,N,12440.0717,E,122.00,A,12,74*72
$BNRDD,1326,2019-05-03T13:06:02Z,19,5,693,A,0632.1148,N,12440.0716,E,122.00,A,12,74*71
$BNRDD,1326,2019-05-03T13:06:07Z,19,2,695,A,0632.1148,N,12440.0716,E,122.00,A,12,74*75
$BNRDD,1326,2019-05-03T13:06:12Z,19,0,695,A,0632.1148,N,12440.0716,E,122.00,A,12,74*73
$BNRDD,1326,2019-05-03T13:06:17Z,19,1,696,A,0632.1148,N,12440.0716,E,122.00,A,12,74*74
$BNRDD,1326,2019-05-03T13:06:22Z,19,1,697,A,0632.1148,N,12440.0716,E,122.00,A,12,74*73
$BNRDD,1326,2019-05-03T13:06:27Z,20,3,700,A,0632.1148,N,12440.0716,E,122.00,A,11,77*71
$BNRDD,1326,2019-05-03T13:06:32Z,21,2,702,A,0632.1148,N,12440.0716,E,121.90,A,11,77*7D
$BNRDD,1326,2019-05-03T13:06:37Z,23,3,705,A,0632.1148,N,12440.0716,E,121.90,A,11,77*7C
$BNRDD,1326,2019-05-03T13:06:42Z,25,3,708,A,0632.1148,N,12440.0716,E,121.90,A,11,77*75
$BNRDD,1326,2019-05-03T13:06:47Z,24,1,709,A,0632.1148,N,12440.0716,E,121.80,A,11,77*73
$BNRDD,1326,2019-05-03T13:06:52Z,25,1,710,A,0632.1148,N,12440.0716,E,121.80,A,11,77*7E
$BNRDD,1326,2019-05-03T13:06:57Z,23,1,711,A,0632.1148,N,12440.0716,E,121.80,A,11,77*7C
$BNRDD,1326,2019-05-03T13:07:02Z,20,2,713,A,0632.1148,N,12440.0716,E,121.80,A,12,74*7F
$BNRDD,1326,2019-05-03T13:07:07Z,23,5,718,A,0632.1148,N,12440.0716,E,121.80,A,11,77*75
$BNRDD,1326,2019-05-03T13:07:12Z,25,2,720,A,0632.1147,N,12440.0716,E,121.80,A,11,77*74
$BNRDD,1326,2019-05-03T13:07:17Z,29,5,725,A,0632.1147,N,12440.0716,E,121.80,A,11,77*7F
$BNRDD,1326,2019-05-03T13:07:22Z,29,1,726,A,0632.1147,N,12440.0716,E,121.80,A,11,77*7E
$BNRDD,1326,2019-05-03T13:07:27Z,30,4,730,A,0632.1147,N,12440.0716,E,121.80,A,11,77*71
$BNRDD,1326,2019-05-03T13:07:32Z,29,1,731,A,0632.1147,N,12440.0716,E,121.80,A,11,77*79
$BNRDD,1326,2019-05-03T13:07:37Z,27,1,732,A,0632.1147,N,12440.0716,E,121.80,A,11,77*71
$BNRDD,1326,2019-05-03T13:07:42Z,28,4,736,A,0632.1147,N,12440.0715,E,121.80,A,11,77*7E
$BNRDD,1326,2019-05-03T13:07:47Z,30,3,739,A,0632.1147,N,12440.0715,E,121.80,A,10,85*76
$BNRDD,1326,2019-05-03T13:07:52Z,31,2,741,A,0632.1145,N,12440.0713,E,122.20,A,10,85*70
$BNRDD,1326,2019-05-03T13:07:57Z,31,1,742,A,0632.1145,N,12440.0713,E,122.20,A,12,74*79
$BNRDD,1326,2019-05-03T13:08:02Z,30,1,743,A,0632.1145,N,12440.0713,E,122.20,A,12,74*76
$BNRDD,1326,2019-05-03T13:08:07Z,26,1,744,A,0632.1145,N,12440.0713,E,122.20,A,12,74*73
$BNRDD,1326,2019-05-03T13:08:12Z,24,0,744,A,0632.1145,N,12440.0713,E,122.20,A,12,74*74
$BNRDD,1326,2019-05-03T13:08:17Z,22,3,747,A,0632.1145,N,12440.0713,E,122.20,A,12,74*77
$BNRDD,1326,2019-05-03T13:08:22Z,23,2,749,A,0632.1145,N,12440.0712,E,122.20,A,12,74*7E
$BNRDD,1326,2019-05-03T13:08:27Z,22,3,752,A,0632.1145,N,12440.0712,E,122.20,A,12,74*71
$BNRDD,1326,2019-05-03T13:08:32Z,21,0,752,A,0632.1145,N,12440.0712,E,122.20,A,12,74*75
$BNRDD,1326,2019-05-03T13:08:37Z,20,0,752,A,0632.1145,N,12440.0712,E,122.20,A,12,74*71
$BNRDD,1326,2019-05-03T13:08:42Z,19,3,755,A,0632.1145,N,12440.0712,E,122.20,A,12,74*7D
$BNRDD,1326,2019-05-03T13:08:47Z,19,3,758,A,0632.1145,N,12440.0712,E,122.20,A,13,68*79
$BNRDD,1326,2019-05-03T13:08:53Z,18,1,759,A,0632.1145,N,12440.0712,E,122.10,A,13,68*7D
$BNRDD,1326,2019-05-03T13:08:58Z,20,3,762,A,0632.1145,N,12440.0712,E,122.10,A,13,68*77
$BNRDD,1326,2019-05-03T13:09:03Z,20,1,763,A,0632.1145,N,12440.0712,E,122.10,A,13,68*7B
$BNRDD,1326,2019-05-03T13:09:08Z,21,2,765,A,0632.1145,N,12440.0712,E,122.10,A,13,68*74
$BNRDD,1326,2019-05-03T13:09:13Z,22,1,766,A,0632.1145,N,12440.0712,E,122.10,A,13,68*7D
$BNRDD,1326,2019-05-03T13:09:18Z,21,2,768,A,0632.1145,N,12440.0712,E,122.10,A,12,74*74
$BNRDD,1326,2019-05-03T13:09:23Z,20,1,769,A,0632.1145,N,12440.0712,E,122.10,A,12,74*7F
$BNRDD,1326,2019-05-03T13:09:28Z,19,2,771,A,0632.1145,N,12440.0712,E,122.10,A,12,74*74
$BNRDD,1326,2019-05-03T13:09:33Z,21,2,773,A,0632.1145,N,12440.0712,E,122.10,A,12,74*77
$BNRDD,1326,2019-05-03T13:09:38Z,23,2,775,A,0632.1145,N,12440.0712,E,122.10,A,12,74*78
$BNRDD,1326,2019-05-03T13:09:43Z,22,2,777,A,0632.1145,N,12440.0712,E,122.10,A,12,74*77
$BNRDD,1326,2019-05-03T13:09:48Z,20,1,778,A,0632.1145,N,12440.0712,E,122.10,A,12,74*72
$BNRDD,1326,2019-05-03T13:09:53Z,21,2,780,A,0632.1145,N,12440.0712,E,122.10,A,12,74*7D
$BNRDD,1326,2019-05-03T13:09:58Z,18,0,780,A,0632.1145,N,12440.0712,E,122.10,A,12,74*7E
$BNRDD,1326,2019-05-03T13:10:03Z,19,2,782,A,0632.1145,N,12440.0712,E,122.10,A,12,74*79
$BNRDD,1326,2019-05-03T13:10:08Z,18,1,783,A,0632.1145,N,12440.0712,E,122.10,A,12,74*71
$BNRDD,1326,2019-05-03T13:10:13Z,18,1,784,A,0632.1145,N,12440.0712,E,122.10,A,12,74*7C
$BNRDD,1326,2019-05-03T13:10:18Z,16,0,784,A,0632.1145,N,12440.0712,E,122.10,A,12,74*78
$BNRDD,1326,2019-05-03T13:10:23Z,21,6,790,A,0632.1145,N,12440.0712,E,122.10,A,12,74*77
$BNRDD,1326,2019-05-03T13:10:28Z,21,2,792,A,0632.1145,N,12440.0712,E,122.10,A,12,74*7A
$BNRDD,1326,2019-05-03T13:10:33Z,21,2,794,A,0632.1145,N,12440.0712,E,122.10,A,12,74*76
$BNRDD,1326,2019-05-03T13:10:38Z,20,1,795,A,0632.1145,N,12440.0713,E,122.10,A,12,74*7F
$BNRDD,1326,2019-05-03T13:10:43Z,20,2,797,A,0632.1145,N,12440.0713,E,122.10,A,12,74*72
$BNRDD,1326,2019-05-03T13:10:48Z,20,1,798,A,0632.1145,N,12440.0713,E,122.10,A,12,73*72
$BNRDD,1326,2019-05-03T13:10:53Z,21,3,801,A,0632.1145,N,12440.0713,E,122.10,A,12,73*74
$BNRDD,1326,2019-05-03T13:10:58Z,24,3,804,A,0632.1145,N,12440.0713,E,122.10,A,12,73*7F
$BNRDD,1326,2019-05-03T13:11:03Z,25,3,807,A,0632.1145,N,12440.0713,E,122.10,A,12,73*72
$BNRDD,1326,2019-05-03T13:11:08Z,26,2,809,A,0632.1145,N,12440.0713,E,122.10,A,12,73*75
$BNRDD,1326,2019-05-03T13:11:13Z,28,3,812,A,0632.1145,N,12440.0713,E,122.10,A,12,73*7A
$BNRDD,1326,2019-05-03T13:11:18Z,30,2,814,A,0632.1145,N,12440.0713,E,122.10,A,12,73*7F
$BNRDD,1326,2019-05-03T13:11:23Z,28,4,818,A,0632.1145,N,12440.0713,E,122.10,A,12,73*74
$BNRDD,1326,2019-05-03T13:11:28Z,26,0,818,A,0632.1145,N,12440.0713,E,122.10,A,12,73*75
$BNRDD,1326,2019-05-03T13:11:33Z,26,2,820,A,0632.1145,N,12440.0713,E,122.10,A,12,73*76
$BNRDD,1326,2019-05-03T13:11:38Z,25,0,820,A,0632.1145,N,12440.0713,E,122.10,A,11,77*7B
$BNRDD,1326,2019-05-03T13:11:43Z,26,3,823,A,0632.1145,N,12440.0713,E,122.10,A,11,77*74
$BNRDD,1326,2019-05-03T13:11:48Z,28,3,826,A,0632.1145,N,12440.0713,E,122.10,A,11,77*74
$BNRDD,1326,2019-05-03T13:11:53Z,32,7,833,A,0632.1145,N,12440.0713,E,122.10,A,11,77*75
$BNRDD,1326,2019-05-03T13:11:58Z,33,4,837,A,0632.1145,N,12440.0713,E,122.00,A,11,77*79
$BNRDD,1326,2019-05-03T13:12:03Z,32,2,839,A,0632.1145,N,12440.0713,E,122.00,A,11,77*7D
$BNRDD,1326,2019-05-03T13:12:08Z,31,1,840,A,0632.1145,N,12440.0713,E,122.00,A,11,77*78
$BNRDD,1326,2019-05-03T13:12:13Z,29,1,841,A,0632.1145,N,12440.0713,E,122.00,A,11,77*7A
$BNRDD,1326,2019-05-03T13:12:18Z,29,2,843,A,0632.1145,N,12440.0713,E,122.00,A,12,71*75
$BNRDD,1326,2019-05-03T13:12:23Z,25,0,843,A,0632.1145,N,12440.0713,E,122.00,A,12,71*73
$BNRDD,1326,2019-05-03T13:12:28Z,25,0,843,A,0632.1145,N,12440.0713,E,122.00,A,12,71*78
$BNRDD,1326,2019-05-03T13:12:33Z,24,1,844,A,0632.1145,N,12440.0713,E,122.00,A,12,71*75
$BNRDD,1326,2019-05-03T13:12:38Z,24,0,844,A,0632.1145,N,12440.0713,E,122.00,A,12,71*7F
$BNRDD,1326,2019-05-03T13:12:43Z,23,2,846,A,0632.1145,N,12440.0713,E,122.00,A,12,71*74
$BNRDD,1326,2019-05-03T13:12:48Z,20,0,846,A,0632.1145,N,12440.0713,E,121.90,A,12,71*74
$BNRDD,1326,2019-05-03T13:12:53Z,17,4,850,A,0632.1145,N,12440.0713,E,121.90,A,12,71*79
$BNRDD,1326,2019-05-03T13:12:58Z,15,2,852,A,0632.1145,N,12440.0713,E,121.90,A,12,71*74
$BNRDD,1326,2019-05-03T13:13:03Z,17,4,856,A,0632.1145,N,12440.0713,E,121.90,A,12,71*7B
$BNRDD,1326,2019-05-03T13:13:08Z,19,3,859,A,0632.1145,N,12440.0713,E,121.90,A,13,68*7F
$BNRDD,1326,2019-05-03T13:13:13Z,20,2,861,A,0632.1145,N,12440.0713,E,121.90,A,13,68*75
$BNRDD,1326,2019-05-03T13:13:18Z,21,3,864,A,0632.1145,N,12440.0713,E,121.90,A,13,68*7B
$BNRDD,1326,2019-05-03T13:13:23Z,23,2,866,A,0632.1145,N,12440.0713,E,121.90,A,13,68*72
$BNRDD,1326,2019-05-03T13:13:29Z,26,3,869,A,0632.1145,N,12440.0713,E,121.90,A,13,68*73
$BNRDD,1326,2019-05-03T13:13:34Z,27,2,871,A,0632.1145,N,12440.0713,E,121.90,A,13,68*76
$BNRDD,1326,2019-05-03T13:13:39Z,30,3,874,A,0632.1145,N,12440.0713,E,121.90,A,13,68*79
$BNRDD,1326,2019-05-03T13:13:44Z,29,1,875,A,0632.1145,N,12440.0713,E,121.90,A,13,68*78
$BNRDD,1326,2019-05-03T13:13:49Z,31,2,877,A,0632.1145,N,12440.0713,E,121.90,A,12,71*74
