# NEW LOG
# format=1.3.6nano
# deadtime=on
$BNRDD,1326,2019-05-05T03:47:55Z,8,0,8,V,0632.1303,N,12440.0722,E,88.10,A,11,85*60
$BNRDD,1326,2019-05-05T03:48:00Z,10,2,10,V,0632.1305,N,12440.0721,E,86.20,A,12,80*63
$BNRDD,1326,2019-05-05T03:48:06Z,10,0,10,V,0632.1129,N,12440.0742,E,124.40,A,13,72*5D
$BNRDD,1326,2019-05-05T03:48:11Z,15,5,15,V,0632.1132,N,12440.0743,E,123.50,A,14,69*5E
$BNRDD,1326,2019-05-05T03:48:16Z,19,4,19,V,0632.1133,N,12440.0743,E,123.40,A,13,72*55
$BNRDD,1326,2019-05-05T03:48:21Z,21,2,21,V,0632.1134,N,12440.0741,E,122.60,A,13,72*51
$BNRDD,1326,2019-05-05T03:48:26Z,23,2,23,V,0632.1135,N,12440.0741,E,121.80,A,13,72*5A
$BNRDD,1326,2019-05-05T03:48:31Z,25,2,25,V,0632.1135,N,12440.0741,E,121.80,A,13,72*5C
$BNRDD,1326,2019-05-05T03:48:36Z,32,7,32,V,0632.1135,N,12440.0741,E,121.80,A,13,72*5E
$BNRDD,1326,2019-05-05T03:48:41Z,34,2,34,V,0632.1135,N,12440.0741,E,121.80,A,13,72*5B
$BNRDD,1326,2019-05-05T03:48:46Z,29,2,36,A,0632.1135,N,12440.0741,E,121.80,A,13,72*45
$BNRDD,1326,2019-05-05T03:48:51Z,30,2,38,A,0632.1135,N,12440.0741,E,121.80,A,13,72*45
$BNRDD,1326,2019-05-05T03:48:56Z,30,0,38,A,0632.1135,N,12440.0741,E,121.80,A,13,72*40
$BNRDD,1326,2019-05-05T03:49:01Z,31,3,41,A,0632.1135,N,12440.0741,E,121.80,A,13,72*4F
$BNRDD,1326,2019-05-05T03:49:06Z,33,2,43,A,0632.1135,N,12440.0741,E,121.80,A,12,82*47
$BNRDD,1326,2019-05-05T03:49:11Z,29,1,44,A,0632.1135,N,12440.0741,E,121.80,A,12,82*4E
$BNRDD,1326,2019-05-05T03:49:16Z,26,1,45,A,0632.1135,N,12440.0741,E,121.80,A,12,82*47
$BNRDD,1326,2019-05-05T03:49:21Z,28,4,49,A,0632.1135,N,12440.0741,E,121.80,A,12,82*44
$BNRDD,1326,2019-05-05T03:49:26Z,28,2,51,A,0632.1135,N,12440.0741,E,121.80,A,13,72*42
$BNRDD,1326,2019-05-05T03:49:31Z,28,2,53,A,0632.1135,N,12440.0740,E,121.50,A,12,82*44
$BNRDD,1326,2019-05-05T03:49:36Z,23,2,55,A,0632.1135,N,12440.0739,E,121.20,A,12,82*47
$BNRDD,1326,2019-05-05T03:49:41Z,22,1,56,A,0632.1136,N,12440.0738,E,121.50,A,13,72*4D
$BNRDD,1326,2019-05-05T03:49:46Z,22,2,58,A,0632.1136,N,12440.0738,E,121.30,A,13,72*41
$BNRDD,1326,2019-05-05T03:49:51Z,20,0,58,A,0632.1137,N,12440.0737,E,121.00,A,14,70*4F
$BNRDD,1326,2019-05-05T03:49:56Z,23,3,61,A,0632.1138,N,12440.0736,E,121.30,A,13,72*4A
$BNRDD,1326,2019-05-05T03:50:01Z,23,3,64,A,0632.1138,N,12440.0734,E,121.60,A,12,77*46
$BNRDD,1326,2019-05-05T03:50:06Z,22,1,65,A,0632.1138,N,12440.0734,E,121.00,A,13,72*41
$BNRDD,1326,2019-05-05T03:50:12Z,22,1,66,A,0632.1138,N,12440.0735,E,120.50,A,12,82*4C
$BNRDD,1326,2019-05-05T03:50:17Z,27,6,72,A,0632.1138,N,12440.0735,E,120.50,A,13,72*40
$BNRDD,1326,2019-05-05T03:50:22Z,23,0,72,A,0632.1138,N,12440.0735,E,120.50,A,12,85*4D
$BNRDD,1326,2019-05-05T03:50:27Z,22,1,73,A,0632.1138,N,12440.0735,E,120.50,A,12,85*49
$BNRDD,1326,2019-05-05T03:50:32Z,23,3,76,A,0632.1138,N,12440.0734,E,120.60,A,12,85*49
$BNRDD,1326,2019-05-05T03:50:37Z,23,2,78,A,0632.1138,N,12440.0734,E,120.60,A,13,72*4A
$BNRDD,1326,2019-05-05T03:50:42Z,25,3,81,A,0632.1138,N,12440.0734,E,120.60,A,13,72*49
$BNRDD,1326,2019-05-05T03:50:47Z,23,0,81,A,0632.1138,N,12440.0734,E,120.60,A,13,72*49
$BNRDD,1326,2019-05-05T03:50:52Z,30,7,88,A,0632.1138,N,12440.0734,E,120.60,A,13,72*41
$BNRDD,1326,2019-05-05T03:50:57Z,29,2,90,A,0632.1138,N,12440.0734,E,120.60,A,13,72*40
$BNRDD,1326,2019-05-05T03:51:02Z,27,1,91,A,0632.1138,N,12440.0734,E,120.60,A,13,72*4D
$BNRDD,1326,2019-05-05T03:51:07Z,30,4,95,A,0632.1138,N,12440.0734,E,120.60,A,13,72*4F
$BNRDD,1326,2019-05-05T03:51:12Z,30,1,96,A,0632.1138,N,12440.0734,E,120.60,A,13,72*4D
$BNRDD,1326,2019-05-05T03:51:16Z,28,4,100,A,0632.1138,N,12440.0734,E,120.60,A,13,72*7B
$BNRDD,1326,2019-05-05T03:51:21Z,30,2,102,A,0632.1138,N,12440.0734,E,120.60,A,13,72*72
$BNRDD,1326,2019-05-05T03:51:26Z,33,4,106,A,0632.1138,N,12440.0734,E,120.60,A,13,72*74
$BNRDD,1326,2019-05-05T03:51:31Z,32,2,108,A,0632.1138,N,12440.0734,E,120.70,A,13,72*7A
$BNRDD,1326,2019-05-05T03:51:36Z,34,4,112,A,0632.1138,N,12440.0734,E,120.70,A,13,72*76
$BNRDD,1326,2019-05-05T03:51:41Z,33,2,114,A,0632.1138,N,12440.0734,E,120.70,A,13,72*71
$BNRDD,1326,2019-05-05T03:51:47Z,36,3,117,A,0632.1138,N,12440.0734,E,120.70,A,13,72*70
$BNRDD,1326,2019-05-05T03:51:52Z,36,7,124,A,0632.1138,N,12440.0734,E,120.70,A,12,77*74
$BNRDD,1326,2019-05-05T03:51:57Z,36,2,126,A,0632.1138,N,12440.0734,E,120.70,A,13,72*72
$BNRDD,1326,2019-05-05T03:52:02Z,39,4,130,A,0632.1138,N,12440.0734,E,120.70,A,13,72*7F
$BNRDD,1326,2019-05-05T03:52:07Z,37,2,132,A,0632.1138,N,12440.0734,E,120.70,A,13,72*70
$BNRDD,1326,2019-05-05T03:52:12Z,38,2,134,A,0632.1138,N,12440.0734,E,120.70,A,13,72*7D
$BNRDD,1326,2019-05-05T03:52:17Z,35,1,135,A,0632.1138,N,12440.0734,E,120.70,A,13,72*77
$BNRDD,1326,2019-05-05T03:52:22Z,35,2,137,A,0632.1138,N,12440.0734,E,120.70,A,12,77*74
$BNRDD,1326,2019-05-05T03:52:27Z,34,3,140,A,0632.1138,N,12440.0734,E,120.70,A,12,77*71
$BNRDD,1326,2019-05-05T03:52:32Z,33,1,141,A,0632.1138,N,12440.0734,E,120.70,A,12,77*71
$BNRDD,1326,2019-05-05T03:52:37Z,32,3,144,A,0632.1138,N,12440.0734,E,120.70,A,13,72*76
$BNRDD,1326,2019-05-05T03:52:42Z,31,1,145,A,0632.1138,N,12440.0734,E,120.70,A,13,72*74
$BNRDD,1326,2019-05-05T03:52:47Z,32,4,149,A,0632.1138,N,12440.0734,E,120.70,A,13,72*7B
$BNRDD,1326,2019-05-05T03:52:52Z,26,1,150,A,0632.1138,N,12440.0734,E,120.70,A,14,70*72
$BNRDD,1326,2019-05-05T03:52:57Z,28,4,154,A,0632.1138,N,12440.0734,E,120.70,A,14,70*78
$BNRDD,1326,2019-05-05T03:53:02Z,25,1,155,A,0632.1138,N,12440.0734,E,120.70,A,14,70*70
$BNRDD,1326,2019-05-05T03:53:07Z,25,2,157,A,0632.1138,N,12440.0734,E,120.70,A,14,70*74
$BNRDD,1326,2019-05-05T03:53:12Z,24,1,158,A,0632.1138,N,12440.0734,E,120.70,A,14,70*7D
$BNRDD,1326,2019-05-05T03:53:17Z,26,3,161,A,0632.1138,N,12440.0734,E,120.70,A,14,70*72
$BNRDD,1326,2019-05-05T03:53:22Z,27,3,164,A,0632.1138,N,12440.0734,E,120.70,A,14,70*70
$BNRDD,1326,2019-05-05T03:53:27Z,28,4,168,A,0632.1138,N,12440.0734,E,120.70,A,14,70*71
$BNRDD,1326,2019-05-05T03:53:32Z,28,1,169,A,0632.1138,N,12440.0734,E,120.70,A,14,70*71
$BNRDD,1326,2019-05-05T03:53:37Z,27,2,171,A,0632.1138,N,12440.0734,E,120.70,A,14,70*71
$BNRDD,1326,2019-05-05T03:53:42Z,27,1,172,A,0632.1138,N,12440.0734,E,120.70,A,13,75*71
$BNRDD,1326,2019-05-05T03:53:47Z,24,1,173,A,0632.1138,N,12440.0734,E,120.80,A,14,70*7B
$BNRDD,1326,2019-05-05T03:53:52Z,24,1,174,A,0632.1138,N,12440.0734,E,120.80,A,14,70*78
$BNRDD,1326,2019-05-05T03:53:57Z,23,3,177,A,0632.1138,N,12440.0734,E,120.80,A,14,70*7B
$BNRDD,1326,2019-05-05T03:54:02Z,23,1,178,A,0632.1138,N,12440.0734,E,120.80,A,14,70*71
$BNRDD,1326,2019-05-05T03:54:07Z,23,2,180,A,0632.1138,N,12440.0734,E,120.80,A,13,75*72
$BNRDD,1326,2019-05-05T03:54:12Z,24,2,182,A,0632.1138,N,12440.0734,E,120.80,A,14,70*71
$BNRDD,1326,2019-05-05T03:54:17Z,22,1,183,A,0632.1138,N,12440.0734,E,120.80,A,14,70*70
$BNRDD,1326,2019-05-05T03:54:22Z,20,1,184,A,0632.1138,N,12440.0734,E,120.80,A,14,70*73
$BNRDD,1326,2019-05-05T03:54:27Z,17,1,185,A,0632.1138,N,12440.0733,E,120.80,A,13,75*76
$BNRDD,1326,2019-05-05T03:54:32Z,17,1,186,A,0632.1139,N,12440.0733,E,120.80,A,14,70*72
$BNRDD,1326,2019-05-05T03:54:37Z,16,1,187,A,0632.1139,N,12440.0733,E,120.80,A,14,69*7F
$BNRDD,1326,2019-05-05T03:54:42Z,19,4,191,A,0632.1139,N,12440.0733,E,120.80,A,14,70*78
$BNRDD,1326,2019-05-05T03:54:47Z,20,2,193,A,0632.1139,N,12440.0733,E,120.80,A,14,69*7B
$BNRDD,1326,2019-05-05T03:54:52Z,22,3,196,A,0632.1139,N,12440.0733,E,120.80,A,14,70*71
$BNRDD,1326,2019-05-05T03:54:57Z,23,4,200,A,0632.1139,N,12440.0734,E,120.80,A,14,70*79
$BNRDD,1326,2019-05-05T03:55:03Z,25,3,203,A,0632.1141,N,12440.0738,E,120.70,A,14,70*77
$BNRDD,1326,2019-05-05T03:55:08Z,24,1,204,A,0632.1142,N,12440.0744,E,120.70,A,14,70*70
$BNRDD,1326,2019-05-05T03:55:13Z,24,2,206,A,0632.1142,N,12440.0749,E,120.60,A,14,70*77
$BNRDD,1326,2019-05-05T03:55:18Z,25,2,208,A,0632.1144,N,12440.0754,E,120.50,A,14,70*7A
$BNRDD,1326,2019-05-05T03:55:23Z,27,3,211,A,0632.1146,N,12440.0757,E,120.30,A,14,69*76
$BNRDD,1326,2019-05-05T03:55:28Z,27,1,212,A,0632.1147,N,12440.0759,E,120.20,A,13,78*75
$BNRDD,1326,2019-05-05T03:55:33Z,29,3,215,A,0632.1145,N,12440.0759,E,120.10,A,14,69*72
$BNRDD,1326,2019-05-05T03:55:38Z,32,4,219,A,0632.1144,N,12440.0769,E,119.70,A,14,69*76
$BNRDD,1326,2019-05-05T03:55:43Z,31,3,222,A,0632.1144,N,12440.0768,E,119.70,A,14,69*77
$BNRDD,1326,2019-05-05T03:55:48Z,30,1,223,A,0632.1144,N,12440.0767,E,119.70,A,14,69*71
$BNRDD,1326,2019-05-05T03:55:53Z,27,0,223,A,0632.1144,N,12440.0766,E,119.70,A,14,69*7D
$BNRDD,1326,2019-05-05T03:55:57Z,29,6,229,A,0632.1144,N,12440.0764,E,119.70,V,14,69*6E
$BNRDD,1326,2019-05-05T03:56:03Z,27,1,230,A,0632.1144,N,12440.0763,E,119.70,A,14,69*7D
$BNRDD,1326,2019-05-05T03:56:08Z,26,0,230,A,0632.1144,N,12440.0763,E,119.70,A,14,70*7E
$BNRDD,1326,2019-05-05T03:56:12Z,25,1,231,A,0632.1143,N,12440.0763,E,119.70,V,14,69*6E
$BNRDD,1326,2019-05-05T03:56:18Z,23,0,231,A,0632.1143,N,12440.0762,E,119.80,A,14,69*7A
$BNRDD,1326,2019-05-05T03:56:23Z,21,1,232,A,0632.1142,N,12440.0760,E,119.80,A,14,69*71
$BNRDD,1326,2019-05-05T03:56:29Z,23,3,235,A,0632.1140,N,12440.0757,E,119.80,V,13,78*6A
$BNRDD,1326,2019-05-05T03:56:33Z,22,2,237,A,0632.1140,N,12440.0755,E,119.80,A,14,69*71
$BNRDD,1326,2019-05-05T03:56:38Z,19,1,238,A,0632.1139,N,12440.0754,E,119.90,A,14,69*70
$BNRDD,1326,2019-05-05T03:56:43Z,18,2,240,A,0632.1138,N,12440.0753,E,120.00,A,14,69*74
$BNRDD,1326,2019-05-05T03:56:48Z,17,0,240,A,0632.1138,N,12440.0753,E,119.90,A,14,69*71
$BNRDD,1326,2019-05-05T03:56:53Z,22,5,245,A,0632.1138,N,12440.0748,E,119.90,A,14,69*77
$BNRDD,1326,2019-05-05T03:56:58Z,21,5,250,A,0632.1137,N,12440.0748,E,119.90,A,14,69*74
$BNRDD,1326,2019-05-05T03:57:04Z,21,1,251,A,0632.1136,N,12440.0749,E,120.00,A,14,69*7A
$BNRDD,1326,2019-05-05T03:57:09Z,22,1,252,A,0632.1135,N,12440.0747,E,120.00,A,14,69*7A
$BNRDD,1326,2019-05-05T03:57:14Z,24,3,255,A,0632.1133,N,12440.0745,E,120.00,A,14,69*71
$BNRDD,1326,2019-05-05T03:57:19Z,27,3,258,A,0632.1132,N,12440.0744,E,120.00,A,14,69*72
$BNRDD,1326,2019-05-05T03:57:24Z,28,2,260,A,0632.1131,N,12440.0742,E,120.00,A,14,69*7C
$BNRDD,1326,2019-05-05T03:57:29Z,26,1,261,A,0632.1130,N,12440.0741,E,120.00,A,14,69*7F
$BNRDD,1326,2019-05-05T03:57:33Z,27,3,264,A,0632.1129,N,12440.0739,E,120.00,A,14,69*75
$BNRDD,1326,2019-05-05T03:57:38Z,27,1,265,A,0632.1128,N,12440.0735,E,120.00,A,14,69*70
$BNRDD,1326,2019-05-05T03:57:43Z,28,3,268,A,0632.1127,N,12440.0732,E,120.00,A,14,69*74
$BNRDD,1326,2019-05-05T03:57:49Z,32,4,272,A,0632.1126,N,12440.0729,E,120.00,A,14,69*72
$BNRDD,1326,2019-05-05T03:57:54Z,32,5,277,A,0632.1127,N,12440.0728,E,120.00,A,14,69*7A
$BNRDD,1326,2019-05-05T03:57:59Z,30,3,280,A,0632.1128,N,12440.0727,E,120.00,A,14,69*7B
$BNRDD,1326,2019-05-05T03:58:04Z,30,1,281,A,0632.1129,N,12440.0726,E,120.00,A,14,69*7F
$BNRDD,1326,2019-05-05T03:58:09Z,29,0,281,A,0632.1129,N,12440.0726,E,120.00,A,14,69*7B
$BNRDD,1326,2019-05-05T03:58:14Z,30,4,285,A,0632.1119,N,12440.0732,E,120.10,A,14,69*78
$BNRDD,1326,2019-05-05T03:58:19Z,30,3,288,A,0632.1081,N,12440.0746,E,117.20,A,13,71*75
$BNRDD,1326,2019-05-05T03:58:24Z,31,3,291,A,0632.1078,N,12440.0660,E,116.00,A,14,70*74
$BNRDD,1326,2019-05-05T03:58:29Z,31,1,292,A,0632.1100,N,12440.0535,E,115.70,A,14,70*71
$BNRDD,1326,2019-05-05T03:58:34Z,29,1,293,A,0632.1117,N,12440.0377,E,115.60,A,14,70*72
$BNRDD,1326,2019-05-05T03:58:39Z,33,5,298,A,0632.1138,N,12440.0235,E,112.90,A,13,74*7A
$BNRDD,1326,2019-05-05T03:58:44Z,31,1,299,A,0632.1141,N,12440.0162,E,113.90,A,14,70*7A
$BNRDD,1326,2019-05-05T03:58:49Z,29,2,301,A,0632.1049,N,12440.0086,E,114.30,A,13,74*71
$BNRDD,1326,2019-05-05T03:58:54Z,25,1,302,A,0632.0885,N,12439.9975,E,114.40,A,13,72*7B
$BNRDD,1326,2019-05-05T03:58:59Z,24,2,304,A,0632.0658,N,12439.9826,E,112.30,A,13,72*7A
$BNRDD,1326,2019-05-05T03:59:04Z,25,2,306,A,0632.0388,N,12439.9648,E,111.70,A,13,72*79
$BNRDD,1326,2019-05-05T03:59:09Z,25,0,306,A,0632.0105,N,12439.9453,E,111.40,A,13,72*7A
$BNRDD,1326,2019-05-05T03:59:14Z,22,1,307,A,0631.9766,N,12439.9306,E,111.30,A,13,72*78
$BNRDD,1326,2019-05-05T03:59:19Z,20,1,308,A,0631.9366,N,12439.9269,E,110.90,A,13,72*7F
$BNRDD,1326,2019-05-05T03:59:24Z,19,2,310,A,0631.8959,N,12439.9251,E,110.70,A,12,74*74
$BNRDD,1326,2019-05-05T03:59:29Z,18,0,310,A,0631.8541,N,12439.9235,E,110.90,A,12,74*73
$BNRDD,1326,2019-05-05T03:59:34Z,23,6,316,A,0631.8106,N,12439.9218,E,110.70,A,12,75*70
$BNRDD,1326,2019-05-05T03:59:39Z,19,1,317,A,0631.7651,N,12439.9193,E,110.60,A,12,75*79
$BNRDD,1326,2019-05-05T03:59:44Z,19,1,318,A,0631.7156,N,12439.9170,E,111.20,A,13,72*72
$BNRDD,1326,2019-05-05T03:59:49Z,23,6,324,A,0631.6656,N,12439.9146,E,111.60,A,13,72*79
$BNRDD,1326,2019-05-05T03:59:54Z,24,2,326,A,0631.6139,N,12439.9121,E,110.30,A,13,72*7F
$BNRDD,1326,2019-05-05T03:59:59Z,27,5,331,A,0631.5611,N,12439.9095,E,111.30,A,12,74*76
$BNRDD,1326,2019-05-05T04:00:04Z,28,3,334,A,0631.5139,N,12439.9081,E,110.90,A,13,72*7D
$BNRDD,1326,2019-05-05T04:00:09Z,31,3,337,A,0631.4716,N,12439.9058,E,109.60,A,13,72*72
$BNRDD,1326,2019-05-05T04:00:14Z,33,3,340,A,0631.4240,N,12439.9040,E,108.90,A,12,75*7B
$BNRDD,1326,2019-05-05T04:00:19Z,35,3,343,A,0631.3715,N,12439.9020,E,108.80,A,12,75*76
$BNRDD,1326,2019-05-05T04:00:24Z,36,3,346,A,0631.3181,N,12439.9001,E,108.00,A,13,72*78
$BNRDD,1326,2019-05-05T04:00:29Z,39,3,349,A,0631.2668,N,12439.8988,E,108.00,A,13,72*7D
$BNRDD,1326,2019-05-05T04:00:34Z,37,4,353,A,0631.2335,N,12439.8978,E,110.90,A,12,73*71
$BNRDD,1326,2019-05-05T04:00:39Z,40,4,357,A,0631.2316,N,12439.8991,E,110.20,A,12,74*72
$BNRDD,1326,2019-05-05T04:00:44Z,40,1,358,A,0631.2306,N,12439.8996,E,110.50,A,13,72*74
$BNRDD,1326,2019-05-05T04:00:50Z,36,2,360,A,0631.2279,N,12439.9105,E,110.40,A,12,75*75
$BNRDD,1326,2019-05-05T04:00:55Z,34,0,360,A,0631.2272,N,12439.9292,E,110.60,A,13,72*72
$BNRDD,1326,2019-05-05T04:01:00Z,33,4,364,A,0631.2261,N,12439.9540,E,110.30,A,13,72*7B
$BNRDD,1326,2019-05-05T04:01:05Z,34,4,368,A,0631.2249,N,12439.9879,E,110.10,A,13,72*7A
$BNRDD,1326,2019-05-05T04:01:10Z,34,3,371,A,0631.2233,N,12440.0276,E,108.80,A,13,72*7E
$BNRDD,1326,2019-05-05T04:01:15Z,34,3,374,A,0631.2208,N,12440.0682,E,108.70,A,12,75*70
$BNRDD,1326,2019-05-05T04:01:20Z,31,0,374,A,0631.2120,N,12440.1061,E,106.80,A,13,72*74
$BNRDD,1326,2019-05-05T04:01:25Z,31,3,377,A,0631.1923,N,12440.1447,E,108.60,A,13,72*79
$BNRDD,1326,2019-05-05T04:01:30Z,32,4,381,A,0631.1611,N,12440.1778,E,108.40,A,13,72*73
$BNRDD,1326,2019-05-05T04:01:35Z,28,0,381,A,0631.1250,N,12440.1986,E,107.90,A,13,72*75
$BNRDD,1326,2019-05-05T04:01:40Z,27,3,384,A,0631.0886,N,12440.2127,E,107.40,A,13,72*73
$BNRDD,1326,2019-05-05T04:01:45Z,28,2,386,A,0631.0516,N,12440.2276,E,112.40,A,13,72*7D
$BNRDD,1326,2019-05-05T04:01:50Z,26,0,386,A,0631.0111,N,12440.2456,E,112.90,A,13,72*7F
$BNRDD,1326,2019-05-05T04:01:55Z,30,4,390,A,0630.9726,N,12440.2683,E,112.50,A,13,72*72
$BNRDD,1326,2019-05-05T04:02:00Z,30,4,394,A,0630.9408,N,12440.3038,E,111.50,A,13,72*7E
$BNRDD,1326,2019-05-05T04:02:05Z,28,2,396,A,0630.9067,N,12440.3340,E,110.60,A,13,72*75
$BNRDD,1326,2019-05-05T04:02:10Z,27,2,398,A,0630.8657,N,12440.3471,E,110.70,A,13,72*70
$BNRDD,1326,2019-05-05T04:02:15Z,27,3,401,A,0630.8346,N,12440.3564,E,113.00,A,13,72*77
$BNRDD,1326,2019-05-05T04:02:20Z,30,3,404,A,0630.8040,N,12440.3664,E,115.80,A,13,72*7A
$BNRDD,1326,2019-05-05T04:02:25Z,32,5,409,A,0630.7658,N,12440.3770,E,116.00,A,13,72*79
$BNRDD,1326,2019-05-05T04:02:30Z,28,0,409,A,0630.7248,N,12440.3886,E,114.60,A,13,72*74
$BNRDD,1326,2019-05-05T04:02:35Z,33,5,414,A,0630.6854,N,12440.3999,E,113.30,A,13,72*79
$BNRDD,1326,2019-05-05T04:02:40Z,34,4,418,A,0630.6502,N,12440.4117,E,112.50,A,13,72*71
$BNRDD,1326,2019-05-05T04:02:45Z,33,1,419,A,0630.6093,N,12440.4234,E,116.20,A,13,72*7B
$BNRDD,1326,2019-05-05T04:02:50Z,36,3,422,A,0630.5753,N,12440.4365,E,114.10,A,13,72*7C
$BNRDD,1326,2019-05-05T04:02:55Z,36,4,426,A,0630.5631,N,12440.4654,E,113.80,A,13,72*76
$BNRDD,1326,2019-05-05T04:03:00Z,34,2,428,A,0630.5626,N,12440.5006,E,114.00,A,12,76*71
$BNRDD,1326,2019-05-05T04:03:05Z,34,2,430,A,0630.5627,N,12440.5415,E,116.20,A,12,76*7A
$BNRDD,1326,2019-05-05T04:03:10Z,32,0,430,A,0630.5631,N,12440.5861,E,110.50,A,12,76*73
$BNRDD,1326,2019-05-05T04:03:15Z,31,2,432,A,0630.5616,N,12440.6367,E,106.10,A,12,76*7D
$BNRDD,1326,2019-05-05T04:03:20Z,33,5,437,A,0630.5601,N,12440.6905,E,105.20,A,12,76*73
$BNRDD,1326,2019-05-05T04:03:26Z,28,0,437,A,0630.5581,N,12440.7613,E,105.90,A,12,76*73
$BNRDD,1326,2019-05-05T04:03:30Z,32,4,441,A,0630.5564,N,12440.8101,E,106.50,A,13,69*7A
$BNRDD,1326,2019-05-05T04:03:35Z,29,2,443,A,0630.5552,N,12440.8678,E,107.20,A,13,70*73
$BNRDD,1326,2019-05-05T04:03:40Z,27,2,445,A,0630.5538,N,12440.9225,E,107.60,A,13,70*7C
$BNRDD,1326,2019-05-05T04:03:45Z,29,3,448,A,0630.5524,N,12440.9749,E,107.50,A,13,70*7A
$BNRDD,1326,2019-05-05T04:03:50Z,28,2,450,A,0630.5515,N,12441.0268,E,108.10,A,13,70*70
$BNRDD,1326,2019-05-05T04:03:55Z,27,3,453,A,0630.5507,N,12441.0772,E,106.10,A,13,70*7B
$BNRDD,1326,2019-05-05T04:04:00Z,29,4,457,A,0630.5501,N,12441.1140,E,104.00,A,13,70*72
$BNRDD,1326,2019-05-05T04:04:05Z,27,0,457,A,0630.5502,N,12441.1352,E,101.30,A,13,70*79
$BNRDD,1326,2019-05-05T04:04:11Z,28,1,458,A,0630.5483,N,12441.1739,E,100.10,A,13,70*7F
$BNRDD,1326,2019-05-05T04:04:15Z,28,2,460,A,0630.5475,N,12441.2055,E,98.10,A,13,70*44
$BNRDD,1326,2019-05-05T04:04:21Z,25,2,462,A,0630.5466,N,12441.2604,E,107.40,A,13,69*76
$BNRDD,1326,2019-05-05T04:04:25Z,27,2,464,A,0630.5457,N,12441.2996,E,107.10,A,13,70*7D
$BNRDD,1326,2019-05-05T04:04:30Z,28,5,469,A,0630.5445,N,12441.3546,E,106.10,A,13,70*7E
$BNRDD,1326,2019-05-05T04:04:35Z,28,2,471,A,0630.5430,N,12441.4125,E,109.10,A,13,70*7E
$BNRDD,1326,2019-05-05T04:04:41Z,27,1,472,A,0630.5415,N,12441.4834,E,110.10,A,13,70*74
$BNRDD,1326,2019-05-05T04:04:46Z,26,2,474,A,0630.5399,N,12441.5415,E,110.50,A,13,70*7E
$BNRDD,1326,2019-05-05T04:04:51Z,27,3,477,A,0630.5389,N,12441.5932,E,111.60,A,13,70*70
$BNRDD,1326,2019-05-05T04:04:56Z,26,2,479,A,0630.5380,N,12441.6443,E,113.40,A,13,70*78
$BNRDD,1326,2019-05-05T04:05:01Z,25,3,482,A,0630.5368,N,12441.6972,E,111.60,A,12,74*71
$BNRDD,1326,2019-05-05T04:05:06Z,32,7,489,A,0630.5362,N,12441.7498,E,108.30,A,13,70*75
$BNRDD,1326,2019-05-05T04:05:12Z,34,3,492,A,0630.5350,N,12441.8026,E,106.30,A,13,70*79
$BNRDD,1326,2019-05-05T04:05:16Z,35,3,495,A,0630.5334,N,12441.8229,E,107.30,A,12,76*72
$BNRDD,1326,2019-05-05T04:05:21Z,34,1,496,A,0630.5286,N,12441.8389,E,109.50,A,12,76*7D
$BNRDD,1326,2019-05-05T04:05:26Z,36,4,500,A,0630.5204,N,12441.8567,E,111.80,A,11,78*76
$BNRDD,1326,2019-05-05T04:05:32Z,35,4,504,A,0630.5011,N,12441.8866,E,114.00,A,12,76*7E
$BNRDD,1326,2019-05-05T04:05:36Z,35,2,506,A,0630.4833,N,12441.9134,E,115.30,A,10,86*77
$BNRDD,1326,2019-05-05T04:05:41Z,36,2,508,A,0630.4601,N,12441.9498,E,113.10,A,11,78*72
$BNRDD,1326,2019-05-05T04:05:46Z,35,1,509,A,0630.4393,N,12441.9836,E,113.80,A,11,80*7C
$BNRDD,1326,2019-05-05T04:05:51Z,34,2,511,A,0630.4157,N,12442.0194,E,114.30,A,11,78*7B
$BNRDD,1326,2019-05-05T04:05:56Z,33,1,512,A,0630.3917,N,12442.0577,E,116.90,A,12,76*7C
$BNRDD,1326,2019-05-05T04:06:01Z,32,2,514,A,0630.3654,N,12442.1000,E,117.30,A,12,76*7E
$BNRDD,1326,2019-05-05T04:06:06Z,28,3,517,A,0630.3376,N,12442.1446,E,117.70,A,12,76*77
$BNRDD,1326,2019-05-05T04:06:11Z,28,3,520,A,0630.3074,N,12442.1916,E,118.30,A,11,78*7A
$BNRDD,1326,2019-05-05T04:06:16Z,26,1,521,A,0630.2773,N,12442.2393,E,118.90,A,12,76*72
$BNRDD,1326,2019-05-05T04:06:21Z,26,1,522,A,0630.2472,N,12442.2866,E,118.50,A,12,76*7A
$BNRDD,1326,2019-05-05T04:06:26Z,24,2,524,A,0630.2129,N,12442.3329,E,117.70,A,13,70*7A
$BNRDD,1326,2019-05-05T04:06:31Z,22,2,526,A,0630.1770,N,12442.3795,E,116.10,A,13,70*75
$BNRDD,1326,2019-05-05T04:06:36Z,20,0,526,A,0630.1421,N,12442.4257,E,116.40,A,13,70*7C
$BNRDD,1326,2019-05-05T04:06:41Z,20,2,528,A,0630.1122,N,12442.4657,E,118.20,A,13,70*7A
$BNRDD,1326,2019-05-05T04:06:46Z,20,1,529,A,0630.0970,N,12442.4848,E,118.80,A,13,70*7B
$BNRDD,1326,2019-05-05T04:06:51Z,20,2,531,A,0630.0900,N,12442.4943,E,119.30,A,13,70*70
$BNRDD,1326,2019-05-05T04:06:57Z,21,2,533,A,0630.0824,N,12442.5200,E,119.40,A,13,70*78
$BNRDD,1326,2019-05-05T04:07:02Z,19,0,533,A,0630.0806,N,12442.5529,E,119.20,A,13,70*7A
$BNRDD,1326,2019-05-05T04:07:07Z,17,1,534,A,0630.0793,N,12442.5934,E,117.60,A,12,76*79
$BNRDD,1326,2019-05-05T04:07:12Z,15,1,535,A,0630.0776,N,12442.6381,E,116.30,A,12,76*76
$BNRDD,1326,2019-05-05T04:07:17Z,16,2,537,A,0630.0752,N,12442.6853,E,115.10,A,13,70*75
$BNRDD,1326,2019-05-05T04:07:22Z,19,4,541,A,0630.0734,N,12442.7338,E,115.80,A,13,70*75
$BNRDD,1326,2019-05-05T04:07:27Z,19,2,543,A,0630.0709,N,12442.7843,E,120.50,A,13,70*76
$BNRDD,1326,2019-05-05T04:07:32Z,18,1,544,A,0630.0603,N,12442.8251,E,122.80,A,13,70*75
$BNRDD,1326,2019-05-05T04:07:37Z,21,3,547,A,0630.0230,N,12442.8474,E,123.40,A,13,70*73
$BNRDD,1326,2019-05-05T04:07:42Z,22,3,550,A,0629.9787,N,12442.8662,E,123.60,A,13,70*7B
$BNRDD,1326,2019-05-05T04:07:47Z,24,3,553,A,0629.9313,N,12442.8862,E,123.10,A,13,70*7B
$BNRDD,1326,2019-05-05T04:07:52Z,22,0,553,A,0629.8847,N,12442.9050,E,119.20,A,12,76*74
$BNRDD,1326,2019-05-05T04:07:57Z,23,3,556,A,0629.8447,N,12442.9316,E,116.90,A,13,70*78
$BNRDD,1326,2019-05-05T04:08:02Z,24,1,557,A,0629.8099,N,12442.9691,E,120.30,A,13,70*71
$BNRDD,1326,2019-05-05T04:08:07Z,24,1,558,A,0629.7718,N,12443.0088,E,123.40,A,13,70*78
$BNRDD,1326,2019-05-05T04:08:12Z,26,3,561,A,0629.7326,N,12443.0498,E,125.90,A,13,70*71
$BNRDD,1326,2019-05-05T04:08:17Z,25,1,562,A,0629.6941,N,12443.0909,E,128.20,A,13,70*7F
$BNRDD,1326,2019-05-05T04:08:22Z,25,4,566,A,0629.6556,N,12443.1324,E,129.60,A,13,70*73
$BNRDD,1326,2019-05-05T04:08:27Z,25,2,568,A,0629.6176,N,12443.1724,E,131.20,A,13,70*71
$BNRDD,1326,2019-05-05T04:08:32Z,27,3,571,A,0629.5792,N,12443.2115,E,133.00,A,13,70*76
$BNRDD,1326,2019-05-05T04:08:37Z,27,3,574,A,0629.5368,N,12443.2409,E,132.20,A,13,70*7C
$BNRDD,1326,2019-05-05T04:08:42Z,24,0,574,A,0629.4863,N,12443.2410,E,131.80,A,13,70*7E
$BNRDD,1326,2019-05-05T04:08:47Z,22,1,575,A,0629.4305,N,12443.2386,E,131.70,A,13,70*71
$BNRDD,1326,2019-05-05T04:08:52Z,26,4,579,A,0629.3744,N,12443.2359,E,132.70,A,13,70*7F
$BNRDD,1326,2019-05-05T04:08:57Z,26,3,582,A,0629.3249,N,12443.2475,E,134.70,A,13,70*7E
$BNRDD,1326,2019-05-05T04:09:02Z,25,0,582,A,0629.2766,N,12443.2758,E,135.60,A,13,70*7A
$BNRDD,1326,2019-05-05T04:09:07Z,25,1,583,A,0629.2250,N,12443.3066,E,136.80,A,13,70*79
$BNRDD,1326,2019-05-05T04:09:12Z,25,3,586,A,0629.1731,N,12443.3374,E,137.60,A,13,70*74
$BNRDD,1326,2019-05-05T04:09:17Z,24,0,586,A,0629.1227,N,12443.3668,E,138.00,A,12,72*73
$BNRDD,1326,2019-05-05T04:09:22Z,23,3,589,A,0629.0752,N,12443.3952,E,138.70,A,12,72*79
$BNRDD,1326,2019-05-05T04:09:27Z,21,0,589,A,0629.0277,N,12443.4236,E,140.30,A,11,78*73
$BNRDD,1326,2019-05-05T04:09:32Z,19,1,590,A,0628.9841,N,12443.4479,E,140.10,A,13,70*77
$BNRDD,1326,2019-05-05T04:09:37Z,18,2,592,A,0628.9392,N,12443.4540,E,140.00,A,12,72*7E
$BNRDD,1326,2019-05-05T04:09:42Z,20,2,594,A,0628.8920,N,12443.4454,E,140.00,A,13,70*74
$BNRDD,1326,2019-05-05T04:09:47Z,23,4,598,A,0628.8473,N,12443.4437,E,141.90,A,13,69*76
$BNRDD,1326,2019-05-05T04:09:52Z,24,5,603,A,0628.8073,N,12443.4544,E,144.30,A,12,72*70
$BNRDD,1326,2019-05-05T04:09:57Z,22,1,604,A,0628.7629,N,12443.4669,E,141.40,A,12,72*78
$BNRDD,1326,2019-05-05T04:10:02Z,23,1,605,A,0628.7147,N,12443.4810,E,142.10,A,13,70*7A
$BNRDD,1326,2019-05-05T04:10:07Z,23,1,606,A,0628.6653,N,12443.4950,E,142.40,A,13,70*7F
$BNRDD,1326,2019-05-05T04:10:12Z,22,2,608,A,0628.6142,N,12443.5095,E,143.40,A,12,72*73
$BNRDD,1326,2019-05-05T04:10:17Z,24,2,610,A,0628.5620,N,12443.5246,E,144.40,A,12,72*72
$BNRDD,1326,2019-05-05T04:10:22Z,22,1,611,A,0628.5110,N,12443.5397,E,145.40,A,12,72*78
$BNRDD,1326,2019-05-05T04:10:27Z,26,4,615,A,0628.4666,N,12443.5606,E,146.40,A,12,75*76
$BNRDD,1326,2019-05-05T04:10:33Z,29,4,619,A,0628.4354,N,12443.6091,E,146.50,A,13,70*7A
$BNRDD,1326,2019-05-05T04:10:38Z,29,2,621,A,0628.4087,N,12443.6519,E,146.10,A,11,81*7C
$BNRDD,1326,2019-05-05T04:10:43Z,30,3,624,A,0628.3825,N,12443.6964,E,145.60,A,11,78*7F
$BNRDD,1326,2019-05-05T04:10:48Z,26,0,624,A,0628.3569,N,12443.7391,E,144.60,A,11,78*75
$BNRDD,1326,2019-05-05T04:10:53Z,24,3,627,A,0628.3292,N,12443.7836,E,143.60,A,11,78*7F
$BNRDD,1326,2019-05-05T04:10:58Z,28,5,632,A,0628.3014,N,12443.8286,E,144.90,A,9,91*4E
$BNRDD,1326,2019-05-05T04:11:03Z,31,4,636,A,0628.2743,N,12443.8736,E,145.70,A,12,72*7E
$BNRDD,1326,2019-05-05T04:11:08Z,36,6,642,A,0628.2470,N,12443.9171,E,146.60,A,12,75*71
$BNRDD,1326,2019-05-05T04:11:13Z,37,3,645,A,0628.2226,N,12443.9595,E,147.40,A,13,70*74
$BNRDD,1326,2019-05-05T04:11:18Z,38,3,648,A,0628.1999,N,12443.9991,E,143.00,A,13,70*79
$BNRDD,1326,2019-05-05T04:11:23Z,42,5,653,A,0628.1743,N,12444.0402,E,139.80,A,13,70*75
$BNRDD,1326,2019-05-05T04:11:28Z,40,2,655,A,0628.1494,N,12444.0816,E,138.70,A,13,70*73
$BNRDD,1326,2019-05-05T04:11:33Z,39,3,658,A,0628.1246,N,12444.1196,E,139.70,A,13,70*73
$BNRDD,1326,2019-05-05T04:11:38Z,42,5,663,A,0628.0905,N,12444.1486,E,141.00,A,13,69*73
$BNRDD,1326,2019-05-05T04:11:43Z,40,1,664,A,0628.0506,N,12444.1738,E,142.40,A,13,69*70
$BNRDD,1326,2019-05-05T04:11:48Z,43,3,667,A,0628.0091,N,12444.1987,E,145.10,A,13,69*7A
$BNRDD,1326,2019-05-05T04:11:53Z,41,1,668,A,0627.9680,N,12444.2239,E,148.70,A,13,70*71
$BNRDD,1326,2019-05-05T04:11:58Z,39,3,671,A,0627.9252,N,12444.2512,E,151.40,A,13,70*71
$BNRDD,1326,2019-05-05T04:12:03Z,36,1,672,A,0627.8807,N,12444.2796,E,154.90,A,13,69*77
$BNRDD,1326,2019-05-05T04:12:08Z,32,2,674,A,0627.8355,N,12444.3087,E,159.80,A,13,69*7B
$BNRDD,1326,2019-05-05T04:12:13Z,30,1,675,A,0627.7874,N,12444.3388,E,164.10,A,13,70*75
$BNRDD,1326,2019-05-05T04:12:18Z,28,1,676,A,0627.7421,N,12444.3678,E,168.30,A,13,70*7C
$BNRDD,1326,2019-05-05T04:12:23Z,25,2,678,A,0627.7087,N,12444.4047,E,170.40,A,13,69*77
$BNRDD,1326,2019-05-05T04:12:28Z,25,2,680,A,0627.6786,N,12444.4475,E,170.90,A,13,70*7C
$BNRDD,1326,2019-05-05T04:12:33Z,25,3,683,A,0627.6496,N,12444.4894,E,173.50,A,13,70*7A
$BNRDD,1326,2019-05-05T04:12:38Z,21,1,684,A,0627.6249,N,12444.5304,E,176.20,A,13,69*7D
$BNRDD,1326,2019-05-05T04:12:43Z,21,1,685,A,0627.6015,N,12444.5771,E,177.70,A,13,69*79
$BNRDD,1326,2019-05-05T04:12:48Z,19,1,686,A,0627.5773,N,12444.6250,E,178.40,A,13,70*7F
$BNRDD,1326,2019-05-05T04:12:53Z,20,2,688,A,0627.5582,N,12444.6707,E,179.30,A,13,69*77
$BNRDD,1326,2019-05-05T04:12:58Z,21,4,692,A,0627.5437,N,12444.7104,E,179.70,A,13,69*7F
$BNRDD,1326,2019-05-05T04:13:03Z,22,2,694,A,0627.5216,N,12444.7480,E,181.10,A,13,70*76
$BNRDD,1326,2019-05-05T04:13:08Z,20,0,694,A,0627.4961,N,12444.7905,E,184.20,A,13,70*71
$BNRDD,1326,2019-05-05T04:13:13Z,20,1,695,A,0627.4698,N,12444.8347,E,187.30,A,13,70*73
$BNRDD,1326,2019-05-05T04:13:18Z,22,3,698,A,0627.4417,N,12444.8817,E,190.20,A,13,70*79
$BNRDD,1326,2019-05-05T04:13:23Z,20,0,698,A,0627.4115,N,12444.9311,E,187.40,A,13,70*7B
$BNRDD,1326,2019-05-05T04:13:28Z,21,3,701,A,0627.3791,N,12444.9808,E,178.70,A,13,70*7E
$BNRDD,1326,2019-05-05T04:13:33Z,21,3,704,A,0627.3487,N,12445.0301,E,174.50,A,13,70*71
$BNRDD,1326,2019-05-05T04:13:38Z,20,0,704,A,0627.3191,N,12445.0797,E,169.30,A,13,70*7B
$BNRDD,1326,2019-05-05T04:13:43Z,21,2,706,A,0627.2899,N,12445.1282,E,167.50,A,13,70*7E
$BNRDD,1326,2019-05-05T04:13:48Z,22,2,708,A,0627.2633,N,12445.1728,E,169.30,A,13,70*7B
$BNRDD,1326,2019-05-05T04:13:53Z,20,0,708,A,0627.2387,N,12445.2130,E,169.50,A,13,70*71
$BNRDD,1326,2019-05-05T04:13:59Z,17,1,709,A,0627.2118,N,12445.2588,E,174.10,A,13,69*7C
$BNRDD,1326,2019-05-05T04:14:04Z,18,3,712,A,0627.1906,N,12445.2827,E,177.60,A,13,69*7C
$BNRDD,1326,2019-05-05T04:14:09Z,20,2,714,A,0627.1616,N,12445.2680,E,180.30,A,12,72*76
$BNRDD,1326,2019-05-05T04:14:14Z,21,2,716,A,0627.1307,N,12445.2468,E,184.90,A,11,80*78
$BNRDD,1326,2019-05-05T04:14:19Z,20,2,718,A,0627.0943,N,12445.2248,E,190.50,A,12,78*78
$BNRDD,1326,2019-05-05T04:14:24Z,24,4,722,A,0627.0562,N,12445.2012,E,196.80,A,13,69*75
$BNRDD,1326,2019-05-05T04:14:29Z,23,2,724,A,0627.0190,N,12445.1786,E,202.90,A,13,69*70
$BNRDD,1326,2019-05-05T04:14:34Z,22,2,726,A,0626.9924,N,12445.1760,E,209.30,A,13,69*79
$BNRDD,1326,2019-05-05T04:14:39Z,27,5,731,A,0626.9770,N,12445.2075,E,210.30,A,12,78*76
$BNRDD,1326,2019-05-05T04:14:44Z,26,1,732,A,0626.9569,N,12445.2438,E,213.20,A,12,78*7F
$BNRDD,1326,2019-05-05T04:14:49Z,25,1,733,A,0626.9345,N,12445.2850,E,216.70,A,12,78*7A
$BNRDD,1326,2019-05-05T04:14:54Z,26,1,734,A,0626.9120,N,12445.3255,E,219.80,A,12,78*7D
$BNRDD,1326,2019-05-05T04:14:59Z,29,4,738,A,0626.8895,N,12445.3668,E,223.10,A,12,78*7A
$BNRDD,1326,2019-05-05T04:15:04Z,28,2,740,A,0626.8653,N,12445.4072,E,222.10,A,12,78*74
$BNRDD,1326,2019-05-05T04:15:09Z,26,0,740,A,0626.8399,N,12445.4518,E,225.40,A,13,70*74
$BNRDD,1326,2019-05-05T04:15:14Z,26,2,742,A,0626.8146,N,12445.4933,E,228.00,A,13,70*74
$BNRDD,1326,2019-05-05T04:15:19Z,27,3,745,A,0626.7912,N,12445.5359,E,231.80,A,13,70*7F
$BNRDD,1326,2019-05-05T04:15:24Z,26,3,748,A,0626.7687,N,12445.5794,E,235.60,A,13,69*79
$BNRDD,1326,2019-05-05T04:15:29Z,28,4,752,A,0626.7508,N,12445.6184,E,239.90,A,13,70*7D
$BNRDD,1326,2019-05-05T04:15:34Z,27,1,753,A,0626.7297,N,12445.6564,E,244.90,A,13,70*7B
$BNRDD,1326,2019-05-05T04:15:39Z,22,0,753,A,0626.7031,N,12445.6957,E,249.20,A,13,70*76
$BNRDD,1326,2019-05-05T04:15:44Z,25,4,757,A,0626.6745,N,12445.7344,E,249.30,A,13,70*76
$BNRDD,1326,2019-05-05T04:15:49Z,25,1,758,A,0626.6459,N,12445.7736,E,242.10,A,13,70*77
$BNRDD,1326,2019-05-05T04:15:54Z,25,1,759,A,0626.6184,N,12445.8115,E,240.10,A,13,70*75
$BNRDD,1326,2019-05-05T04:15:59Z,21,0,759,A,0626.5807,N,12445.8422,E,241.30,A,13,70*7E
$BNRDD,1326,2019-05-05T04:16:04Z,22,3,762,A,0626.5392,N,12445.8681,E,246.50,A,13,70*70
$BNRDD,1326,2019-05-05T04:16:09Z,23,1,763,A,0626.4972,N,12445.8957,E,252.50,A,12,74*7E
$BNRDD,1326,2019-05-05T04:16:14Z,23,2,765,A,0626.4544,N,12445.9265,E,259.30,A,12,77*7B
$BNRDD,1326,2019-05-05T04:16:19Z,22,2,767,A,0626.4107,N,12445.9562,E,266.60,A,12,77*7F
$BNRDD,1326,2019-05-05T04:16:24Z,19,0,767,A,0626.3668,N,12445.9852,E,272.10,A,13,73*7B
$BNRDD,1326,2019-05-05T04:16:29Z,15,0,767,A,0626.3193,N,12446.0109,E,258.90,A,13,72*75
$BNRDD,1326,2019-05-05T04:16:34Z,15,1,768,A,0626.2720,N,12446.0373,E,252.50,A,14,67*72
$BNRDD,1326,2019-05-05T04:16:39Z,16,1,769,A,0626.2302,N,12446.0632,E,250.50,A,14,67*7B
$BNRDD,1326,2019-05-05T04:16:44Z,15,3,772,A,0626.2016,N,12446.0984,E,252.00,A,14,67*79
$BNRDD,1326,2019-05-05T04:16:49Z,16,2,774,A,0626.1773,N,12446.1408,E,243.10,A,14,67*7E
$BNRDD,1326,2019-05-05T04:16:54Z,18,3,777,A,0626.1508,N,12446.1858,E,238.40,A,14,67*70
$BNRDD,1326,2019-05-05T04:16:59Z,18,0,777,A,0626.1263,N,12446.2321,E,233.90,A,14,67*74
$BNRDD,1326,2019-05-05T04:17:04Z,18,3,780,A,0626.1018,N,12446.2731,E,234.60,A,14,67*75
$BNRDD,1326,2019-05-05T04:17:09Z,17,0,780,A,0626.0778,N,12446.3144,E,233.10,A,14,67*71
$BNRDD,1326,2019-05-05T04:17:14Z,17,2,782,A,0626.0582,N,12446.3485,E,235.10,A,14,67*74
$BNRDD,1326,2019-05-05T04:17:19Z,16,1,783,A,0626.0495,N,12446.3653,E,232.70,A,14,67*75
$BNRDD,1326,2019-05-05T04:17:24Z,18,2,785,A,0626.0501,N,12446.3733,E,235.30,A,14,67*78
$BNRDD,1326,2019-05-05T04:17:29Z,19,1,786,A,0626.0587,N,12446.3778,E,233.10,A,14,67*71
$BNRDD,1326,2019-05-05T04:17:34Z,21,3,789,A,0626.0779,N,12446.3886,E,225.20,A,14,67*72
$BNRDD,1326,2019-05-05T04:17:39Z,24,4,793,A,0626.1025,N,12446.4123,E,220.60,A,14,67*79
$BNRDD,1326,2019-05-05T04:17:44Z,21,0,793,A,0626.1295,N,12446.4477,E,216.10,A,14,67*7D
$BNRDD,1326,2019-05-05T04:17:49Z,21,2,795,A,0626.1502,N,12446.4839,E,209.70,A,14,67*73
$BNRDD,1326,2019-05-05T04:17:54Z,19,1,796,A,0626.1703,N,12446.5264,E,204.80,A,14,67*76
$BNRDD,1326,2019-05-05T04:17:59Z,19,0,796,A,0626.1915,N,12446.5679,E,198.40,A,14,67*71
$BNRDD,1326,2019-05-05T04:18:04Z,18,2,798,A,0626.2137,N,12446.6098,E,192.90,A,14,67*7D
$BNRDD,1326,2019-05-05T04:18:09Z,20,2,800,A,0626.2321,N,12446.6491,E,189.70,A,14,67*79
$BNRDD,1326,2019-05-05T04:18:14Z,22,4,804,A,0626.2473,N,12446.6806,E,189.20,A,14,67*72
$BNRDD,1326,2019-05-05T04:18:19Z,26,5,809,A,0626.2609,N,12446.7089,E,188.70,A,14,67*72
$BNRDD,1326,2019-05-05T04:18:24Z,25,1,810,A,0626.2738,N,12446.7347,E,189.80,A,14,67*7F
$BNRDD,1326,2019-05-05T04:18:29Z,28,4,814,A,0626.2866,N,12446.7619,E,191.50,A,14,67*70
$BNRDD,1326,2019-05-05T04:18:35Z,27,2,816,A,0626.3048,N,12446.7996,E,193.30,A,14,67*7F
$BNRDD,1326,2019-05-05T04:18:40Z,25,2,818,A,0626.3228,N,12446.8367,E,197.00,A,14,67*79
$BNRDD,1326,2019-05-05T04:18:45Z,28,3,821,A,0626.3428,N,12446.8755,E,199.80,A,14,67*7F
$BNRDD,1326,2019-05-05T04:18:50Z,27,1,822,A,0626.3658,N,12446.9191,E,200.30,A,14,67*77
$BNRDD,1326,2019-05-05T04:18:55Z,26,0,822,A,0626.3885,N,12446.9659,E,200.20,A,14,67*7E
$BNRDD,1326,2019-05-05T04:19:00Z,29,3,825,A,0626.4124,N,12447.0134,E,201.40,A,14,67*72
$BNRDD,1326,2019-05-05T04:19:05Z,29,2,827,A,0626.4360,N,12447.0610,E,202.80,A,14,67*78
$BNRDD,1326,2019-05-05T04:19:10Z,29,2,829,A,0626.4603,N,12447.1088,E,203.70,A,14,67*7A
$BNRDD,1326,2019-05-05T04:19:15Z,26,1,830,A,0626.4875,N,12447.1578,E,201.60,A,14,67*7D
$BNRDD,1326,2019-05-05T04:19:20Z,23,2,832,A,0626.5211,N,12447.2031,E,196.50,A,14,67*73
$BNRDD,1326,2019-05-05T04:19:25Z,26,4,836,A,0626.5592,N,12447.2483,E,194.00,A,14,67*77
$BNRDD,1326,2019-05-05T04:19:30Z,24,2,838,A,0626.6031,N,12447.2915,E,192.30,A,14,67*71
$BNRDD,1326,2019-05-05T04:19:35Z,25,3,841,A,0626.6538,N,12447.3306,E,189.70,A,14,67*71
$BNRDD,1326,2019-05-05T04:19:40Z,28,5,846,A,0626.7073,N,12447.3640,E,188.20,A,14,67*77
$BNRDD,1326,2019-05-05T04:19:45Z,28,3,849,A,0626.7619,N,12447.3968,E,187.30,A,14,67*7A
$BNRDD,1326,2019-05-05T04:19:50Z,27,0,849,A,0626.8153,N,12447.4287,E,188.70,A,14,67*72
$BNRDD,1326,2019-05-05T04:19:55Z,30,3,852,A,0626.8693,N,12447.4619,E,190.90,A,14,67*77
$BNRDD,1326,2019-05-05T04:20:00Z,30,3,855,A,0626.9209,N,12447.4911,E,193.70,A,14,67*76
$BNRDD,1326,2019-05-05T04:20:05Z,31,3,858,A,0626.9733,N,12447.5079,E,196.80,A,14,67*7F
$BNRDD,1326,2019-05-05T04:20:10Z,33,4,862,A,0627.0291,N,12447.5162,E,197.50,A,14,67*75
$BNRDD,1326,2019-05-05T04:20:15Z,34,2,864,A,0627.0827,N,12447.5267,E,195.70,A,14,67*76
$BNRDD,1326,2019-05-05T04:20:20Z,32,0,864,A,0627.1307,N,12447.5501,E,194.90,A,14,67*74
$BNRDD,1326,2019-05-05T04:20:25Z,31,3,867,A,0627.1664,N,12447.5912,E,196.20,A,14,67*75
$BNRDD,1326,2019-05-05T04:20:30Z,29,0,867,A,0627.1901,N,12447.6404,E,196.40,A,14,67*78
$BNRDD,1326,2019-05-05T04:20:35Z,28,2,869,A,0627.2166,N,12447.6827,E,197.70,A,14,67*75
$BNRDD,1326,2019-05-05T04:20:40Z,26,3,872,A,0627.2382,N,12447.7041,E,199.80,A,14,67*72
$BNRDD,1326,2019-05-05T04:20:45Z,27,4,876,A,0627.2480,N,12447.7059,E,201.60,A,13,75*71
$BNRDD,1326,2019-05-05T04:20:50Z,28,1,877,A,0627.2531,N,12447.7085,E,203.30,A,12,78*7F
$BNRDD,1326,2019-05-05T04:20:55Z,27,2,879,A,0627.2598,N,12447.7126,E,205.40,A,13,75*7E
$BNRDD,1326,2019-05-05T04:21:00Z,26,2,881,A,0627.2717,N,12447.7204,E,204.80,A,13,75*72
$BNRDD,1326,2019-05-05T04:21:05Z,24,1,882,A,0627.2955,N,12447.7311,E,203.10,A,13,75*76
$BNRDD,1326,2019-05-05T04:21:10Z,22,2,884,A,0627.3265,N,12447.7440,E,202.60,A,13,75*7D
$BNRDD,1326,2019-05-05T04:21:15Z,23,3,887,A,0627.3625,N,12447.7577,E,201.80,A,13,75*73
$BNRDD,1326,2019-05-05T04:21:20Z,24,1,888,A,0627.4033,N,12447.7743,E,200.30,A,13,75*76
$BNRDD,1326,2019-05-05T04:21:25Z,22,1,889,A,0627.4444,N,12447.7936,E,200.40,A,13,75*7B
$BNRDD,1326,2019-05-05T04:21:30Z,24,2,891,A,0627.4853,N,12447.8201,E,200.80,A,14,67*71
$BNRDD,1326,2019-05-05T04:21:35Z,26,4,895,A,0627.5215,N,12447.8520,E,202.20,A,14,67*71
$BNRDD,1326,2019-05-05T04:21:40Z,24,1,896,A,0627.5538,N,12447.8872,E,205.60,A,14,67*76
$BNRDD,1326,2019-05-05T04:21:45Z,23,3,899,A,0627.5844,N,12447.9234,E,211.00,A,14,67*75
$BNRDD,1326,2019-05-05T04:21:50Z,22,0,899,A,0627.6232,N,12447.9442,E,216.40,A,14,67*7F
$BNRDD,1326,2019-05-05T04:21:55Z,24,4,903,A,0627.6639,N,12447.9457,E,222.00,A,13,75*76
$BNRDD,1326,2019-05-05T04:22:00Z,24,2,905,A,0627.7032,N,12447.9375,E,225.60,A,13,75*7F
$BNRDD,1326,2019-05-05T04:22:05Z,25,2,907,A,0627.7386,N,12447.9194,E,228.70,A,12,87*78
$BNRDD,1326,2019-05-05T04:22:10Z,25,2,909,A,0627.7744,N,12447.8992,E,228.90,A,13,75*75
$BNRDD,1326,2019-05-05T04:22:15Z,24,2,911,A,0627.8119,N,12447.8984,E,228.90,A,13,75*7E
$BNRDD,1326,2019-05-05T04:22:20Z,26,3,914,A,0627.8320,N,12447.9326,E,229.50,A,14,67*7C
$BNRDD,1326,2019-05-05T04:22:26Z,27,2,916,A,0627.8083,N,12447.9878,E,229.30,A,10,81*78
$BNRDD,1326,2019-05-05T04:22:31Z,26,1,917,A,0627.7853,N,12448.0393,E,228.50,A,10,84*7D
$BNRDD,1326,2019-05-05T04:22:36Z,23,1,918,A,0627.7724,N,12448.0988,E,225.10,A,10,88*7A
$BNRDD,1326,2019-05-05T04:22:41Z,26,4,922,A,0627.7621,N,12448.1581,E,220.70,A,12,76*73
$BNRDD,1326,2019-05-05T04:22:46Z,24,1,923,A,0627.7708,N,12448.2117,E,220.20,A,12,72*71
$BNRDD,1326,2019-05-05T04:22:51Z,25,1,924,A,0627.8057,N,12448.2513,E,221.90,A,11,77*7F
$BNRDD,1326,2019-05-05T04:22:56Z,24,3,927,A,0627.8528,N,12448.2729,E,223.20,A,11,77*77
$BNRDD,1326,2019-05-05T04:23:01Z,23,1,928,A,0627.9076,N,12448.2820,E,220.50,A,11,83*78
$BNRDD,1326,2019-05-05T04:23:06Z,21,0,928,A,0627.9622,N,12448.2832,E,215.30,A,10,91*7A
$BNRDD,1326,2019-05-05T04:23:11Z,20,1,929,A,0628.0019,N,12448.3047,E,209.80,A,10,91*78
$BNRDD,1326,2019-05-05T04:23:16Z,19,1,930,A,0628.0305,N,12448.3427,E,204.50,A,11,87*77
$BNRDD,1326,2019-05-05T04:23:21Z,17,1,931,A,0628.0672,N,12448.3622,E,198.40,A,13,71*72
$BNRDD,1326,2019-05-05T04:23:26Z,17,2,933,A,0628.1028,N,12448.3483,E,189.80,A,12,78*71
$BNRDD,1326,2019-05-05T04:23:31Z,16,0,933,A,0628.1346,N,12448.3200,E,184.40,A,12,78*73
$BNRDD,1326,2019-05-05T04:23:36Z,17,2,935,A,0628.1720,N,12448.2994,E,178.30,A,12,78*76
$BNRDD,1326,2019-05-05T04:23:41Z,15,2,937,A,0628.2125,N,12448.3060,E,169.80,A,12,77*71
$BNRDD,1326,2019-05-05T04:23:46Z,15,1,938,A,0628.2491,N,12448.3419,E,156.90,A,14,67*70
$BNRDD,1326,2019-05-05T04:23:51Z,14,0,938,A,0628.2943,N,12448.3703,E,148.90,A,13,69*7A
$BNRDD,1326,2019-05-05T04:23:56Z,13,2,940,A,0628.3485,N,12448.3927,E,140.50,A,14,67*74
$BNRDD,1326,2019-05-05T04:24:01Z,14,2,942,A,0628.4066,N,12448.4172,E,128.50,A,14,67*7B
$BNRDD,1326,2019-05-05T04:24:06Z,17,3,945,A,0628.4698,N,12448.4432,E,120.00,A,14,67*72
$BNRDD,1326,2019-05-05T04:24:11Z,19,3,948,A,0628.5328,N,12448.4687,E,116.20,A,14,67*73
$BNRDD,1326,2019-05-05T04:24:16Z,19,1,949,A,0628.5961,N,12448.4944,E,114.00,A,14,67*70
$BNRDD,1326,2019-05-05T04:24:21Z,19,1,950,A,0628.6586,N,12448.5200,E,111.90,A,14,67*7C
$BNRDD,1326,2019-05-05T04:24:26Z,18,1,951,A,0628.7184,N,12448.5463,E,109.00,A,14,67*7F
$BNRDD,1326,2019-05-05T04:24:31Z,18,0,951,A,0628.7692,N,12448.5817,E,104.40,A,14,67*7E
$BNRDD,1326,2019-05-05T04:24:36Z,18,2,953,A,0628.8085,N,12448.6234,E,104.80,A,14,67*72
$BNRDD,1326,2019-05-05T04:24:41Z,22,6,959,A,0628.8413,N,12448.6666,E,103.00,A,14,67*72
$BNRDD,1326,2019-05-05T04:24:46Z,24,3,962,A,0628.8757,N,12448.7134,E,100.80,A,14,67*77
$BNRDD,1326,2019-05-05T04:24:51Z,27,3,965,A,0628.9134,N,12448.7640,E,99.70,A,14,67*4D
$BNRDD,1326,2019-05-05T04:24:56Z,27,2,967,A,0628.9512,N,12448.8136,E,98.60,A,14,67*40
$BNRDD,1326,2019-05-05T04:25:01Z,25,0,967,A,0628.9887,N,12448.8626,E,96.90,A,14,67*45
$BNRDD,1326,2019-05-05T04:25:06Z,25,3,970,A,0629.0207,N,12448.9112,E,99.80,A,14,67*42
$BNRDD,1326,2019-05-05T04:25:11Z,24,2,972,A,0629.0382,N,12448.9615,E,102.00,A,14,67*71
$BNRDD,1326,2019-05-05T04:25:16Z,25,2,974,A,0629.0433,N,12449.0106,E,100.90,A,14,67*7A
$BNRDD,1326,2019-05-05T04:25:21Z,25,1,975,A,0629.0394,N,12449.0576,E,99.10,A,14,67*4C
$BNRDD,1326,2019-05-05T04:25:26Z,27,3,978,A,0629.0325,N,12449.1078,E,97.90,A,14,67*40
$BNRDD,1326,2019-05-05T04:25:31Z,28,1,979,A,0629.0284,N,12449.1641,E,102.00,A,14,67*78
$BNRDD,1326,2019-05-05T04:25:36Z,31,5,984,A,0629.0230,N,12449.2242,E,107.80,A,14,67*77
$BNRDD,1326,2019-05-05T04:25:41Z,27,2,986,A,0629.0167,N,12449.2862,E,112.70,A,14,67*77
$BNRDD,1326,2019-05-05T04:25:46Z,26,2,988,A,0629.0105,N,12449.3473,E,118.10,A,14,67*7A
$BNRDD,1326,2019-05-05T04:25:51Z,26,3,991,A,0628.9910,N,12449.4031,E,126.80,A,14,67*70
$BNRDD,1326,2019-05-05T04:25:56Z,24,0,991,A,0628.9683,N,12449.4534,E,132.10,A,14,67*7F
$BNRDD,1326,2019-05-05T04:26:01Z,27,3,994,A,0628.9722,N,12449.5008,E,134.10,A,13,72*7F
$BNRDD,1326,2019-05-05T04:26:06Z,25,1,995,A,0628.9943,N,12449.5344,E,137.30,A,13,74*7C
$BNRDD,1326,2019-05-05T04:26:11Z,28,5,1000,A,0629.0159,N,12449.5689,E,140.00,A,13,74*4B
$BNRDD,1326,2019-05-05T04:26:16Z,28,2,1002,A,0629.0183,N,12449.6113,E,143.20,A,13,74*48
$BNRDD,1326,2019-05-05T04:26:22Z,30,3,1005,A,0629.0179,N,12449.6661,E,146.30,A,13,72*45
$BNRDD,1326,2019-05-05T04:26:27Z,28,1,1006,A,0629.0408,N,12449.7075,E,148.10,A,12,74*42
$BNRDD,1326,2019-05-05T04:26:32Z,27,0,1006,A,0629.0775,N,12449.7401,E,149.80,A,12,78*42
$BNRDD,1326,2019-05-05T04:26:37Z,26,4,1010,A,0629.1294,N,12449.7473,E,151.90,A,12,73*48
$BNRDD,1326,2019-05-05T04:26:42Z,27,3,1013,A,0629.1833,N,12449.7518,E,151.00,A,9,89*72
$BNRDD,1326,2019-05-05T04:26:47Z,28,3,1016,A,0629.2276,N,12449.7776,E,148.60,A,11,75*4B
$BNRDD,1326,2019-05-05T04:26:52Z,26,1,1017,A,0629.2438,N,12449.8228,E,143.60,A,10,80*4F
$BNRDD,1326,2019-05-05T04:26:57Z,32,6,1023,A,0629.2213,N,12449.8704,E,135.90,A,11,77*4C
$BNRDD,1326,2019-05-05T04:27:02Z,32,3,1026,A,0629.2064,N,12449.9194,E,128.70,A,12,71*46
$BNRDD,1326,2019-05-05T04:27:07Z,35,4,1030,A,0629.2196,N,12449.9653,E,123.90,A,12,71*41
$BNRDD,1326,2019-05-05T04:27:12Z,30,0,1030,A,0629.2569,N,12449.9873,E,118.70,A,12,70*4B
$BNRDD,1326,2019-05-05T04:27:17Z,29,1,1031,A,0629.2940,N,12449.9593,E,114.80,A,10,86*4A
$BNRDD,1326,2019-05-05T04:27:22Z,31,5,1036,A,0629.3217,N,12449.9203,E,110.80,A,11,78*44
$BNRDD,1326,2019-05-05T04:27:27Z,30,0,1036,A,0629.3648,N,12449.9231,E,106.50,A,8,102*44
$BNRDD,1326,2019-05-05T04:27:32Z,31,1,1037,A,0629.3826,N,12449.9680,E,99.70,A,9,93*44
$BNRDD,1326,2019-05-05T04:27:37Z,30,3,1040,A,0629.3832,N,12450.0253,E,93.00,A,9,124*7C
$BNRDD,1326,2019-05-05T04:27:42Z,29,2,1042,A,0629.4007,N,12450.0769,E,85.80,A,9,124*7F
$BNRDD,1326,2019-05-05T04:27:47Z,27,1,1043,A,0629.4365,N,12450.1192,E,80.30,A,9,124*7C
$BNRDD,1326,2019-05-05T04:27:52Z,28,2,1045,A,0629.4821,N,12450.1577,E,76.90,A,10,94*77
$BNRDD,1326,2019-05-05T04:27:57Z,23,1,1046,A,0629.5231,N,12450.1919,E,74.20,A,12,71*77
$BNRDD,1326,2019-05-05T04:28:02Z,25,5,1051,A,0629.5563,N,12450.2200,E,74.40,A,12,71*7A
$BNRDD,1326,2019-05-05T04:28:07Z,24,3,1054,A,0629.5838,N,12450.2438,E,74.40,A,12,71*73
$BNRDD,1326,2019-05-05T04:28:12Z,29,5,1059,A,0629.6091,N,12450.2655,E,75.40,A,12,71*71
$BNRDD,1326,2019-05-05T04:28:17Z,29,1,1060,A,0629.6350,N,12450.2878,E,76.40,A,12,71*76
$BNRDD,1326,2019-05-05T04:28:22Z,24,0,1060,A,0629.6567,N,12450.3065,E,76.50,A,12,71*7A
$BNRDD,1326,2019-05-05T04:28:27Z,26,2,1062,A,0629.6780,N,12450.3247,E,76.00,A,11,78*7B
$BNRDD,1326,2019-05-05T04:28:32Z,31,6,1068,A,0629.6991,N,12450.3425,E,74.50,A,12,71*76
$BNRDD,1326,2019-05-05T04:28:37Z,30,2,1070,A,0629.7183,N,12450.3596,E,73.50,A,11,80*76
$BNRDD,1326,2019-05-05T04:28:42Z,30,2,1072,A,0629.7359,N,12450.3753,E,74.90,A,12,71*7E
$BNRDD,1326,2019-05-05T04:28:47Z,31,2,1074,A,0629.7544,N,12450.3892,E,75.90,A,12,71*75
$BNRDD,1326,2019-05-05T04:28:52Z,29,0,1074,A,0629.7720,N,12450.4041,E,77.80,A,12,71*78
$BNRDD,1326,2019-05-05T04:28:57Z,29,1,1075,A,0629.7886,N,12450.4188,E,78.00,A,12,71*7D
$BNRDD,1326,2019-05-05T04:29:02Z,27,3,1078,A,0629.8075,N,12450.4351,E,75.00,A,12,71*7D
$BNRDD,1326,2019-05-05T04:29:07Z,26,2,1080,A,0629.8245,N,12450.4495,E,74.50,A,12,70*74
$BNRDD,1326,2019-05-05T04:29:12Z,22,1,1081,A,0629.8417,N,12450.4643,E,74.10,A,12,70*7A
$BNRDD,1326,2019-05-05T04:29:17Z,22,1,1082,A,0629.8600,N,12450.4797,E,74.10,A,12,71*71
$BNRDD,1326,2019-05-05T04:29:22Z,24,2,1084,A,0629.8782,N,12450.4934,E,74.10,A,12,70*79
$BNRDD,1326,2019-05-05T04:29:27Z,23,1,1085,A,0629.8962,N,12450.5078,E,74.30,A,12,71*7A
$BNRDD,1326,2019-05-05T04:29:32Z,18,1,1086,A,0629.9122,N,12450.5214,E,74.50,A,11,80*7B
$BNRDD,1326,2019-05-05T04:29:37Z,19,3,1089,A,0629.9263,N,12450.5329,E,75.20,A,11,76*74
$BNRDD,1326,2019-05-05T04:29:42Z,18,1,1090,A,0629.9444,N,12450.5468,E,75.60,A,11,80*71
$BNRDD,1326,2019-05-05T04:29:47Z,17,1,1091,A,0629.9624,N,12450.5621,E,75.80,A,11,80*7F
$BNRDD,1326,2019-05-05T04:29:52Z,22,5,1096,A,0629.9775,N,12450.5737,E,76.90,A,11,76*76
$BNRDD,1326,2019-05-05T04:29:57Z,23,2,1098,A,0629.9944,N,12450.5879,E,77.50,A,11,76*7F
$BNRDD,1326,2019-05-05T04:30:02Z,21,1,1099,A,0630.0067,N,12450.6042,E,77.70,A,11,80*76
$BNRDD,1326,2019-05-05T04:30:07Z,21,2,1101,A,0630.0102,N,12450.6115,E,76.50,A,11,80*72
$BNRDD,1326,2019-05-05T04:30:12Z,22,2,1103,A,0630.0127,N,12450.6179,E,74.90,A,11,80*74
$BNRDD,1326,2019-05-05T04:30:18Z,25,4,1107,A,0630.0209,N,12450.6219,E,74.90,A,11,80*71
$BNRDD,1326,2019-05-05T04:30:23Z,26,3,1110,A,0630.0279,N,12450.6177,E,74.50,A,12,71*76
$BNRDD,1326,2019-05-05T04:30:28Z,26,1,1111,A,0630.0324,N,12450.6107,E,74.10,A,12,71*74
$BNRDD,1326,2019-05-05T04:30:33Z,28,3,1114,A,0630.0371,N,12450.5974,E,72.40,A,12,71*7B
$BNRDD,1326,2019-05-05T04:30:38Z,25,0,1114,A,0630.0451,N,12450.5872,E,73.00,A,12,71*79
$BNRDD,1326,2019-05-05T04:30:43Z,26,2,1116,A,0630.0551,N,12450.5763,E,72.00,A,12,71*79
$BNRDD,1326,2019-05-05T04:30:48Z,26,1,1117,A,0630.0704,N,12450.5588,E,71.10,A,12,71*77
$BNRDD,1326,2019-05-05T04:30:53Z,21,0,1117,A,0630.0877,N,12450.5401,E,72.50,A,12,71*77
$BNRDD,1326,2019-05-05T04:30:58Z,21,2,1119,A,0630.1036,N,12450.5227,E,74.00,A,12,71*7D
$BNRDD,1326,2019-05-05T04:31:03Z,22,2,1121,A,0630.1150,N,12450.5088,E,73.10,A,12,71*7A
$BNRDD,1326,2019-05-05T04:31:08Z,22,2,1123,A,0630.1290,N,12450.4899,E,72.40,A,12,71*71
$BNRDD,1326,2019-05-05T04:31:13Z,25,5,1128,A,0630.1459,N,12450.4679,E,71.40,A,12,71*70
$BNRDD,1326,2019-05-05T04:31:18Z,25,4,1132,A,0630.1599,N,12450.4503,E,71.10,A,12,71*77
$BNRDD,1326,2019-05-05T04:31:23Z,26,4,1136,A,0630.1722,N,12450.4353,E,70.90,A,12,71*70
$BNRDD,1326,2019-05-05T04:31:28Z,27,2,1138,A,0630.1904,N,12450.4150,E,69.10,A,12,71*79
$BNRDD,1326,2019-05-05T04:31:33Z,25,1,1139,A,0630.2112,N,12450.3916,E,68.00,A,12,71*72
$BNRDD,1326,2019-05-05T04:31:38Z,31,6,1145,A,0630.2289,N,12450.3711,E,65.30,A,12,71*76
$BNRDD,1326,2019-05-05T04:31:43Z,32,3,1148,A,0630.2442,N,12450.3535,E,62.10,A,12,71*71
$BNRDD,1326,2019-05-05T04:31:48Z,32,1,1149,A,0630.2559,N,12450.3405,E,60.70,A,12,71*74
$BNRDD,1326,2019-05-05T04:31:53Z,37,5,1154,A,0630.2677,N,12450.3250,E,56.10,A,12,71*79
$BNRDD,1326,2019-05-05T04:31:58Z,37,2,1156,A,0630.2814,N,12450.3091,E,55.00,A,12,71*71
$BNRDD,1326,2019-05-05T04:32:03Z,37,2,1158,A,0630.2929,N,12450.2961,E,56.70,A,12,71*7E
$BNRDD,1326,2019-05-05T04:32:08Z,36,1,1159,A,0630.3089,N,12450.2774,E,57.60,A,12,71*7E
$BNRDD,1326,2019-05-05T04:32:13Z,33,2,1161,A,0630.3278,N,12450.2554,E,56.60,A,12,71*74
$BNRDD,1326,2019-05-05T04:32:18Z,29,0,1161,A,0630.3411,N,12450.2404,E,57.70,A,12,71*7B
$BNRDD,1326,2019-05-05T04:32:23Z,26,1,1162,A,0630.3436,N,12450.2345,E,56.90,A,12,71*76
$BNRDD,1326,2019-05-05T04:32:28Z,27,3,1165,A,0630.3400,N,12450.2346,E,58.80,A,12,70*71
$BNRDD,1326,2019-05-05T04:32:33Z,28,2,1167,A,0630.3369,N,12450.2327,E,60.10,A,12,70*7A
$BNRDD,1326,2019-05-05T04:32:38Z,24,2,1169,A,0630.3343,N,12450.2311,E,61.00,A,12,70*7E
$BNRDD,1326,2019-05-05T04:32:43Z,22,1,1170,A,0630.3334,N,12450.2307,E,61.40,A,12,70*7C
$BNRDD,1326,2019-05-05T04:32:48Z,23,2,1172,A,0630.3335,N,12450.2306,E,61.40,A,11,80*7B
$BNRDD,1326,2019-05-05T04:32:53Z,21,3,1175,A,0630.3335,N,12450.2306,E,61.40,A,11,80*75
$BNRDD,1326,2019-05-05T04:32:58Z,20,1,1176,A,0630.3335,N,12450.2305,E,61.40,A,11,76*74
$BNRDD,1326,2019-05-05T04:33:03Z,20,2,1178,A,0630.3337,N,12450.2303,E,61.40,A,11,76*72
$BNRDD,1326,2019-05-05T04:33:08Z,21,2,1180,A,0630.3338,N,12450.2297,E,61.40,A,11,80*75
$BNRDD,1326,2019-05-05T04:33:13Z,19,0,1180,A,0630.3338,N,12450.2297,E,61.40,A,11,80*76
$BNRDD,1326,2019-05-05T04:33:18Z,20,1,1181,A,0630.3338,N,12450.2297,E,61.40,A,11,80*77
$BNRDD,1326,2019-05-05T04:33:23Z,21,2,1183,A,0630.3338,N,12450.2298,E,61.40,A,11,80*70
$BNRDD,1326,2019-05-05T04:33:28Z,20,2,1185,A,0630.3338,N,12450.2298,E,61.40,A,11,76*75
