# NEW LOG
# format=1.3.6nano
# deadtime=on
$BNRDD,1326,2019-05-17T03:35:46Z,428,117,5433,A,0606.9666,N,12511.3220,E,60.30,A,12,74*4A
$BNRDD,1326,2019-05-17T03:35:51Z,525,101,5534,A,0606.9651,N,12511.3206,E,60.30,A,13,72*46
$BNRDD,1326,2019-05-17T03:35:56Z,654,133,5667,A,0606.9640,N,12511.3203,E,60.30,A,11,85*4F
$BNRDD,1326,2019-05-17T03:36:01Z,785,134,5801,A,0606.9632,N,12511.3192,E,60.30,A,13,72*4E
$BNRDD,1326,2019-05-17T03:36:06Z,895,117,5918,A,0606.9630,N,12511.3186,E,60.30,A,13,72*48
$BNRDD,1326,2019-05-17T03:36:11Z,1012,121,6039,A,0606.9627,N,12511.3182,E,60.30,A,13,72*76
$BNRDD,1326,2019-05-17T03:36:16Z,1138,128,6167,A,0606.9624,N,12511.3180,E,60.30,A,13,72*7A
$BNRDD,1326,2019-05-17T03:36:21Z,1281,143,6310,A,0606.9621,N,12511.3180,E,60.30,A,13,72*75
$BNRDD,1326,2019-05-17T03:36:26Z,1412,133,6443,A,0606.9621,N,12511.3181,E,60.30,A,13,72*79
$BNRDD,1326,2019-05-17T03:36:31Z,1536,129,6572,A,0606.9612,N,12511.3180,E,60.30,A,11,76*77
$BNRDD,1326,2019-05-17T03:36:36Z,1504,100,6672,A,0606.9583,N,12511.3178,E,60.30,A,12,73*73
$BNRDD,1326,2019-05-17T03:36:41Z,1480,120,6792,A,0606.9582,N,12511.3168,E,60.30,A,13,72*73
$BNRDD,1326,2019-05-17T03:36:46Z,1471,108,6900,A,0606.9586,N,12511.3167,E,60.30,A,13,72*7E
$BNRDD,1326,2019-05-17T03:36:51Z,1493,123,7023,A,0606.9586,N,12511.3162,E,60.30,A,11,78*79
$BNRDD,1326,2019-05-17T03:36:56Z,1469,109,7132,A,0606.9588,N,12511.3158,E,60.30,A,12,76*78
$BNRDD,1326,2019-05-17T03:37:01Z,1456,122,7254,A,0606.9593,N,12511.3153,E,60.30,A,12,76*7C
$BNRDD,1326,2019-05-17T03:37:06Z,1464,124,7378,A,0606.9596,N,12511.3150,E,60.30,A,13,72*70
$BNRDD,1326,2019-05-17T03:37:11Z,1463,120,7498,A,0606.9597,N,12511.3152,E,60.30,A,13,72*7F
$BNRDD,1326,2019-05-17T03:37:16Z,1456,122,7620,A,0606.9600,N,12511.3156,E,60.30,A,13,72*74
$BNRDD,1326,2019-05-17T03:37:21Z,1421,108,7728,A,0606.9603,N,12511.3159,E,60.30,A,13,72*7D
$BNRDD,1326,2019-05-17T03:37:26Z,1403,115,7843,A,0606.9608,N,12511.3162,E,60.30,A,13,72*77
$BNRDD,1326,2019-05-17T03:37:31Z,1399,125,7968,A,0606.9612,N,12511.3164,E,60.30,A,13,72*73
$BNRDD,1326,2019-05-17T03:37:36Z,1421,122,8090,A,0606.9617,N,12511.3167,E,60.30,A,13,72*70
$BNRDD,1326,2019-05-17T03:37:41Z,1426,125,8215,A,0606.9620,N,12511.3168,E,60.30,A,13,73*75
$BNRDD,1326,2019-05-17T03:37:46Z,1447,129,8344,A,0606.9621,N,12511.3167,E,60.30,A,13,72*73
$BNRDD,1326,2019-05-17T03:37:51Z,1442,118,8462,A,0606.9623,N,12511.3167,E,60.30,A,13,73*72
$BNRDD,1326,2019-05-17T03:37:56Z,1481,147,8609,A,0606.9626,N,12511.3165,E,60.30,A,13,72*79
$BNRDD,1326,2019-05-17T03:38:01Z,1487,128,8737,A,0606.9627,N,12511.3164,E,60.30,A,13,72*77
$BNRDD,1326,2019-05-17T03:38:06Z,1477,114,8851,A,0606.9625,N,12511.3164,E,60.30,A,13,72*7D
$BNRDD,1326,2019-05-17T03:38:11Z,1488,131,8982,A,0606.9626,N,12511.3164,E,60.30,A,13,72*70
$BNRDD,1326,2019-05-17T03:38:16Z,1492,126,9108,A,0606.9626,N,12511.3162,E,60.30,A,13,72*77
$BNRDD,1326,2019-05-17T03:38:21Z,1497,113,9221,A,0606.9628,N,12511.3160,E,60.30,A,13,72*74
$BNRDD,1326,2019-05-17T03:38:26Z,1497,115,9336,A,0606.9629,N,12511.3161,E,60.30,A,13,72*72
$BNRDD,1326,2019-05-17T03:38:31Z,1494,122,9458,A,0606.9630,N,12511.3164,E,60.30,A,13,72*71
$BNRDD,1326,2019-05-17T03:38:36Z,1479,107,9565,A,0606.9633,N,12511.3162,E,60.30,A,13,72*78
$BNRDD,1326,2019-05-17T03:38:41Z,1469,115,9680,A,0606.9635,N,12511.3160,E,60.30,A,13,72*76
$BNRDD,1326,2019-05-17T03:38:46Z,1452,113,9793,A,0606.9637,N,12511.3158,E,60.30,A,13,73*74
$BNRDD,1326,2019-05-17T03:38:51Z,1453,119,9912,A,0606.9640,N,12511.3158,E,60.30,A,13,72*7F
$BNRDD,1326,2019-05-17T03:38:56Z,1430,124,10036,A,0606.9638,N,12511.3158,E,60.30,A,13,72*4B
$BNRDD,1326,2019-05-17T03:39:01Z,1408,106,10142,A,0606.9636,N,12511.3158,E,60.30,A,13,72*4F
$BNRDD,1326,2019-05-17T03:39:06Z,1427,133,10275,A,0606.9634,N,12511.3157,E,60.30,A,11,78*41
$BNRDD,1326,2019-05-17T03:39:11Z,1420,124,10399,A,0606.9635,N,12511.3157,E,60.30,A,12,74*4B
$BNRDD,1326,2019-05-17T03:39:16Z,1406,112,10511,A,0606.9637,N,12511.3158,E,60.30,A,12,74*46
$BNRDD,1326,2019-05-17T03:39:21Z,1411,118,10629,A,0606.9639,N,12511.3159,E,60.30,A,12,74*49
$BNRDD,1326,2019-05-17T03:39:27Z,1355,59,10688,A,0606.9640,N,12511.3160,E,60.20,A,12,74*72
$BNRDD,1326,2019-05-17T03:39:32Z,1237,5,10693,A,0606.9640,N,12511.3163,E,60.20,A,13,72*44
$BNRDD,1326,2019-05-17T03:39:37Z,1139,9,10702,A,0606.9639,N,12511.3165,E,60.20,A,12,84*49
$BNRDD,1326,2019-05-17T03:39:42Z,1040,16,10718,A,0606.9631,N,12511.3148,E,60.20,A,11,77*79
$BNRDD,1326,2019-05-17T03:39:47Z,933,7,10725,A,0606.9631,N,12511.3143,E,60.10,A,11,76*77
$BNRDD,1326,2019-05-17T03:39:52Z,827,13,10738,A,0606.9623,N,12511.3148,E,60.10,A,11,76*46
$BNRDD,1326,2019-05-17T03:39:57Z,713,11,10749,A,0606.9620,N,12511.3151,E,60.10,A,10,77*44
$BNRDD,1326,2019-05-17T03:40:02Z,615,8,10757,A,0606.9618,N,12511.3152,E,60.10,A,11,76*72
$BNRDD,1326,2019-05-17T03:40:07Z,492,10,10767,A,0606.9618,N,12511.3150,E,60.10,A,9,83*71
$BNRDD,1326,2019-05-17T03:40:12Z,378,10,10777,A,0606.9621,N,12511.3147,E,60.10,A,8,96*7E
$BNRDD,1326,2019-05-17T03:40:17Z,275,9,10786,A,0606.9621,N,12511.3147,E,60.10,A,9,81*46
$BNRDD,1326,2019-05-17T03:40:22Z,164,7,10793,A,0606.9621,N,12511.3148,E,60.10,A,11,75*74
$BNRDD,1326,2019-05-17T03:40:27Z,112,7,10800,A,0606.9622,N,12511.3148,E,60.10,A,12,74*74
$BNRDD,1326,2019-05-17T03:40:32Z,122,15,10815,A,0606.9621,N,12511.3151,E,60.10,A,11,77*4F
$BNRDD,1326,2019-05-17T03:40:37Z,124,11,10826,A,0606.9619,N,12511.3155,E,60.10,A,10,79*48
$BNRDD,1326,2019-05-17T03:40:42Z,117,9,10835,A,0606.9616,N,12511.3158,E,60.10,A,10,79*73
$BNRDD,1326,2019-05-17T03:40:47Z,120,10,10845,A,0606.9613,N,12511.3162,E,60.10,A,10,79*41
$BNRDD,1326,2019-05-17T03:40:52Z,118,11,10856,A,0606.9608,N,12511.3163,E,60.10,A,9,92*7B
$BNRDD,1326,2019-05-17T03:40:57Z,117,10,10866,A,0606.9606,N,12511.3164,E,60.10,A,10,88*49
$BNRDD,1326,2019-05-17T03:41:02Z,119,10,10876,A,0606.9610,N,12511.3169,E,60.10,A,9,107*43
$BNRDD,1326,2019-05-17T03:41:07Z,114,5,10881,A,0606.9635,N,12511.3212,E,60.10,A,9,107*7F
$BNRDD,1326,2019-05-17T03:41:12Z,116,12,10893,A,0606.9626,N,12511.3230,E,60.00,A,11,79*4E
$BNRDD,1326,2019-05-17T03:41:17Z,117,10,10903,A,0606.9613,N,12511.3215,E,59.90,A,12,74*4C
$BNRDD,1326,2019-05-17T03:41:22Z,115,5,10908,A,0606.9617,N,12511.3208,E,59.80,A,12,74*7E
$BNRDD,1326,2019-05-17T03:41:27Z,121,13,10921,A,0606.9616,N,12511.3210,E,59.80,A,10,81*40
$BNRDD,1326,2019-05-17T03:41:32Z,113,7,10928,A,0606.9616,N,12511.3210,E,59.80,A,10,81*79
$BNRDD,1326,2019-05-17T03:41:37Z,110,8,10936,A,0606.9615,N,12511.3214,E,59.80,A,10,81*78
$BNRDD,1326,2019-05-17T03:41:42Z,115,14,10950,A,0606.9612,N,12511.3218,E,59.80,A,9,83*73
$BNRDD,1326,2019-05-17T03:41:47Z,113,8,10958,A,0606.9608,N,12511.3221,E,59.80,A,10,81*7E
$BNRDD,1326,2019-05-17T03:41:52Z,115,13,10971,A,0606.9603,N,12511.3224,E,59.80,A,11,78*44
$BNRDD,1326,2019-05-17T03:41:57Z,116,11,10982,A,0606.9599,N,12511.3227,E,59.80,A,11,78*4F
$BNRDD,1326,2019-05-17T03:42:02Z,115,9,10991,A,0606.9597,N,12511.3231,E,59.80,A,11,78*7D
$BNRDD,1326,2019-05-17T03:42:07Z,123,13,11004,A,0606.9596,N,12511.3233,E,59.80,A,11,78*41
$BNRDD,1326,2019-05-17T03:42:12Z,126,15,11019,A,0606.9598,N,12511.3239,E,59.80,A,10,80*48
$BNRDD,1326,2019-05-17T03:42:17Z,119,3,11022,A,0606.9603,N,12511.3243,E,59.80,A,9,86*4C
$BNRDD,1326,2019-05-17T03:42:22Z,128,14,11036,A,0606.9607,N,12511.3244,E,59.80,A,10,87*41
$BNRDD,1326,2019-05-17T03:42:27Z,122,7,11043,A,0606.9610,N,12511.3242,E,59.80,A,10,82*7B
$BNRDD,1326,2019-05-17T03:42:32Z,129,14,11057,A,0606.9615,N,12511.3240,E,59.80,A,10,82*44
$BNRDD,1326,2019-05-17T03:42:37Z,131,10,11067,A,0606.9617,N,12511.3239,E,59.80,A,8,94*7D
$BNRDD,1326,2019-05-17T03:42:42Z,126,9,11076,A,0606.9614,N,12511.3241,E,59.80,A,9,88*41
$BNRDD,1326,2019-05-17T03:42:47Z,124,6,11082,A,0606.9600,N,12511.3242,E,59.80,A,11,77*7D
$BNRDD,1326,2019-05-17T03:42:52Z,117,6,11088,A,0606.9572,N,12511.3228,E,59.70,A,11,77*76
$BNRDD,1326,2019-05-17T03:42:57Z,112,6,11094,A,0606.9571,N,12511.3229,E,59.70,A,11,77*79
$BNRDD,1326,2019-05-17T03:43:02Z,108,5,11099,A,0606.9569,N,12511.3230,E,59.60,A,11,77*7D
$BNRDD,1326,2019-05-17T03:43:07Z,98,3,11102,A,0606.9562,N,12511.3228,E,59.60,A,12,74*47
$BNRDD,1326,2019-05-17T03:43:12Z,85,2,11104,A,0606.9556,N,12511.3226,E,59.60,A,12,74*41
$BNRDD,1326,2019-05-17T03:43:17Z,85,3,11107,A,0606.9550,N,12511.3223,E,59.60,A,12,74*45
$BNRDD,1326,2019-05-17T03:43:22Z,77,6,11113,A,0606.9545,N,12511.3220,E,59.60,A,11,79*47
$BNRDD,1326,2019-05-17T03:43:27Z,73,3,11116,A,0606.9544,N,12511.3219,E,59.60,A,11,79*4D
$BNRDD,1326,2019-05-17T03:43:33Z,65,6,11122,A,0606.9544,N,12511.3219,E,59.60,A,10,82*48
$BNRDD,1326,2019-05-17T03:43:38Z,58,3,11125,A,0606.9546,N,12511.3217,E,59.60,A,11,79*46
$BNRDD,1326,2019-05-17T03:43:43Z,53,4,11129,A,0606.9553,N,12511.3207,E,59.60,A,12,74*41
$BNRDD,1326,2019-05-17T03:43:48Z,55,8,11137,A,0606.9560,N,12511.3194,E,59.70,A,12,74*47
$BNRDD,1326,2019-05-17T03:43:53Z,57,8,11145,A,0606.9566,N,12511.3189,E,59.70,A,12,74*40
$BNRDD,1326,2019-05-17T03:43:58Z,61,10,11155,A,0606.9569,N,12511.3183,E,59.70,A,12,74*73
$BNRDD,1326,2019-05-17T03:44:03Z,58,2,11157,A,0606.9573,N,12511.3176,E,59.70,A,12,74*40
$BNRDD,1326,2019-05-17T03:44:08Z,58,3,11160,A,0606.9577,N,12511.3170,E,59.70,A,12,74*4C
$BNRDD,1326,2019-05-17T03:44:13Z,61,5,11165,A,0606.9581,N,12511.3165,E,59.60,A,11,77*43
$BNRDD,1326,2019-05-17T03:44:18Z,61,3,11168,A,0606.9585,N,12511.3162,E,59.60,A,11,77*40
$BNRDD,1326,2019-05-17T03:44:23Z,62,7,11175,A,0606.9592,N,12511.3155,E,59.60,A,11,77*41
$BNRDD,1326,2019-05-17T03:44:28Z,66,7,11182,A,0606.9601,N,12511.3136,E,59.60,A,12,74*4A
$BNRDD,1326,2019-05-17T03:44:33Z,65,5,11187,A,0606.9600,N,12511.3131,E,59.60,A,12,74*42
$BNRDD,1326,2019-05-17T03:44:38Z,66,4,11191,A,0606.9599,N,12511.3126,E,59.60,A,12,74*49
$BNRDD,1326,2019-05-17T03:44:43Z,65,3,11194,A,0606.9599,N,12511.3124,E,59.60,A,12,74*46
$BNRDD,1326,2019-05-17T03:44:48Z,58,1,11195,A,0606.9612,N,12511.3112,E,59.60,A,12,74*45
$BNRDD,1326,2019-05-17T03:44:53Z,54,4,11199,A,0606.9618,N,12511.3103,E,59.60,A,12,74*40
$BNRDD,1326,2019-05-17T03:44:58Z,47,3,11202,A,0606.9623,N,12511.3098,E,59.60,A,12,74*44
$BNRDD,1326,2019-05-17T03:45:03Z,51,6,11208,A,0606.9625,N,12511.3094,E,59.60,A,12,74*49
$BNRDD,1326,2019-05-17T03:45:08Z,52,4,11212,A,0606.9625,N,12511.3089,E,59.60,A,12,74*44
$BNRDD,1326,2019-05-17T03:45:13Z,50,3,11215,A,0606.9622,N,12511.3084,E,59.60,A,12,74*46
$BNRDD,1326,2019-05-17T03:45:18Z,49,2,11217,A,0606.9617,N,12511.3081,E,59.60,A,12,74*45
$BNRDD,1326,2019-05-17T03:45:23Z,45,3,11220,A,0606.9614,N,12511.3077,E,59.60,A,12,74*4E
$BNRDD,1326,2019-05-17T03:45:28Z,49,11,11231,A,0606.9614,N,12511.3074,E,59.60,A,12,74*79
$BNRDD,1326,2019-05-17T03:45:33Z,47,3,11234,A,0606.9615,N,12511.3074,E,59.60,A,12,74*4A
$BNRDD,1326,2019-05-17T03:45:38Z,48,5,11239,A,0606.9613,N,12511.3077,E,59.60,A,13,72*47
$BNRDD,1326,2019-05-17T03:45:43Z,50,5,11244,A,0606.9609,N,12511.3080,E,59.60,A,13,72*4B
$BNRDD,1326,2019-05-17T03:45:48Z,55,6,11250,A,0606.9603,N,12511.3083,E,59.60,A,13,72*4A
$BNRDD,1326,2019-05-17T03:45:53Z,57,6,11256,A,0606.9598,N,12511.3085,E,59.60,A,13,72*43
$BNRDD,1326,2019-05-17T03:45:58Z,58,4,11260,A,0606.9593,N,12511.3089,E,59.60,A,13,72*47
$BNRDD,1326,2019-05-17T03:46:03Z,56,4,11264,A,0606.9589,N,12511.3094,E,59.60,A,13,72*47
$BNRDD,1326,2019-05-17T03:46:08Z,59,7,11271,A,0606.9583,N,12511.3098,E,59.60,A,12,74*45
$BNRDD,1326,2019-05-17T03:46:13Z,58,2,11273,A,0606.9578,N,12511.3102,E,59.60,A,12,74*4F
$BNRDD,1326,2019-05-17T03:46:18Z,58,2,11275,A,0606.9574,N,12511.3105,E,59.60,A,12,74*49
$BNRDD,1326,2019-05-17T03:46:23Z,59,4,11279,A,0606.9571,N,12511.3106,E,59.60,A,12,74*4C
$BNRDD,1326,2019-05-17T03:46:28Z,51,3,11282,A,0606.9567,N,12511.3103,E,59.60,A,10,91*47
$BNRDD,1326,2019-05-17T03:46:33Z,52,4,11286,A,0606.9565,N,12511.3102,E,59.60,A,11,88*47
$BNRDD,1326,2019-05-17T03:46:38Z,52,5,11291,A,0606.9567,N,12511.3099,E,59.60,A,12,84*45
$BNRDD,1326,2019-05-17T03:46:43Z,51,4,11295,A,0606.9570,N,12511.3098,E,59.60,A,12,84*48
$BNRDD,1326,2019-05-17T03:46:48Z,47,2,11297,A,0606.9572,N,12511.3098,E,59.60,A,12,84*42
$BNRDD,1326,2019-05-17T03:46:53Z,43,2,11299,A,0606.9573,N,12511.3098,E,59.60,A,12,84*43
$BNRDD,1326,2019-05-17T03:46:58Z,41,2,11301,A,0606.9574,N,12511.3102,E,59.60,A,12,84*4F
$BNRDD,1326,2019-05-17T03:47:03Z,39,2,11303,A,0606.9575,N,12511.3108,E,59.60,A,12,84*46
$BNRDD,1326,2019-05-17T03:47:08Z,35,3,11306,A,0606.9575,N,12511.3115,E,59.60,A,11,85*4B
$BNRDD,1326,2019-05-17T03:47:13Z,37,4,11310,A,0606.9569,N,12511.3146,E,59.50,A,11,85*4B
$BNRDD,1326,2019-05-17T03:47:18Z,38,3,11313,A,0606.9574,N,12511.3160,E,59.50,A,12,84*41
$BNRDD,1326,2019-05-17T03:47:23Z,44,10,11323,A,0606.9578,N,12511.3163,E,59.50,A,13,72*74
$BNRDD,1326,2019-05-17T03:47:28Z,45,4,11327,A,0606.9580,N,12511.3168,E,59.50,A,12,77*47
$BNRDD,1326,2019-05-17T03:47:33Z,49,8,11335,A,0606.9580,N,12511.3172,E,59.50,A,10,97*49
$BNRDD,1326,2019-05-17T03:47:39Z,52,8,11343,A,0606.9576,N,12511.3178,E,59.50,A,10,97*4B
$BNRDD,1326,2019-05-17T03:47:44Z,52,4,11347,A,0606.9552,N,12511.3202,E,59.50,A,10,97*41
$BNRDD,1326,2019-05-17T03:47:49Z,55,5,11352,A,0606.9537,N,12511.3176,E,59.50,A,10,97*4D
$BNRDD,1326,2019-05-17T03:47:54Z,55,2,11354,A,0606.9525,N,12511.3176,E,59.50,A,9,100*44
$BNRDD,1326,2019-05-17T03:47:59Z,56,3,11357,A,0606.9495,N,12511.3189,E,59.50,A,8,111*43
$BNRDD,1326,2019-05-17T03:48:04Z,57,3,11360,A,0606.9485,N,12511.3203,E,59.50,A,9,100*40
$BNRDD,1326,2019-05-17T03:48:09Z,61,7,11367,A,0606.9468,N,12511.3216,E,59.50,A,9,93*77
$BNRDD,1326,2019-05-17T03:48:14Z,61,4,11371,A,0606.9514,N,12511.3160,E,59.50,A,8,102*4F
$BNRDD,1326,2019-05-17T03:48:19Z,62,4,11375,A,0606.9517,N,12511.3142,E,59.20,A,8,101*42
$BNRDD,1326,2019-05-17T03:48:24Z,54,2,11377,A,0606.9522,N,12511.3140,E,59.00,A,8,101*4B
$BNRDD,1326,2019-05-17T03:48:29Z,52,2,11379,A,0606.9566,N,12511.3121,E,58.80,A,8,101*40
$BNRDD,1326,2019-05-17T03:48:34Z,49,5,11384,A,0606.9600,N,12511.3096,E,58.60,A,8,137*46
$BNRDD,1326,2019-05-17T03:48:39Z,43,2,11386,A,0606.9639,N,12511.3060,E,58.50,A,8,137*44
$BNRDD,1326,2019-05-17T03:48:44Z,41,2,11388,A,0606.9660,N,12511.3035,E,58.50,A,8,101*4B
$BNRDD,1326,2019-05-17T03:48:49Z,41,5,11393,A,0606.9668,N,12511.3038,E,58.50,A,9,85*72
$BNRDD,1326,2019-05-17T03:48:54Z,43,4,11397,A,0606.9666,N,12511.3047,E,58.50,A,9,85*7F
$BNRDD,1326,2019-05-17T03:48:59Z,45,5,11402,A,0606.9668,N,12511.3050,E,58.50,A,10,79*4D
$BNRDD,1326,2019-05-17T03:49:04Z,42,0,11402,A,0606.9672,N,12511.3051,E,58.50,A,10,79*4C
$BNRDD,1326,2019-05-17T03:49:09Z,36,1,11403,A,0606.9676,N,12511.3051,E,58.50,A,10,79*46
$BNRDD,1326,2019-05-17T03:49:14Z,36,4,11407,A,0606.9680,N,12511.3051,E,58.50,A,10,79*42
$BNRDD,1326,2019-05-17T03:49:19Z,35,3,11410,A,0606.9680,N,12511.3051,E,58.50,A,10,79*4D
$BNRDD,1326,2019-05-17T03:49:24Z,34,1,11411,A,0606.9681,N,12511.3052,E,58.50,A,10,79*43
$BNRDD,1326,2019-05-17T03:49:29Z,35,3,11414,A,0606.9679,N,12511.3054,E,58.60,A,10,79*4A
$BNRDD,1326,2019-05-17T03:49:34Z,35,5,11419,A,0606.9670,N,12511.3059,E,58.50,A,10,79*4A
$BNRDD,1326,2019-05-17T03:49:39Z,39,6,11425,A,0606.9650,N,12511.3069,E,58.50,A,10,79*46
$BNRDD,1326,2019-05-17T03:49:44Z,41,4,11429,A,0606.9627,N,12511.3080,E,58.50,A,11,76*44
$BNRDD,1326,2019-05-17T03:49:49Z,38,2,11431,A,0606.9617,N,12511.3093,E,58.50,A,9,82*7B
$BNRDD,1326,2019-05-17T03:49:54Z,37,3,11434,A,0606.9604,N,12511.3111,E,58.50,A,10,80*4F
$BNRDD,1326,2019-05-17T03:49:59Z,38,6,11440,A,0606.9597,N,12511.3126,E,58.50,A,10,80*46
$BNRDD,1326,2019-05-17T03:50:04Z,41,3,11443,A,0606.9597,N,12511.3140,E,58.40,A,10,80*4F
$BNRDD,1326,2019-05-17T03:50:09Z,43,3,11446,A,0606.9601,N,12511.3159,E,58.40,A,10,80*41
$BNRDD,1326,2019-05-17T03:50:14Z,46,7,11453,A,0606.9599,N,12511.3180,E,58.40,A,10,80*4E
$BNRDD,1326,2019-05-17T03:50:19Z,50,7,11460,A,0606.9603,N,12511.3189,E,58.40,A,9,91*75
$BNRDD,1326,2019-05-17T03:50:24Z,53,4,11464,A,0606.9611,N,12511.3190,E,58.40,A,10,78*4B
$BNRDD,1326,2019-05-17T03:50:29Z,54,4,11468,A,0606.9613,N,12511.3193,E,58.40,A,10,78*4C
$BNRDD,1326,2019-05-17T03:50:34Z,51,2,11470,A,0606.9616,N,12511.3195,E,58.40,A,10,78*49
$BNRDD,1326,2019-05-17T03:50:39Z,48,3,11473,A,0606.9618,N,12511.3195,E,58.40,A,10,78*40
$BNRDD,1326,2019-05-17T03:50:44Z,50,6,11479,A,0606.9621,N,12511.3193,E,58.40,A,9,83*7C
$BNRDD,1326,2019-05-17T03:50:49Z,50,2,11481,A,0606.9623,N,12511.3192,E,58.40,A,11,74*40
$BNRDD,1326,2019-05-17T03:50:54Z,53,6,11487,A,0606.9624,N,12511.3190,E,58.40,A,11,74*48
$BNRDD,1326,2019-05-17T03:50:59Z,53,6,11493,A,0606.9627,N,12511.3189,E,58.40,A,11,74*4B
$BNRDD,1326,2019-05-17T03:51:04Z,55,5,11498,A,0606.9628,N,12511.3193,E,58.40,A,9,93*78
$BNRDD,1326,2019-05-17T03:51:09Z,55,3,11501,A,0606.9630,N,12511.3198,E,58.40,A,11,78*4C
$BNRDD,1326,2019-05-17T03:51:14Z,54,6,11507,A,0606.9632,N,12511.3201,E,58.40,A,11,78*43
$BNRDD,1326,2019-05-17T03:51:19Z,52,5,11512,A,0606.9635,N,12511.3205,E,58.40,A,11,78*4C
$BNRDD,1326,2019-05-17T03:51:24Z,49,1,11513,A,0606.9636,N,12511.3208,E,58.40,A,11,78*43
$BNRDD,1326,2019-05-17T03:51:29Z,48,3,11516,A,0606.9633,N,12511.3209,E,58.40,A,11,78*4C
$BNRDD,1326,2019-05-17T03:51:35Z,48,2,11518,A,0606.9630,N,12511.3212,E,58.40,A,11,78*47
$BNRDD,1326,2019-05-17T03:51:40Z,45,0,11518,A,0606.9628,N,12511.3214,E,58.40,A,11,78*45
$BNRDD,1326,2019-05-17T03:51:45Z,42,3,11521,A,0606.9629,N,12511.3214,E,58.40,A,11,78*4F
$BNRDD,1326,2019-05-17T03:51:50Z,44,4,11525,A,0606.9635,N,12511.3213,E,58.40,A,12,73*4C
$BNRDD,1326,2019-05-17T03:51:55Z,39,1,11526,A,0606.9651,N,12511.3208,E,58.40,A,12,73*4D
$BNRDD,1326,2019-05-17T03:52:00Z,35,2,11528,A,0606.9654,N,12511.3178,E,58.40,A,12,73*4E
$BNRDD,1326,2019-05-17T03:52:05Z,30,0,11528,A,0606.9642,N,12511.3167,E,58.50,A,12,73*44
$BNRDD,1326,2019-05-17T03:52:10Z,33,6,11534,A,0606.9637,N,12511.3156,E,58.60,A,12,73*4B
$BNRDD,1326,2019-05-17T03:52:15Z,30,3,11537,A,0606.9637,N,12511.3157,E,58.60,A,11,74*4E
$BNRDD,1326,2019-05-17T03:52:20Z,26,1,11538,A,0606.9638,N,12511.3159,E,58.60,A,10,79*4F
$BNRDD,1326,2019-05-17T03:52:25Z,29,4,11542,A,0606.9642,N,12511.3163,E,58.60,A,10,79*49
$BNRDD,1326,2019-05-17T03:52:30Z,29,3,11545,A,0606.9642,N,12511.3167,E,58.60,A,10,79*49
$BNRDD,1326,2019-05-17T03:52:35Z,29,2,11547,A,0606.9642,N,12511.3170,E,58.60,A,10,79*49
$BNRDD,1326,2019-05-17T03:52:40Z,33,4,11551,A,0606.9640,N,12511.3172,E,58.60,A,11,74*4D
$BNRDD,1326,2019-05-17T03:52:45Z,32,2,11553,A,0606.9641,N,12511.3173,E,58.60,A,11,74*4D
$BNRDD,1326,2019-05-17T03:52:50Z,32,4,11557,A,0606.9642,N,12511.3172,E,58.60,A,11,74*49
$BNRDD,1326,2019-05-17T03:52:55Z,33,2,11559,A,0606.9643,N,12511.3172,E,58.60,A,11,74*44
$BNRDD,1326,2019-05-17T03:53:00Z,35,4,11563,A,0606.9645,N,12511.3170,E,58.60,A,11,74*48
$BNRDD,1326,2019-05-17T03:53:05Z,38,3,11566,A,0606.9647,N,12511.3165,E,58.60,A,11,74*44
$BNRDD,1326,2019-05-17T03:53:10Z,36,4,11570,A,0606.9651,N,12511.3160,E,58.60,A,11,74*4C
$BNRDD,1326,2019-05-17T03:53:15Z,40,7,11577,A,0606.9655,N,12511.3156,E,58.60,A,10,80*47
$BNRDD,1326,2019-05-17T03:53:20Z,44,5,11582,A,0606.9657,N,12511.3155,E,58.60,A,10,80*4C
$BNRDD,1326,2019-05-17T03:53:25Z,42,2,11584,A,0606.9657,N,12511.3155,E,58.60,A,11,74*44
$BNRDD,1326,2019-05-17T03:53:30Z,43,4,11588,A,0606.9656,N,12511.3159,E,58.60,A,11,74*46
$BNRDD,1326,2019-05-17T03:53:35Z,43,2,11590,A,0606.9654,N,12511.3160,E,58.60,A,8,97*71
$BNRDD,1326,2019-05-17T03:53:40Z,43,4,11594,A,0606.9651,N,12511.3157,E,58.60,A,10,86*49
$BNRDD,1326,2019-05-17T03:53:45Z,44,3,11597,A,0606.9649,N,12511.3153,E,58.60,A,11,74*4E
$BNRDD,1326,2019-05-17T03:53:50Z,45,5,11602,A,0606.9648,N,12511.3146,E,58.60,A,11,74*47
$BNRDD,1326,2019-05-17T03:53:55Z,44,1,11603,A,0606.9648,N,12511.3140,E,58.60,A,11,74*40
$BNRDD,1326,2019-05-17T03:54:00Z,42,2,11605,A,0606.9650,N,12511.3135,E,58.60,A,9,78*7A
$BNRDD,1326,2019-05-17T03:54:05Z,41,2,11607,A,0606.9651,N,12511.3131,E,58.60,A,8,83*7E
$BNRDD,1326,2019-05-17T03:54:10Z,39,2,11609,A,0606.9652,N,12511.3127,E,58.60,A,7,89*7A
$BNRDD,1326,2019-05-17T03:54:15Z,36,4,11613,A,0606.9653,N,12511.3122,E,58.60,A,7,89*79
$BNRDD,1326,2019-05-17T03:54:20Z,35,4,11617,A,0606.9657,N,12511.3118,E,58.60,A,7,89*75
$BNRDD,1326,2019-05-17T03:54:25Z,36,3,11620,A,0606.9653,N,12511.3112,E,58.60,A,8,86*7E
$BNRDD,1326,2019-05-17T03:54:30Z,34,2,11622,A,0606.9652,N,12511.3089,E,58.60,A,9,79*78
$BNRDD,1326,2019-05-17T03:54:35Z,34,2,11624,A,0606.9653,N,12511.3054,E,58.60,A,9,79*7A
$BNRDD,1326,2019-05-17T03:54:40Z,33,3,11627,A,0606.9649,N,12511.3031,E,58.60,A,8,84*76
$BNRDD,1326,2019-05-17T03:54:45Z,33,3,11630,A,0606.9642,N,12511.3005,E,58.60,A,7,99*7A
$BNRDD,1326,2019-05-17T03:54:50Z,35,7,11637,A,0606.9638,N,12511.3012,E,58.70,A,6,109*48
$BNRDD,1326,2019-05-17T03:54:55Z,36,2,11639,A,0606.9636,N,12511.3015,E,58.70,A,6,109*4C
$BNRDD,1326,2019-05-17T03:55:00Z,38,4,11643,A,0606.9636,N,12511.3014,E,58.70,A,6,109*49
$BNRDD,1326,2019-05-17T03:55:05Z,39,3,11646,A,0606.9639,N,12511.3014,E,58.70,A,6,181*40
$BNRDD,1326,2019-05-17T03:55:10Z,38,1,11647,A,0606.9643,N,12511.3016,E,58.70,A,6,109*49
$BNRDD,1326,2019-05-17T03:55:15Z,41,7,11654,A,0606.9644,N,12511.3021,E,58.70,A,6,109*45
$BNRDD,1326,2019-05-17T03:55:20Z,37,0,11654,A,0606.9645,N,12511.3030,E,58.70,A,6,109*44
$BNRDD,1326,2019-05-17T03:55:25Z,37,3,11657,A,0606.9658,N,12511.3067,E,58.60,A,5,127*41
$BNRDD,1326,2019-05-17T03:55:30Z,38,3,11660,A,0606.9671,N,12511.3104,E,58.50,A,5,127*42
$BNRDD,1326,2019-05-17T03:55:35Z,38,2,11662,A,0606.9686,N,12511.3160,E,58.40,A,4,199*4B
$BNRDD,1326,2019-05-17T03:55:40Z,37,2,11664,A,0606.9669,N,12511.3170,E,58.40,A,4,199*40
$BNRDD,1326,2019-05-17T03:55:45Z,38,4,11668,A,0606.9658,N,12511.3162,E,58.40,A,6,116*44
$BNRDD,1326,2019-05-17T03:55:51Z,34,3,11671,A,0606.9654,N,12511.3147,E,58.50,A,6,116*48
$BNRDD,1326,2019-05-17T03:55:56Z,34,2,11673,A,0606.9647,N,12511.3130,E,58.70,A,6,116*4C
$BNRDD,1326,2019-05-17T03:56:01Z,36,6,11679,A,0606.9647,N,12511.3133,E,58.70,A,6,116*42
$BNRDD,1326,2019-05-17T03:56:06Z,37,4,11683,A,0606.9648,N,12511.3134,E,58.70,A,7,116*4A
$BNRDD,1326,2019-05-17T03:56:11Z,36,0,11683,A,0606.9646,N,12511.3134,E,58.70,A,9,94*72
$BNRDD,1326,2019-05-17T03:56:16Z,34,5,11688,A,0606.9647,N,12511.3133,E,58.70,A,8,112*41
$BNRDD,1326,2019-05-17T03:56:21Z,40,6,11694,A,0606.9645,N,12511.3134,E,58.70,A,8,112*4D
$BNRDD,1326,2019-05-17T03:56:26Z,41,4,11698,A,0606.9641,N,12511.3132,E,58.70,A,8,109*4D
$BNRDD,1326,2019-05-17T03:56:31Z,42,4,11702,A,0606.9636,N,12511.3119,E,58.70,A,8,109*43
$BNRDD,1326,2019-05-17T03:56:36Z,41,1,11703,A,0606.9636,N,12511.3103,E,58.70,A,8,109*48
$BNRDD,1326,2019-05-17T03:56:41Z,42,3,11706,A,0606.9629,N,12511.3091,E,58.70,A,7,110*4F
$BNRDD,1326,2019-05-17T03:56:46Z,40,2,11708,A,0606.9628,N,12511.3084,E,58.70,A,8,109*47
$BNRDD,1326,2019-05-17T03:56:51Z,41,4,11712,A,0606.9629,N,12511.3076,E,58.70,A,8,109*41
$BNRDD,1326,2019-05-17T03:56:56Z,45,6,11718,A,0606.9635,N,12511.3065,E,58.70,A,7,135*45
$BNRDD,1326,2019-05-17T03:57:01Z,40,1,11719,A,0606.9640,N,12511.3050,E,58.70,A,7,135*41
$BNRDD,1326,2019-05-17T03:57:06Z,42,6,11725,A,0606.9643,N,12511.3046,E,58.70,A,7,135*48
$BNRDD,1326,2019-05-17T03:57:11Z,42,0,11725,A,0606.9648,N,12511.3049,E,58.60,A,7,135*4D
$BNRDD,1326,2019-05-17T03:57:16Z,44,7,11732,A,0606.9645,N,12511.3044,E,58.60,A,7,135*4D
$BNRDD,1326,2019-05-17T03:57:21Z,39,1,11733,A,0606.9639,N,12511.3035,E,58.60,A,8,115*44
$BNRDD,1326,2019-05-17T03:57:26Z,39,4,11737,A,0606.9639,N,12511.3033,E,58.60,A,8,115*44
$BNRDD,1326,2019-05-17T03:57:31Z,36,1,11738,A,0606.9643,N,12511.3040,E,58.60,A,8,98*7A
$BNRDD,1326,2019-05-17T03:57:36Z,40,5,11743,A,0606.9640,N,12511.3036,E,58.60,A,10,91*46
$BNRDD,1326,2019-05-17T03:57:41Z,41,4,11747,A,0606.9639,N,12511.3034,E,58.60,A,9,96*71
$BNRDD,1326,2019-05-17T03:57:46Z,41,2,11749,A,0606.9643,N,12511.3032,E,58.60,A,8,98*7A
$BNRDD,1326,2019-05-17T03:57:51Z,42,5,11754,A,0606.9649,N,12511.3031,E,58.60,A,9,96*72
$BNRDD,1326,2019-05-17T03:57:56Z,36,0,11754,A,0606.9656,N,12511.3032,E,58.60,A,9,96*7E
$BNRDD,1326,2019-05-17T03:58:01Z,38,3,11757,A,0606.9661,N,12511.3037,E,58.60,A,9,96*7C
$BNRDD,1326,2019-05-17T03:58:06Z,37,5,11762,A,0606.9665,N,12511.3037,E,58.60,A,9,96*70
$BNRDD,1326,2019-05-17T03:58:11Z,38,1,11763,A,0606.9668,N,12511.3037,E,58.60,A,9,96*71
$BNRDD,1326,2019-05-17T03:58:16Z,32,1,11764,A,0606.9668,N,12511.3038,E,58.60,A,10,91*4B
$BNRDD,1326,2019-05-17T03:58:21Z,33,2,11766,A,0606.9667,N,12511.3042,E,58.60,A,9,94*70
$BNRDD,1326,2019-05-17T03:58:26Z,32,3,11769,A,0606.9665,N,12511.3047,E,58.60,A,9,94*7F
$BNRDD,1326,2019-05-17T03:58:31Z,32,1,11770,A,0606.9665,N,12511.3051,E,58.60,A,8,95*74
$BNRDD,1326,2019-05-17T03:58:36Z,29,2,11772,A,0606.9664,N,12511.3055,E,58.60,A,8,101*41
$BNRDD,1326,2019-05-17T03:58:41Z,29,4,11776,A,0606.9663,N,12511.3061,E,58.60,A,9,91*7A
$BNRDD,1326,2019-05-17T03:58:46Z,30,3,11779,A,0606.9663,N,12511.3068,E,58.60,A,10,90*4D
$BNRDD,1326,2019-05-17T03:58:51Z,28,3,11782,A,0606.9664,N,12511.3075,E,58.60,A,9,100*4D
$BNRDD,1326,2019-05-17T03:58:56Z,29,1,11783,A,0606.9667,N,12511.3081,E,58.60,A,9,100*40
$BNRDD,1326,2019-05-17T03:59:01Z,31,5,11788,A,0606.9671,N,12511.3087,E,58.60,A,10,90*44
$BNRDD,1326,2019-05-17T03:59:06Z,28,2,11790,A,0606.9675,N,12511.3093,E,58.60,A,10,90*44
$BNRDD,1326,2019-05-17T03:59:11Z,32,5,11795,A,0606.9675,N,12511.3099,E,58.60,A,9,100*41
$BNRDD,1326,2019-05-17T03:59:16Z,33,2,11797,A,0606.9677,N,12511.3103,E,58.60,A,9,100*42
$BNRDD,1326,2019-05-17T03:59:21Z,34,3,11800,A,0606.9679,N,12511.3104,E,58.60,A,8,104*4D
$BNRDD,1326,2019-05-17T03:59:26Z,35,4,11804,A,0606.9677,N,12511.3107,E,58.60,A,8,104*45
$BNRDD,1326,2019-05-17T03:59:31Z,40,6,11810,A,0606.9674,N,12511.3113,E,58.60,A,7,119*43
$BNRDD,1326,2019-05-17T03:59:36Z,41,3,11813,A,0606.9672,N,12511.3120,E,58.60,A,6,121*4F
$BNRDD,1326,2019-05-17T03:59:41Z,45,8,11821,A,0606.9671,N,12511.3125,E,58.60,A,7,119*4D
$BNRDD,1326,2019-05-17T03:59:46Z,46,4,11825,A,0606.9668,N,12511.3127,E,58.60,A,7,119*4B
$BNRDD,1326,2019-05-17T03:59:51Z,43,0,11825,A,0606.9664,N,12511.3128,E,58.60,A,7,119*4F
$BNRDD,1326,2019-05-17T03:59:56Z,43,1,11826,A,0606.9661,N,12511.3131,E,58.60,A,8,113*42
$BNRDD,1326,2019-05-17T04:00:01Z,40,2,11828,A,0606.9656,N,12511.3129,E,58.60,A,8,113*48
$BNRDD,1326,2019-05-17T04:00:07Z,40,2,11830,A,0606.9653,N,12511.3126,E,58.60,A,8,113*4D
$BNRDD,1326,2019-05-17T04:00:12Z,37,2,11832,A,0606.9650,N,12511.3123,E,58.60,A,8,113*4D
$BNRDD,1326,2019-05-17T04:00:17Z,39,4,11836,A,0606.9645,N,12511.3121,E,58.60,A,9,100*41
$BNRDD,1326,2019-05-17T04:00:22Z,37,1,11837,A,0606.9640,N,12511.3122,E,58.60,A,9,100*4B
$BNRDD,1326,2019-05-17T04:00:27Z,34,1,11838,A,0606.9636,N,12511.3123,E,58.60,A,9,100*42
$BNRDD,1326,2019-05-17T04:00:32Z,32,4,11842,A,0606.9631,N,12511.3122,E,58.60,A,9,100*4E
$BNRDD,1326,2019-05-17T04:00:37Z,30,1,11843,A,0606.9626,N,12511.3122,E,58.50,A,8,113*4B
$BNRDD,1326,2019-05-17T04:00:42Z,27,5,11848,A,0606.9596,N,12511.3092,E,58.40,A,8,114*44
$BNRDD,1326,2019-05-17T04:00:47Z,26,3,11851,A,0606.9589,N,12511.3105,E,58.20,A,7,133*43
$BNRDD,1326,2019-05-17T04:00:52Z,28,2,11853,A,0606.9580,N,12511.3107,E,58.10,A,7,133*42
$BNRDD,1326,2019-05-17T04:00:57Z,32,5,11858,A,0606.9586,N,12511.3100,E,58.10,A,7,133*41
$BNRDD,1326,2019-05-17T04:01:02Z,36,6,11864,A,0606.9587,N,12511.3091,E,58.10,A,7,133*40
$BNRDD,1326,2019-05-17T04:01:07Z,35,1,11865,A,0606.9596,N,12511.3059,E,58.50,A,7,133*40
$BNRDD,1326,2019-05-17T04:01:12Z,33,0,11865,A,0606.9604,N,12511.3045,E,58.60,A,7,133*45
$BNRDD,1326,2019-05-17T04:01:17Z,34,5,11870,A,0606.9620,N,12511.3036,E,58.60,A,7,133*44
$BNRDD,1326,2019-05-17T04:01:22Z,33,0,11870,A,0606.9647,N,12511.3035,E,58.60,A,7,133*42
$BNRDD,1326,2019-05-17T04:01:27Z,36,4,11874,A,0606.9650,N,12511.3031,E,58.60,A,7,133*40
$BNRDD,1326,2019-05-17T04:01:32Z,35,3,11877,A,0606.9650,N,12511.3011,E,58.60,A,6,135*46
$BNRDD,1326,2019-05-17T04:01:37Z,40,6,11883,A,0606.9652,N,12511.2996,E,58.70,A,5,139*44
$BNRDD,1326,2019-05-17T04:01:42Z,39,4,11887,A,0606.9652,N,12511.2990,E,58.70,A,5,139*48
$BNRDD,1326,2019-05-17T04:01:47Z,39,3,11890,A,0606.9646,N,12511.2978,E,58.70,A,5,139*4F
$BNRDD,1326,2019-05-17T04:01:52Z,40,3,11893,A,0606.9639,N,12511.2971,E,58.70,A,5,139*47
$BNRDD,1326,2019-05-17T04:01:57Z,37,2,11895,A,0606.9640,N,12511.2970,E,58.80,A,8,102*40
$BNRDD,1326,2019-05-17T04:02:02Z,34,3,11898,A,0606.9650,N,12511.2978,E,58.50,A,10,82*48
$BNRDD,1326,2019-05-17T04:02:07Z,35,2,11900,A,0606.9655,N,12511.2980,E,58.40,A,11,82*4F
$BNRDD,1326,2019-05-17T04:02:12Z,41,6,11906,A,0606.9658,N,12511.2980,E,58.40,A,12,80*46
$BNRDD,1326,2019-05-17T04:02:17Z,40,4,11910,A,0606.9660,N,12511.2980,E,58.40,A,12,79*4A
$BNRDD,1326,2019-05-17T04:02:22Z,43,3,11913,A,0606.9661,N,12511.2981,E,58.40,A,12,79*4B
$BNRDD,1326,2019-05-17T04:02:27Z,45,6,11919,A,0606.9661,N,12511.2981,E,58.40,A,13,75*4A
$BNRDD,1326,2019-05-17T04:02:32Z,43,1,11920,A,0606.9658,N,12511.2982,E,58.40,A,13,73*4A
$BNRDD,1326,2019-05-17T04:02:37Z,39,2,11922,A,0606.9657,N,12511.2980,E,58.40,A,13,73*4E
$BNRDD,1326,2019-05-17T04:02:42Z,37,2,11924,A,0606.9656,N,12511.2977,E,58.40,A,11,88*4B
$BNRDD,1326,2019-05-17T04:02:47Z,37,3,11927,A,0606.9655,N,12511.2973,E,58.40,A,12,86*46
$BNRDD,1326,2019-05-17T04:02:52Z,39,5,11932,A,0606.9651,N,12511.2970,E,58.40,A,12,86*49
$BNRDD,1326,2019-05-17T04:02:57Z,38,1,11933,A,0606.9650,N,12511.2969,E,58.40,A,13,75*4C
$BNRDD,1326,2019-05-17T04:03:03Z,38,3,11936,A,0606.9652,N,12511.2965,E,58.40,A,13,75*45
$BNRDD,1326,2019-05-17T04:03:08Z,39,3,11939,A,0606.9660,N,12511.2959,E,58.30,A,13,75*49
$BNRDD,1326,2019-05-17T04:03:13Z,37,4,11943,A,0606.9656,N,12511.2947,E,58.30,A,13,75*4D
$BNRDD,1326,2019-05-17T04:03:18Z,36,3,11946,A,0606.9659,N,12511.2940,E,58.10,A,13,75*4F
$BNRDD,1326,2019-05-17T04:03:23Z,36,3,11949,A,0606.9661,N,12511.2934,E,58.00,A,13,75*41
$BNRDD,1326,2019-05-17T04:03:28Z,36,6,11955,A,0606.9664,N,12511.2929,E,58.00,A,13,75*4B
$BNRDD,1326,2019-05-17T04:03:33Z,39,4,11959,A,0606.9668,N,12511.2926,E,58.00,A,13,75*43
$BNRDD,1326,2019-05-17T04:03:37Z,42,5,11964,A,0606.9671,N,12511.2924,E,58.00,A,13,75*4E
$BNRDD,1326,2019-05-17T04:03:42Z,41,1,11965,A,0606.9672,N,12511.2923,E,58.00,A,14,68*45
$BNRDD,1326,2019-05-17T04:03:47Z,41,3,11968,A,0606.9674,N,12511.2924,E,58.00,A,14,68*4E
$BNRDD,1326,2019-05-17T04:03:52Z,37,1,11969,A,0606.9676,N,12511.2923,E,58.00,A,14,68*4D
$BNRDD,1326,2019-05-17T04:03:57Z,42,6,11975,A,0606.9676,N,12511.2923,E,58.00,A,14,68*40
$BNRDD,1326,2019-05-17T04:04:02Z,39,0,11975,A,0606.9677,N,12511.2921,E,58.00,A,14,68*4E
$BNRDD,1326,2019-05-17T04:04:07Z,43,7,11982,A,0606.9677,N,12511.2918,E,58.00,A,14,68*43
$BNRDD,1326,2019-05-17T04:04:13Z,44,5,11987,A,0606.9677,N,12511.2914,E,58.00,A,14,68*4A
$BNRDD,1326,2019-05-17T04:04:18Z,43,2,11989,A,0606.9675,N,12511.2910,E,58.00,A,14,68*49
$BNRDD,1326,2019-05-17T04:04:23Z,44,4,11993,A,0606.9675,N,12511.2910,E,58.00,A,12,76*42
$BNRDD,1326,2019-05-17T04:04:28Z,44,6,11999,A,0606.9674,N,12511.2913,E,58.00,A,11,85*4C
$BNRDD,1326,2019-05-17T04:04:33Z,43,3,12002,A,0606.9674,N,12511.2916,E,58.00,A,13,75*44
$BNRDD,1326,2019-05-17T04:04:38Z,43,5,12007,A,0606.9676,N,12511.2919,E,58.00,A,13,75*41
$BNRDD,1326,2019-05-17T04:04:43Z,46,4,12011,A,0606.9678,N,12511.2923,E,58.00,A,13,75*49
$BNRDD,1326,2019-05-17T04:04:48Z,49,6,12017,A,0606.9678,N,12511.2927,E,58.00,A,14,68*46
$BNRDD,1326,2019-05-17T04:04:53Z,54,6,12023,A,0606.9678,N,12511.2929,E,58.00,A,14,68*49
$BNRDD,1326,2019-05-17T04:04:58Z,51,3,12026,A,0606.9678,N,12511.2934,E,58.00,A,14,68*4B
$BNRDD,1326,2019-05-17T04:05:03Z,57,6,12032,A,0606.9677,N,12511.2945,E,57.90,A,13,68*4A
$BNRDD,1326,2019-05-17T04:05:08Z,55,5,12037,A,0606.9680,N,12511.2964,E,57.90,A,14,68*49
$BNRDD,1326,2019-05-17T04:05:13Z,52,2,12039,A,0606.9682,N,12511.2977,E,57.90,A,13,74*47
$BNRDD,1326,2019-05-17T04:05:18Z,51,1,12040,A,0606.9684,N,12511.2982,E,57.90,A,12,78*43
$BNRDD,1326,2019-05-17T04:05:23Z,50,3,12043,A,0606.9686,N,12511.2987,E,57.90,A,11,93*4A
$BNRDD,1326,2019-05-17T04:05:28Z,46,2,12045,A,0606.9690,N,12511.2991,E,57.90,A,10,102*79
$BNRDD,1326,2019-05-17T04:05:33Z,50,7,12052,A,0606.9692,N,12511.2994,E,57.90,A,11,83*49
$BNRDD,1326,2019-05-17T04:05:38Z,46,1,12053,A,0606.9692,N,12511.2995,E,57.90,A,12,82*41
$BNRDD,1326,2019-05-17T04:05:43Z,47,5,12058,A,0606.9694,N,12511.2995,E,57.90,A,13,75*4C
$BNRDD,1326,2019-05-17T04:05:48Z,44,3,12061,A,0606.9694,N,12511.3002,E,57.90,A,13,75*4E
$BNRDD,1326,2019-05-17T04:05:53Z,39,1,12062,A,0606.9694,N,12511.3008,E,57.90,A,13,75*45
$BNRDD,1326,2019-05-17T04:05:58Z,40,4,12066,A,0606.9694,N,12511.3011,E,57.90,A,13,75*49
$BNRDD,1326,2019-05-17T04:06:03Z,36,2,12068,A,0606.9695,N,12511.3015,E,57.90,A,13,75*48
$BNRDD,1326,2019-05-17T04:06:08Z,40,9,12077,A,0606.9694,N,12511.3019,E,57.90,A,13,75*4A
$BNRDD,1326,2019-05-17T04:06:13Z,40,2,12079,A,0606.9693,N,12511.3021,E,57.90,A,13,75*49
$BNRDD,1326,2019-05-17T04:06:18Z,41,2,12081,A,0606.9694,N,12511.3020,E,57.90,A,13,75*42
$BNRDD,1326,2019-05-17T04:06:23Z,44,6,12087,A,0606.9693,N,12511.3019,E,57.90,A,13,75*40
$BNRDD,1326,2019-05-17T04:06:28Z,47,5,12092,A,0606.9690,N,12511.3019,E,57.90,A,13,75*4C
$BNRDD,1326,2019-05-17T04:06:33Z,46,6,12098,A,0606.9689,N,12511.3017,E,57.90,A,13,75*48
$BNRDD,1326,2019-05-17T04:06:38Z,46,1,12099,A,0606.9688,N,12511.3015,E,57.90,A,13,75*46
$BNRDD,1326,2019-05-17T04:06:43Z,47,6,12105,A,0606.9687,N,12511.3012,E,57.90,A,13,75*40
$BNRDD,1326,2019-05-17T04:06:48Z,48,4,12109,A,0606.9686,N,12511.3008,E,57.90,A,12,76*42
$BNRDD,1326,2019-05-17T04:06:53Z,49,2,12111,A,0606.9685,N,12511.3006,E,57.90,A,12,76*4B
$BNRDD,1326,2019-05-17T04:06:58Z,49,4,12115,A,0606.9686,N,12511.3004,E,57.90,A,12,76*43
$BNRDD,1326,2019-05-17T04:07:03Z,49,2,12117,A,0606.9688,N,12511.3001,E,57.90,A,12,76*43
$BNRDD,1326,2019-05-17T04:07:08Z,43,3,12120,A,0606.9690,N,12511.2997,E,57.90,A,12,76*49
$BNRDD,1326,2019-05-17T04:07:13Z,43,2,12122,A,0606.9689,N,12511.2986,E,57.90,A,13,76*49
$BNRDD,1326,2019-05-17T04:07:18Z,43,2,12124,A,0606.9688,N,12511.2978,E,57.90,A,13,76*44
$BNRDD,1326,2019-05-17T04:07:23Z,43,6,12130,A,0606.9691,N,12511.2973,E,57.90,A,13,76*4E
$BNRDD,1326,2019-05-17T04:07:28Z,40,2,12132,A,0606.9694,N,12511.2968,E,57.90,A,12,77*4F
$BNRDD,1326,2019-05-17T04:07:33Z,38,4,12136,A,0606.9695,N,12511.2963,E,57.90,A,12,77*42
$BNRDD,1326,2019-05-17T04:07:38Z,40,3,12139,A,0606.9693,N,12511.2960,E,57.90,A,12,77*4B
$BNRDD,1326,2019-05-17T04:07:43Z,38,4,12143,A,0606.9692,N,12511.2961,E,57.90,A,13,76*42
$BNRDD,1326,2019-05-17T04:07:48Z,38,4,12147,A,0606.9691,N,12511.2963,E,57.90,A,13,76*4C
$BNRDD,1326,2019-05-17T04:07:53Z,39,3,12150,A,0606.9689,N,12511.2968,E,57.90,A,13,76*44
$BNRDD,1326,2019-05-17T04:07:58Z,37,2,12152,A,0606.9678,N,12511.2980,E,57.60,A,12,76*44
$BNRDD,1326,2019-05-17T04:08:03Z,37,2,12154,A,0606.9673,N,12511.2994,E,57.60,A,12,76*4D
$BNRDD,1326,2019-05-17T04:08:09Z,36,2,12156,A,0606.9664,N,12511.2992,E,57.40,A,12,77*47
$BNRDD,1326,2019-05-17T04:08:14Z,39,5,12161,A,0606.9663,N,12511.3004,E,57.40,A,12,77*47
$BNRDD,1326,2019-05-17T04:08:19Z,40,3,12164,A,0606.9665,N,12511.3023,E,57.40,A,11,79*49
$BNRDD,1326,2019-05-17T04:08:24Z,36,2,12166,A,0606.9669,N,12511.3045,E,57.40,A,12,77*44
$BNRDD,1326,2019-05-17T04:08:29Z,41,7,12173,A,0606.9668,N,12511.3051,E,57.40,A,12,77*4C
$BNRDD,1326,2019-05-17T04:08:34Z,41,4,12177,A,0606.9663,N,12511.3056,E,57.40,A,12,77*4B
$BNRDD,1326,2019-05-17T04:08:39Z,42,4,12181,A,0606.9663,N,12511.3058,E,57.40,A,12,77*42
$BNRDD,1326,2019-05-17T04:08:44Z,40,2,12183,A,0606.9662,N,12511.3058,E,57.40,A,12,77*4F
$BNRDD,1326,2019-05-17T04:08:49Z,40,4,12187,A,0606.9663,N,12511.3058,E,57.40,A,12,77*41
$BNRDD,1326,2019-05-17T04:08:54Z,38,1,12188,A,0606.9664,N,12511.3061,E,57.40,A,12,77*45
$BNRDD,1326,2019-05-17T04:08:59Z,39,3,12191,A,0606.9664,N,12511.3068,E,57.40,A,12,77*4A
$BNRDD,1326,2019-05-17T04:09:04Z,39,2,12193,A,0606.9663,N,12511.3074,E,57.40,A,12,77*4A
$BNRDD,1326,2019-05-17T04:09:09Z,40,3,12196,A,0606.9663,N,12511.3080,E,57.40,A,12,77*46
$BNRDD,1326,2019-05-17T04:09:14Z,38,3,12199,A,0606.9663,N,12511.3085,E,57.40,A,12,77*4F
$BNRDD,1326,2019-05-17T04:09:19Z,37,2,12201,A,0606.9662,N,12511.3089,E,57.40,A,13,68*4C
$BNRDD,1326,2019-05-17T04:09:24Z,38,3,12204,A,0606.9661,N,12511.3093,E,57.40,A,14,68*46
$BNRDD,1326,2019-05-17T04:09:29Z,34,3,12207,A,0606.9661,N,12511.3097,E,57.40,A,14,68*40
$BNRDD,1326,2019-05-17T04:09:34Z,30,0,12207,A,0606.9661,N,12511.3100,E,57.40,A,14,68*44
$BNRDD,1326,2019-05-17T04:09:39Z,32,6,12213,A,0606.9662,N,12511.3103,E,57.40,A,14,68*48
$BNRDD,1326,2019-05-17T04:09:44Z,31,1,12214,A,0606.9663,N,12511.3106,E,57.40,A,14,68*45
$BNRDD,1326,2019-05-17T04:09:49Z,33,6,12220,A,0606.9665,N,12511.3108,E,57.40,A,14,68*42
$BNRDD,1326,2019-05-17T04:09:54Z,37,5,12225,A,0606.9666,N,12511.3110,E,57.40,A,13,76*4E
$BNRDD,1326,2019-05-17T04:09:59Z,37,3,12228,A,0606.9666,N,12511.3113,E,57.40,A,13,76*4B
$BNRDD,1326,2019-05-17T04:10:04Z,41,6,12234,A,0606.9664,N,12511.3117,E,57.40,A,13,76*44
$BNRDD,1326,2019-05-17T04:10:09Z,45,7,12241,A,0606.9664,N,12511.3119,E,57.40,A,13,76*40
$BNRDD,1326,2019-05-17T04:10:14Z,44,2,12243,A,0606.9664,N,12511.3123,E,57.40,A,13,76*43
$BNRDD,1326,2019-05-17T04:10:19Z,44,2,12245,A,0606.9665,N,12511.3128,E,57.40,A,13,76*42
$BNRDD,1326,2019-05-17T04:10:24Z,42,1,12246,A,0606.9668,N,12511.3134,E,57.40,A,13,76*4A
$BNRDD,1326,2019-05-17T04:10:29Z,41,2,12248,A,0606.9668,N,12511.3138,E,57.40,A,13,76*45
$BNRDD,1326,2019-05-17T04:10:34Z,46,5,12253,A,0606.9667,N,12511.3139,E,57.40,A,13,76*4D
$BNRDD,1326,2019-05-17T04:10:39Z,44,4,12257,A,0606.9666,N,12511.3139,E,57.40,A,13,76*46
$BNRDD,1326,2019-05-17T04:10:44Z,47,4,12261,A,0606.9668,N,12511.3136,E,57.40,A,13,76*4B
$BNRDD,1326,2019-05-17T04:10:49Z,43,2,12263,A,0606.9671,N,12511.3134,E,57.40,A,13,76*4C
$BNRDD,1326,2019-05-17T04:10:54Z,41,3,12266,A,0606.9673,N,12511.3131,E,57.40,A,13,76*41
$BNRDD,1326,2019-05-17T04:10:59Z,45,7,12273,A,0606.9678,N,12511.3130,E,57.40,A,13,80*4B
$BNRDD,1326,2019-05-17T04:11:04Z,41,2,12275,A,0606.9682,N,12511.3130,E,57.40,A,12,86*47
$BNRDD,1326,2019-05-17T04:11:09Z,42,8,12283,A,0606.9685,N,12511.3133,E,57.40,A,11,81*4A
$BNRDD,1326,2019-05-17T04:11:14Z,44,4,12287,A,0606.9686,N,12511.3137,E,57.40,A,13,76*45
$BNRDD,1326,2019-05-17T04:11:19Z,46,4,12291,A,0606.9685,N,12511.3140,E,57.40,A,13,76*4E
$BNRDD,1326,2019-05-17T04:11:24Z,48,3,12294,A,0606.9684,N,12511.3142,E,57.40,A,13,76*4F
$BNRDD,1326,2019-05-17T04:11:29Z,55,9,12303,A,0606.9683,N,12511.3142,E,57.40,A,13,76*4C
$BNRDD,1326,2019-05-17T04:11:34Z,54,4,12307,A,0606.9684,N,12511.3145,E,57.40,A,13,76*48
$BNRDD,1326,2019-05-17T04:11:39Z,51,1,12308,A,0606.9686,N,12511.3150,E,57.40,A,13,76*4C
$BNRDD,1326,2019-05-17T04:11:44Z,50,3,12311,A,0606.9687,N,12511.3153,E,57.40,A,11,81*45
$BNRDD,1326,2019-05-17T04:11:49Z,51,3,12314,A,0606.9685,N,12511.3154,E,57.40,A,10,81*48
$BNRDD,1326,2019-05-17T04:11:54Z,52,4,12318,A,0606.9682,N,12511.3154,E,57.40,A,11,81*4A
$BNRDD,1326,2019-05-17T04:11:59Z,50,5,12323,A,0606.9680,N,12511.3153,E,57.40,A,11,81*49
$BNRDD,1326,2019-05-17T04:12:05Z,52,4,12327,A,0606.9677,N,12511.3151,E,57.40,A,11,81*4E
$BNRDD,1326,2019-05-17T04:12:10Z,50,6,12333,A,0606.9673,N,12511.3150,E,57.40,A,11,81*4A
$BNRDD,1326,2019-05-17T04:12:15Z,48,2,12335,A,0606.9668,N,12511.3149,E,57.40,A,11,78*40
$BNRDD,1326,2019-05-17T04:12:20Z,50,6,12341,A,0606.9664,N,12511.3145,E,57.40,A,12,77*44
$BNRDD,1326,2019-05-17T04:12:25Z,53,6,12347,A,0606.9660,N,12511.3141,E,57.30,A,11,78*4F
$BNRDD,1326,2019-05-17T04:12:30Z,71,27,12374,A,0606.9656,N,12511.3137,E,57.30,A,11,78*7C
$BNRDD,1326,2019-05-17T04:12:35Z,245,178,12552,A,0606.9653,N,12511.3133,E,57.30,A,13,76*78
$BNRDD,1326,2019-05-17T04:12:40Z,409,165,12717,A,0606.9653,N,12511.3127,E,57.30,A,14,68*76
$BNRDD,1326,2019-05-17T04:12:45Z,530,124,12841,A,0606.9655,N,12511.3110,E,57.10,A,14,68*71
$BNRDD,1326,2019-05-17T04:12:50Z,532,5,12846,A,0606.9655,N,12511.3106,E,57.10,A,14,68*75
$BNRDD,1326,2019-05-17T04:12:55Z,533,5,12851,A,0606.9652,N,12511.3104,E,57.10,A,14,68*72
$BNRDD,1326,2019-05-17T04:13:00Z,534,6,12857,A,0606.9649,N,12511.3104,E,57.10,A,14,68*7B
$BNRDD,1326,2019-05-17T04:13:05Z,532,2,12859,A,0606.9648,N,12511.3104,E,57.10,A,13,69*75
$BNRDD,1326,2019-05-17T04:13:10Z,534,8,12867,A,0606.9649,N,12511.3105,E,57.10,A,13,69*70
$BNRDD,1326,2019-05-17T04:13:15Z,532,0,12867,A,0606.9650,N,12511.3102,E,57.10,A,12,77*7A
$BNRDD,1326,2019-05-17T04:13:20Z,527,1,12868,A,0606.9652,N,12511.3098,E,57.00,A,12,78*78
$BNRDD,1326,2019-05-17T04:13:25Z,522,1,12869,A,0606.9651,N,12511.3093,E,57.00,A,12,78*71
$BNRDD,1326,2019-05-17T04:13:30Z,500,5,12874,A,0606.9650,N,12511.3089,E,57.00,A,12,78*77
$BNRDD,1326,2019-05-17T04:13:35Z,326,4,12878,A,0606.9647,N,12511.3089,E,57.00,A,12,78*7B
$BNRDD,1326,2019-05-17T04:13:40Z,164,3,12881,A,0606.9647,N,12511.3089,E,57.00,A,12,78*7C
$BNRDD,1326,2019-05-17T04:13:45Z,45,5,12886,A,0606.9647,N,12511.3089,E,57.00,A,12,78*4A
$BNRDD,1326,2019-05-17T04:13:50Z,40,0,12886,A,0606.9642,N,12511.3089,E,57.00,A,12,78*4B
$BNRDD,1326,2019-05-17T04:13:55Z,37,2,12888,A,0606.9637,N,12511.3090,E,57.00,A,11,79*4A
$BNRDD,1326,2019-05-17T04:14:00Z,39,8,12896,A,0606.9633,N,12511.3092,E,57.00,A,13,76*4D
$BNRDD,1326,2019-05-17T04:14:05Z,40,3,12899,A,0606.9629,N,12511.3095,E,57.00,A,13,76*4E
$BNRDD,1326,2019-05-17T04:14:10Z,41,9,12908,A,0606.9625,N,12511.3098,E,57.00,A,13,76*49
$BNRDD,1326,2019-05-17T04:14:15Z,46,5,12913,A,0606.9624,N,12511.3101,E,57.00,A,12,78*42
$BNRDD,1326,2019-05-17T04:14:20Z,50,5,12918,A,0606.9626,N,12511.3100,E,57.00,A,12,78*4B
$BNRDD,1326,2019-05-17T04:14:25Z,54,5,12923,A,0606.9631,N,12511.3099,E,57.00,A,12,78*45
$BNRDD,1326,2019-05-17T04:14:30Z,53,4,12927,A,0606.9636,N,12511.3097,E,57.00,A,12,78*4A
$BNRDD,1326,2019-05-17T04:14:35Z,55,6,12933,A,0606.9640,N,12511.3091,E,57.00,A,12,78*49
$BNRDD,1326,2019-05-17T04:14:40Z,53,1,12934,A,0606.9643,N,12511.3084,E,57.00,A,12,78*4A
$BNRDD,1326,2019-05-17T04:14:45Z,50,2,12936,A,0606.9644,N,12511.3079,E,57.00,A,12,78*48
$BNRDD,1326,2019-05-17T04:14:50Z,52,2,12938,A,0606.9643,N,12511.3074,E,57.00,A,12,78*4A
$BNRDD,1326,2019-05-17T04:14:55Z,54,4,12942,A,0606.9641,N,12511.3069,E,57.00,A,12,78*4C
$BNRDD,1326,2019-05-17T04:15:00Z,55,9,12951,A,0606.9640,N,12511.3066,E,57.00,A,12,78*4D
$BNRDD,1326,2019-05-17T04:15:05Z,54,2,12953,A,0606.9640,N,12511.3064,E,57.00,A,12,81*44
$BNRDD,1326,2019-05-17T04:15:10Z,45,0,12953,A,0606.9641,N,12511.3064,E,57.00,A,12,81*43
$BNRDD,1326,2019-05-17T04:15:15Z,44,4,12957,A,0606.9643,N,12511.3065,E,57.00,A,12,78*42
$BNRDD,1326,2019-05-17T04:15:20Z,43,4,12961,A,0606.9644,N,12511.3066,E,57.00,A,12,78*42
$BNRDD,1326,2019-05-17T04:15:25Z,43,5,12966,A,0606.9646,N,12511.3066,E,57.00,A,12,78*43
$BNRDD,1326,2019-05-17T04:15:30Z,39,0,12966,A,0606.9645,N,12511.3064,E,57.00,A,11,84*4E
$BNRDD,1326,2019-05-17T04:15:35Z,40,7,12973,A,0606.9643,N,12511.3062,E,57.00,A,9,88*73
$BNRDD,1326,2019-05-17T04:15:40Z,43,4,12977,A,0606.9644,N,12511.3060,E,57.00,A,10,85*45
$BNRDD,1326,2019-05-17T04:15:45Z,42,1,12978,A,0606.9644,N,12511.3057,E,57.00,A,9,104*4F
$BNRDD,1326,2019-05-17T04:15:50Z,46,6,12984,A,0606.9645,N,12511.3054,E,57.00,A,9,104*49
$BNRDD,1326,2019-05-17T04:15:55Z,45,3,12987,A,0606.9646,N,12511.3053,E,57.00,A,9,104*4D
$BNRDD,1326,2019-05-17T04:16:01Z,44,8,12995,A,0606.9647,N,12511.3050,E,57.00,A,9,104*44
$BNRDD,1326,2019-05-17T04:16:06Z,47,5,13000,A,0606.9647,N,12511.3048,E,57.00,A,8,104*41
$BNRDD,1326,2019-05-17T04:16:11Z,54,7,13007,A,0606.9644,N,12511.3046,E,57.00,A,8,104*4D
$BNRDD,1326,2019-05-17T04:16:16Z,55,5,13012,A,0606.9643,N,12511.3044,E,57.00,A,8,104*48
$BNRDD,1326,2019-05-17T04:16:21Z,55,4,13016,A,0606.9639,N,12511.3041,E,57.00,A,8,105*40
$BNRDD,1326,2019-05-17T04:16:26Z,53,3,13019,A,0606.9633,N,12511.3038,E,57.00,A,9,85*75
$BNRDD,1326,2019-05-17T04:16:31Z,57,4,13023,A,0606.9631,N,12511.3037,E,57.00,A,10,79*4F
$BNRDD,1326,2019-05-17T04:16:36Z,52,2,13025,A,0606.9630,N,12511.3040,E,57.00,A,9,82*70
$BNRDD,1326,2019-05-17T04:16:41Z,52,4,13029,A,0606.9633,N,12511.3042,E,57.00,A,9,82*7B
$BNRDD,1326,2019-05-17T04:16:46Z,57,6,13035,A,0606.9636,N,12511.3042,E,57.00,A,8,86*76
$BNRDD,1326,2019-05-17T04:16:51Z,57,6,13041,A,0606.9637,N,12511.3042,E,57.00,A,8,86*72
$BNRDD,1326,2019-05-17T04:16:56Z,57,3,13044,A,0606.9638,N,12511.3044,E,57.00,A,8,86*7C
$BNRDD,1326,2019-05-17T04:17:01Z,56,7,13051,A,0606.9639,N,12511.3044,E,57.00,A,8,86*7F
$BNRDD,1326,2019-05-17T04:17:06Z,53,2,13053,A,0606.9641,N,12511.3043,E,57.00,A,8,86*72
$BNRDD,1326,2019-05-17T04:17:11Z,49,3,13056,A,0606.9642,N,12511.3043,E,57.00,A,8,86*78
$BNRDD,1326,2019-05-17T04:17:16Z,48,4,13060,A,0606.9645,N,12511.3044,E,57.00,A,7,92*76
$BNRDD,1326,2019-05-17T04:17:21Z,49,5,13065,A,0606.9648,N,12511.3046,E,57.00,A,7,93*79
$BNRDD,1326,2019-05-17T04:17:26Z,49,3,13068,A,0606.9654,N,12511.3050,E,57.00,A,6,108*4D
$BNRDD,1326,2019-05-17T04:17:31Z,48,3,13071,A,0606.9659,N,12511.3052,E,57.00,A,6,108*4D
$BNRDD,1326,2019-05-17T04:17:36Z,48,2,13073,A,0606.9662,N,12511.3054,E,57.00,A,10,79*47
$BNRDD,1326,2019-05-17T04:17:41Z,46,2,13075,A,0606.9665,N,12511.3054,E,57.00,A,10,91*4E
$BNRDD,1326,2019-05-17T04:17:46Z,45,5,13080,A,0606.9668,N,12511.3055,E,57.00,A,10,79*4D
$BNRDD,1326,2019-05-17T04:17:51Z,44,5,13085,A,0606.9669,N,12511.3055,E,57.00,A,10,79*4E
$BNRDD,1326,2019-05-17T04:17:56Z,44,3,13088,A,0606.9668,N,12511.3054,E,57.00,A,10,79*42
$BNRDD,1326,2019-05-17T04:18:01Z,42,5,13093,A,0606.9666,N,12511.3053,E,57.00,A,10,79*4C
$BNRDD,1326,2019-05-17T04:18:06Z,44,4,13097,A,0606.9663,N,12511.3050,E,57.00,A,10,79*4E
$BNRDD,1326,2019-05-17T04:18:11Z,43,2,13099,A,0606.9660,N,12511.3044,E,57.00,A,10,79*41
$BNRDD,1326,2019-05-17T04:18:16Z,44,5,13104,A,0606.9657,N,12511.3039,E,57.00,A,10,80*4B
$BNRDD,1326,2019-05-17T04:18:21Z,43,4,13108,A,0606.9648,N,12511.3040,E,57.00,A,11,79*42
$BNRDD,1326,2019-05-17T04:18:26Z,43,3,13111,A,0606.9639,N,12511.3040,E,57.00,A,11,78*4D
$BNRDD,1326,2019-05-17T04:18:31Z,43,3,13114,A,0606.9635,N,12511.3039,E,57.00,A,11,79*4D
$BNRDD,1326,2019-05-17T04:18:36Z,47,6,13120,A,0606.9634,N,12511.3038,E,57.00,A,11,87*4D
$BNRDD,1326,2019-05-17T04:18:41Z,51,6,13126,A,0606.9636,N,12511.3039,E,57.00,A,11,79*4E
$BNRDD,1326,2019-05-17T04:18:46Z,50,4,13130,A,0606.9635,N,12511.3041,E,57.00,A,11,79*41
$BNRDD,1326,2019-05-17T04:18:51Z,51,6,13136,A,0606.9630,N,12511.3044,E,57.00,A,11,79*42
$BNRDD,1326,2019-05-17T04:18:56Z,53,5,13141,A,0606.9626,N,12511.3053,E,56.90,A,11,79*4D
$BNRDD,1326,2019-05-17T04:19:01Z,50,2,13143,A,0606.9625,N,12511.3059,E,56.90,A,11,79*41
$BNRDD,1326,2019-05-17T04:19:06Z,47,1,13144,A,0606.9624,N,12511.3063,E,56.90,A,11,79*4C
$BNRDD,1326,2019-05-17T04:19:11Z,49,4,13148,A,0606.9624,N,12511.3068,E,56.90,A,11,79*46
$BNRDD,1326,2019-05-17T04:19:16Z,47,3,13151,A,0606.9621,N,12511.3071,E,56.90,A,11,79*4D
$BNRDD,1326,2019-05-17T04:19:21Z,46,3,13154,A,0606.9619,N,12511.3073,E,57.00,A,11,79*4C
$BNRDD,1326,2019-05-17T04:19:26Z,48,5,13159,A,0606.9617,N,12511.3074,E,57.00,A,11,79*47
$BNRDD,1326,2019-05-17T04:19:31Z,49,4,13163,A,0606.9616,N,12511.3073,E,57.00,A,11,79*4E
$BNRDD,1326,2019-05-17T04:19:36Z,44,1,13164,A,0606.9616,N,12511.3072,E,57.00,A,10,79*46
$BNRDD,1326,2019-05-17T04:19:41Z,45,7,13171,A,0606.9614,N,12511.3073,E,57.00,A,10,79*46
$BNRDD,1326,2019-05-17T04:19:46Z,44,3,13174,A,0606.9611,N,12511.3077,E,57.00,A,10,79*40
$BNRDD,1326,2019-05-17T04:19:51Z,44,6,13180,A,0606.9611,N,12511.3084,E,57.00,A,10,79*44
$BNRDD,1326,2019-05-17T04:19:56Z,43,4,13184,A,0606.9611,N,12511.3091,E,57.00,A,9,82*7A
$BNRDD,1326,2019-05-17T04:20:01Z,47,6,13190,A,0606.9609,N,12511.3097,E,57.00,A,9,82*7E
$BNRDD,1326,2019-05-17T04:20:07Z,51,5,13195,A,0606.9605,N,12511.3102,E,57.00,A,8,88*73
$BNRDD,1326,2019-05-17T04:20:12Z,51,4,13199,A,0606.9600,N,12511.3105,E,57.00,A,7,95*7B
$BNRDD,1326,2019-05-17T04:20:17Z,50,2,13201,A,0606.9596,N,12511.3102,E,57.00,A,8,88*73
$BNRDD,1326,2019-05-17T04:20:22Z,51,4,13205,A,0606.9589,N,12511.3070,E,57.30,A,6,100*40
$BNRDD,1326,2019-05-17T04:20:27Z,49,3,13208,A,0606.9583,N,12511.3051,E,57.30,A,5,106*4A
$BNRDD,1326,2019-05-17T04:20:32Z,48,3,13211,A,0606.9575,N,12511.3053,E,57.30,A,5,106*4C
$BNRDD,1326,2019-05-17T04:20:37Z,49,2,13213,A,0606.9562,N,12511.3069,E,57.30,A,5,106*44
$BNRDD,1326,2019-05-17T04:20:42Z,47,5,13218,A,0606.9538,N,12511.3092,E,57.40,A,6,100*4D
$BNRDD,1326,2019-05-17T04:20:47Z,45,1,13219,A,0606.9515,N,12511.3139,E,57.40,A,6,100*40
$BNRDD,1326,2019-05-17T04:20:52Z,44,5,13224,A,0606.9500,N,12511.3136,E,57.40,A,5,114*42
$BNRDD,1326,2019-05-17T04:20:57Z,43,3,13227,A,0606.9480,N,12511.3119,E,57.50,A,6,100*46
$BNRDD,1326,2019-05-17T04:21:02Z,38,1,13228,A,0606.9467,N,12511.3100,E,57.50,A,5,114*41
$BNRDD,1326,2019-05-17T04:21:07Z,37,4,13232,A,0606.9458,N,12511.3089,E,57.50,A,6,100*4F
$BNRDD,1326,2019-05-17T04:21:12Z,36,3,13235,A,0606.9480,N,12511.3015,E,57.40,A,6,100*4B
$BNRDD,1326,2019-05-17T04:21:17Z,36,2,13237,A,0606.9456,N,12511.2935,E,57.50,A,6,100*4D
$BNRDD,1326,2019-05-17T04:21:22Z,34,2,13239,A,0606.9444,N,12511.2906,E,57.60,A,7,96*78
$BNRDD,1326,2019-05-17T04:21:27Z,39,8,13247,A,0606.9480,N,12511.2944,E,57.40,A,7,96*7F
$BNRDD,1326,2019-05-17T04:21:32Z,41,5,13252,A,0606.9525,N,12511.2994,E,57.30,A,7,96*79
$BNRDD,1326,2019-05-17T04:21:37Z,44,5,13257,A,0606.9564,N,12511.3041,E,57.30,A,7,96*79
$BNRDD,1326,2019-05-17T04:21:42Z,43,4,13261,A,0606.9580,N,12511.3045,E,57.20,A,6,102*4A
$BNRDD,1326,2019-05-17T04:21:47Z,47,5,13266,A,0606.9631,N,12511.3050,E,57.30,A,6,127*46
$BNRDD,1326,2019-05-17T04:21:52Z,45,3,13269,A,0606.9651,N,12511.3054,E,57.30,A,6,102*4C
$BNRDD,1326,2019-05-17T04:21:57Z,45,3,13272,A,0606.9667,N,12511.3074,E,57.40,A,6,102*43
$BNRDD,1326,2019-05-17T04:22:02Z,45,1,13273,A,0606.9661,N,12511.3119,E,57.30,A,7,94*77
$BNRDD,1326,2019-05-17T04:22:07Z,50,9,13282,A,0606.9651,N,12511.3101,E,57.30,A,7,94*7A
$BNRDD,1326,2019-05-17T04:22:12Z,81,34,13316,A,0606.9649,N,12511.3101,E,57.30,A,9,78*45
$BNRDD,1326,2019-05-17T04:22:17Z,193,114,13430,A,0606.9649,N,12511.3101,E,57.30,A,11,75*76
$BNRDD,1326,2019-05-17T04:22:22Z,312,121,13551,A,0606.9645,N,12511.3099,E,57.30,A,10,78*7B
$BNRDD,1326,2019-05-17T04:22:27Z,334,30,13581,A,0606.9643,N,12511.3098,E,57.30,A,12,72*49
$BNRDD,1326,2019-05-17T04:22:32Z,334,5,13586,A,0606.9643,N,12511.3097,E,57.30,A,12,72*73
$BNRDD,1326,2019-05-17T04:22:37Z,332,3,13589,A,0606.9641,N,12511.3094,E,57.30,A,12,72*78
$BNRDD,1326,2019-05-17T04:22:42Z,334,6,13595,A,0606.9637,N,12511.3090,E,57.30,A,10,85*7B
$BNRDD,1326,2019-05-17T04:22:47Z,332,3,13598,A,0606.9633,N,12511.3085,E,57.30,A,6,108*73
