# NEW LOG
# format=1.3.6nano
# deadtime=on
$BNRDD,1326,2019-02-01T00:17:04Z,28,4,167,A,0629.4095,N,12449.0791,E,-48.90,A,4,1018*52
$BNRDD,1326,2019-02-01T00:17:09Z,27,1,168,A,0629.4103,N,12449.0791,E,-56.50,A,4,1015*5A
$BNRDD,1326,2019-02-01T00:17:14Z,29,3,171,A,0629.4111,N,12449.0789,E,-62.70,A,4,1014*5C
$BNRDD,1326,2019-02-01T00:17:19Z,27,0,171,A,0629.4123,N,12449.0789,E,-67.60,A,4,1012*5F
$BNRDD,1326,2019-02-01T00:17:24Z,28,4,175,A,0629.4159,N,12449.0792,E,-72.20,A,4,1010*5B
$BNRDD,1326,2019-02-01T00:17:29Z,29,3,178,A,0629.4166,N,12449.0790,E,-77.00,A,4,1008*5D
$BNRDD,1326,2019-02-01T00:17:34Z,31,4,182,A,0629.4170,N,12449.0789,E,-81.70,A,4,1007*54
$BNRDD,1326,2019-02-01T00:17:39Z,30,0,182,A,0629.4187,N,12449.0791,E,-87.50,A,4,1005*5B
$BNRDD,1326,2019-02-01T00:17:44Z,30,3,185,A,0629.4205,N,12449.0795,E,-93.50,A,4,1004*5C
$BNRDD,1326,2019-02-01T00:17:49Z,32,5,190,A,0629.4233,N,12449.0799,E,-99.70,A,4,1001*55
$BNRDD,1326,2019-02-01T00:17:54Z,31,1,191,A,0629.4236,N,12449.0797,E,-105.50,A,4,1000*63
$BNRDD,1326,2019-02-01T00:17:59Z,31,3,194,A,0629.4251,N,12449.0798,E,-111.20,A,4,525*56
$BNRDD,1326,2019-02-01T00:18:04Z,30,3,197,A,0629.4261,N,12449.0796,E,-116.60,A,4,525*5D
$BNRDD,1326,2019-02-01T00:18:09Z,31,2,199,A,0629.4260,N,12449.0788,E,-122.00,A,4,526*52
$BNRDD,1326,2019-02-01T00:18:14Z,31,3,202,A,0629.4249,N,12449.0789,E,-123.30,A,4,527*57
$BNRDD,1326,2019-02-01T00:18:19Z,33,2,204,A,0629.4243,N,12449.0788,E,-123.30,V,4,527*43
$BNRDD,1326,2019-02-01T00:18:24Z,30,1,205,A,0629.4243,N,12449.0788,E,-123.30,V,4,527*4C
# NEW LOG
# format=1.3.6nano
# deadtime=on
$BNRDD,1326,2019-02-01T00:20:48Z,35,5,73,A,0629.3423,N,12449.0746,E,100.70,A,4,939*46
$BNRDD,1326,2019-02-01T00:20:53Z,37,6,79,A,0629.3399,N,12449.0735,E,101.10,A,4,937*4C
$BNRDD,1326,2019-02-01T00:20:58Z,36,0,79,A,0629.3396,N,12449.0731,E,100.40,A,4,936*4E
$BNRDD,1326,2019-02-01T00:21:03Z,34,0,79,A,0629.3385,N,12449.0735,E,102.80,A,4,935*48
$BNRDD,1326,2019-02-01T00:21:08Z,34,3,82,A,0629.3394,N,12449.0739,E,103.00,A,4,934*40
$BNRDD,1326,2019-02-01T00:21:13Z,32,0,82,A,0629.3403,N,12449.0740,E,103.00,A,4,931*4D
$BNRDD,1326,2019-02-01T00:21:18Z,40,8,90,A,0629.3379,N,12449.0738,E,103.10,A,4,556*41
$BNRDD,1326,2019-02-01T00:21:23Z,38,2,92,A,0629.3367,N,12449.0740,E,103.90,A,4,557*47
# NEW LOG
# format=1.3.6nano
# deadtime=on
$BNRDD,1326,2019-02-01T00:23:40Z,35,4,59,A,0629.3382,N,12449.0763,E,98.60,A,4,578*77
$BNRDD,1326,2019-02-01T00:23:45Z,37,5,64,A,0629.3383,N,12449.0763,E,101.60,A,4,890*44
$BNRDD,1326,2019-02-01T00:23:50Z,38,4,68,A,0629.3394,N,12449.0768,E,101.90,A,4,580*4C
$BNRDD,1326,2019-02-01T00:23:55Z,38,3,71,A,0629.3392,N,12449.0767,E,101.90,A,4,887*45
$BNRDD,1326,2019-02-01T00:24:00Z,37,2,73,A,0629.3391,N,12449.0762,E,100.90,A,4,581*42
$BNRDD,1326,2019-02-01T00:24:05Z,36,2,75,A,0629.3394,N,12449.0759,E,97.90,A,4,887*79
$BNRDD,1326,2019-02-01T00:24:10Z,38,2,77,A,0629.3388,N,12449.0751,E,96.10,A,4,583*74
$BNRDD,1326,2019-02-01T00:24:15Z,37,2,79,A,0629.3352,N,12449.0743,E,95.20,A,4,584*73
$BNRDD,1326,2019-02-01T00:24:20Z,35,1,80,A,0629.3342,N,12449.0741,E,95.50,A,4,585*77
$BNRDD,1326,2019-02-01T00:24:25Z,32,1,81,A,0629.3324,N,12449.0735,E,95.20,A,4,586*73
$BNRDD,1326,2019-02-01T00:24:30Z,29,2,83,A,0629.3320,N,12449.0733,E,96.10,A,4,586*7E
$BNRDD,1326,2019-02-01T00:24:35Z,31,3,86,A,0629.3311,N,12449.0731,E,96.60,A,4,587*70
$BNRDD,1326,2019-02-01T00:24:40Z,27,0,86,A,0629.3310,N,12449.0732,E,96.70,A,4,588*7A
$BNRDD,1326,2019-02-01T00:24:45Z,23,1,87,A,0629.3316,N,12449.0733,E,96.30,A,4,588*78
$BNRDD,1326,2019-02-01T00:24:50Z,21,2,89,A,0629.3323,N,12449.0735,E,95.90,A,4,589*7B
$BNRDD,1326,2019-02-01T00:24:55Z,22,4,93,A,0629.3334,N,12449.0737,E,95.40,A,4,875*77
$BNRDD,1326,2019-02-01T00:25:00Z,24,4,97,A,0629.3346,N,12449.0740,E,94.50,A,4,874*70
$BNRDD,1326,2019-02-01T00:25:05Z,26,4,101,A,0629.3355,N,12449.0740,E,94.70,A,4,592*4C
$BNRDD,1326,2019-02-01T00:25:10Z,28,4,105,A,0629.3370,N,12449.0742,E,94.60,A,4,871*46
$BNRDD,1326,2019-02-01T00:25:16Z,26,0,105,A,0629.3370,N,12449.0742,E,94.60,A,4,871*4A
$BNRDD,1326,2019-02-01T00:25:21Z,27,2,107,A,0629.3370,N,12449.0743,E,94.60,A,4,869*47
$BNRDD,1326,2019-02-01T00:25:26Z,29,3,110,A,0629.3229,N,12449.0719,E,109.30,A,5,159*70
$BNRDD,1326,2019-02-01T00:25:31Z,28,1,111,A,0629.3201,N,12449.0716,E,114.10,A,5,159*7F
# NEW LOG
# format=1.3.6nano
# deadtime=on
$BNRDD,1326,2019-02-01T00:29:58Z,14,0,14,V,0629.3357,N,12449.0767,E,91.40,A,4,634*61
$BNRDD,1326,2019-02-01T00:30:03Z,16,2,16,V,0629.3348,N,12449.0763,E,91.40,A,4,635*6E
$BNRDD,1326,2019-02-01T00:30:08Z,18,2,18,V,0629.3357,N,12449.0754,E,91.40,A,4,636*6C
$BNRDD,1326,2019-02-01T00:30:13Z,21,3,21,V,0629.3379,N,12449.0753,E,91.40,A,4,637*6D
$BNRDD,1326,2019-02-01T00:30:18Z,25,4,25,V,0629.3414,N,12449.0753,E,91.40,A,4,637*6D
$BNRDD,1326,2019-02-01T00:30:23Z,28,3,28,V,0629.3450,N,12449.0755,E,91.40,A,4,638*6B
$BNRDD,1326,2019-02-01T00:30:28Z,32,4,32,V,0629.3472,N,12449.0751,E,91.40,A,4,638*63
$BNRDD,1326,2019-02-01T00:30:33Z,33,1,33,V,0629.3482,N,12449.0754,E,91.50,A,4,639*66
$BNRDD,1326,2019-02-01T00:30:38Z,28,1,34,A,0629.3447,N,12449.0752,E,91.50,A,4,640*76
$BNRDD,1326,2019-02-01T00:30:43Z,29,2,36,A,0629.3403,N,12449.0748,E,91.50,A,4,833*7B
$BNRDD,1326,2019-02-01T00:30:48Z,28,2,38,A,0629.3377,N,12449.0745,E,91.40,A,4,641*7C
$BNRDD,1326,2019-02-01T00:30:53Z,26,2,40,A,0629.3375,N,12449.0744,E,91.50,A,4,641*75
$BNRDD,1326,2019-02-01T00:30:58Z,28,2,42,A,0629.3365,N,12449.0742,E,91.50,A,4,643*77
$BNRDD,1326,2019-02-01T00:31:03Z,32,6,48,A,0629.3377,N,12449.0740,E,91.50,A,4,832*74
$BNRDD,1326,2019-02-01T00:31:08Z,31,1,49,A,0629.3395,N,12449.0739,E,91.50,A,4,832*78
$BNRDD,1326,2019-02-01T00:31:13Z,33,5,54,A,0629.3414,N,12449.0742,E,91.50,A,4,644*75
$BNRDD,1326,2019-02-01T00:31:18Z,29,0,54,A,0629.3432,N,12449.0738,E,91.60,A,4,645*7B
$BNRDD,1326,2019-02-01T00:31:23Z,28,2,56,A,0629.3449,N,12449.0730,E,91.60,A,4,646*75
$BNRDD,1326,2019-02-01T00:31:28Z,24,0,56,A,0629.3450,N,12449.0728,E,91.60,A,4,646*71
$BNRDD,1326,2019-02-01T00:31:33Z,24,1,57,A,0629.3443,N,12449.0731,E,91.70,A,4,831*7E
$BNRDD,1326,2019-02-01T00:31:38Z,25,2,59,A,0629.3443,N,12449.0732,E,91.70,A,4,831*7A
$BNRDD,1326,2019-02-01T00:31:43Z,25,2,61,A,0629.3422,N,12449.0731,E,91.70,A,4,648*79
$BNRDD,1326,2019-02-01T00:31:48Z,23,0,61,A,0629.3393,N,12449.0729,E,91.70,A,4,649*73
$BNRDD,1326,2019-02-01T00:31:53Z,27,6,67,A,0629.3372,N,12449.0726,E,91.80,A,4,649*72
$BNRDD,1326,2019-02-01T00:31:58Z,27,2,69,A,0629.3362,N,12449.0727,E,91.80,A,4,650*7B
$BNRDD,1326,2019-02-01T00:32:03Z,24,3,72,A,0629.3359,N,12449.0731,E,91.80,A,4,651*70
$BNRDD,1326,2019-02-01T00:32:08Z,25,2,74,A,0629.3370,N,12449.0727,E,91.90,A,4,651*70
$BNRDD,1326,2019-02-01T00:32:13Z,22,2,76,A,0629.3381,N,12449.0723,E,91.90,A,4,652*76
# NEW LOG
# format=1.3.6nano
# deadtime=on
$BNRDD,1326,2019-02-01T00:35:34Z,27,4,107,A,0629.3276,N,12449.0726,E,36.50,A,4,673*4E
$BNRDD,1326,2019-02-01T00:35:38Z,27,2,109,A,0629.3240,N,12449.0723,E,39.50,A,4,673*45
$BNRDD,1326,2019-02-01T00:35:43Z,31,5,114,A,0629.3189,N,12449.0736,E,58.20,A,4,674*40
$BNRDD,1326,2019-02-01T00:35:49Z,29,1,115,A,0629.3162,N,12449.0751,E,79.90,A,4,674*4A
$BNRDD,1326,2019-02-01T00:35:54Z,28,2,117,A,0629.3163,N,12449.0763,E,93.00,A,4,675*4A
$BNRDD,1326,2019-02-01T00:35:59Z,26,2,119,A,0629.3161,N,12449.0771,E,99.50,A,4,676*4A
$BNRDD,1326,2019-02-01T00:36:04Z,24,3,122,A,0629.3211,N,12449.0776,E,99.10,A,5,164*48
$BNRDD,1326,2019-02-01T00:36:09Z,24,1,123,A,0629.3209,N,12449.0771,E,99.00,A,5,164*49
$BNRDD,1326,2019-02-01T00:36:14Z,25,2,125,A,0629.3212,N,12449.0772,E,99.40,A,5,164*4C
$BNRDD,1326,2019-02-01T00:36:19Z,26,2,127,A,0629.3213,N,12449.0765,E,98.70,A,5,164*45
$BNRDD,1326,2019-02-01T00:36:24Z,28,2,129,A,0629.3213,N,12449.0761,E,98.50,A,5,164*4D
$BNRDD,1326,2019-02-01T00:36:29Z,27,1,130,A,0629.3214,N,12449.0758,E,98.50,A,5,164*49
$BNRDD,1326,2019-02-01T00:36:34Z,24,1,131,A,0629.3212,N,12449.0758,E,98.40,A,5,164*40
$BNRDD,1326,2019-02-01T00:36:39Z,27,5,136,A,0629.3211,N,12449.0758,E,98.40,A,5,164*4E
$BNRDD,1326,2019-02-01T00:36:44Z,24,2,138,A,0629.3211,N,12449.0760,E,98.40,A,5,164*45
$BNRDD,1326,2019-02-01T00:36:49Z,25,2,140,A,0629.3213,N,12449.0760,E,98.40,A,5,205*40
$BNRDD,1326,2019-02-01T00:36:54Z,26,3,143,A,0629.3216,N,12449.0761,E,98.40,A,5,205*49
$BNRDD,1326,2019-02-01T00:36:59Z,28,4,147,A,0629.3216,N,12449.0759,E,98.40,A,5,164*46
$BNRDD,1326,2019-02-01T00:37:04Z,26,1,148,A,0629.3217,N,12449.0759,E,98.40,A,5,164*4A
$BNRDD,1326,2019-02-01T00:37:09Z,28,3,151,A,0629.3222,N,12449.0762,E,98.30,A,5,164*4A
$BNRDD,1326,2019-02-01T00:37:14Z,28,2,153,A,0629.3225,N,12449.0763,E,98.30,A,5,164*43
$BNRDD,1326,2019-02-01T00:37:19Z,27,1,154,A,0629.3227,N,12449.0764,E,98.30,A,5,205*44
$BNRDD,1326,2019-02-01T00:37:24Z,29,4,158,A,0629.3227,N,12449.0764,E,98.20,A,5,164*48
$BNRDD,1326,2019-02-01T00:37:29Z,28,0,158,A,0629.3226,N,12449.0762,E,98.20,A,5,164*47
$BNRDD,1326,2019-02-01T00:37:34Z,27,0,158,A,0629.3228,N,12449.0758,E,98.20,A,5,164*43
$BNRDD,1326,2019-02-01T00:37:39Z,26,4,162,A,0629.3228,N,12449.0756,E,98.20,A,5,164*4C
$BNRDD,1326,2019-02-01T00:37:44Z,28,4,166,A,0629.3227,N,12449.0753,E,98.20,A,5,164*46
$BNRDD,1326,2019-02-01T00:37:49Z,27,1,167,A,0629.3225,N,12449.0750,E,98.20,A,5,164*41
$BNRDD,1326,2019-02-01T00:37:54Z,27,3,170,A,0629.3227,N,12449.0751,E,98.20,A,5,164*4A
$BNRDD,1326,2019-02-01T00:37:59Z,26,3,173,A,0629.3228,N,12449.0752,E,98.20,A,5,164*49
$BNRDD,1326,2019-02-01T00:38:04Z,26,1,174,A,0629.3231,N,12449.0755,E,98.10,A,5,164*47
$BNRDD,1326,2019-02-01T00:38:09Z,24,1,175,A,0629.3233,N,12449.0758,E,98.10,A,5,204*43
$BNRDD,1326,2019-02-01T00:38:14Z,23,1,176,A,0629.3233,N,12449.0758,E,98.10,A,5,164*4E
$BNRDD,1326,2019-02-01T00:38:19Z,25,3,179,A,0629.3234,N,12449.0758,E,98.10,A,5,165*4E
$BNRDD,1326,2019-02-01T00:38:24Z,22,1,180,A,0629.3237,N,12449.0759,E,98.10,A,5,165*41
$BNRDD,1326,2019-02-01T00:38:29Z,23,1,181,A,0629.3240,N,12449.0762,E,98.10,A,5,165*44
$BNRDD,1326,2019-02-01T00:38:34Z,26,3,184,A,0629.3244,N,12449.0766,E,98.10,A,5,165*4A
$BNRDD,1326,2019-02-01T00:38:39Z,25,3,187,A,0629.3246,N,12449.0767,E,98.10,A,5,165*44
$BNRDD,1326,2019-02-01T00:38:44Z,22,1,188,A,0629.3248,N,12449.0771,E,97.80,A,5,165*4B
$BNRDD,1326,2019-02-01T00:38:49Z,22,1,189,A,0629.3248,N,12449.0771,E,97.30,A,5,204*48
$BNRDD,1326,2019-02-01T00:38:54Z,28,9,198,A,0629.3250,N,12449.0775,E,96.90,A,5,165*44
$BNRDD,1326,2019-02-01T00:38:59Z,29,4,202,A,0629.3249,N,12449.0774,E,96.50,A,5,165*40
$BNRDD,1326,2019-02-01T00:39:04Z,31,3,205,A,0629.3248,N,12449.0770,E,96.20,A,5,165*42
$BNRDD,1326,2019-02-01T00:39:09Z,31,1,206,A,0629.3248,N,12449.0765,E,96.10,A,5,165*49
$BNRDD,1326,2019-02-01T00:39:14Z,33,3,209,A,0629.3247,N,12449.0761,E,96.00,A,5,165*40
$BNRDD,1326,2019-02-01T00:39:19Z,33,3,212,A,0629.3245,N,12449.0760,E,95.70,A,5,165*40
$BNRDD,1326,2019-02-01T00:39:24Z,34,2,214,A,0629.3238,N,12449.0757,E,95.60,A,5,165*41
$BNRDD,1326,2019-02-01T00:39:29Z,33,0,214,A,0629.3238,N,12449.0755,E,95.60,A,5,165*4B
$BNRDD,1326,2019-02-01T00:39:34Z,34,4,218,A,0629.3240,N,12449.0756,E,95.60,A,5,165*44
$BNRDD,1326,2019-02-01T00:39:39Z,32,1,219,A,0629.3241,N,12449.0756,E,95.60,A,5,203*49
$BNRDD,1326,2019-02-01T00:39:44Z,32,1,220,A,0629.3242,N,12449.0756,E,95.60,A,5,203*4A
$BNRDD,1326,2019-02-01T00:39:49Z,31,0,220,A,0629.3245,N,12449.0756,E,95.60,A,5,203*42
$BNRDD,1326,2019-02-01T00:39:54Z,22,0,220,A,0629.3248,N,12449.0758,E,95.60,A,5,165*4C
$BNRDD,1326,2019-02-01T00:40:00Z,22,4,224,A,0629.3250,N,12449.0763,E,95.60,A,5,165*42
$BNRDD,1326,2019-02-01T00:40:05Z,23,4,228,A,0629.3253,N,12449.0767,E,95.60,A,5,165*4D
$BNRDD,1326,2019-02-01T00:40:10Z,22,0,228,A,0629.3256,N,12449.0773,E,95.60,A,5,165*4C
$BNRDD,1326,2019-02-01T00:40:15Z,20,1,229,A,0629.3261,N,12449.0789,E,95.60,A,5,165*4A
$BNRDD,1326,2019-02-01T00:40:20Z,21,4,233,A,0629.3266,N,12449.0806,E,95.40,A,5,165*4E
$BNRDD,1326,2019-02-01T00:40:25Z,22,3,236,A,0629.3264,N,12449.0811,E,95.30,A,5,165*49
$BNRDD,1326,2019-02-01T00:40:30Z,24,2,238,A,0629.3265,N,12449.0813,E,95.30,A,5,165*47
$BNRDD,1326,2019-02-01T00:40:35Z,23,3,241,A,0629.3266,N,12449.0816,E,95.30,A,5,165*4C
$BNRDD,1326,2019-02-01T00:40:40Z,25,3,244,A,0629.3265,N,12449.0817,E,95.20,A,5,166*4D
$BNRDD,1326,2019-02-01T00:40:45Z,25,1,245,A,0629.3267,N,12449.0815,E,95.20,A,5,166*4B
$BNRDD,1326,2019-02-01T00:40:50Z,29,4,249,A,0629.3269,N,12449.0811,E,95.20,A,5,166*40
$BNRDD,1326,2019-02-01T00:40:55Z,29,0,249,A,0629.3270,N,12449.0805,E,95.20,A,5,166*4C
$BNRDD,1326,2019-02-01T00:41:00Z,27,2,251,A,0629.3269,N,12449.0800,E,95.20,A,5,166*45
$BNRDD,1326,2019-02-01T00:41:05Z,25,2,253,A,0629.3267,N,12449.0794,E,95.20,A,5,166*4C
$BNRDD,1326,2019-02-01T00:41:10Z,30,5,258,A,0629.3265,N,12449.0777,E,95.10,A,5,166*4C
$BNRDD,1326,2019-02-01T00:41:15Z,33,4,262,A,0629.3261,N,12449.0752,E,95.00,A,5,166*40
$BNRDD,1326,2019-02-01T00:41:20Z,33,4,266,A,0629.3261,N,12449.0728,E,95.00,A,5,166*4F
# NEW LOG
# format=1.3.6nano
# deadtime=on
$BNRDD,1326,2019-02-01T01:15:00Z,27,3,54,A,0629.3581,N,12449.0896,E,-48.00,A,4,191*5B
$BNRDD,1326,2019-02-01T01:15:05Z,31,4,58,A,0629.3573,N,12449.0895,E,-43.40,A,4,191*53
$BNRDD,1326,2019-02-01T01:15:10Z,29,1,59,A,0629.3567,N,12449.0897,E,-39.90,A,4,191*5D
$BNRDD,1326,2019-02-01T01:15:15Z,30,2,61,A,0629.3558,N,12449.0881,E,-36.30,A,4,191*56
$BNRDD,1326,2019-02-01T01:15:20Z,29,0,61,A,0629.3552,N,12449.0863,E,-34.50,A,4,191*58
$BNRDD,1326,2019-02-01T01:15:25Z,32,5,66,A,0629.3551,N,12449.0859,E,-34.10,A,4,191*5B
$BNRDD,1326,2019-02-01T01:15:30Z,33,3,69,A,0629.3549,N,12449.0855,E,-34.70,A,4,191*54
$BNRDD,1326,2019-02-01T01:15:35Z,31,1,70,A,0629.3549,N,12449.0858,E,-35.70,A,4,191*55
$BNRDD,1326,2019-02-01T01:15:40Z,30,0,70,A,0629.3548,N,12449.0858,E,-36.10,A,4,191*53
$BNRDD,1326,2019-02-01T01:15:45Z,31,1,71,A,0629.3553,N,12449.0856,E,-36.20,A,4,628*55
$BNRDD,1326,2019-02-01T01:15:50Z,28,2,73,A,0629.3557,N,12449.0859,E,-36.00,A,4,191*54
$BNRDD,1326,2019-02-01T01:15:55Z,25,3,76,A,0629.3560,N,12449.0861,E,-35.80,A,4,191*5C
$BNRDD,1326,2019-02-01T01:16:00Z,26,4,80,A,0629.3557,N,12449.0859,E,-35.80,A,4,191*5D
$BNRDD,1326,2019-02-01T01:16:05Z,24,2,82,A,0629.3563,N,12449.0865,E,-36.10,A,4,191*5C
$BNRDD,1326,2019-02-01T01:16:10Z,25,2,84,A,0629.3564,N,12449.0868,E,-36.80,A,4,191*5C
$BNRDD,1326,2019-02-01T01:16:15Z,27,4,88,A,0629.3562,N,12449.0869,E,-37.50,A,4,191*5A
$BNRDD,1326,2019-02-01T01:16:20Z,30,3,91,A,0629.3560,N,12449.0866,E,-38.00,A,4,614*58
$BNRDD,1326,2019-02-01T01:16:25Z,25,0,91,A,0629.3564,N,12449.0868,E,-38.10,A,4,191*5B
$BNRDD,1326,2019-02-01T01:16:30Z,22,0,91,A,0629.3567,N,12449.0872,E,-37.80,A,4,191*56
# NEW LOG
# format=1.3.6nano
# deadtime=on
$BNRDD,1326,2019-02-01T01:19:42Z,18,2,18,V,0629.3186,N,12449.0726,E,91.20,A,3,202*61
$BNRDD,1326,2019-02-01T01:19:47Z,19,1,19,V,0629.3195,N,12449.0725,E,91.20,A,3,5462*53
$BNRDD,1326,2019-02-01T01:19:52Z,22,3,22,V,0629.3203,N,12449.0724,E,91.60,A,4,191*67
$BNRDD,1326,2019-02-01T01:19:57Z,24,2,24,V,0629.3209,N,12449.0724,E,91.60,A,4,191*69
$BNRDD,1326,2019-02-01T01:20:02Z,27,3,27,V,0629.3212,N,12449.0724,E,91.70,A,4,191*69
$BNRDD,1326,2019-02-01T01:20:08Z,31,4,31,V,0629.3217,N,12449.0730,E,91.70,A,4,541*6D
$BNRDD,1326,2019-02-01T01:20:13Z,29,3,34,A,0629.3220,N,12449.0736,E,91.50,A,4,191*72
$BNRDD,1326,2019-02-01T01:20:18Z,28,1,35,A,0629.3219,N,12449.0738,E,91.20,A,4,191*78
$BNRDD,1326,2019-02-01T01:20:23Z,26,1,36,A,0629.3223,N,12449.0745,E,91.00,A,4,537*74
$BNRDD,1326,2019-02-01T01:20:28Z,27,3,39,A,0629.3223,N,12449.0749,E,90.80,A,4,191*7E
$BNRDD,1326,2019-02-01T01:20:33Z,28,3,42,A,0629.3222,N,12449.0755,E,90.70,A,4,191*74
# NEW LOG
# format=1.3.6nano
# deadtime=on
$BNRDD,1326,2019-02-01T01:21:02Z,10,3,10,V,0629.3210,N,12449.0733,E,91.50,A,4,191*6E
$BNRDD,1326,2019-02-01T01:21:07Z,15,5,15,V,0629.3208,N,12449.0731,E,91.10,A,4,191*62
$BNRDD,1326,2019-02-01T01:21:12Z,17,2,17,V,0629.3215,N,12449.0734,E,90.90,A,4,191*61
# NEW LOG
# format=1.3.6nano
# deadtime=on
$BNRDD,1326,2019-02-01T06:43:07Z,30,5,49,A,0608.0428,N,12509.5909,E,89.80,A,4,282*78
$BNRDD,1326,2019-02-01T06:43:12Z,29,1,50,A,0608.0429,N,12509.5912,E,89.80,A,4,282*73
$BNRDD,1326,2019-02-01T06:43:17Z,27,0,50,A,0608.0431,N,12509.5916,E,89.50,A,4,281*7A
$BNRDD,1326,2019-02-01T06:43:22Z,24,1,51,A,0608.0428,N,12509.5920,E,89.30,A,4,281*74
$BNRDD,1326,2019-02-01T06:43:27Z,23,0,51,A,0608.0437,N,12509.5922,E,88.90,A,4,280*71
$BNRDD,1326,2019-02-01T06:43:32Z,23,2,53,A,0608.0434,N,12509.5922,E,87.70,A,5,174*7E
$BNRDD,1326,2019-02-01T06:43:37Z,25,2,55,A,0608.0417,N,12509.5922,E,86.10,A,5,174*7D
$BNRDD,1326,2019-02-01T06:43:42Z,26,1,56,A,0608.0404,N,12509.5920,E,85.20,A,5,174*7C
$BNRDD,1326,2019-02-01T06:43:47Z,24,3,59,A,0608.0383,N,12509.5920,E,83.10,A,5,174*7B
$BNRDD,1326,2019-02-01T06:43:52Z,26,5,64,A,0608.0381,N,12509.5920,E,83.10,A,6,157*75
$BNRDD,1326,2019-02-01T06:43:57Z,23,0,64,A,0608.0379,N,12509.5920,E,83.00,A,7,134*72
$BNRDD,1326,2019-02-01T06:44:02Z,23,3,67,A,0608.0377,N,12509.5921,E,82.90,A,8,115*7E
$BNRDD,1326,2019-02-01T06:44:07Z,21,3,70,A,0608.0377,N,12509.5921,E,82.70,A,8,116*72
$BNRDD,1326,2019-02-01T06:44:12Z,24,4,74,A,0608.0376,N,12509.5919,E,82.60,A,8,115*78
$BNRDD,1326,2019-02-01T06:44:17Z,26,2,76,A,0608.0373,N,12509.5919,E,82.50,A,8,115*7D
$BNRDD,1326,2019-02-01T06:44:22Z,27,2,78,A,0608.0370,N,12509.5919,E,82.50,A,8,115*77
# NEW LOG
# format=1.3.6nano
# deadtime=on
$BNRDD,1326,2019-02-01T06:49:12Z,27,3,34,A,0608.0430,N,12509.5956,E,90.30,A,3,277*71
$BNRDD,1326,2019-02-01T06:49:17Z,23,2,36,A,0608.0442,N,12509.5962,E,90.30,A,3,277*71
$BNRDD,1326,2019-02-01T06:49:22Z,24,2,38,A,0608.0405,N,12509.5876,E,82.90,A,4,181*7D
$BNRDD,1326,2019-02-01T06:49:27Z,23,0,38,A,0608.0392,N,12509.5859,E,79.80,A,4,181*7C
$BNRDD,1326,2019-02-01T06:49:32Z,23,5,43,A,0608.0394,N,12509.5856,E,78.80,A,4,181*79
$BNRDD,1326,2019-02-01T06:49:37Z,22,0,43,A,0608.0390,N,12509.5857,E,77.80,A,4,181*72
$BNRDD,1326,2019-02-01T06:49:42Z,21,1,44,A,0608.0381,N,12509.5858,E,77.10,A,4,181*73
$BNRDD,1326,2019-02-01T06:49:47Z,18,0,44,A,0608.0373,N,12509.5859,E,76.40,A,4,181*75
$BNRDD,1326,2019-02-01T06:49:52Z,19,1,45,A,0608.0366,N,12509.5860,E,75.80,A,4,181*71
$BNRDD,1326,2019-02-01T06:49:58Z,17,0,45,A,0608.0361,N,12509.5862,E,74.70,A,7,132*74
$BNRDD,1326,2019-02-01T06:50:03Z,16,1,46,A,0608.0359,N,12509.5863,E,74.70,A,7,132*7B
$BNRDD,1326,2019-02-01T06:50:08Z,17,2,48,A,0608.0358,N,12509.5863,E,74.70,A,7,132*7D
$BNRDD,1326,2019-02-01T06:50:13Z,14,0,48,A,0608.0356,N,12509.5862,E,74.60,A,7,132*78
$BNRDD,1326,2019-02-01T06:50:18Z,13,1,49,A,0608.0355,N,12509.5861,E,74.60,A,7,132*74
$BNRDD,1326,2019-02-01T06:50:23Z,15,4,53,A,0608.0354,N,12509.5859,E,74.60,A,7,132*7E
# NEW LOG
# format=1.3.6nano
# deadtime=on
$BNRDD,1326,2019-02-01T06:52:39Z,24,3,31,A,0608.0380,N,12509.5805,E,90.30,A,3,198*7D
$BNRDD,1326,2019-02-01T06:52:44Z,22,2,33,A,0608.0390,N,12509.5798,E,90.30,A,3,198*78
$BNRDD,1326,2019-02-01T06:52:48Z,22,3,36,A,0608.0389,N,12509.5792,E,90.30,A,3,198*72
$BNRDD,1326,2019-02-01T06:52:54Z,21,1,37,A,0608.0380,N,12509.5767,E,90.30,A,3,198*7C
$BNRDD,1326,2019-02-01T06:52:59Z,23,4,41,A,0608.0364,N,12509.5732,E,90.30,A,3,198*7D
$BNRDD,1326,2019-02-01T06:53:04Z,20,0,41,A,0608.0356,N,12509.5739,E,90.30,A,3,198*79
$BNRDD,1326,2019-02-01T06:53:09Z,22,4,45,A,0608.0361,N,12509.5782,E,90.30,A,3,198*72
$BNRDD,1326,2019-02-01T06:53:14Z,22,1,46,A,0608.0365,N,12509.5804,E,90.30,A,3,198*7D
$BNRDD,1326,2019-02-01T06:53:18Z,20,0,46,A,0608.0371,N,12509.5814,E,90.30,V,3,197*6E
$BNRDD,1326,2019-02-01T06:53:24Z,22,2,48,A,0608.0372,N,12509.5820,E,90.20,V,3,197*6A
$BNRDD,1326,2019-02-01T06:53:29Z,23,2,50,A,0608.0377,N,12509.5832,E,90.20,A,3,197*7E
$BNRDD,1326,2019-02-01T06:53:34Z,23,1,51,A,0608.0381,N,12509.5839,E,90.20,A,3,197*72
$BNRDD,1326,2019-02-01T06:53:39Z,20,0,51,A,0608.0381,N,12509.5841,E,90.20,A,3,197*72
$BNRDD,1326,2019-02-01T06:53:44Z,24,6,57,A,0608.0382,N,12509.5846,E,90.20,A,3,197*78
$BNRDD,1326,2019-02-01T06:53:48Z,22,1,58,A,0608.0383,N,12509.5851,E,90.20,A,3,197*7D
$BNRDD,1326,2019-02-01T06:53:54Z,24,3,61,A,0608.0387,N,12509.5857,E,90.20,V,3,197*6B
$BNRDD,1326,2019-02-01T06:53:59Z,20,0,61,A,0608.0387,N,12509.5857,E,90.20,A,3,197*76
$BNRDD,1326,2019-02-01T06:54:04Z,21,1,62,A,0608.0385,N,12509.5856,E,90.20,A,3,197*79
# NEW LOG
# format=1.3.6nano
# deadtime=on
$BNRDD,1326,2019-02-01T06:56:27Z,36,4,67,A,0608.0275,N,12509.5810,E,85.90,A,6,161*73
$BNRDD,1326,2019-02-01T06:56:32Z,35,1,68,A,0608.0251,N,12509.5824,E,84.30,A,6,161*74
$BNRDD,1326,2019-02-01T06:56:37Z,36,2,70,A,0608.0235,N,12509.5833,E,83.60,A,6,161*7E
$BNRDD,1326,2019-02-01T06:56:42Z,35,1,71,A,0608.0232,N,12509.5833,E,83.50,A,6,161*79
$BNRDD,1326,2019-02-01T06:56:47Z,33,2,73,A,0608.0228,N,12509.5831,E,83.50,A,6,161*72
$BNRDD,1326,2019-02-01T06:56:52Z,33,2,75,A,0608.0222,N,12509.5830,E,83.50,A,6,161*7B
$BNRDD,1326,2019-02-01T06:56:57Z,32,1,76,A,0608.0217,N,12509.5830,E,83.50,A,6,161*79
$BNRDD,1326,2019-02-01T06:57:02Z,35,5,81,A,0608.0215,N,12509.5831,E,83.50,A,6,161*70
$BNRDD,1326,2019-02-01T06:57:07Z,31,4,85,A,0608.0210,N,12509.5831,E,83.50,A,6,161*71
$BNRDD,1326,2019-02-01T06:57:12Z,33,4,89,A,0608.0208,N,12509.5832,E,83.40,A,6,161*70
$BNRDD,1326,2019-02-01T06:57:17Z,29,0,89,A,0608.0203,N,12509.5833,E,83.40,A,6,161*70
$BNRDD,1326,2019-02-01T06:57:22Z,30,4,93,A,0608.0200,N,12509.5832,E,83.40,A,6,161*73
$BNRDD,1326,2019-02-01T06:57:27Z,29,3,96,A,0608.0200,N,12509.5829,E,83.30,A,6,161*71
# NEW LOG
# format=1.3.6nano
# deadtime=on
$BNRDD,1326,2019-02-01T06:59:09Z,23,3,46,A,0608.0220,N,12509.5946,E,55.30,A,4,252*74
$BNRDD,1326,2019-02-01T06:59:14Z,20,0,46,A,0608.0223,N,12509.5937,E,60.60,A,4,252*7E
$BNRDD,1326,2019-02-01T06:59:19Z,21,2,48,A,0608.0219,N,12509.5923,E,61.00,A,4,253*74
$BNRDD,1326,2019-02-01T06:59:24Z,24,4,52,A,0608.0219,N,12509.5913,E,60.00,A,3,317*76
$BNRDD,1326,2019-02-01T06:59:29Z,27,3,55,A,0608.0205,N,12509.5915,E,55.30,A,4,252*71
$BNRDD,1326,2019-02-01T06:59:34Z,26,2,57,A,0608.0205,N,12509.5917,E,56.90,A,4,253*75
$BNRDD,1326,2019-02-01T06:59:39Z,26,1,58,A,0608.0205,N,12509.5908,E,59.50,A,4,253*79
$BNRDD,1326,2019-02-01T06:59:44Z,26,3,61,A,0608.0205,N,12509.5896,E,62.00,A,4,252*71
$BNRDD,1326,2019-02-01T06:59:49Z,27,2,63,A,0608.0202,N,12509.5897,E,61.80,A,4,253*72
$BNRDD,1326,2019-02-01T06:59:54Z,27,3,66,A,0608.0198,N,12509.5903,E,63.00,A,4,253*7C
$BNRDD,1326,2019-02-01T06:59:59Z,32,6,72,A,0608.0197,N,12509.5902,E,64.70,A,4,253*7B
$BNRDD,1326,2019-02-01T07:00:04Z,33,4,76,A,0608.0198,N,12509.5905,E,66.20,A,4,253*76
$BNRDD,1326,2019-02-01T07:00:09Z,32,2,78,A,0608.0194,N,12509.5908,E,66.20,A,4,253*73
$BNRDD,1326,2019-02-01T07:00:14Z,33,1,79,A,0608.0193,N,12509.5909,E,66.30,A,4,253*7B
$BNRDD,1326,2019-02-01T07:00:19Z,34,3,82,A,0608.0190,N,12509.5911,E,66.30,A,4,253*7D
$BNRDD,1326,2019-02-01T07:00:24Z,33,3,85,A,0608.0188,N,12509.5912,E,66.30,A,4,253*79
$BNRDD,1326,2019-02-01T07:00:29Z,33,3,88,A,0608.0184,N,12509.5914,E,66.30,A,4,253*73
$BNRDD,1326,2019-02-01T07:00:34Z,33,2,90,A,0608.0182,N,12509.5915,E,66.30,A,4,253*70
$BNRDD,1326,2019-02-01T07:00:39Z,33,1,91,A,0608.0180,N,12509.5916,E,66.30,A,4,253*7E
# NEW LOG
# format=1.3.6nano
# deadtime=on
$BNRDD,1326,2019-02-01T07:06:12Z,32,3,152,A,0608.0158,N,12509.5828,E,68.40,A,4,302*49
$BNRDD,1326,2019-02-01T07:06:18Z,32,3,155,A,0608.0176,N,12509.5846,E,72.60,A,4,302*49
$BNRDD,1326,2019-02-01T07:06:23Z,30,2,157,A,0608.0176,N,12509.5844,E,73.50,A,4,303*41
$BNRDD,1326,2019-02-01T07:06:28Z,31,2,159,A,0608.0188,N,12509.5860,E,76.70,A,4,303*45
# NEW LOG
# format=1.3.6nano
# deadtime=on
$BNRDD,1326,2019-02-01T07:14:10Z,24,1,24,V,0608.0189,N,12509.5886,E,58.60,A,5,142*64
$BNRDD,1326,2019-02-01T07:14:15Z,28,4,28,V,0608.0189,N,12509.5886,E,59.50,A,5,142*66
$BNRDD,1326,2019-02-01T07:14:20Z,30,2,30,V,0608.0190,N,12509.5895,E,61.00,A,5,142*62
$BNRDD,1326,2019-02-01T07:14:25Z,27,1,31,A,0608.0188,N,12509.5896,E,60.10,A,5,142*7E
# NEW LOG
# format=1.3.6nano
# deadtime=on
$BNRDD,1326,2019-02-01T07:15:36Z,37,2,37,V,0608.0169,N,12509.5816,E,90.30,V,3,296*7F
$BNRDD,1326,2019-02-01T07:15:41Z,40,3,40,V,0608.0179,N,12509.5815,E,90.30,A,3,296*6B
$BNRDD,1326,2019-02-01T07:15:46Z,40,4,44,A,0608.0180,N,12509.5813,E,90.30,A,3,296*78
$BNRDD,1326,2019-02-01T07:15:51Z,37,2,46,A,0608.0181,N,12509.5817,E,90.30,A,3,296*7F
$BNRDD,1326,2019-02-01T07:15:56Z,35,2,48,A,0608.0175,N,12509.5819,E,91.90,A,4,227*77
$BNRDD,1326,2019-02-01T07:16:01Z,38,4,52,A,0608.0190,N,12509.5837,E,93.50,A,6,202*7A
$BNRDD,1326,2019-02-01T07:16:06Z,38,5,57,A,0608.0193,N,12509.5843,E,93.10,A,6,202*7D
$BNRDD,1326,2019-02-01T07:16:11Z,44,9,66,A,0608.0193,N,12509.5844,E,93.10,A,6,202*79
$BNRDD,1326,2019-02-01T07:16:16Z,41,2,68,A,0608.0192,N,12509.5844,E,93.00,A,6,201*7D
$BNRDD,1326,2019-02-01T07:16:21Z,42,2,70,A,0608.0191,N,12509.5844,E,93.00,A,7,126*77
$BNRDD,1326,2019-02-01T07:16:26Z,39,1,71,A,0608.0190,N,12509.5844,E,92.90,A,7,126*77
$BNRDD,1326,2019-02-01T07:16:31Z,39,3,74,A,0608.0188,N,12509.5842,E,92.80,A,7,126*78
$BNRDD,1326,2019-02-01T07:16:36Z,40,3,77,A,0608.0185,N,12509.5839,E,92.70,A,7,126*7C
$BNRDD,1326,2019-02-01T07:16:41Z,41,4,81,A,0608.0181,N,12509.5838,E,92.60,A,7,126*77
# NEW LOG
# format=1.3.6nano
# deadtime=on
$BNRDD,1326,2019-02-01T07:31:04Z,26,4,49,A,0607.9973,N,12509.5990,E,91.70,A,4,672*71
$BNRDD,1326,2019-02-01T07:31:09Z,27,2,51,A,0607.9978,N,12509.5991,E,92.70,A,4,673*7A
# NEW LOG
# format=1.3.6nano
# deadtime=on
$BNRDD,1326,2019-02-01T07:32:59Z,9,5,9,V,0608.0073,N,12509.5976,E,91.20,A,4,677*62
# NEW LOG
# format=1.3.6nano
# deadtime=on
$BNRDD,1326,2019-02-01T07:36:39Z,16,2,20,A,0608.0216,N,12509.5875,E,91.70,A,5,140*71
$BNRDD,1326,2019-02-01T07:36:44Z,17,2,22,A,0608.0218,N,12509.5869,E,91.70,A,5,140*7B
$BNRDD,1326,2019-02-01T07:36:49Z,19,3,25,A,0608.0219,N,12509.5868,E,91.70,A,5,140*7E
$BNRDD,1326,2019-02-01T07:36:53Z,26,8,33,A,0608.0219,N,12509.5866,E,91.70,A,5,140*7B
$BNRDD,1326,2019-02-01T07:36:59Z,28,3,36,A,0608.0220,N,12509.5861,E,91.70,A,6,135*7D
$BNRDD,1326,2019-02-01T07:37:04Z,28,1,37,A,0608.0230,N,12509.5871,E,91.70,A,6,135*77
$BNRDD,1326,2019-02-01T07:37:09Z,33,5,42,A,0608.0254,N,12509.5874,E,91.60,A,6,156*75
$BNRDD,1326,2019-02-01T07:37:14Z,35,2,44,A,0608.0267,N,12509.5879,E,91.40,A,6,134*75
$BNRDD,1326,2019-02-01T07:37:19Z,38,5,49,A,0608.0218,N,12509.5858,E,91.10,A,6,134*71
$BNRDD,1326,2019-02-01T07:37:24Z,39,3,52,A,0608.0226,N,12509.5869,E,90.90,A,6,134*74
$BNRDD,1326,2019-02-01T07:37:29Z,38,1,53,A,0608.0268,N,12509.5895,E,90.50,A,6,155*79
$BNRDD,1326,2019-02-01T07:37:34Z,38,3,56,A,0608.0281,N,12509.5893,E,90.10,A,6,134*70
$BNRDD,1326,2019-02-01T07:37:39Z,40,4,60,A,0608.0292,N,12509.5899,E,89.60,A,6,134*77
# NEW LOG
# format=1.3.6nano
# deadtime=on
$BNRDD,1326,2019-02-01T07:50:39Z,31,2,50,A,0607.9899,N,12509.5895,E,90.30,A,3,598*74
$BNRDD,1326,2019-02-01T07:50:44Z,31,3,53,A,0607.9943,N,12509.5896,E,90.30,A,3,599*78
$BNRDD,1326,2019-02-01T07:50:48Z,29,2,55,A,0607.9970,N,12509.5901,E,90.30,V,3,597*6C
$BNRDD,1326,2019-02-01T07:50:54Z,27,1,56,A,0608.0001,N,12509.5902,E,90.30,V,3,597*65
$BNRDD,1326,2019-02-01T07:50:59Z,24,3,59,A,0608.0008,N,12509.5902,E,90.30,A,3,596*79
$BNRDD,1326,2019-02-01T07:51:05Z,25,2,61,A,0608.0181,N,12509.5885,E,51.20,A,5,163*70
$BNRDD,1326,2019-02-01T07:51:10Z,24,2,63,A,0608.0181,N,12509.5896,E,51.90,A,5,163*7E
$BNRDD,1326,2019-02-01T07:51:15Z,25,3,66,A,0608.0181,N,12509.5903,E,52.50,A,5,163*7C
$BNRDD,1326,2019-02-01T07:51:20Z,27,3,69,A,0608.0183,N,12509.5913,E,52.90,A,5,163*78
$BNRDD,1326,2019-02-01T07:51:25Z,27,2,71,A,0608.0184,N,12509.5919,E,53.00,A,5,163*70
$BNRDD,1326,2019-02-01T07:51:30Z,28,2,73,A,0608.0183,N,12509.5923,E,53.00,A,5,163*77
$BNRDD,1326,2019-02-01T07:51:34Z,28,3,76,A,0608.0183,N,12509.5925,E,53.00,A,5,163*71
$BNRDD,1326,2019-02-01T07:51:39Z,28,2,78,A,0608.0181,N,12509.5925,E,53.00,A,5,163*71
$BNRDD,1326,2019-02-01T07:51:45Z,27,2,80,A,0608.0181,N,12509.5926,E,53.00,A,5,163*71
$BNRDD,1326,2019-02-01T07:51:50Z,29,4,84,A,0608.0182,N,12509.5925,E,53.10,A,5,163*78
$BNRDD,1326,2019-02-01T07:51:55Z,30,2,86,A,0608.0182,N,12509.5924,E,53.10,A,5,163*70
$BNRDD,1326,2019-02-01T07:52:00Z,29,2,88,A,0608.0179,N,12509.5923,E,53.10,A,5,163*76
$BNRDD,1326,2019-02-01T07:52:05Z,31,4,92,A,0608.0180,N,12509.5926,E,53.10,A,5,163*74
$BNRDD,1326,2019-02-01T07:52:10Z,30,1,93,A,0608.0181,N,12509.5927,E,53.10,A,5,195*7C
$BNRDD,1326,2019-02-01T07:52:15Z,29,2,95,A,0608.0181,N,12509.5926,E,53.10,A,5,163*7C
$BNRDD,1326,2019-02-01T07:52:20Z,28,2,97,A,0608.0179,N,12509.5925,E,53.10,A,6,143*7C
$BNRDD,1326,2019-02-01T07:52:25Z,27,1,98,A,0608.0178,N,12509.5924,E,53.10,A,6,143*7A
$BNRDD,1326,2019-02-01T07:52:30Z,28,3,101,A,0608.0177,N,12509.5921,E,53.10,A,6,143*48
$BNRDD,1326,2019-02-01T07:52:35Z,28,3,104,A,0608.0176,N,12509.5920,E,53.10,A,7,133*4E
$BNRDD,1326,2019-02-01T07:52:40Z,29,3,107,A,0608.0173,N,12509.5919,E,53.10,A,7,133*41
$BNRDD,1326,2019-02-01T07:52:45Z,29,2,109,A,0608.0172,N,12509.5919,E,53.10,A,7,133*4A
$BNRDD,1326,2019-02-01T07:52:50Z,28,3,112,A,0608.0173,N,12509.5919,E,53.10,A,7,133*45
$BNRDD,1326,2019-02-01T07:52:55Z,28,2,114,A,0608.0174,N,12509.5918,E,53.20,A,7,133*42
$BNRDD,1326,2019-02-01T07:53:00Z,29,3,117,A,0608.0173,N,12509.5916,E,53.20,A,7,133*49
$BNRDD,1326,2019-02-01T07:53:05Z,27,2,119,A,0608.0172,N,12509.5914,E,53.40,A,7,133*48
$BNRDD,1326,2019-02-01T07:53:10Z,28,2,121,A,0608.0173,N,12509.5908,E,53.40,A,7,133*44
$BNRDD,1326,2019-02-01T07:53:15Z,29,3,124,A,0608.0173,N,12509.5916,E,54.00,A,7,133*48
$BNRDD,1326,2019-02-01T07:53:20Z,29,2,126,A,0608.0194,N,12509.5934,E,54.10,A,7,133*45
$BNRDD,1326,2019-02-01T07:53:25Z,29,1,127,A,0608.0219,N,12509.5937,E,54.00,A,7,148*4A
$BNRDD,1326,2019-02-01T07:53:30Z,30,4,131,A,0608.0226,N,12509.5941,E,54.00,A,7,133*45
# NEW LOG
# format=1.3.6nano
# deadtime=on
$BNRDD,1326,2019-02-01T07:57:13Z,10,4,10,V,0608.0295,N,12509.5894,E,54.50,A,7,133*63
$BNRDD,1326,2019-02-01T07:57:18Z,14,4,14,V,0608.0296,N,12509.5897,E,54.50,A,7,133*68
$BNRDD,1326,2019-02-01T07:57:23Z,14,0,14,V,0608.0297,N,12509.5899,E,54.50,A,7,133*6B
$BNRDD,1326,2019-02-01T07:57:28Z,16,2,16,V,0608.0295,N,12509.5901,E,54.50,A,7,133*60
# NEW LOG
# format=1.3.6nano
# deadtime=on
$BNRDD,1326,2019-02-01T08:01:32Z,26,3,67,A,0608.0197,N,12509.5810,E,79.30,A,5,183*74
$BNRDD,1326,2019-02-01T08:01:37Z,25,0,67,A,0608.0189,N,12509.5794,E,79.50,A,5,183*7B
$BNRDD,1326,2019-02-01T08:01:42Z,28,3,70,A,0608.0186,N,12509.5791,E,79.30,A,5,183*7D
$BNRDD,1326,2019-02-01T08:01:47Z,26,1,71,A,0608.0184,N,12509.5788,E,79.30,A,5,183*7F
$BNRDD,1326,2019-02-01T08:01:52Z,27,1,72,A,0608.0183,N,12509.5788,E,79.20,A,6,142*71
$BNRDD,1326,2019-02-01T08:01:57Z,25,1,73,A,0608.0183,N,12509.5789,E,79.20,A,6,142*76
$BNRDD,1326,2019-02-01T08:02:02Z,26,2,75,A,0608.0183,N,12509.5790,E,79.20,A,6,142*7B
$BNRDD,1326,2019-02-01T08:02:07Z,23,0,75,A,0608.0182,N,12509.5793,E,79.30,A,6,142*7A
$BNRDD,1326,2019-02-01T08:02:12Z,21,3,78,A,0608.0181,N,12509.5791,E,79.30,A,6,142*73
$BNRDD,1326,2019-02-01T08:02:17Z,22,1,79,A,0608.0181,N,12509.5792,E,79.30,A,6,142*75
$BNRDD,1326,2019-02-01T08:02:22Z,24,5,84,A,0608.0182,N,12509.5792,E,79.30,A,6,142*70
$BNRDD,1326,2019-02-01T08:02:27Z,26,6,90,A,0608.0181,N,12509.5793,E,79.30,A,7,120*76
$BNRDD,1326,2019-02-01T08:02:33Z,25,2,92,A,0608.0179,N,12509.5793,E,79.20,A,7,120*70
$BNRDD,1326,2019-02-01T08:02:38Z,26,1,93,A,0608.0176,N,12509.5796,E,79.20,A,7,120*70
$BNRDD,1326,2019-02-01T08:02:43Z,26,3,96,A,0608.0172,N,12509.5799,E,79.20,A,7,120*70
$BNRDD,1326,2019-02-01T08:02:47Z,28,3,99,A,0608.0169,N,12509.5801,E,79.20,A,7,120*71
$BNRDD,1326,2019-02-01T08:02:52Z,31,4,103,A,0608.0168,N,12509.5803,E,79.20,A,7,120*4B
$BNRDD,1326,2019-02-01T08:02:57Z,32,2,105,A,0608.0167,N,12509.5804,E,79.20,A,7,120*45
$BNRDD,1326,2019-02-01T08:03:02Z,32,2,107,A,0608.0165,N,12509.5805,E,79.20,A,7,120*45
$BNRDD,1326,2019-02-01T08:03:08Z,33,1,108,A,0608.0165,N,12509.5808,E,79.20,A,7,120*4F
$BNRDD,1326,2019-02-01T08:03:13Z,30,0,108,A,0608.0164,N,12509.5809,E,79.20,A,7,120*47
$BNRDD,1326,2019-02-01T08:03:18Z,31,2,110,A,0608.0163,N,12509.5812,E,79.20,A,7,120*4B
$BNRDD,1326,2019-02-01T08:03:23Z,32,6,116,A,0608.0161,N,12509.5815,E,79.20,A,7,120*47
$BNRDD,1326,2019-02-01T08:03:28Z,28,2,118,A,0608.0157,N,12509.5817,E,79.30,A,7,120*4B
$BNRDD,1326,2019-02-01T08:03:33Z,31,5,123,A,0608.0153,N,12509.5818,E,79.30,A,7,120*4D
$BNRDD,1326,2019-02-01T08:03:38Z,30,0,123,A,0608.0147,N,12509.5817,E,79.50,A,7,120*4E
$BNRDD,1326,2019-02-01T08:03:43Z,30,3,126,A,0608.0139,N,12509.5814,E,79.90,A,7,120*42
$BNRDD,1326,2019-02-01T08:03:48Z,29,2,128,A,0608.0134,N,12509.5810,E,80.10,A,7,120*49
$BNRDD,1326,2019-02-01T08:03:53Z,27,2,130,A,0608.0128,N,12509.5812,E,80.20,A,7,120*48
$BNRDD,1326,2019-02-01T08:03:58Z,32,7,137,A,0608.0126,N,12509.5812,E,80.20,A,7,120*4B
$BNRDD,1326,2019-02-01T08:04:03Z,32,2,139,A,0608.0126,N,12509.5812,E,80.20,A,7,120*49
$BNRDD,1326,2019-02-01T08:04:08Z,33,2,141,A,0608.0125,N,12509.5814,E,80.30,A,7,120*48
$BNRDD,1326,2019-02-01T08:04:13Z,34,1,142,A,0608.0124,N,12509.5817,E,80.30,A,7,120*47
$BNRDD,1326,2019-02-01T08:04:18Z,35,3,145,A,0608.0124,N,12509.5817,E,80.30,A,7,120*48
$BNRDD,1326,2019-02-01T08:04:23Z,34,5,150,A,0608.0127,N,12509.5817,E,80.30,A,7,149*4F
$BNRDD,1326,2019-02-01T08:04:28Z,36,4,154,A,0608.0128,N,12509.5816,E,80.30,A,7,120*42
$BNRDD,1326,2019-02-01T08:04:33Z,32,1,155,A,0608.0128,N,12509.5814,E,80.30,A,7,119*40
$BNRDD,1326,2019-02-01T08:04:38Z,35,3,158,A,0608.0130,N,12509.5814,E,80.30,A,7,120*40
$BNRDD,1326,2019-02-01T08:04:43Z,32,0,158,A,0608.0130,N,12509.5815,E,80.40,A,7,120*4E
$BNRDD,1326,2019-02-01T08:04:48Z,32,2,160,A,0608.0130,N,12509.5815,E,80.40,A,7,119*46
$BNRDD,1326,2019-02-01T08:04:53Z,30,0,160,A,0608.0131,N,12509.5815,E,80.40,A,7,119*4D
$BNRDD,1326,2019-02-01T08:04:58Z,25,2,162,A,0608.0132,N,12509.5815,E,80.40,A,7,119*41
$BNRDD,1326,2019-02-01T08:05:03Z,26,3,165,A,0608.0132,N,12509.5812,E,80.40,A,7,119*4C
$BNRDD,1326,2019-02-01T08:05:08Z,25,1,166,A,0608.0133,N,12509.5810,E,80.40,A,7,147*4D
$BNRDD,1326,2019-02-01T08:05:13Z,27,3,169,A,0608.0133,N,12509.5810,E,80.40,A,7,119*43
$BNRDD,1326,2019-02-01T08:05:18Z,26,2,171,A,0608.0132,N,12509.5809,E,80.40,A,7,119*48
$BNRDD,1326,2019-02-01T08:05:23Z,23,2,173,A,0608.0131,N,12509.5808,E,80.40,A,7,119*45
$BNRDD,1326,2019-02-01T08:05:28Z,22,3,176,A,0608.0129,N,12509.5808,E,80.40,A,7,119*42
$BNRDD,1326,2019-02-01T08:05:33Z,22,1,177,A,0608.0128,N,12509.5808,E,80.40,A,7,119*4A
$BNRDD,1326,2019-02-01T08:05:38Z,20,1,178,A,0608.0129,N,12509.5807,E,80.40,A,7,119*42
$BNRDD,1326,2019-02-01T08:05:43Z,21,1,179,A,0608.0127,N,12509.5807,E,80.40,A,7,119*40
$BNRDD,1326,2019-02-01T08:05:48Z,19,0,179,A,0608.0129,N,12509.5807,E,80.40,A,7,119*4F
$BNRDD,1326,2019-02-01T08:05:53Z,20,1,180,A,0608.0130,N,12509.5805,E,80.40,A,7,119*42
$BNRDD,1326,2019-02-01T08:05:58Z,23,5,185,A,0608.0129,N,12509.5803,E,80.40,A,7,119*45
$BNRDD,1326,2019-02-01T08:06:03Z,21,1,186,A,0608.0131,N,12509.5800,E,80.40,A,7,119*47
$BNRDD,1326,2019-02-01T08:06:08Z,21,1,187,A,0608.0131,N,12509.5798,E,80.40,A,7,119*43
$BNRDD,1326,2019-02-01T08:06:13Z,19,1,188,A,0608.0131,N,12509.5796,E,80.40,A,7,119*43
$BNRDD,1326,2019-02-01T08:06:18Z,20,3,191,A,0608.0132,N,12509.5794,E,80.40,A,7,119*49
$BNRDD,1326,2019-02-01T08:06:24Z,20,2,193,A,0608.0140,N,12509.5798,E,79.40,A,8,93*76
$BNRDD,1326,2019-02-01T08:06:29Z,21,4,197,A,0608.0141,N,12509.5798,E,79.40,A,8,93*79
$BNRDD,1326,2019-02-01T08:06:34Z,22,2,199,A,0608.0143,N,12509.5799,E,79.40,A,8,93*7D
$BNRDD,1326,2019-02-01T08:06:38Z,21,0,199,A,0608.0146,N,12509.5800,E,79.30,A,8,93*7D
$BNRDD,1326,2019-02-01T08:06:44Z,20,0,199,A,0608.0152,N,12509.5800,E,79.30,A,8,93*72
$BNRDD,1326,2019-02-01T08:06:49Z,22,2,201,A,0608.0153,N,12509.5801,E,79.20,A,8,93*7C
$BNRDD,1326,2019-02-01T08:06:54Z,22,1,202,A,0608.0154,N,12509.5802,E,79.20,A,8,93*74
$BNRDD,1326,2019-02-01T08:06:59Z,22,5,207,A,0608.0153,N,12509.5803,E,79.20,A,8,93*7E
$BNRDD,1326,2019-02-01T08:07:04Z,24,3,210,A,0608.0151,N,12509.5804,E,79.10,A,8,93*77
$BNRDD,1326,2019-02-01T08:07:09Z,29,6,216,A,0608.0150,N,12509.5803,E,79.10,A,8,93*72
$BNRDD,1326,2019-02-01T08:07:14Z,31,3,219,A,0608.0150,N,12509.5805,E,79.00,A,8,93*7A
$BNRDD,1326,2019-02-01T08:07:19Z,29,1,220,A,0608.0149,N,12509.5805,E,79.00,A,8,93*7E
$BNRDD,1326,2019-02-01T08:07:24Z,30,3,223,A,0608.0150,N,12509.5805,E,79.00,A,8,93*71
$BNRDD,1326,2019-02-01T08:07:29Z,28,2,225,A,0608.0150,N,12509.5807,E,78.30,A,8,93*72
$BNRDD,1326,2019-02-01T08:07:34Z,29,3,228,A,0608.0151,N,12509.5809,E,77.80,A,8,93*78
$BNRDD,1326,2019-02-01T08:07:39Z,33,4,232,A,0608.0149,N,12509.5812,E,77.80,A,8,93*71
$BNRDD,1326,2019-02-01T08:07:44Z,36,3,235,A,0608.0150,N,12509.5813,E,77.70,A,8,93*78
$BNRDD,1326,2019-02-01T08:07:49Z,38,4,239,A,0608.0150,N,12509.5812,E,77.70,A,9,86*74
$BNRDD,1326,2019-02-01T08:07:54Z,40,3,242,A,0608.0150,N,12509.5811,E,77.70,A,9,86*7F
$BNRDD,1326,2019-02-01T08:07:59Z,39,4,246,A,0608.0153,N,12509.5811,E,77.60,A,9,89*72
$BNRDD,1326,2019-02-01T08:08:04Z,37,1,247,A,0608.0155,N,12509.5813,E,77.60,A,9,86*74
$BNRDD,1326,2019-02-01T08:08:09Z,34,3,250,A,0608.0159,N,12509.5815,E,77.60,A,9,89*7B
$BNRDD,1326,2019-02-01T08:08:14Z,32,1,251,A,0608.0163,N,12509.5816,E,77.50,A,9,86*74
$BNRDD,1326,2019-02-01T08:08:19Z,34,3,254,A,0608.0167,N,12509.5816,E,77.50,A,9,86*7C
$BNRDD,1326,2019-02-01T08:08:24Z,35,4,258,A,0608.0170,N,12509.5816,E,77.40,A,9,89*70
$BNRDD,1326,2019-02-01T08:08:29Z,35,2,260,A,0608.0180,N,12509.5815,E,76.70,A,9,89*7E
$BNRDD,1326,2019-02-01T08:08:34Z,32,0,260,A,0608.0190,N,12509.5817,E,74.80,A,9,86*76
$BNRDD,1326,2019-02-01T08:08:39Z,28,0,260,A,0608.0191,N,12509.5819,E,74.80,A,9,86*7F
$BNRDD,1326,2019-02-01T08:08:44Z,26,1,261,A,0608.0192,N,12509.5818,E,74.70,A,9,86*76
$BNRDD,1326,2019-02-01T08:08:49Z,24,2,263,A,0608.0191,N,12509.5816,E,74.70,A,9,86*75
$BNRDD,1326,2019-02-01T08:08:54Z,23,2,265,A,0608.0189,N,12509.5818,E,74.70,A,9,86*7F
$BNRDD,1326,2019-02-01T08:08:59Z,24,5,270,A,0608.0187,N,12509.5820,E,74.70,A,9,86*73
$BNRDD,1326,2019-02-01T08:09:04Z,30,7,277,A,0608.0187,N,12509.5822,E,74.70,A,9,86*78
$BNRDD,1326,2019-02-01T08:09:09Z,27,0,277,A,0608.0187,N,12509.5821,E,74.60,A,9,86*76
$BNRDD,1326,2019-02-01T08:09:14Z,28,2,279,A,0608.0187,N,12509.5820,E,74.50,A,9,86*7B
$BNRDD,1326,2019-02-01T08:09:19Z,25,0,279,A,0608.0188,N,12509.5820,E,74.30,A,9,86*70
$BNRDD,1326,2019-02-01T08:09:24Z,27,6,285,A,0608.0192,N,12509.5823,E,74.20,A,9,86*70
$BNRDD,1326,2019-02-01T08:09:29Z,27,2,287,A,0608.0193,N,12509.5828,E,73.90,A,9,86*7D
$BNRDD,1326,2019-02-01T08:09:34Z,28,1,288,A,0608.0192,N,12509.5832,E,73.10,A,10,82*4C
$BNRDD,1326,2019-02-01T08:09:39Z,29,1,289,A,0608.0191,N,12509.5833,E,73.10,A,10,82*43
$BNRDD,1326,2019-02-01T08:09:44Z,28,0,289,A,0608.0190,N,12509.5835,E,73.10,A,10,82*4E
$BNRDD,1326,2019-02-01T08:09:49Z,28,2,291,A,0608.0189,N,12509.5835,E,73.10,A,10,82*40
$BNRDD,1326,2019-02-01T08:09:54Z,29,3,294,A,0608.0189,N,12509.5835,E,73.00,A,10,82*48
$BNRDD,1326,2019-02-01T08:09:59Z,26,2,296,A,0608.0188,N,12509.5834,E,73.00,A,10,82*49
$BNRDD,1326,2019-02-01T08:10:05Z,20,1,297,A,0608.0186,N,12509.5831,E,73.00,A,10,82*47
$BNRDD,1326,2019-02-01T08:10:10Z,24,4,301,A,0608.0184,N,12509.5831,E,73.00,A,10,82*4E
$BNRDD,1326,2019-02-01T08:10:15Z,22,0,301,A,0608.0182,N,12509.5832,E,73.00,A,10,82*4C
$BNRDD,1326,2019-02-01T08:10:20Z,26,4,305,A,0608.0184,N,12509.5831,E,73.00,A,10,85*4C
$BNRDD,1326,2019-02-01T08:10:25Z,21,1,306,A,0608.0184,N,12509.5831,E,73.00,A,10,82*4F
$BNRDD,1326,2019-02-01T08:10:30Z,21,2,308,A,0608.0185,N,12509.5831,E,73.00,A,10,82*47
$BNRDD,1326,2019-02-01T08:10:35Z,22,2,310,A,0608.0182,N,12509.5833,E,72.40,A,10,82*48
$BNRDD,1326,2019-02-01T08:10:40Z,23,2,312,A,0608.0181,N,12509.5834,E,72.40,A,10,82*4D
$BNRDD,1326,2019-02-01T08:10:45Z,25,2,314,A,0608.0182,N,12509.5835,E,72.40,A,10,82*4A
$BNRDD,1326,2019-02-01T08:10:50Z,26,3,317,A,0608.0180,N,12509.5834,E,72.30,A,10,81*48
$BNRDD,1326,2019-02-01T08:10:55Z,24,1,318,A,0608.0180,N,12509.5833,E,72.30,A,10,81*45
$BNRDD,1326,2019-02-01T08:10:59Z,24,2,320,A,0608.0180,N,12509.5832,E,72.30,A,10,81*40
$BNRDD,1326,2019-02-01T08:11:05Z,26,3,323,A,0608.0180,N,12509.5833,E,72.30,A,10,85*4D
$BNRDD,1326,2019-02-01T08:11:10Z,22,0,323,A,0608.0179,N,12509.5833,E,72.30,A,10,81*4C
$BNRDD,1326,2019-02-01T08:11:15Z,24,2,325,A,0608.0177,N,12509.5837,E,72.30,A,10,81*41
$BNRDD,1326,2019-02-01T08:11:20Z,22,2,327,A,0608.0176,N,12509.5839,E,72.30,A,10,81*4C
$BNRDD,1326,2019-02-01T08:11:25Z,23,2,329,A,0608.0175,N,12509.5839,E,72.30,A,10,81*45
$BNRDD,1326,2019-02-01T08:11:30Z,25,4,333,A,0608.0173,N,12509.5838,E,72.20,A,10,81*4C
$BNRDD,1326,2019-02-01T08:11:35Z,25,2,335,A,0608.0173,N,12509.5839,E,72.20,A,10,81*48
$BNRDD,1326,2019-02-01T08:11:40Z,26,3,338,A,0608.0172,N,12509.5839,E,72.20,A,10,81*44
$BNRDD,1326,2019-02-01T08:11:45Z,27,3,341,A,0608.0172,N,12509.5838,E,72.10,A,10,81*4C
$BNRDD,1326,2019-02-01T08:11:50Z,26,2,343,A,0608.0174,N,12509.5835,E,72.10,A,10,81*41
$BNRDD,1326,2019-02-01T08:11:55Z,26,1,344,A,0608.0175,N,12509.5834,E,72.10,A,10,81*40
$BNRDD,1326,2019-02-01T08:12:00Z,28,4,348,A,0608.0174,N,12509.5834,E,72.10,A,10,81*45
$BNRDD,1326,2019-02-01T08:12:05Z,31,6,354,A,0608.0172,N,12509.5833,E,72.10,A,10,81*46
$BNRDD,1326,2019-02-01T08:12:10Z,32,1,355,A,0608.0171,N,12509.5833,E,72.00,A,10,81*45
$BNRDD,1326,2019-02-01T08:12:15Z,30,0,355,A,0608.0166,N,12509.5833,E,72.00,A,10,81*45
# NEW LOG
# format=1.3.6nano
# deadtime=on
$BNRDD,1326,2019-02-01T08:15:00Z,18,1,18,V,0608.0202,N,12509.5844,E,86.80,A,4,172*6A
$BNRDD,1326,2019-02-01T08:15:05Z,19,1,19,V,0608.0197,N,12509.5844,E,86.20,A,4,172*6A
$BNRDD,1326,2019-02-01T08:15:10Z,24,5,24,V,0608.0193,N,12509.5849,E,85.70,A,4,172*65
$BNRDD,1326,2019-02-01T08:15:15Z,25,1,25,V,0608.0203,N,12509.5885,E,85.20,A,4,172*6B
$BNRDD,1326,2019-02-01T08:15:20Z,31,6,31,V,0608.0231,N,12509.5901,E,84.60,A,4,172*63
$BNRDD,1326,2019-02-01T08:15:25Z,27,0,31,A,0608.0250,N,12509.5917,E,83.80,A,4,172*79
$BNRDD,1326,2019-02-01T08:15:30Z,27,2,33,A,0608.0257,N,12509.5940,E,83.20,A,4,172*72
$BNRDD,1326,2019-02-01T08:15:35Z,30,7,40,A,0608.0259,N,12509.5950,E,82.60,A,4,172*7A
$BNRDD,1326,2019-02-01T08:15:40Z,36,10,50,A,0608.0261,N,12509.5955,E,82.40,A,4,171*46
$BNRDD,1326,2019-02-01T08:15:45Z,80,44,94,A,0608.0263,N,12509.5954,E,82.00,A,4,172*43
$BNRDD,1326,2019-02-01T08:15:50Z,426,347,441,A,0608.0261,N,12509.5946,E,81.70,A,4,171*75
$BNRDD,1326,2019-02-01T08:15:55Z,495,71,512,A,0608.0258,N,12509.5945,E,81.50,A,4,171*42
$BNRDD,1326,2019-02-01T08:16:00Z,495,1,513,A,0608.0249,N,12509.5941,E,81.20,A,4,171*74
$BNRDD,1326,2019-02-01T08:16:05Z,496,2,515,A,0608.0245,N,12509.5929,E,80.80,A,4,171*7E
$BNRDD,1326,2019-02-01T08:16:10Z,491,0,515,A,0608.0240,N,12509.5922,E,80.50,A,4,171*7C
$BNRDD,1326,2019-02-01T08:16:15Z,659,169,684,A,0608.0237,N,12509.5922,E,80.20,A,4,171*7D
$BNRDD,1326,2019-02-01T08:16:20Z,659,6,690,A,0608.0248,N,12509.5939,E,79.90,A,4,171*79
$BNRDD,1326,2019-02-01T08:16:25Z,662,3,693,A,0608.0249,N,12509.5950,E,79.40,A,4,171*71
$BNRDD,1326,2019-02-01T08:16:30Z,662,2,695,A,0608.0248,N,12509.5948,E,79.10,A,4,171*7F
$BNRDD,1326,2019-02-01T08:16:35Z,657,2,697,A,0608.0243,N,12509.5941,E,78.60,A,4,171*7A
$BNRDD,1326,2019-02-01T08:16:40Z,650,3,700,A,0608.0237,N,12509.5939,E,78.20,A,4,171*79
$BNRDD,1326,2019-02-01T08:16:45Z,611,5,705,A,0608.0234,N,12509.5937,E,78.20,A,4,170*76
$BNRDD,1326,2019-02-01T08:16:50Z,270,6,711,A,0608.0229,N,12509.5940,E,78.20,A,4,170*7B
$BNRDD,1326,2019-02-01T08:16:55Z,202,3,714,A,0608.0228,N,12509.5938,E,78.20,A,4,170*75
# NEW LOG
# format=1.3.6nano
# deadtime=on
$BNRDD,1326,2019-02-01T08:23:40Z,13,3,13,V,0608.0177,N,12509.5795,E,90.30,A,3,166*65
$BNRDD,1326,2019-02-01T08:23:45Z,13,0,13,V,0608.0179,N,12509.5799,E,90.30,A,3,166*61
$BNRDD,1326,2019-02-01T08:23:50Z,17,4,17,V,0608.0178,N,12509.5814,E,87.90,A,4,159*6D
$BNRDD,1326,2019-02-01T08:23:55Z,19,2,19,V,0608.0179,N,12509.5835,E,84.90,A,4,159*6F
$BNRDD,1326,2019-02-01T08:24:00Z,22,3,22,V,0608.0180,N,12509.5841,E,83.20,A,4,159*60
$BNRDD,1326,2019-02-01T08:24:05Z,27,5,27,V,0608.0176,N,12509.5841,E,81.60,A,7,124*65
$BNRDD,1326,2019-02-01T08:24:10Z,30,3,30,V,0608.0175,N,12509.5840,E,81.60,A,7,124*65
$BNRDD,1326,2019-02-01T08:24:15Z,32,2,32,V,0608.0176,N,12509.5841,E,81.50,A,7,124*60
$BNRDD,1326,2019-02-01T08:24:20Z,30,3,35,A,0608.0175,N,12509.5840,E,81.50,A,7,124*77
# NEW LOG
# format=1.3.6nano
# deadtime=on
$BNRDD,1326,2019-02-01T08:25:36Z,34,4,34,V,0608.0153,N,12509.5837,E,54.20,A,5,183*60
$BNRDD,1326,2019-02-01T08:25:41Z,28,1,35,A,0608.0151,N,12509.5840,E,54.80,A,5,183*76
$BNRDD,1326,2019-02-01T08:25:46Z,27,1,36,A,0608.0150,N,12509.5843,E,54.40,A,5,182*72
$BNRDD,1326,2019-02-01T08:25:51Z,22,1,37,A,0608.0148,N,12509.5840,E,54.10,A,5,182*7F
$BNRDD,1326,2019-02-01T08:25:56Z,26,6,43,A,0608.0148,N,12509.5838,E,54.10,A,6,123*7F
$BNRDD,1326,2019-02-01T08:26:01Z,25,1,44,A,0608.0148,N,12509.5839,E,54.10,A,6,123*7C
$BNRDD,1326,2019-02-01T08:26:06Z,27,2,46,A,0608.0148,N,12509.5839,E,54.10,A,6,123*78
$BNRDD,1326,2019-02-01T08:26:11Z,26,2,48,A,0608.0148,N,12509.5838,E,54.10,A,6,123*70
$BNRDD,1326,2019-02-01T08:26:16Z,28,4,52,A,0608.0148,N,12509.5835,E,54.10,A,6,123*79
$BNRDD,1326,2019-02-01T08:26:21Z,28,0,52,A,0608.0147,N,12509.5833,E,54.10,A,6,123*70
$BNRDD,1326,2019-02-01T08:26:26Z,30,4,56,A,0608.0145,N,12509.5831,E,54.10,A,6,122*7F
$BNRDD,1326,2019-02-01T08:26:31Z,31,5,61,A,0608.0143,N,12509.5829,E,54.10,A,6,122*72
$BNRDD,1326,2019-02-01T08:26:36Z,28,1,62,A,0608.0143,N,12509.5828,E,54.10,A,6,122*7B
$BNRDD,1326,2019-02-01T08:26:41Z,30,3,65,A,0608.0146,N,12509.5828,E,54.10,A,6,122*72
$BNRDD,1326,2019-02-01T08:26:46Z,32,3,68,A,0608.0147,N,12509.5823,E,54.10,A,6,122*70
$BNRDD,1326,2019-02-01T08:26:51Z,32,1,69,A,0608.0147,N,12509.5822,E,54.20,A,6,122*77
$BNRDD,1326,2019-02-01T08:26:56Z,27,1,70,A,0608.0146,N,12509.5822,E,54.30,A,6,122*7C
$BNRDD,1326,2019-02-01T08:27:01Z,27,1,71,A,0608.0145,N,12509.5820,E,54.30,A,6,122*7F
$BNRDD,1326,2019-02-01T08:27:06Z,30,5,76,A,0608.0144,N,12509.5818,E,54.30,A,6,122*77
$BNRDD,1326,2019-02-01T08:27:11Z,32,4,80,A,0608.0144,N,12509.5816,E,54.30,A,6,122*75
$BNRDD,1326,2019-02-01T08:27:16Z,31,3,83,A,0608.0143,N,12509.5815,E,54.30,A,6,122*71
$BNRDD,1326,2019-02-01T08:27:21Z,32,1,84,A,0608.0142,N,12509.5814,E,54.30,A,7,117*74
$BNRDD,1326,2019-02-01T08:27:26Z,29,1,85,A,0608.0142,N,12509.5813,E,54.30,A,7,117*7F
$BNRDD,1326,2019-02-01T08:27:31Z,24,0,85,A,0608.0141,N,12509.5813,E,54.30,A,7,117*76
$BNRDD,1326,2019-02-01T08:27:36Z,24,1,86,A,0608.0140,N,12509.5813,E,54.40,A,7,117*75
$BNRDD,1326,2019-02-01T08:27:41Z,26,5,91,A,0608.0141,N,12509.5814,E,54.40,A,7,117*73
# NEW LOG
# format=1.3.6nano
# deadtime=on
$BNRDD,1326,2019-02-01T08:28:44Z,33,9,33,V,0608.0147,N,12509.5791,E,61.80,A,4,459*6C
$BNRDD,1326,2019-02-01T08:28:49Z,35,2,35,V,0608.0140,N,12509.5778,E,57.70,A,5,412*6E
$BNRDD,1326,2019-02-01T08:28:54Z,36,1,36,V,0608.0133,N,12509.5766,E,54.70,A,5,412*69
$BNRDD,1326,2019-02-01T08:28:59Z,40,4,40,V,0608.0125,N,12509.5751,E,52.60,A,5,411*66
$BNRDD,1326,2019-02-01T08:29:04Z,37,5,45,A,0608.0165,N,12509.5824,E,53.80,A,8,117*74
$BNRDD,1326,2019-02-01T08:29:09Z,36,1,46,A,0608.0164,N,12509.5824,E,52.90,A,8,117*7E
$BNRDD,1326,2019-02-01T08:29:14Z,36,3,49,A,0608.0165,N,12509.5829,E,51.90,A,8,117*70
$BNRDD,1326,2019-02-01T08:29:19Z,35,2,51,A,0608.0165,N,12509.5831,E,51.40,A,8,117*72
$BNRDD,1326,2019-02-01T08:29:24Z,35,1,52,A,0608.0165,N,12509.5831,E,51.40,A,8,117*7C
$BNRDD,1326,2019-02-01T08:29:29Z,35,2,54,A,0608.0165,N,12509.5831,E,51.40,A,8,117*74
$BNRDD,1326,2019-02-01T08:29:34Z,31,0,54,A,0608.0165,N,12509.5831,E,51.30,A,8,120*7D
$BNRDD,1326,2019-02-01T08:29:39Z,33,3,57,A,0608.0165,N,12509.5831,E,51.30,A,8,120*72
$BNRDD,1326,2019-02-01T08:29:44Z,26,2,59,A,0608.0165,N,12509.5831,E,51.30,A,8,120*73
$BNRDD,1326,2019-02-01T08:29:49Z,28,4,63,A,0608.0165,N,12509.5831,E,51.30,A,8,120*7F
$BNRDD,1326,2019-02-01T08:29:54Z,29,2,65,A,0608.0165,N,12509.5831,E,51.30,A,8,120*72
# NEW LOG
# format=1.3.6nano
# deadtime=on
$BNRDD,1326,2019-02-01T08:31:24Z,16,1,16,V,0608.0135,N,12509.5709,E,85.70,A,4,213*63
$BNRDD,1326,2019-02-01T08:31:29Z,17,1,17,V,0608.0141,N,12509.5721,E,84.70,A,4,212*67
$BNRDD,1326,2019-02-01T08:31:34Z,19,2,19,V,0608.0144,N,12509.5755,E,78.10,A,7,168*66
$BNRDD,1326,2019-02-01T08:31:39Z,18,2,21,A,0608.0144,N,12509.5772,E,72.80,A,7,168*70
$BNRDD,1326,2019-02-01T08:31:44Z,20,3,24,A,0608.0140,N,12509.5777,E,69.40,A,7,168*72
# NEW LOG
# format=1.3.6nano
# deadtime=on
$BNRDD,1326,2019-02-01T08:33:00Z,33,2,33,V,0608.0188,N,12509.5860,E,61.30,A,5,142*6A
$BNRDD,1326,2019-02-01T08:33:05Z,34,1,34,V,0608.0185,N,12509.5859,E,61.20,A,5,142*6A
$BNRDD,1326,2019-02-01T08:33:10Z,28,1,35,A,0608.0186,N,12509.5861,E,61.60,A,5,142*79
$BNRDD,1326,2019-02-01T08:33:15Z,28,1,36,A,0608.0186,N,12509.5862,E,61.30,A,5,142*79
$BNRDD,1326,2019-02-01T08:33:20Z,25,3,39,A,0608.0186,N,12509.5862,E,60.80,A,5,145*72
$BNRDD,1326,2019-02-01T08:33:25Z,24,1,40,A,0608.0184,N,12509.5860,E,60.20,A,6,128*78
$BNRDD,1326,2019-02-01T08:33:30Z,21,0,40,A,0608.0183,N,12509.5860,E,60.20,A,6,128*7F
$BNRDD,1326,2019-02-01T08:33:35Z,19,3,43,A,0608.0183,N,12509.5860,E,60.10,A,6,131*7A
$BNRDD,1326,2019-02-01T08:33:40Z,18,1,44,A,0608.0183,N,12509.5860,E,60.10,A,6,131*7C
$BNRDD,1326,2019-02-01T08:33:45Z,18,2,46,A,0608.0183,N,12509.5860,E,60.20,A,6,131*7B
$BNRDD,1326,2019-02-01T08:33:50Z,21,3,49,A,0608.0183,N,12509.5860,E,60.10,A,7,123*7A
$BNRDD,1326,2019-02-01T08:33:55Z,25,7,56,A,0608.0182,N,12509.5860,E,60.10,A,7,123*70
$BNRDD,1326,2019-02-01T08:34:00Z,26,3,59,A,0608.0182,N,12509.5860,E,60.10,A,7,123*7F
$BNRDD,1326,2019-02-01T08:34:05Z,31,6,65,A,0608.0182,N,12509.5860,E,60.10,A,7,123*76
$BNRDD,1326,2019-02-01T08:34:10Z,30,0,65,A,0608.0182,N,12509.5859,E,60.10,A,7,123*7F
# NEW LOG
# format=1.3.6nano
# deadtime=on
$BNRDD,1326,2019-02-01T08:35:12Z,26,3,26,V,0608.0168,N,12509.5766,E,90.30,A,3,207*63
$BNRDD,1326,2019-02-01T08:35:18Z,28,2,28,V,0608.0169,N,12509.5768,E,90.30,A,3,4042*50
$BNRDD,1326,2019-02-01T08:35:23Z,31,3,31,V,0608.0169,N,12509.5769,E,90.30,A,3,207*6F
$BNRDD,1326,2019-02-01T08:35:28Z,31,0,31,V,0608.0169,N,12509.5769,E,90.30,A,3,206*66
$BNRDD,1326,2019-02-01T08:35:33Z,31,6,37,A,0608.0139,N,12509.5819,E,57.10,A,5,180*74
$BNRDD,1326,2019-02-01T08:35:38Z,30,3,40,A,0608.0139,N,12509.5819,E,57.00,A,5,180*7A
# NEW LOG
# format=1.3.6nano
# deadtime=on
$BNRDD,1326,2019-02-01T08:37:08Z,28,0,34,A,0608.0168,N,12509.5821,E,82.20,A,5,138*74
$BNRDD,1326,2019-02-01T08:37:13Z,27,2,36,A,0608.0169,N,12509.5822,E,79.70,A,5,138*72
$BNRDD,1326,2019-02-01T08:37:18Z,26,2,38,A,0608.0174,N,12509.5839,E,77.60,A,5,138*7F
# NEW LOG
# format=1.3.6nano
# deadtime=on
$BNRDD,1326,2019-02-01T08:39:55Z,29,1,40,A,0608.0249,N,12509.5915,E,56.70,A,5,200*73
$BNRDD,1326,2019-02-01T08:40:00Z,28,2,42,A,0608.0240,N,12509.5927,E,56.20,A,5,223*71
$BNRDD,1326,2019-02-01T08:40:05Z,28,1,43,A,0608.0235,N,12509.5934,E,56.70,A,5,200*72
$BNRDD,1326,2019-02-01T08:40:10Z,30,3,46,A,0608.0236,N,12509.5937,E,57.20,A,5,200*7C
$BNRDD,1326,2019-02-01T08:40:15Z,32,5,51,A,0608.0237,N,12509.5936,E,58.50,A,5,200*73
$BNRDD,1326,2019-02-01T08:40:20Z,29,1,52,A,0608.0239,N,12509.5936,E,59.10,A,6,173*77
$BNRDD,1326,2019-02-01T08:40:25Z,31,5,57,A,0608.0239,N,12509.5936,E,59.10,A,6,173*7A
$BNRDD,1326,2019-02-01T08:40:30Z,35,5,62,A,0608.0239,N,12509.5936,E,59.10,A,6,173*7C
$BNRDD,1326,2019-02-01T08:40:35Z,34,5,67,A,0608.0239,N,12509.5937,E,59.20,A,6,173*7F
$BNRDD,1326,2019-02-01T08:40:40Z,36,3,70,A,0608.0239,N,12509.5937,E,59.10,A,6,173*7C
$BNRDD,1326,2019-02-01T08:40:45Z,36,2,72,A,0608.0238,N,12509.5938,E,59.20,A,6,173*77
$BNRDD,1326,2019-02-01T08:40:50Z,36,3,75,A,0608.0237,N,12509.5937,E,59.10,A,6,174*71
$BNRDD,1326,2019-02-01T08:40:55Z,38,3,78,A,0608.0235,N,12509.5935,E,59.10,A,6,174*77
$BNRDD,1326,2019-02-01T08:41:00Z,38,2,80,A,0608.0215,N,12509.5922,E,59.30,A,6,174*76
$BNRDD,1326,2019-02-01T08:41:05Z,41,4,84,A,0608.0188,N,12509.5917,E,59.30,A,6,174*7E
$BNRDD,1326,2019-02-01T08:41:10Z,38,0,84,A,0608.0176,N,12509.5925,E,59.30,A,6,174*70
$BNRDD,1326,2019-02-01T08:41:15Z,33,0,84,A,0608.0172,N,12509.5909,E,59.50,A,6,174*72
$BNRDD,1326,2019-02-01T08:41:20Z,33,1,85,A,0608.0169,N,12509.5881,E,59.70,A,6,174*7D
$BNRDD,1326,2019-02-01T08:41:25Z,30,2,87,A,0608.0164,N,12509.5873,E,59.80,A,6,174*75
$BNRDD,1326,2019-02-01T08:41:30Z,32,7,94,A,0608.0153,N,12509.5876,E,59.80,A,6,174*75
$BNRDD,1326,2019-02-01T08:41:35Z,28,1,95,A,0608.0154,N,12509.5874,E,59.80,A,6,174*79
# NEW LOG
# format=1.3.6nano
# deadtime=on
$BNRDD,1326,2019-02-01T08:47:36Z,17,0,17,V,0608.0194,N,12509.5807,E,60.60,A,5,171*66
# NEW LOG
# format=1.3.6nano
# deadtime=on
$BNRDD,1326,2019-02-01T08:50:41Z,17,0,17,V,0608.0298,N,12509.5494,E,90.30,A,3,641*61
$BNRDD,1326,2019-02-01T08:50:46Z,17,0,17,V,0608.0295,N,12509.5516,E,90.30,A,3,642*63
$BNRDD,1326,2019-02-01T08:50:51Z,22,5,22,V,0608.0291,N,12509.5550,E,90.30,A,3,642*66
$BNRDD,1326,2019-02-01T08:50:56Z,26,4,26,V,0608.0292,N,12509.5575,E,90.30,A,3,643*65
$BNRDD,1326,2019-02-01T08:51:00Z,29,3,29,V,0608.0212,N,12509.5856,E,59.50,A,5,142*67
$BNRDD,1326,2019-02-01T08:51:06Z,26,3,32,A,0608.0209,N,12509.5863,E,58.60,A,5,142*7D
$BNRDD,1326,2019-02-01T08:51:11Z,24,1,33,A,0608.0209,N,12509.5862,E,58.20,A,5,142*7F
# NEW LOG
# format=1.3.6nano
# deadtime=on
$BNRDD,1326,2019-02-01T09:11:39Z,27,4,27,V,0608.0180,N,12509.5860,E,62.40,A,4,213*6D
# NEW LOG
# format=1.3.6nano
# deadtime=on
$BNRDD,1326,2019-02-01T09:15:00Z,18,7,18,V,0608.0233,N,12509.5821,E,59.00,A,4,203*63
# NEW LOG
# format=1.3.6nano
# deadtime=on
$BNRDD,1326,2019-02-01T09:15:52Z,11,2,11,V,0608.0221,N,12509.5831,E,59.00,A,4,200*60
$BNRDD,1326,2019-02-01T09:15:57Z,12,1,12,V,0608.0221,N,12509.5829,E,59.00,A,4,200*6F
$BNRDD,1326,2019-02-01T09:16:02Z,14,2,14,V,0608.0218,N,12509.5832,E,59.00,A,4,200*6F
$BNRDD,1326,2019-02-01T09:16:07Z,16,2,16,V,0608.0222,N,12509.5830,E,59.00,A,4,199*62
$BNRDD,1326,2019-02-01T09:16:12Z,18,2,18,V,0608.0219,N,12509.5830,E,59.00,A,4,199*6E
$BNRDD,1326,2019-02-01T09:16:17Z,19,1,19,V,0608.0220,N,12509.5828,E,59.00,A,4,199*6B
$BNRDD,1326,2019-02-01T09:16:22Z,19,0,19,V,0608.0217,N,12509.5832,E,59.00,A,4,199*63
$BNRDD,1326,2019-02-01T09:16:28Z,21,2,21,V,0608.0209,N,12509.5836,E,59.00,A,6,183*69
$BNRDD,1326,2019-02-01T09:16:33Z,24,3,24,V,0608.0210,N,12509.5846,E,59.00,A,7,152*60
$BNRDD,1326,2019-02-01T09:16:38Z,27,3,27,V,0608.0210,N,12509.5852,E,59.00,A,7,152*6E
$BNRDD,1326,2019-02-01T09:16:43Z,21,2,29,A,0608.0212,N,12509.5849,E,59.00,A,7,152*74
$BNRDD,1326,2019-02-01T09:16:48Z,23,3,32,A,0608.0216,N,12509.5843,E,59.00,A,7,152*78
# NEW LOG
# format=1.3.6nano
# deadtime=on
$BNRDD,1326,2019-02-01T09:22:35Z,35,3,35,V,0608.0182,N,12509.5899,E,84.90,A,4,171*60
$BNRDD,1326,2019-02-01T09:22:40Z,39,4,39,V,0608.0191,N,12509.5902,E,83.70,A,4,171*6D
$BNRDD,1326,2019-02-01T09:22:45Z,32,2,41,A,0608.0196,N,12509.5901,E,82.80,A,4,171*77
$BNRDD,1326,2019-02-01T09:22:50Z,31,2,43,A,0608.0199,N,12509.5898,E,81.80,A,4,171*7F
$BNRDD,1326,2019-02-01T09:22:55Z,26,0,43,A,0608.0195,N,12509.5899,E,80.90,A,4,171*73
$BNRDD,1326,2019-02-01T09:23:00Z,24,1,44,A,0608.0193,N,12509.5897,E,80.00,A,4,171*77
$BNRDD,1326,2019-02-01T09:23:05Z,23,2,46,A,0608.0188,N,12509.5894,E,78.90,A,5,156*77
$BNRDD,1326,2019-02-01T09:23:10Z,22,2,48,A,0608.0193,N,12509.5892,E,77.70,A,5,156*71
$BNRDD,1326,2019-02-01T09:23:15Z,27,6,54,A,0608.0189,N,12509.5890,E,76.80,A,5,156*7F
$BNRDD,1326,2019-02-01T09:23:20Z,28,3,57,A,0608.0186,N,12509.5899,E,76.60,A,5,156*78
$BNRDD,1326,2019-02-01T09:23:25Z,28,2,59,A,0608.0196,N,12509.5919,E,75.60,A,5,156*79
$BNRDD,1326,2019-02-01T09:23:30Z,30,3,62,A,0608.0211,N,12509.5927,E,74.80,A,5,156*73
$BNRDD,1326,2019-02-01T09:23:35Z,27,0,62,A,0608.0216,N,12509.5915,E,74.50,A,5,156*78
$BNRDD,1326,2019-02-01T09:23:40Z,26,3,65,A,0608.0219,N,12509.5906,E,73.80,A,5,156*78
$BNRDD,1326,2019-02-01T09:23:45Z,25,1,66,A,0608.0220,N,12509.5899,E,73.70,A,5,156*7D
$BNRDD,1326,2019-02-01T09:23:50Z,24,1,67,A,0608.0218,N,12509.5894,E,73.70,A,5,156*7F
$BNRDD,1326,2019-02-01T09:23:55Z,25,1,68,A,0608.0217,N,12509.5893,E,73.70,A,5,156*7C
$BNRDD,1326,2019-02-01T09:24:00Z,25,1,69,A,0608.0226,N,12509.5890,E,73.40,A,5,156*78
$BNRDD,1326,2019-02-01T09:24:05Z,25,2,71,A,0608.0226,N,12509.5889,E,73.30,A,5,156*78
$BNRDD,1326,2019-02-01T09:24:10Z,25,2,73,A,0608.0224,N,12509.5889,E,73.30,A,5,156*7C
$BNRDD,1326,2019-02-01T09:24:15Z,19,0,73,A,0608.0227,N,12509.5892,E,73.30,A,5,156*7D
$BNRDD,1326,2019-02-01T09:24:20Z,17,1,74,A,0608.0227,N,12509.5888,E,73.30,A,5,156*78
$BNRDD,1326,2019-02-01T09:24:25Z,17,2,76,A,0608.0225,N,12509.5886,E,73.40,A,5,156*77
$BNRDD,1326,2019-02-01T09:24:30Z,14,0,76,A,0608.0225,N,12509.5883,E,73.40,A,5,156*77
$BNRDD,1326,2019-02-01T09:24:35Z,15,1,77,A,0608.0227,N,12509.5881,E,73.40,A,5,156*73
$BNRDD,1326,2019-02-01T09:24:40Z,12,0,77,A,0608.0226,N,12509.5878,E,73.40,A,5,156*70
$BNRDD,1326,2019-02-01T09:24:45Z,13,2,79,A,0608.0251,N,12509.5875,E,73.10,A,5,225*77
$BNRDD,1326,2019-02-01T09:24:50Z,14,2,81,A,0608.0276,N,12509.5863,E,72.40,A,5,225*75
$BNRDD,1326,2019-02-01T09:24:56Z,13,0,81,A,0608.0285,N,12509.5864,E,71.70,A,5,226*7E
$BNRDD,1326,2019-02-01T09:25:01Z,14,2,83,A,0608.0288,N,12509.5859,E,71.60,A,5,156*7C
$BNRDD,1326,2019-02-01T09:25:06Z,19,7,90,A,0608.0290,N,12509.5856,E,71.60,A,5,156*77
$BNRDD,1326,2019-02-01T09:25:11Z,18,1,91,A,0608.0291,N,12509.5854,E,71.60,A,5,226*70
$BNRDD,1326,2019-02-01T09:25:16Z,22,4,95,A,0608.0295,N,12509.5850,E,71.60,A,5,156*7B
$BNRDD,1326,2019-02-01T09:25:21Z,22,1,96,A,0608.0296,N,12509.5849,E,71.60,A,5,156*72
$BNRDD,1326,2019-02-01T09:25:26Z,22,2,98,A,0608.0295,N,12509.5853,E,71.60,A,5,156*70
$BNRDD,1326,2019-02-01T09:25:31Z,23,1,99,A,0608.0291,N,12509.5856,E,71.60,A,5,156*74
$BNRDD,1326,2019-02-01T09:25:36Z,23,1,100,A,0608.0288,N,12509.5859,E,71.60,A,5,156*45
$BNRDD,1326,2019-02-01T09:25:41Z,24,1,101,A,0608.0288,N,12509.5862,E,71.40,A,5,156*49
$BNRDD,1326,2019-02-01T09:25:46Z,27,5,106,A,0608.0283,N,12509.5858,E,71.20,A,5,156*4A
$BNRDD,1326,2019-02-01T09:25:51Z,27,2,108,A,0608.0280,N,12509.5862,E,70.80,A,6,129*4F
$BNRDD,1326,2019-02-01T09:25:56Z,29,2,110,A,0608.0278,N,12509.5863,E,70.80,A,6,129*49
# NEW LOG
# format=1.3.6nano
# deadtime=on
$BNRDD,1326,2019-02-01T09:27:08Z,29,2,29,V,0608.0207,N,12509.5865,E,48.70,A,8,117*65
$BNRDD,1326,2019-02-01T09:27:13Z,33,4,33,V,0608.0201,N,12509.5859,E,48.80,A,8,116*6E
$BNRDD,1326,2019-02-01T09:27:18Z,28,2,35,A,0608.0200,N,12509.5843,E,47.50,A,8,116*70
$BNRDD,1326,2019-02-01T09:27:23Z,29,1,36,A,0608.0201,N,12509.5840,E,47.70,A,8,116*79
$BNRDD,1326,2019-02-01T09:27:28Z,29,4,40,A,0608.0207,N,12509.5836,E,46.70,A,8,116*70
$BNRDD,1326,2019-02-01T09:27:33Z,29,2,42,A,0608.0211,N,12509.5831,E,45.70,A,9,102*79
$BNRDD,1326,2019-02-01T09:27:38Z,30,2,44,A,0608.0211,N,12509.5832,E,45.70,A,9,102*7F
$BNRDD,1326,2019-02-01T09:27:43Z,34,5,49,A,0608.0211,N,12509.5832,E,45.70,A,9,102*7D
$BNRDD,1326,2019-02-01T09:27:48Z,35,3,52,A,0608.0212,N,12509.5831,E,45.70,A,9,102*7B
$BNRDD,1326,2019-02-01T09:27:53Z,34,1,53,A,0608.0213,N,12509.5831,E,45.80,A,9,104*7B
$BNRDD,1326,2019-02-01T09:27:58Z,28,1,54,A,0608.0214,N,12509.5834,E,45.80,A,9,102*7E
$BNRDD,1326,2019-02-01T09:28:03Z,29,2,56,A,0608.0214,N,12509.5835,E,45.80,A,10,85*78
$BNRDD,1326,2019-02-01T09:28:08Z,31,4,60,A,0608.0215,N,12509.5838,E,45.80,A,10,85*75
$BNRDD,1326,2019-02-01T09:28:13Z,28,1,61,A,0608.0214,N,12509.5842,E,45.80,A,10,85*7F
$BNRDD,1326,2019-02-01T09:28:18Z,29,3,64,A,0608.0213,N,12509.5843,E,45.80,A,10,85*74
$BNRDD,1326,2019-02-01T09:28:23Z,32,4,68,A,0608.0214,N,12509.5846,E,45.80,A,11,76*72
$BNRDD,1326,2019-02-01T09:28:28Z,30,2,70,A,0608.0217,N,12509.5845,E,45.80,A,11,77*75
$BNRDD,1326,2019-02-01T09:28:33Z,31,3,73,A,0608.0217,N,12509.5844,E,45.80,A,11,76*7C
$BNRDD,1326,2019-02-01T09:28:38Z,29,0,73,A,0608.0216,N,12509.5843,E,45.80,A,11,76*7B
$BNRDD,1326,2019-02-01T09:28:43Z,25,1,74,A,0608.0216,N,12509.5845,E,45.80,A,11,76*7B
$BNRDD,1326,2019-02-01T09:28:48Z,23,1,75,A,0608.0217,N,12509.5846,E,45.80,A,11,76*75
$BNRDD,1326,2019-02-01T09:28:53Z,24,2,77,A,0608.0217,N,12509.5846,E,45.80,A,11,76*79
$BNRDD,1326,2019-02-01T09:28:58Z,24,1,78,A,0608.0218,N,12509.5847,E,45.80,A,11,76*70
$BNRDD,1326,2019-02-01T09:29:03Z,22,0,78,A,0608.0216,N,12509.5846,E,45.90,A,11,76*76
$BNRDD,1326,2019-02-01T09:29:08Z,19,1,79,A,0608.0214,N,12509.5847,E,45.90,A,11,76*76
$BNRDD,1326,2019-02-01T09:29:13Z,25,7,86,A,0608.0214,N,12509.5847,E,45.90,A,11,76*75
$BNRDD,1326,2019-02-01T09:29:18Z,23,1,87,A,0608.0214,N,12509.5847,E,45.80,A,11,76*7E
$BNRDD,1326,2019-02-01T09:29:23Z,22,3,90,A,0608.0214,N,12509.5848,E,45.80,A,11,76*7C
$BNRDD,1326,2019-02-01T09:29:28Z,27,7,97,A,0608.0214,N,12509.5846,E,45.90,A,10,79*70
$BNRDD,1326,2019-02-01T09:29:33Z,29,5,102,A,0608.0215,N,12509.5846,E,45.90,A,11,76*44
$BNRDD,1326,2019-02-01T09:29:38Z,31,2,104,A,0608.0216,N,12509.5847,E,45.90,A,11,76*45
$BNRDD,1326,2019-02-01T09:29:43Z,33,3,107,A,0608.0218,N,12509.5849,E,45.90,A,11,76*49
$BNRDD,1326,2019-02-01T09:29:48Z,36,4,111,A,0608.0219,N,12509.5850,E,45.80,A,11,76*4F
$BNRDD,1326,2019-02-01T09:29:53Z,37,3,114,A,0608.0220,N,12509.5850,E,45.80,A,11,76*4C
$BNRDD,1326,2019-02-01T09:29:58Z,38,2,116,A,0608.0219,N,12509.5850,E,45.80,A,11,77*40
$BNRDD,1326,2019-02-01T09:30:03Z,39,1,117,A,0608.0221,N,12509.5851,E,45.80,A,12,76*4D
$BNRDD,1326,2019-02-01T09:30:08Z,41,3,120,A,0608.0220,N,12509.5850,E,45.80,A,12,75*4C
$BNRDD,1326,2019-02-01T09:30:13Z,37,3,123,A,0608.0217,N,12509.5849,E,45.80,A,12,75*48
$BNRDD,1326,2019-02-01T09:30:18Z,39,3,126,A,0608.0216,N,12509.5848,E,45.80,A,12,75*48
$BNRDD,1326,2019-02-01T09:30:23Z,39,3,129,A,0608.0215,N,12509.5846,E,45.80,A,12,75*42
$BNRDD,1326,2019-02-01T09:30:28Z,35,3,132,A,0608.0214,N,12509.5845,E,45.80,A,12,75*4D
$BNRDD,1326,2019-02-01T09:30:33Z,31,1,133,A,0608.0214,N,12509.5844,E,45.80,A,12,75*41
$BNRDD,1326,2019-02-01T09:30:38Z,32,3,136,A,0608.0210,N,12509.5845,E,45.80,A,12,75*4B
$BNRDD,1326,2019-02-01T09:30:43Z,32,3,139,A,0608.0203,N,12509.5847,E,45.80,A,12,74*49
$BNRDD,1326,2019-02-01T09:30:48Z,29,1,140,A,0608.0198,N,12509.5850,E,45.90,A,12,74*42
$BNRDD,1326,2019-02-01T09:30:53Z,28,2,142,A,0608.0195,N,12509.5852,E,45.90,A,12,74*47
$BNRDD,1326,2019-02-01T09:30:58Z,30,4,146,A,0608.0194,N,12509.5851,E,45.90,A,12,74*45
$BNRDD,1326,2019-02-01T09:31:03Z,30,1,147,A,0608.0193,N,12509.5851,E,45.90,A,12,74*49
$BNRDD,1326,2019-02-01T09:31:08Z,28,1,148,A,0608.0193,N,12509.5851,E,45.90,A,12,74*44
$BNRDD,1326,2019-02-01T09:31:13Z,27,2,150,A,0608.0191,N,12509.5850,E,46.00,A,12,74*42
$BNRDD,1326,2019-02-01T09:31:18Z,27,3,153,A,0608.0189,N,12509.5850,E,46.00,A,12,74*42
$BNRDD,1326,2019-02-01T09:31:23Z,25,1,154,A,0608.0189,N,12509.5851,E,46.00,A,12,74*4C
$BNRDD,1326,2019-02-01T09:31:28Z,23,1,155,A,0608.0188,N,12509.5849,E,46.00,A,12,74*48
$BNRDD,1326,2019-02-01T09:31:33Z,23,1,156,A,0608.0186,N,12509.5848,E,46.00,A,12,74*4E
$BNRDD,1326,2019-02-01T09:31:38Z,21,1,157,A,0608.0186,N,12509.5848,E,46.00,A,12,74*46
$BNRDD,1326,2019-02-01T09:31:43Z,19,1,158,A,0608.0184,N,12509.5849,E,46.00,A,12,74*4D
$BNRDD,1326,2019-02-01T09:31:48Z,22,4,162,A,0608.0185,N,12509.5848,E,46.00,A,12,74*42
$BNRDD,1326,2019-02-01T09:31:53Z,23,3,165,A,0608.0185,N,12509.5847,E,46.00,A,12,74*46
# NEW LOG
# format=1.3.6nano
# deadtime=on
$BNRDD,1326,2019-02-01T09:33:06Z,14,1,14,V,0608.0178,N,12509.5827,E,87.80,A,4,189*67
$BNRDD,1326,2019-02-01T09:33:11Z,15,1,15,V,0608.0174,N,12509.5825,E,85.90,A,4,262*6A
$BNRDD,1326,2019-02-01T09:33:16Z,18,3,18,V,0608.0172,N,12509.5819,E,85.70,A,4,189*6E
$BNRDD,1326,2019-02-01T09:33:21Z,21,3,21,V,0608.0166,N,12509.5813,E,84.20,A,4,189*61
$BNRDD,1326,2019-02-01T09:33:26Z,24,3,24,V,0608.0152,N,12509.5814,E,84.20,A,4,188*67
# NEW LOG
# format=1.3.6nano
# deadtime=on
$BNRDD,1326,2019-02-01T09:36:34Z,9,2,9,V,0608.0242,N,12509.5841,E,100.60,A,4,182*51
$BNRDD,1326,2019-02-01T09:36:39Z,10,1,10,V,0608.0244,N,12509.5853,E,105.40,A,4,182*5D
$BNRDD,1326,2019-02-01T09:36:44Z,12,2,12,V,0608.0223,N,12509.5838,E,104.30,A,4,182*5E
$BNRDD,1326,2019-02-01T09:36:49Z,17,5,17,V,0608.0214,N,12509.5825,E,103.00,A,4,182*58
# NEW LOG
# format=1.3.6nano
# deadtime=on
$BNRDD,1326,2019-02-01T09:38:28Z,34,0,51,A,0608.0146,N,12509.5875,E,90.30,A,3,286*79
# NEW LOG
# format=1.3.6nano
# deadtime=on
$BNRDD,1326,2019-02-01T09:40:32Z,22,1,37,A,0608.0163,N,12509.5918,E,89.50,A,4,178*7D
$BNRDD,1326,2019-02-01T09:40:37Z,20,0,37,A,0608.0155,N,12509.5918,E,89.00,A,4,178*7B
$BNRDD,1326,2019-02-01T09:40:42Z,17,0,37,A,0608.0141,N,12509.5916,E,88.20,A,4,178*75
$BNRDD,1326,2019-02-01T09:40:47Z,18,4,41,A,0608.0135,N,12509.5909,E,87.50,A,4,178*7F
$BNRDD,1326,2019-02-01T09:40:52Z,19,2,43,A,0608.0140,N,12509.5907,E,87.00,A,4,178*77
$BNRDD,1326,2019-02-01T09:40:57Z,16,1,44,A,0608.0146,N,12509.5904,E,86.60,A,4,177*74
# NEW LOG
# format=1.3.6nano
# deadtime=on
$BNRDD,1326,2019-02-01T09:42:09Z,30,1,30,V,0608.0178,N,12509.5649,E,-16.50,A,4,159*4D
$BNRDD,1326,2019-02-01T09:42:14Z,33,3,33,V,0608.0171,N,12509.5682,E,-4.60,A,4,159*7D
$BNRDD,1326,2019-02-01T09:42:19Z,34,3,36,A,0608.0157,N,12509.5803,E,33.70,A,5,130*70
$BNRDD,1326,2019-02-01T09:42:24Z,35,4,40,A,0608.0146,N,12509.5861,E,51.90,A,5,130*77
$BNRDD,1326,2019-02-01T09:42:29Z,36,1,41,A,0608.0141,N,12509.5876,E,57.70,A,5,130*74
# NEW LOG
# format=1.3.6nano
# deadtime=on
$BNRDD,1326,2019-02-01T09:43:42Z,29,2,29,V,0608.0125,N,12509.6028,E,90.30,A,3,341*63
# NEW LOG
# format=1.3.6nano
# deadtime=on
$BNRDD,1326,2019-02-01T09:47:32Z,32,1,47,A,0608.0171,N,12509.5871,E,67.10,A,6,126*7C
$BNRDD,1326,2019-02-01T09:47:37Z,33,2,49,A,0608.0167,N,12509.5871,E,67.10,A,6,238*7E
$BNRDD,1326,2019-02-01T09:47:42Z,34,3,52,A,0608.0173,N,12509.5866,E,63.40,A,6,126*7E
$BNRDD,1326,2019-02-01T09:47:47Z,33,1,53,A,0608.0183,N,12509.5864,E,61.50,A,6,237*72
# NEW LOG
# format=1.3.6nano
# deadtime=on
$BNRDD,1326,2019-02-01T09:48:42Z,15,3,15,V,0608.0132,N,12509.5891,E,90.30,A,3,164*63
$BNRDD,1326,2019-02-01T09:48:48Z,19,4,19,V,0608.0120,N,12509.5846,E,37.20,A,5,130*6C
$BNRDD,1326,2019-02-01T09:48:53Z,24,5,24,V,0608.0124,N,12509.5842,E,36.70,A,5,130*63
$BNRDD,1326,2019-02-01T09:48:58Z,27,3,27,V,0608.0118,N,12509.5853,E,37.60,A,7,92*5A
# NEW LOG
# format=1.3.6nano
# deadtime=on
$BNRDD,1326,2019-02-01T09:50:09Z,29,2,29,V,0608.0134,N,12509.5749,E,90.30,A,3,487*60
$BNRDD,1326,2019-02-01T09:50:14Z,32,3,32,V,0608.0138,N,12509.5763,E,90.30,A,3,487*69
$BNRDD,1326,2019-02-01T09:50:18Z,27,2,34,A,0608.0134,N,12509.5816,E,88.30,A,4,237*73
$BNRDD,1326,2019-02-01T09:50:24Z,31,5,39,A,0608.0115,N,12509.5889,E,88.00,A,4,236*76
$BNRDD,1326,2019-02-01T09:50:29Z,33,4,43,A,0608.0105,N,12509.5912,E,87.90,A,4,236*71
# NEW LOG
# format=1.3.6nano
# deadtime=on
$BNRDD,1326,2019-02-01T09:52:08Z,25,1,25,V,0608.0217,N,12509.5922,E,91.50,A,4,160*6D
$BNRDD,1326,2019-02-01T09:52:13Z,26,4,29,A,0608.0205,N,12509.5925,E,91.60,A,4,160*7D
$BNRDD,1326,2019-02-01T09:52:18Z,29,5,34,A,0608.0217,N,12509.5947,E,91.60,A,4,160*73
$BNRDD,1326,2019-02-01T09:52:23Z,30,5,39,A,0608.0246,N,12509.5957,E,91.70,A,4,160*7A
$BNRDD,1326,2019-02-01T09:52:28Z,31,3,42,A,0608.0248,N,12509.5953,E,91.70,A,4,3672*47
$BNRDD,1326,2019-02-01T09:52:33Z,31,2,44,A,0608.0237,N,12509.5944,E,91.70,A,4,160*73
$BNRDD,1326,2019-02-01T09:52:38Z,29,1,45,A,0608.0240,N,12509.5928,E,91.80,A,4,160*76
# NEW LOG
# format=1.3.6nano
# deadtime=on
$BNRDD,1326,2019-02-01T09:54:52Z,14,4,14,V,0608.0241,N,12509.5908,E,92.00,A,4,160*6C
$BNRDD,1326,2019-02-01T09:54:57Z,17,3,17,V,0608.0243,N,12509.5913,E,91.70,A,4,160*62
# NEW LOG
# format=1.3.6nano
# deadtime=on
$BNRDD,1326,2019-02-01T09:56:31Z,37,0,50,A,0608.0240,N,12509.5851,E,85.70,A,4,158*7F
$BNRDD,1326,2019-02-01T09:56:36Z,36,2,52,A,0608.0229,N,12509.5851,E,83.80,A,4,158*7F
$BNRDD,1326,2019-02-01T09:56:41Z,36,1,53,A,0608.0222,N,12509.5869,E,82.10,A,4,158*75
$BNRDD,1326,2019-02-01T09:56:46Z,36,3,56,A,0608.0230,N,12509.5883,E,80.40,A,4,158*75
$BNRDD,1326,2019-02-01T09:56:51Z,36,2,58,A,0608.0234,N,12509.5883,E,78.50,A,4,158*7E
$BNRDD,1326,2019-02-01T09:56:56Z,37,1,59,A,0608.0227,N,12509.5888,E,76.40,A,4,158*7C
$BNRDD,1326,2019-02-01T09:57:01Z,37,2,61,A,0608.0224,N,12509.5885,E,75.60,A,4,158*78
$BNRDD,1326,2019-02-01T09:57:06Z,36,5,66,A,0608.0221,N,12509.5876,E,74.80,A,4,158*78
$BNRDD,1326,2019-02-01T09:57:11Z,31,1,67,A,0608.0222,N,12509.5867,E,74.60,A,4,158*71
# NEW LOG
# format=1.3.6nano
# deadtime=on
$BNRDD,1326,2019-02-01T09:59:00Z,4,0,4,V,0608.0239,N,12509.5849,E,74.00,A,4,157*65
$BNRDD,1326,2019-02-01T09:59:05Z,8,4,8,V,0608.0228,N,12509.5858,E,74.00,A,4,157*64
$BNRDD,1326,2019-02-01T09:59:10Z,9,1,9,V,0608.0231,N,12509.5857,E,74.00,A,4,157*62
$BNRDD,1326,2019-02-01T09:59:15Z,11,2,11,V,0608.0234,N,12509.5860,E,74.00,A,4,157*65
$BNRDD,1326,2019-02-01T09:59:20Z,11,0,11,V,0608.0235,N,12509.5863,E,74.00,A,4,157*63
$BNRDD,1326,2019-02-01T09:59:25Z,13,2,13,V,0608.0239,N,12509.5867,E,74.00,A,5,120*6D
$BNRDD,1326,2019-02-01T09:59:30Z,14,1,14,V,0608.0240,N,12509.5871,E,74.00,A,5,120*63
$BNRDD,1326,2019-02-01T09:59:35Z,15,1,15,V,0608.0246,N,12509.5870,E,74.00,A,6,112*63
$BNRDD,1326,2019-02-01T09:59:40Z,15,0,15,V,0608.0249,N,12509.5872,E,74.00,A,6,112*6D
$BNRDD,1326,2019-02-01T09:59:45Z,20,5,20,V,0608.0251,N,12509.5870,E,74.00,A,6,112*66
$BNRDD,1326,2019-02-01T09:59:50Z,19,2,22,A,0608.0254,N,12509.5869,E,74.00,A,6,112*77
$BNRDD,1326,2019-02-01T09:59:55Z,19,1,23,A,0608.0257,N,12509.5870,E,74.00,A,6,120*7A
$BNRDD,1326,2019-02-01T10:00:00Z,22,3,26,A,0608.0261,N,12509.5871,E,74.10,A,6,120*74
$BNRDD,1326,2019-02-01T10:00:05Z,21,3,29,A,0608.0265,N,12509.5872,E,74.10,A,7,103*7A
$BNRDD,1326,2019-02-01T10:00:10Z,22,2,31,A,0608.0267,N,12509.5874,E,74.10,A,7,107*75
$BNRDD,1326,2019-02-01T10:00:15Z,21,1,32,A,0608.0270,N,12509.5872,E,74.10,A,7,103*77
$BNRDD,1326,2019-02-01T10:00:20Z,23,2,34,A,0608.0270,N,12509.5870,E,74.10,A,7,107*70
$BNRDD,1326,2019-02-01T10:00:25Z,25,4,38,A,0608.0273,N,12509.5870,E,74.10,A,7,103*7E
$BNRDD,1326,2019-02-01T10:00:30Z,26,2,40,A,0608.0276,N,12509.5871,E,74.10,A,7,107*70
$BNRDD,1326,2019-02-01T10:00:35Z,25,0,40,A,0608.0280,N,12509.5870,E,74.10,A,7,107*7C
$BNRDD,1326,2019-02-01T10:00:40Z,25,0,40,A,0608.0283,N,12509.5870,E,74.10,A,7,107*7D
$BNRDD,1326,2019-02-01T10:00:45Z,21,1,41,A,0608.0287,N,12509.5867,E,74.00,A,7,103*7B
$BNRDD,1326,2019-02-01T10:00:50Z,22,3,44,A,0608.0287,N,12509.5867,E,74.00,A,7,103*7B
$BNRDD,1326,2019-02-01T10:00:55Z,25,4,48,A,0608.0289,N,12509.5866,E,74.00,A,7,103*7D
$BNRDD,1326,2019-02-01T10:01:00Z,24,2,50,A,0608.0291,N,12509.5865,E,74.00,A,7,103*78
$BNRDD,1326,2019-02-01T10:01:05Z,24,3,53,A,0608.0294,N,12509.5864,E,74.00,A,7,107*7F
$BNRDD,1326,2019-02-01T10:01:10Z,24,2,55,A,0608.0299,N,12509.5864,E,74.00,A,7,103*75
$BNRDD,1326,2019-02-01T10:01:15Z,25,2,57,A,0608.0303,N,12509.5866,E,74.00,A,7,103*73
$BNRDD,1326,2019-02-01T10:01:20Z,24,1,58,A,0608.0279,N,12509.5872,E,73.90,A,7,103*7F
$BNRDD,1326,2019-02-01T10:01:25Z,20,0,58,A,0608.0210,N,12509.5877,E,73.10,A,7,107*79
$BNRDD,1326,2019-02-01T10:01:30Z,19,1,59,A,0608.0208,N,12509.5848,E,72.10,A,7,103*77
$BNRDD,1326,2019-02-01T10:01:35Z,20,1,60,A,0608.0207,N,12509.5846,E,71.90,A,7,103*78
$BNRDD,1326,2019-02-01T10:01:40Z,23,3,63,A,0608.0209,N,12509.5846,E,71.80,A,7,103*77
$BNRDD,1326,2019-02-01T10:01:45Z,22,0,63,A,0608.0211,N,12509.5847,E,71.80,A,7,107*7C
$BNRDD,1326,2019-02-01T10:01:50Z,20,1,64,A,0608.0214,N,12509.5847,E,71.80,A,7,103*7D
$BNRDD,1326,2019-02-01T10:01:55Z,19,3,67,A,0608.0215,N,12509.5846,E,71.80,A,7,103*73
$BNRDD,1326,2019-02-01T10:02:00Z,18,1,68,A,0608.0216,N,12509.5846,E,71.70,A,7,103*70
$BNRDD,1326,2019-02-01T10:02:05Z,19,4,72,A,0608.0218,N,12509.5845,E,71.70,A,7,107*73
$BNRDD,1326,2019-02-01T10:02:10Z,19,2,74,A,0608.0221,N,12509.5844,E,71.70,A,7,103*78
$BNRDD,1326,2019-02-01T10:02:15Z,22,5,79,A,0608.0222,N,12509.5844,E,71.70,A,7,103*7C
