# NEW LOG
# format=1.3.6nano
# deadtime=on
$BNRDD,1326,2019-03-19T02:41:05Z,47,5,16129,A,0629.3033,N,12449.1108,E,91.70,A,3,274*4A
$BNRDD,1326,2019-03-19T02:41:10Z,44,2,16131,A,0629.3014,N,12449.1112,E,91.70,V,3,274*5A
$BNRDD,1326,2019-03-19T02:41:15Z,45,4,16135,A,0629.2879,N,12449.1041,E,91.90,A,3,575*46
$BNRDD,1326,2019-03-19T02:41:20Z,45,4,16139,A,0629.2896,N,12449.0947,E,91.90,A,4,435*41
$BNRDD,1326,2019-03-19T02:41:25Z,43,2,16141,A,0629.2977,N,12449.0777,E,92.00,A,4,435*42
$BNRDD,1326,2019-03-19T02:41:30Z,42,3,16144,A,0629.2970,N,12449.0758,E,92.00,V,3,435*59
$BNRDD,1326,2019-03-19T02:41:35Z,45,4,16148,A,0629.3064,N,12449.0703,E,91.90,A,4,433*4F
$BNRDD,1326,2019-03-19T02:41:40Z,45,7,16155,A,0629.3102,N,12449.0727,E,91.90,A,4,433*45
$BNRDD,1326,2019-03-19T02:41:45Z,41,1,16156,A,0629.3069,N,12449.0733,E,91.80,A,4,432*48
$BNRDD,1326,2019-03-19T02:41:50Z,42,3,16159,A,0629.3155,N,12449.0813,E,91.70,A,4,431*4D
$BNRDD,1326,2019-03-19T02:41:55Z,40,1,16160,A,0629.3182,N,12449.0847,E,91.70,A,5,255*4C
$BNRDD,1326,2019-03-19T02:42:00Z,38,2,16162,A,0629.3184,N,12449.0846,E,91.70,A,5,231*44
# NEW LOG
# format=1.3.6nano
# deadtime=on
$BNRDD,1326,2019-03-19T02:42:52Z,27,5,27,V,0629.3382,N,12449.0772,E,91.50,A,5,231*64
$BNRDD,1326,2019-03-19T02:42:57Z,28,1,28,V,0629.3373,N,12449.0772,E,91.60,A,5,232*6B
$BNRDD,1326,2019-03-19T02:43:02Z,31,3,31,V,0629.3375,N,12449.0763,E,91.70,A,5,232*6F
$BNRDD,1326,2019-03-19T02:43:07Z,35,4,35,V,0629.3356,N,12449.0802,E,91.70,A,5,232*64
$BNRDD,1326,2019-03-19T02:43:12Z,37,2,37,V,0629.3295,N,12449.0879,E,91.70,A,5,232*64
$BNRDD,1326,2019-03-19T02:43:17Z,38,1,38,V,0629.3236,N,12449.0933,E,91.70,A,5,232*64
$BNRDD,1326,2019-03-19T02:43:22Z,35,2,40,A,0629.3156,N,12449.0975,E,91.70,A,5,232*73
$BNRDD,1326,2019-03-19T02:43:27Z,34,2,42,A,0629.3094,N,12449.0995,E,91.70,A,5,232*74
$BNRDD,1326,2019-03-19T02:43:32Z,29,0,42,A,0629.3060,N,12449.0998,E,91.70,A,5,232*78
$BNRDD,1326,2019-03-19T02:43:37Z,26,2,44,A,0629.3029,N,12449.1010,E,91.70,A,5,232*73
$BNRDD,1326,2019-03-19T02:43:42Z,30,5,49,A,0629.3020,N,12449.0982,E,91.70,A,5,232*76
$BNRDD,1326,2019-03-19T02:43:47Z,31,4,53,A,0629.3046,N,12449.0945,E,91.70,A,4,463*70
$BNRDD,1326,2019-03-19T02:43:52Z,27,1,54,A,0629.3104,N,12449.0957,E,91.40,A,4,463*76
$BNRDD,1326,2019-03-19T02:43:57Z,28,2,56,A,0629.3155,N,12449.0977,E,90.90,A,4,471*74
$BNRDD,1326,2019-03-19T02:44:02Z,31,6,62,A,0629.3205,N,12449.0980,E,91.00,A,4,471*7E
$BNRDD,1326,2019-03-19T02:44:07Z,30,3,65,A,0629.3215,N,12449.0981,E,91.20,A,4,464*7E
$BNRDD,1326,2019-03-19T02:44:12Z,28,0,65,A,0629.3203,N,12449.0987,E,91.40,A,5,233*72
$BNRDD,1326,2019-03-19T02:44:17Z,27,0,65,A,0629.3170,N,12449.1005,E,91.50,A,5,232*7D
$BNRDD,1326,2019-03-19T02:44:22Z,25,0,65,A,0629.3150,N,12449.1012,E,91.50,A,5,233*7C
$BNRDD,1326,2019-03-19T02:44:27Z,28,5,70,A,0629.3110,N,12449.1032,E,91.60,A,5,233*70
$BNRDD,1326,2019-03-19T02:44:32Z,33,5,75,A,0629.3110,N,12449.1032,E,91.60,V,5,233*6C
$BNRDD,1326,2019-03-19T02:44:37Z,35,4,79,A,0629.3110,N,12449.1032,E,91.60,V,5,233*62
$BNRDD,1326,2019-03-19T02:44:42Z,32,2,81,A,0629.3110,N,12449.1032,E,91.60,V,5,233*66
$BNRDD,1326,2019-03-19T02:44:47Z,32,4,85,A,0629.3110,N,12449.1032,E,91.60,V,5,233*61
$BNRDD,1326,2019-03-19T02:44:52Z,32,1,86,A,0629.3110,N,12449.1032,E,91.60,V,5,233*63
$BNRDD,1326,2019-03-19T02:44:57Z,34,4,90,A,0629.3116,N,12449.1047,E,91.80,A,4,268*70
$BNRDD,1326,2019-03-19T02:45:02Z,32,4,94,A,0629.3030,N,12449.1156,E,91.80,A,4,267*78
$BNRDD,1326,2019-03-19T02:45:07Z,31,2,96,A,0629.2999,N,12449.1191,E,91.80,A,4,268*75
$BNRDD,1326,2019-03-19T02:45:12Z,34,3,99,A,0629.3000,N,12449.1190,E,91.80,V,4,267*6B
$BNRDD,1326,2019-03-19T02:45:17Z,36,2,101,A,0629.3000,N,12449.1190,E,91.80,V,4,267*5D
$BNRDD,1326,2019-03-19T02:45:22Z,38,2,103,A,0629.3000,N,12449.1190,E,91.80,V,4,267*57
$BNRDD,1326,2019-03-19T02:45:27Z,35,2,105,A,0629.3000,N,12449.1190,E,91.80,V,4,267*59
$BNRDD,1326,2019-03-19T02:45:32Z,33,3,108,A,0629.3000,N,12449.1190,E,91.80,V,4,267*57
$BNRDD,1326,2019-03-19T02:45:37Z,34,5,113,A,0629.3000,N,12449.1190,E,91.80,V,4,267*59
$BNRDD,1326,2019-03-19T02:45:42Z,36,4,117,A,0629.3000,N,12449.1190,E,91.80,V,4,267*5C
$BNRDD,1326,2019-03-19T02:45:47Z,35,3,120,A,0629.3000,N,12449.1190,E,91.80,V,4,267*59
$BNRDD,1326,2019-03-19T02:45:52Z,37,3,123,A,0629.3000,N,12449.1190,E,91.80,V,4,267*5C
$BNRDD,1326,2019-03-19T02:45:57Z,35,2,125,A,0629.3000,N,12449.1190,E,91.80,V,4,267*5C
$BNRDD,1326,2019-03-19T02:46:02Z,33,2,127,A,0629.3134,N,12449.0987,E,92.40,A,5,234*4D
$BNRDD,1326,2019-03-19T02:46:07Z,36,5,132,A,0629.3123,N,12449.0986,E,92.40,A,5,234*49
$BNRDD,1326,2019-03-19T02:46:12Z,37,4,136,A,0629.3044,N,12449.1025,E,92.30,A,5,234*4F
$BNRDD,1326,2019-03-19T02:46:17Z,38,3,139,A,0629.3026,N,12449.1028,E,92.40,V,5,234*54
$BNRDD,1326,2019-03-19T02:46:23Z,38,2,141,A,0629.3133,N,12449.1055,E,92.10,V,3,487*5F
$BNRDD,1326,2019-03-19T02:46:28Z,38,2,143,A,0629.3149,N,12449.1045,E,92.10,V,3,487*5A
$BNRDD,1326,2019-03-19T02:46:33Z,39,4,147,A,0629.3149,N,12449.1045,E,92.10,V,3,487*53
$BNRDD,1326,2019-03-19T02:46:38Z,37,3,150,A,0629.3149,N,12449.1045,E,92.10,V,3,487*57
$BNRDD,1326,2019-03-19T02:46:43Z,37,4,154,A,0629.3199,N,12449.0992,E,92.10,A,4,267*4F
$BNRDD,1326,2019-03-19T02:46:48Z,38,4,158,A,0629.3271,N,12449.0987,E,92.10,A,4,267*46
$BNRDD,1326,2019-03-19T02:46:53Z,37,2,160,A,0629.3310,N,12449.1006,E,92.10,A,3,273*4B
$BNRDD,1326,2019-03-19T02:46:58Z,37,2,162,A,0629.3316,N,12449.1016,E,92.10,A,3,273*45
$BNRDD,1326,2019-03-19T02:47:03Z,37,2,164,A,0629.3310,N,12449.1005,E,92.10,A,3,273*48
$BNRDD,1326,2019-03-19T02:47:08Z,34,2,166,A,0629.3291,N,12449.1011,E,91.90,A,3,273*44
$BNRDD,1326,2019-03-19T02:47:13Z,36,6,172,A,0629.3269,N,12449.1009,E,91.90,A,3,273*43
$BNRDD,1326,2019-03-19T02:47:18Z,36,3,175,A,0629.3229,N,12449.1028,E,91.90,A,3,273*4D
$BNRDD,1326,2019-03-19T02:47:23Z,42,8,183,A,0629.3252,N,12449.1019,E,92.00,A,3,273*40
$BNRDD,1326,2019-03-19T02:47:28Z,49,9,192,A,0629.3270,N,12449.0954,E,92.30,A,4,267*41
$BNRDD,1326,2019-03-19T02:47:33Z,48,3,195,A,0629.3281,N,12449.0932,E,92.50,A,5,235*49
$BNRDD,1326,2019-03-19T02:47:38Z,49,4,199,A,0629.3290,N,12449.0911,E,92.70,A,5,235*4B
$BNRDD,1326,2019-03-19T02:47:43Z,47,2,201,A,0629.3268,N,12449.0910,E,93.00,A,5,235*4D
$BNRDD,1326,2019-03-19T02:47:48Z,43,0,201,A,0629.3240,N,12449.0911,E,93.10,A,5,235*4A
$BNRDD,1326,2019-03-19T02:47:53Z,47,6,207,A,0629.3216,N,12449.0913,E,93.20,A,5,235*46
$BNRDD,1326,2019-03-19T02:47:58Z,47,2,209,A,0629.3224,N,12449.0887,E,93.50,A,5,235*4D
$BNRDD,1326,2019-03-19T02:48:03Z,46,1,210,A,0629.3230,N,12449.0899,E,93.70,A,5,235*4E
$BNRDD,1326,2019-03-19T02:48:08Z,46,2,212,A,0629.3226,N,12449.0882,E,93.80,A,5,235*46
$BNRDD,1326,2019-03-19T02:48:13Z,42,2,214,A,0629.3216,N,12449.0855,E,93.90,A,4,267*40
$BNRDD,1326,2019-03-19T02:48:18Z,44,5,219,A,0629.3228,N,12449.0795,E,94.00,A,5,235*41
$BNRDD,1326,2019-03-19T02:48:23Z,40,4,223,A,0629.3212,N,12449.0772,E,94.20,A,5,235*47
$BNRDD,1326,2019-03-19T02:48:28Z,34,3,226,A,0629.3093,N,12449.0865,E,94.10,A,6,168*44
$BNRDD,1326,2019-03-19T02:48:33Z,35,4,230,A,0629.3023,N,12449.0842,E,94.30,A,6,169*42
$BNRDD,1326,2019-03-19T02:48:38Z,34,3,233,A,0629.2935,N,12449.0824,E,94.50,A,6,169*45
$BNRDD,1326,2019-03-19T02:48:43Z,34,2,235,A,0629.2845,N,12449.0821,E,94.70,A,5,175*41
$BNRDD,1326,2019-03-19T02:48:48Z,37,3,238,A,0629.2693,N,12449.0763,E,94.90,A,5,176*44
$BNRDD,1326,2019-03-19T02:48:53Z,34,3,241,A,0629.2613,N,12449.0750,E,95.00,A,5,176*43
$BNRDD,1326,2019-03-19T02:48:58Z,33,1,242,A,0629.2543,N,12449.0715,E,95.10,A,5,176*48
$BNRDD,1326,2019-03-19T02:49:03Z,34,2,244,A,0629.2508,N,12449.0696,E,95.20,A,5,176*43
$BNRDD,1326,2019-03-19T02:49:08Z,34,2,246,A,0629.2714,N,12449.0825,E,95.30,A,5,176*42
$BNRDD,1326,2019-03-19T02:49:13Z,38,6,252,A,0629.2712,N,12449.0846,E,95.20,A,5,176*47
$BNRDD,1326,2019-03-19T02:49:18Z,38,5,257,A,0629.2713,N,12449.0858,E,95.30,A,5,171*42
$BNRDD,1326,2019-03-19T02:49:23Z,34,0,257,A,0629.2671,N,12449.0887,E,94.70,A,5,171*41
$BNRDD,1326,2019-03-19T02:49:28Z,36,5,262,A,0629.2708,N,12449.0872,E,94.40,A,5,172*4E
$BNRDD,1326,2019-03-19T02:49:33Z,34,2,264,A,0629.2736,N,12449.0864,E,94.00,A,5,172*49
$BNRDD,1326,2019-03-19T02:49:38Z,35,4,268,A,0629.2800,N,12449.0883,E,93.60,A,5,220*4F
$BNRDD,1326,2019-03-19T02:49:43Z,38,5,273,A,0629.2964,N,12449.0951,E,93.80,A,6,171*42
$BNRDD,1326,2019-03-19T02:49:48Z,39,4,277,A,0629.2987,N,12449.0943,E,94.70,A,6,197*43
$BNRDD,1326,2019-03-19T02:49:53Z,42,6,283,A,0629.3022,N,12449.0936,E,95.20,A,6,197*4D
$BNRDD,1326,2019-03-19T02:49:58Z,43,2,285,A,0629.3033,N,12449.0950,E,95.10,A,6,171*4E
$BNRDD,1326,2019-03-19T02:50:03Z,49,8,293,A,0629.3037,N,12449.0950,E,95.20,A,5,173*49
$BNRDD,1326,2019-03-19T02:50:08Z,51,4,297,A,0629.3070,N,12449.0977,E,95.90,A,5,173*4E
$BNRDD,1326,2019-03-19T02:50:13Z,49,4,301,A,0629.3055,N,12449.0978,E,96.50,A,6,172*46
$BNRDD,1326,2019-03-19T02:50:18Z,47,3,304,A,0629.3053,N,12449.0976,E,96.80,A,6,172*44
$BNRDD,1326,2019-03-19T02:50:23Z,52,5,309,A,0629.3069,N,12449.0990,E,97.70,A,5,173*4E
$BNRDD,1326,2019-03-19T02:50:28Z,51,4,313,A,0629.3048,N,12449.0991,E,98.10,A,5,174*40
$BNRDD,1326,2019-03-19T02:50:33Z,53,4,317,A,0629.3033,N,12449.0980,E,98.30,A,5,174*42
$BNRDD,1326,2019-03-19T02:50:39Z,50,1,318,A,0629.3003,N,12449.0962,E,98.50,A,5,174*48
$BNRDD,1326,2019-03-19T02:50:44Z,49,4,322,A,0629.2938,N,12449.0945,E,98.60,A,5,174*40
$BNRDD,1326,2019-03-19T02:50:49Z,48,3,325,A,0629.2939,N,12449.0964,E,98.70,A,5,174*4F
$BNRDD,1326,2019-03-19T02:50:54Z,47,5,330,A,0629.2966,N,12449.0978,E,98.80,A,5,174*46
$BNRDD,1326,2019-03-19T02:50:59Z,48,3,333,A,0629.2995,N,12449.0985,E,99.20,A,5,175*45
$BNRDD,1326,2019-03-19T02:51:04Z,43,3,336,A,0629.3038,N,12449.1003,E,99.60,A,5,175*4F
$BNRDD,1326,2019-03-19T02:51:09Z,42,3,339,A,0629.3038,N,12449.1014,E,99.90,A,5,175*45
$BNRDD,1326,2019-03-19T02:51:14Z,47,9,348,A,0629.3060,N,12449.1058,E,100.30,A,5,175*7E
$BNRDD,1326,2019-03-19T02:51:19Z,46,2,350,A,0629.3075,N,12449.1096,E,100.40,A,4,181*7B
$BNRDD,1326,2019-03-19T02:51:24Z,46,5,355,A,0629.3048,N,12449.1124,E,100.50,A,4,181*70
$BNRDD,1326,2019-03-19T02:51:29Z,44,2,357,A,0629.3033,N,12449.1133,E,100.40,A,5,180*71
$BNRDD,1326,2019-03-19T02:51:34Z,43,3,360,A,0629.3036,N,12449.1134,E,100.00,A,5,180*79
$BNRDD,1326,2019-03-19T02:51:39Z,43,1,361,A,0629.3076,N,12449.1117,E,99.50,A,5,180*46
$BNRDD,1326,2019-03-19T02:51:44Z,42,3,364,A,0629.3180,N,12449.1098,E,99.60,A,5,229*47
$BNRDD,1326,2019-03-19T02:51:49Z,41,2,366,A,0629.3234,N,12449.1083,E,99.60,A,5,180*4C
$BNRDD,1326,2019-03-19T02:51:54Z,40,4,370,A,0629.3254,N,12449.1070,E,99.90,A,4,182*46
$BNRDD,1326,2019-03-19T02:51:59Z,39,2,372,A,0629.3272,N,12449.1064,E,99.90,A,4,182*40
$BNRDD,1326,2019-03-19T02:52:04Z,39,3,375,A,0629.3271,N,12449.1061,E,99.90,A,4,182*4B
$BNRDD,1326,2019-03-19T02:52:09Z,42,6,381,A,0629.3271,N,12449.1046,E,100.10,A,5,181*7A
$BNRDD,1326,2019-03-19T02:52:14Z,36,3,384,A,0629.3256,N,12449.1050,E,99.90,A,5,181*4E
$BNRDD,1326,2019-03-19T02:52:19Z,38,4,388,A,0629.3239,N,12449.1050,E,100.30,A,4,197*72
$BNRDD,1326,2019-03-19T02:52:24Z,35,2,390,A,0629.3247,N,12449.1045,E,100.50,A,5,187*75
$BNRDD,1326,2019-03-19T02:52:29Z,34,1,391,A,0629.3249,N,12449.1038,E,100.50,A,5,187*7F
$BNRDD,1326,2019-03-19T02:52:34Z,31,0,391,A,0629.3271,N,12449.1037,E,99.90,A,5,187*4E
$BNRDD,1326,2019-03-19T02:52:39Z,30,0,391,A,0629.3281,N,12449.1035,E,99.80,A,5,187*4E
$BNRDD,1326,2019-03-19T02:52:44Z,31,4,395,A,0629.3274,N,12449.1029,E,100.00,A,5,187*7B
$BNRDD,1326,2019-03-19T02:52:49Z,31,2,397,A,0629.3246,N,12449.1012,E,100.20,A,5,187*79
$BNRDD,1326,2019-03-19T02:52:54Z,33,6,403,A,0629.3204,N,12449.1009,E,100.60,A,5,188*7E
$BNRDD,1326,2019-03-19T02:52:59Z,33,2,405,A,0629.3199,N,12449.0999,E,100.80,A,5,188*79
$BNRDD,1326,2019-03-19T02:53:04Z,32,2,407,A,0629.3175,N,12449.0981,E,101.00,A,5,188*71
$BNRDD,1326,2019-03-19T02:53:09Z,29,3,410,A,0629.3147,N,12449.0953,E,101.10,A,4,627*7D
$BNRDD,1326,2019-03-19T02:53:14Z,33,7,417,A,0629.3116,N,12449.0938,E,101.00,A,4,624*72
$BNRDD,1326,2019-03-19T02:53:19Z,33,4,421,A,0629.3245,N,12449.0991,E,100.20,A,5,188*7C
$BNRDD,1326,2019-03-19T02:53:24Z,33,2,423,A,0629.3271,N,12449.0996,E,100.10,A,5,188*75
$BNRDD,1326,2019-03-19T02:53:29Z,39,7,430,A,0629.3266,N,12449.1020,E,99.70,A,4,191*48
$BNRDD,1326,2019-03-19T02:53:34Z,43,4,434,A,0629.3261,N,12449.1023,E,99.30,A,4,191*4E
$BNRDD,1326,2019-03-19T02:53:39Z,45,2,436,A,0629.3243,N,12449.1010,E,98.90,A,4,191*4A
$BNRDD,1326,2019-03-19T02:53:44Z,41,0,436,A,0629.3250,N,12449.1010,E,98.40,A,4,191*49
$BNRDD,1326,2019-03-19T02:53:49Z,43,4,440,A,0629.3241,N,12449.1006,E,98.20,A,5,189*4A
$BNRDD,1326,2019-03-19T02:53:54Z,41,4,444,A,0629.3236,N,12449.1007,E,98.20,A,5,190*49
$BNRDD,1326,2019-03-19T02:53:59Z,41,2,446,A,0629.3209,N,12449.0995,E,97.50,A,6,178*42
$BNRDD,1326,2019-03-19T02:54:04Z,41,2,448,A,0629.3213,N,12449.1006,E,96.80,A,6,179*47
$BNRDD,1326,2019-03-19T02:54:09Z,43,5,453,A,0629.3227,N,12449.1018,E,96.10,A,5,184*45
$BNRDD,1326,2019-03-19T02:54:14Z,38,2,455,A,0629.3249,N,12449.1030,E,95.70,A,5,185*42
$BNRDD,1326,2019-03-19T02:54:19Z,37,3,458,A,0629.3251,N,12449.1028,E,95.30,A,5,185*48
$BNRDD,1326,2019-03-19T02:54:24Z,42,7,465,A,0629.3240,N,12449.1021,E,95.40,A,5,185*40
$BNRDD,1326,2019-03-19T02:54:29Z,37,2,467,A,0629.3221,N,12449.1017,E,95.60,A,5,185*48
$BNRDD,1326,2019-03-19T02:54:34Z,37,4,471,A,0629.3198,N,12449.1015,E,95.80,A,5,185*48
$BNRDD,1326,2019-03-19T02:54:40Z,38,3,474,A,0629.3184,N,12449.1008,E,95.10,A,5,185*4E
$BNRDD,1326,2019-03-19T02:54:45Z,40,2,476,A,0629.3188,N,12449.1005,E,94.60,A,5,185*40
$BNRDD,1326,2019-03-19T02:54:50Z,40,4,480,A,0629.3192,N,12449.1013,E,94.80,A,5,185*49
$BNRDD,1326,2019-03-19T02:54:55Z,38,2,482,A,0629.3184,N,12449.1007,E,94.70,A,5,185*4A
$BNRDD,1326,2019-03-19T02:55:00Z,38,2,484,A,0629.3204,N,12449.0999,E,94.60,A,5,186*4B
$BNRDD,1326,2019-03-19T02:55:05Z,37,1,485,A,0629.3205,N,12449.0981,E,94.50,A,6,180*4D
$BNRDD,1326,2019-03-19T02:55:10Z,35,3,488,A,0629.3200,N,12449.0962,E,94.30,A,5,320*41
$BNRDD,1326,2019-03-19T02:55:15Z,38,5,493,A,0629.3185,N,12449.0962,E,93.60,A,5,320*49
$BNRDD,1326,2019-03-19T02:55:20Z,39,4,497,A,0629.3062,N,12449.0902,E,93.00,A,5,320*43
$BNRDD,1326,2019-03-19T02:55:25Z,34,2,499,A,0629.2985,N,12449.0852,E,92.40,A,5,320*43
$BNRDD,1326,2019-03-19T02:55:30Z,36,4,503,A,0629.2996,N,12449.0865,E,92.00,A,5,320*43
$BNRDD,1326,2019-03-19T02:55:35Z,35,3,506,A,0629.3057,N,12449.0924,E,91.80,A,5,319*47
$BNRDD,1326,2019-03-19T02:55:40Z,33,1,507,A,0629.3099,N,12449.0971,E,91.50,A,5,319*4F
$BNRDD,1326,2019-03-19T02:55:45Z,32,1,508,A,0629.3152,N,12449.0993,E,91.30,A,5,319*48
$BNRDD,1326,2019-03-19T02:55:50Z,32,4,512,A,0629.3176,N,12449.0977,E,90.90,A,5,319*45
$BNRDD,1326,2019-03-19T02:55:55Z,30,0,512,A,0629.3135,N,12449.0921,E,90.40,A,5,319*4F
$BNRDD,1326,2019-03-19T02:56:00Z,31,3,515,A,0629.3135,N,12449.0883,E,90.30,A,5,318*46
$BNRDD,1326,2019-03-19T02:56:05Z,31,1,516,A,0629.3086,N,12449.0840,E,90.60,A,5,318*41
$BNRDD,1326,2019-03-19T02:56:10Z,29,1,517,A,0629.3073,N,12449.0838,E,90.40,A,5,318*4A
$BNRDD,1326,2019-03-19T02:56:15Z,25,1,518,A,0629.3022,N,12449.0826,E,90.30,A,4,405*4A
$BNRDD,1326,2019-03-19T02:56:20Z,22,1,519,A,0629.2995,N,12449.0851,E,90.10,A,4,405*4C
$BNRDD,1326,2019-03-19T02:56:25Z,25,5,524,A,0629.2963,N,12449.0888,E,90.10,A,5,187*47
$BNRDD,1326,2019-03-19T02:56:30Z,23,2,526,A,0629.2931,N,12449.0907,E,90.20,A,5,187*42
$BNRDD,1326,2019-03-19T02:56:35Z,24,4,530,A,0629.2925,N,12449.0904,E,90.40,A,5,187*41
$BNRDD,1326,2019-03-19T02:56:40Z,23,0,530,A,0629.2917,N,12449.0890,E,90.60,A,5,187*4F
$BNRDD,1326,2019-03-19T02:56:45Z,25,3,533,A,0629.3045,N,12449.0905,E,91.00,A,6,183*4E
$BNRDD,1326,2019-03-19T02:56:50Z,24,3,536,A,0629.3233,N,12449.0950,E,91.00,A,6,184*4A
$BNRDD,1326,2019-03-19T02:56:55Z,29,5,541,A,0629.3203,N,12449.0969,E,91.60,A,5,317*40
$BNRDD,1326,2019-03-19T02:57:00Z,27,1,542,A,0629.3138,N,12449.0963,E,91.80,A,5,316*46
$BNRDD,1326,2019-03-19T02:57:05Z,29,3,545,A,0629.3105,N,12449.0962,E,92.40,A,5,316*48
$BNRDD,1326,2019-03-19T02:57:10Z,31,3,548,A,0629.3090,N,12449.0967,E,92.60,V,5,316*55
$BNRDD,1326,2019-03-19T02:57:15Z,32,2,550,A,0629.3090,N,12449.0967,E,92.60,V,5,316*5B
$BNRDD,1326,2019-03-19T02:57:20Z,33,2,552,A,0629.3090,N,12449.0967,E,92.60,V,5,316*5E
$BNRDD,1326,2019-03-19T02:57:25Z,31,3,555,A,0629.3090,N,12449.0967,E,92.60,V,5,316*5F
$BNRDD,1326,2019-03-19T02:57:30Z,31,2,557,A,0629.3427,N,12449.1123,E,93.40,A,4,1509*75
$BNRDD,1326,2019-03-19T02:57:35Z,31,4,561,A,0629.3478,N,12449.1145,E,93.60,A,4,1508*7A
$BNRDD,1326,2019-03-19T02:57:40Z,31,0,561,A,0629.3493,N,12449.1166,E,93.90,A,4,513*4C
$BNRDD,1326,2019-03-19T02:57:45Z,33,5,566,A,0629.3564,N,12449.1199,E,94.20,A,4,511*4E
$BNRDD,1326,2019-03-19T02:57:50Z,32,2,568,A,0629.3644,N,12449.1239,E,94.50,A,4,509*44
$BNRDD,1326,2019-03-19T02:57:55Z,29,2,570,A,0629.3674,N,12449.1252,E,94.80,A,3,509*46
$BNRDD,1326,2019-03-19T02:58:00Z,31,3,573,A,0629.3749,N,12449.1276,E,95.10,A,3,507*4D
$BNRDD,1326,2019-03-19T02:58:05Z,33,5,578,A,0629.3784,N,12449.1284,E,95.30,A,3,505*4B
$BNRDD,1326,2019-03-19T02:58:10Z,33,3,581,A,0629.3725,N,12449.1238,E,95.40,A,3,504*45
$BNRDD,1326,2019-03-19T02:58:15Z,36,5,586,A,0629.3670,N,12449.1207,E,95.60,A,3,502*4D
$BNRDD,1326,2019-03-19T02:58:21Z,38,4,590,A,0629.3563,N,12449.1158,E,96.20,A,3,500*4F
$BNRDD,1326,2019-03-19T02:58:26Z,40,5,595,A,0629.3515,N,12449.1150,E,96.20,V,3,499*5C
$BNRDD,1326,2019-03-19T02:58:31Z,41,3,598,A,0629.3564,N,12449.1172,E,96.20,A,3,497*4F
$BNRDD,1326,2019-03-19T02:58:36Z,39,2,600,A,0629.3586,N,12449.1227,E,96.20,A,3,495*49
$BNRDD,1326,2019-03-19T02:58:41Z,44,5,605,A,0629.3594,N,12449.1237,E,96.30,A,3,494*43
$BNRDD,1326,2019-03-19T02:58:46Z,44,5,610,A,0629.3590,N,12449.1242,E,96.30,V,3,494*51
$BNRDD,1326,2019-03-19T02:58:51Z,45,3,613,A,0629.3590,N,12449.1242,E,96.30,V,3,494*53
$BNRDD,1326,2019-03-19T02:58:56Z,47,4,617,A,0629.3590,N,12449.1242,E,96.30,V,3,494*55
$BNRDD,1326,2019-03-19T02:59:01Z,50,6,623,A,0629.3590,N,12449.1242,E,96.30,V,3,494*55
$BNRDD,1326,2019-03-19T02:59:06Z,46,1,624,A,0629.3590,N,12449.1242,E,96.30,V,3,494*55
$BNRDD,1326,2019-03-19T02:59:11Z,45,2,626,A,0629.3590,N,12449.1242,E,96.30,V,3,494*51
$BNRDD,1326,2019-03-19T02:59:16Z,42,2,628,A,0629.3590,N,12449.1242,E,96.30,V,3,494*5F
$BNRDD,1326,2019-03-19T02:59:21Z,38,0,628,A,0629.3590,N,12449.1242,E,96.30,V,3,494*54
$BNRDD,1326,2019-03-19T02:59:26Z,38,5,633,A,0629.3590,N,12449.1242,E,96.30,V,3,494*5C
$BNRDD,1326,2019-03-19T02:59:31Z,37,2,635,A,0629.3590,N,12449.1242,E,96.30,V,3,494*54
$BNRDD,1326,2019-03-19T02:59:36Z,36,1,636,A,0629.3590,N,12449.1242,E,96.30,V,3,494*52
$BNRDD,1326,2019-03-19T02:59:41Z,42,11,647,A,0629.3590,N,12449.1242,E,96.30,V,3,494*66
$BNRDD,1326,2019-03-19T02:59:46Z,43,6,653,A,0629.3590,N,12449.1242,E,96.30,V,3,494*53
$BNRDD,1326,2019-03-19T02:59:51Z,42,2,655,A,0629.3590,N,12449.1242,E,96.30,V,3,494*56
$BNRDD,1326,2019-03-19T02:59:56Z,43,5,660,A,0629.3590,N,12449.1242,E,96.30,V,3,494*51
$BNRDD,1326,2019-03-19T03:00:01Z,40,3,663,A,0629.3590,N,12449.1242,E,96.30,V,3,494*58
$BNRDD,1326,2019-03-19T03:00:06Z,43,4,667,A,0629.3590,N,12449.1242,E,96.30,V,3,494*5F
$BNRDD,1326,2019-03-19T03:00:11Z,45,4,671,A,0629.3590,N,12449.1242,E,96.30,V,3,494*58
$BNRDD,1326,2019-03-19T03:00:16Z,47,4,675,A,0629.3590,N,12449.1242,E,96.30,V,3,494*59
$BNRDD,1326,2019-03-19T03:00:21Z,53,6,681,A,0629.3590,N,12449.1242,E,96.30,V,3,494*51
$BNRDD,1326,2019-03-19T03:00:26Z,52,4,685,A,0629.3590,N,12449.1242,E,96.30,V,3,494*51
$BNRDD,1326,2019-03-19T03:00:31Z,50,0,685,A,0629.3590,N,12449.1242,E,96.30,V,3,494*51
$BNRDD,1326,2019-03-19T03:00:36Z,52,3,688,A,0629.3590,N,12449.1242,E,96.30,V,3,494*5A
$BNRDD,1326,2019-03-19T03:00:41Z,42,1,689,A,0629.3590,N,12449.1242,E,96.30,V,3,494*58
$BNRDD,1326,2019-03-19T03:00:46Z,39,3,692,A,0629.3590,N,12449.1242,E,96.30,V,3,494*5B
$BNRDD,1326,2019-03-19T03:00:51Z,43,6,698,A,0629.3590,N,12449.1242,E,96.30,V,3,494*5F
$BNRDD,1326,2019-03-19T03:00:56Z,44,6,704,A,0629.3590,N,12449.1242,E,96.30,V,3,494*5B
$BNRDD,1326,2019-03-19T03:01:01Z,42,1,705,A,0629.3590,N,12449.1242,E,96.30,V,3,494*58
$BNRDD,1326,2019-03-19T03:01:06Z,43,5,710,A,0629.3590,N,12449.1242,E,96.30,V,3,494*5E
$BNRDD,1326,2019-03-19T03:01:11Z,39,0,710,A,0629.3590,N,12449.1242,E,96.30,V,3,494*50
$BNRDD,1326,2019-03-19T03:01:16Z,39,4,714,A,0629.3590,N,12449.1242,E,96.30,V,3,494*57
$BNRDD,1326,2019-03-19T03:01:21Z,38,5,719,A,0629.3590,N,12449.1242,E,96.30,V,3,494*5E
$BNRDD,1326,2019-03-19T03:01:26Z,39,5,724,A,0629.3590,N,12449.1242,E,96.30,V,3,494*56
$BNRDD,1326,2019-03-19T03:01:31Z,42,3,727,A,0629.3590,N,12449.1242,E,96.30,V,3,494*59
$BNRDD,1326,2019-03-19T03:01:36Z,42,3,730,A,0629.3590,N,12449.1242,E,96.30,V,3,494*58
$BNRDD,1326,2019-03-19T03:01:41Z,45,4,734,A,0629.3590,N,12449.1242,E,96.30,V,3,494*5C
$BNRDD,1326,2019-03-19T03:01:46Z,46,4,738,A,0629.3590,N,12449.1242,E,96.30,V,3,494*54
$BNRDD,1326,2019-03-19T03:01:51Z,42,2,740,A,0629.3590,N,12449.1242,E,96.30,V,3,494*5F
$BNRDD,1326,2019-03-19T03:01:56Z,40,4,744,A,0629.3590,N,12449.1242,E,96.30,V,3,494*58
$BNRDD,1326,2019-03-19T03:02:01Z,43,4,748,A,0629.3590,N,12449.1242,E,96.30,V,3,494*56
$BNRDD,1326,2019-03-19T03:02:06Z,43,5,753,A,0629.3590,N,12449.1242,E,96.30,V,3,494*5A
$BNRDD,1326,2019-03-19T03:02:11Z,48,5,758,A,0629.3590,N,12449.1242,E,96.30,V,3,494*5C
$BNRDD,1326,2019-03-19T03:02:16Z,47,3,761,A,0629.3590,N,12449.1242,E,96.30,V,3,494*58
$BNRDD,1326,2019-03-19T03:02:21Z,47,5,766,A,0629.3590,N,12449.1242,E,96.30,V,3,494*5D
$BNRDD,1326,2019-03-19T03:02:26Z,48,6,772,A,0629.3590,N,12449.1242,E,96.30,V,3,494*53
$BNRDD,1326,2019-03-19T03:02:31Z,50,5,777,A,0629.3590,N,12449.1242,E,96.30,V,3,494*5A
$BNRDD,1326,2019-03-19T03:02:36Z,50,3,780,A,0629.3590,N,12449.1242,E,96.30,V,3,494*53
$BNRDD,1326,2019-03-19T03:02:41Z,47,1,781,A,0629.3590,N,12449.1242,E,96.30,V,3,494*56
$BNRDD,1326,2019-03-19T03:02:47Z,47,4,785,A,0629.3590,N,12449.1242,E,96.30,V,3,494*51
$BNRDD,1326,2019-03-19T03:02:52Z,50,5,790,A,0629.3590,N,12449.1242,E,96.30,V,3,494*56
$BNRDD,1326,2019-03-19T03:02:57Z,50,4,794,A,0629.3590,N,12449.1242,E,96.30,V,3,494*56
$BNRDD,1326,2019-03-19T03:03:02Z,48,2,796,A,0629.3590,N,12449.1242,E,96.30,V,3,494*5A
$BNRDD,1326,2019-03-19T03:03:07Z,47,4,800,A,0629.3590,N,12449.1242,E,96.30,V,3,494*56
$BNRDD,1326,2019-03-19T03:03:12Z,44,2,802,A,0629.3590,N,12449.1242,E,96.30,V,3,494*55
$BNRDD,1326,2019-03-19T03:03:17Z,43,2,804,A,0629.3590,N,12449.1242,E,96.30,V,3,494*51
$BNRDD,1326,2019-03-19T03:03:22Z,41,3,807,A,0629.3590,N,12449.1242,E,96.30,V,3,494*57
$BNRDD,1326,2019-03-19T03:03:27Z,37,2,809,A,0629.3590,N,12449.1242,E,96.30,V,3,494*5C
$BNRDD,1326,2019-03-19T03:03:32Z,34,2,811,A,0629.3590,N,12449.1242,E,96.30,V,3,494*52
$BNRDD,1326,2019-03-19T03:03:37Z,31,0,811,A,0629.3590,N,12449.1242,E,96.30,V,3,494*50
$BNRDD,1326,2019-03-19T03:03:42Z,37,7,818,A,0629.3590,N,12449.1242,E,96.30,V,3,494*5A
$BNRDD,1326,2019-03-19T03:03:47Z,36,3,821,A,0629.3590,N,12449.1242,E,96.30,V,3,494*50
$BNRDD,1326,2019-03-19T03:03:52Z,33,2,823,A,0629.3590,N,12449.1242,E,96.30,V,3,494*52
$BNRDD,1326,2019-03-19T03:03:57Z,35,6,829,A,0629.3590,N,12449.1242,E,96.30,V,3,494*5F
$BNRDD,1326,2019-03-19T03:04:02Z,35,2,831,A,0629.3590,N,12449.1242,E,96.30,V,3,494*55
$BNRDD,1326,2019-03-19T03:04:07Z,33,2,833,A,0629.3590,N,12449.1242,E,96.30,V,3,494*54
$BNRDD,1326,2019-03-19T03:04:12Z,36,5,838,A,0629.3590,N,12449.1242,E,96.30,V,3,494*59
$BNRDD,1326,2019-03-19T03:04:17Z,37,3,841,A,0629.3590,N,12449.1242,E,96.30,V,3,494*55
$BNRDD,1326,2019-03-19T03:04:22Z,38,4,845,A,0629.3590,N,12449.1242,E,96.30,V,3,494*5F
$BNRDD,1326,2019-03-19T03:04:27Z,37,1,846,A,0629.3590,N,12449.1242,E,96.30,V,3,494*53
$BNRDD,1326,2019-03-19T03:04:32Z,38,3,849,A,0629.3228,N,12449.1074,E,102.50,A,5,209*7F
$BNRDD,1326,2019-03-19T03:04:37Z,40,2,851,A,0629.3225,N,12449.1068,E,98.10,A,5,209*4B
$BNRDD,1326,2019-03-19T03:04:42Z,37,4,855,A,0629.3207,N,12449.1055,E,96.70,A,5,209*4D
$BNRDD,1326,2019-03-19T03:04:47Z,37,3,858,A,0629.3203,N,12449.1054,E,96.70,A,5,209*47
$BNRDD,1326,2019-03-19T03:04:52Z,39,4,862,A,0629.3204,N,12449.1050,E,96.70,A,5,210*48
$BNRDD,1326,2019-03-19T03:04:57Z,36,3,865,A,0629.3201,N,12449.1051,E,96.70,A,5,210*46
$BNRDD,1326,2019-03-19T03:05:02Z,36,2,867,A,0629.3217,N,12449.1052,E,96.50,A,5,210*42
$BNRDD,1326,2019-03-19T03:05:07Z,37,3,870,A,0629.3274,N,12449.1013,E,96.40,A,5,210*40
$BNRDD,1326,2019-03-19T03:05:12Z,34,2,872,A,0629.3287,N,12449.0978,E,94.90,A,5,210*42
$BNRDD,1326,2019-03-19T03:05:17Z,34,3,875,A,0629.3276,N,12449.0975,E,94.70,A,5,210*4C
$BNRDD,1326,2019-03-19T03:05:22Z,33,3,878,A,0629.3253,N,12449.0975,E,94.70,A,5,210*47
$BNRDD,1326,2019-03-19T03:05:27Z,36,4,882,A,0629.3254,N,12449.0982,E,94.50,A,5,211*49
$BNRDD,1326,2019-03-19T03:05:32Z,34,1,883,A,0629.3173,N,12449.0975,E,94.50,A,5,211*45
$BNRDD,1326,2019-03-19T03:05:37Z,38,6,889,A,0629.3110,N,12449.0978,E,94.40,A,5,211*48
$BNRDD,1326,2019-03-19T03:05:42Z,38,4,893,A,0629.2994,N,12449.0993,E,94.50,A,4,392*49
$BNRDD,1326,2019-03-19T03:05:47Z,36,1,894,A,0629.3016,N,12449.1003,E,94.50,A,4,391*40
$BNRDD,1326,2019-03-19T03:05:52Z,35,3,897,A,0629.3069,N,12449.0999,E,94.20,A,4,390*43
$BNRDD,1326,2019-03-19T03:06:12Z,35,3,907,A,0629.3178,N,12449.0992,E,93.10,A,4,217*4C
$BNRDD,1326,2019-03-19T03:06:17Z,32,0,907,A,0629.3195,N,12449.1006,E,93.00,A,4,293*46
$BNRDD,1326,2019-03-19T03:06:22Z,32,3,910,A,0629.3209,N,12449.1024,E,92.90,A,4,293*4B
$BNRDD,1326,2019-03-19T03:06:27Z,34,6,916,A,0629.3242,N,12449.1056,E,92.20,A,4,218*49
$BNRDD,1326,2019-03-19T03:06:32Z,39,6,922,A,0629.3291,N,12449.1079,E,91.70,A,3,387*42
$BNRDD,1326,2019-03-19T03:06:37Z,37,4,926,A,0629.3313,N,12449.1073,E,92.00,A,3,387*4A
$BNRDD,1326,2019-03-19T03:06:42Z,33,0,926,A,0629.3296,N,12449.1061,E,92.40,A,3,386*42
$BNRDD,1326,2019-03-19T03:06:47Z,39,7,933,A,0629.3283,N,12449.1050,E,92.80,A,4,218*45
$BNRDD,1326,2019-03-19T03:06:52Z,41,5,938,A,0629.3207,N,12449.1007,E,92.60,A,4,218*47
$BNRDD,1326,2019-03-19T03:06:57Z,44,6,944,A,0629.3178,N,12449.1002,E,92.80,A,4,218*4F
$BNRDD,1326,2019-03-19T03:07:02Z,45,1,945,A,0629.3149,N,12449.1024,E,93.00,A,3,383*42
$BNRDD,1326,2019-03-19T03:07:07Z,42,1,946,A,0629.3084,N,12449.1051,E,93.10,A,3,382*41
$BNRDD,1326,2019-03-19T03:07:12Z,43,4,950,A,0629.3059,N,12449.1083,E,93.20,V,3,382*5D
$BNRDD,1326,2019-03-19T03:07:17Z,47,4,954,A,0629.3059,N,12449.1083,E,93.20,V,3,382*58
$BNRDD,1326,2019-03-19T03:07:23Z,47,3,957,A,0629.3059,N,12449.1083,E,93.20,V,3,382*5B
$BNRDD,1326,2019-03-19T03:07:28Z,45,4,961,A,0629.3079,N,12449.1026,E,93.70,A,4,219*4B
$BNRDD,1326,2019-03-19T03:07:33Z,42,3,964,A,0629.3237,N,12449.1093,E,94.00,A,4,219*42
$BNRDD,1326,2019-03-19T03:07:38Z,41,3,967,A,0629.3232,N,12449.1079,E,94.10,A,4,219*49
$BNRDD,1326,2019-03-19T03:07:43Z,50,9,976,A,0629.3204,N,12449.1059,E,94.20,A,3,230*47
$BNRDD,1326,2019-03-19T03:07:48Z,47,4,980,A,0629.3194,N,12449.1048,E,94.30,A,3,230*45
$BNRDD,1326,2019-03-19T03:07:53Z,46,4,984,A,0629.3199,N,12449.1042,E,94.30,A,3,231*4C
$BNRDD,1326,2019-03-19T03:07:58Z,42,2,986,A,0629.3201,N,12449.1039,E,94.30,A,3,231*49
$BNRDD,1326,2019-03-19T03:08:03Z,45,4,990,A,0629.3218,N,12449.1029,E,94.30,A,3,231*47
$BNRDD,1326,2019-03-19T03:08:08Z,46,2,992,A,0629.3246,N,12449.1027,E,94.30,A,3,231*4E
$BNRDD,1326,2019-03-19T03:08:13Z,48,6,998,A,0629.3271,N,12449.1024,E,94.30,A,3,232*40
$BNRDD,1326,2019-03-19T03:08:18Z,45,1,999,A,0629.3272,N,12449.1028,E,94.40,A,4,219*46
$BNRDD,1326,2019-03-19T03:08:23Z,45,3,1002,A,0629.3228,N,12449.0988,E,94.90,A,3,371*7E
$BNRDD,1326,2019-03-19T03:08:28Z,43,2,1004,A,0629.3184,N,12449.1000,E,94.90,A,3,370*78
$BNRDD,1326,2019-03-19T03:08:33Z,42,2,1006,A,0629.3157,N,12449.1010,E,94.80,A,3,370*7F
$BNRDD,1326,2019-03-19T03:08:38Z,45,6,1012,A,0629.3107,N,12449.1020,E,94.80,A,4,364*76
$BNRDD,1326,2019-03-19T03:08:43Z,42,6,1018,A,0629.3098,N,12449.0986,E,94.90,A,4,363*72
$BNRDD,1326,2019-03-19T03:08:48Z,41,3,1021,A,0629.3110,N,12449.0918,E,95.10,A,4,362*7B
$BNRDD,1326,2019-03-19T03:08:53Z,41,4,1025,A,0629.3044,N,12449.0933,E,95.10,A,4,362*7B
$BNRDD,1326,2019-03-19T03:08:58Z,41,2,1027,A,0629.2990,N,12449.1002,E,95.50,A,5,215*7B
$BNRDD,1326,2019-03-19T03:09:03Z,44,7,1034,A,0629.3003,N,12449.1019,E,95.60,A,5,215*7D
$BNRDD,1326,2019-03-19T03:09:08Z,47,5,1039,A,0629.3021,N,12449.1029,E,95.50,A,5,216*79
$BNRDD,1326,2019-03-19T03:09:13Z,45,4,1043,A,0629.3021,N,12449.1026,E,95.60,A,4,220*75
$BNRDD,1326,2019-03-19T03:09:18Z,47,3,1046,A,0629.3048,N,12449.1029,E,95.40,A,4,220*7C
$BNRDD,1326,2019-03-19T03:09:23Z,47,3,1049,A,0629.3056,N,12449.1043,E,95.30,A,4,220*7F
$BNRDD,1326,2019-03-19T03:09:28Z,48,3,1052,A,0629.3092,N,12449.1046,E,94.90,A,4,220*77
$BNRDD,1326,2019-03-19T03:09:33Z,50,4,1056,A,0629.3148,N,12449.1034,E,94.80,A,4,311*76
$BNRDD,1326,2019-03-19T03:09:38Z,50,6,1062,A,0629.3187,N,12449.1034,E,94.60,A,4,220*76
$BNRDD,1326,2019-03-19T03:09:43Z,48,4,1066,A,0629.3234,N,12449.1047,E,94.60,A,4,220*7A
$BNRDD,1326,2019-03-19T03:09:48Z,51,6,1072,A,0629.3246,N,12449.1039,E,94.60,A,4,313*73
$BNRDD,1326,2019-03-19T03:09:53Z,53,6,1078,A,0629.3253,N,12449.1035,E,94.70,A,4,221*78
$BNRDD,1326,2019-03-19T03:09:58Z,56,5,1083,A,0629.3253,N,12449.1041,E,94.70,A,5,217*76
$BNRDD,1326,2019-03-19T03:10:03Z,53,4,1087,A,0629.3241,N,12449.1033,E,94.60,A,5,217*77
$BNRDD,1326,2019-03-19T03:10:08Z,51,3,1090,A,0629.3243,N,12449.0997,E,94.70,A,5,217*7A
$BNRDD,1326,2019-03-19T03:10:13Z,51,4,1094,A,0629.3248,N,12449.0980,E,94.80,A,5,217*71
$BNRDD,1326,2019-03-19T03:10:18Z,49,1,1095,A,0629.3252,N,12449.0977,E,94.80,A,5,217*74
$BNRDD,1326,2019-03-19T03:10:23Z,49,3,1098,A,0629.3275,N,12449.0983,E,94.80,A,4,221*79
$BNRDD,1326,2019-03-19T03:10:28Z,53,7,1105,A,0629.3302,N,12449.0991,E,94.90,A,4,221*7B
$BNRDD,1326,2019-03-19T03:10:33Z,53,4,1109,A,0629.3324,N,12449.0973,E,94.90,A,4,221*76
$BNRDD,1326,2019-03-19T03:10:38Z,50,3,1112,A,0629.3327,N,12449.0988,E,94.90,A,4,318*7F
$BNRDD,1326,2019-03-19T03:10:43Z,50,4,1116,A,0629.3314,N,12449.1005,E,95.20,A,4,221*7C
$BNRDD,1326,2019-03-19T03:10:48Z,51,7,1123,A,0629.3267,N,12449.1010,E,95.50,A,4,221*75
$BNRDD,1326,2019-03-19T03:10:53Z,50,5,1128,A,0629.3232,N,12449.1002,E,95.80,A,4,221*79
$BNRDD,1326,2019-03-19T03:10:58Z,50,5,1133,A,0629.3213,N,12449.1015,E,95.90,A,4,221*7C
$BNRDD,1326,2019-03-19T03:11:03Z,50,4,1137,A,0629.3204,N,12449.1066,E,95.40,A,4,344*7B
$BNRDD,1326,2019-03-19T03:11:08Z,53,6,1143,A,0629.3231,N,12449.1089,E,95.10,A,4,344*70
$BNRDD,1326,2019-03-19T03:11:13Z,53,4,1147,A,0629.3240,N,12449.1095,E,95.00,A,4,343*71
$BNRDD,1326,2019-03-19T03:11:19Z,54,2,1149,A,0629.3274,N,12449.1131,E,95.10,A,4,342*7C
$BNRDD,1326,2019-03-19T03:11:24Z,55,4,1153,A,0629.3312,N,12449.1157,E,95.00,A,4,342*7E
$BNRDD,1326,2019-03-19T03:11:29Z,56,8,1161,A,0629.3298,N,12449.1164,E,95.00,A,4,341*7D
$BNRDD,1326,2019-03-19T03:11:34Z,56,4,1165,A,0629.3267,N,12449.1137,E,95.10,A,4,341*7E
$BNRDD,1326,2019-03-19T03:11:39Z,62,9,1174,A,0629.3243,N,12449.1119,E,95.40,A,4,340*77
$BNRDD,1326,2019-03-19T03:11:44Z,60,2,1176,A,0629.3190,N,12449.1114,E,95.30,A,3,511*74
$BNRDD,1326,2019-03-19T03:11:49Z,54,1,1177,A,0629.3162,N,12449.1112,E,95.40,A,3,510*71
$BNRDD,1326,2019-03-19T03:11:54Z,54,5,1182,A,0629.3150,N,12449.1124,E,95.50,A,3,509*7E
$BNRDD,1326,2019-03-19T03:11:59Z,56,7,1189,A,0629.3186,N,12449.1118,E,95.50,A,3,508*7D
$BNRDD,1326,2019-03-19T03:12:04Z,57,5,1194,A,0629.3199,N,12449.1101,E,95.50,A,4,449*7C
$BNRDD,1326,2019-03-19T03:12:09Z,55,4,1198,A,0629.3215,N,12449.1090,E,95.60,A,4,462*7A
$BNRDD,1326,2019-03-19T03:12:14Z,55,4,1202,A,0629.3284,N,12449.1053,E,95.90,A,5,219*75
$BNRDD,1326,2019-03-19T03:12:19Z,56,3,1205,A,0629.3295,N,12449.1054,E,96.00,A,5,219*76
$BNRDD,1326,2019-03-19T03:12:24Z,55,3,1208,A,0629.3305,N,12449.1042,E,96.20,A,5,275*71
$BNRDD,1326,2019-03-19T03:12:29Z,51,4,1212,A,0629.3284,N,12449.1036,E,96.50,A,5,219*72
$BNRDD,1326,2019-03-19T03:12:34Z,50,3,1215,A,0629.3252,N,12449.1032,E,96.60,A,5,219*73
$BNRDD,1326,2019-03-19T03:12:39Z,44,3,1218,A,0629.3198,N,12449.1026,E,96.50,A,5,219*75
$BNRDD,1326,2019-03-19T03:12:44Z,42,0,1218,A,0629.3165,N,12449.1015,E,96.50,A,5,219*78
$BNRDD,1326,2019-03-19T03:12:49Z,44,3,1221,A,0629.3115,N,12449.1006,E,96.60,A,5,219*7C
$BNRDD,1326,2019-03-19T03:12:54Z,44,5,1226,A,0629.3059,N,12449.0990,E,96.70,A,5,219*7E
$BNRDD,1326,2019-03-19T03:12:59Z,38,1,1227,A,0629.3073,N,12449.0992,E,96.70,A,5,219*77
$BNRDD,1326,2019-03-19T03:13:04Z,35,2,1229,A,0629.3096,N,12449.0990,E,96.70,A,5,219*77
$BNRDD,1326,2019-03-19T03:13:09Z,36,5,1234,A,0629.3139,N,12449.1003,E,96.80,A,5,219*7B
$BNRDD,1326,2019-03-19T03:13:14Z,36,4,1238,A,0629.3168,N,12449.1029,E,96.80,A,5,220*7C
$BNRDD,1326,2019-03-19T03:13:19Z,35,2,1240,A,0629.3200,N,12449.1023,E,96.90,A,5,220*7D
$BNRDD,1326,2019-03-19T03:13:24Z,36,4,1244,A,0629.3225,N,12449.1007,E,97.00,A,5,220*7B
$BNRDD,1326,2019-03-19T03:13:29Z,35,3,1247,A,0629.3247,N,12449.0984,E,97.10,A,5,220*77
$BNRDD,1326,2019-03-19T03:13:34Z,39,7,1254,A,0629.3155,N,12449.1024,E,97.40,A,5,220*76
$BNRDD,1326,2019-03-19T03:13:39Z,40,4,1258,A,0629.3172,N,12449.1024,E,97.40,A,5,220*7F
$BNRDD,1326,2019-03-19T03:13:44Z,43,3,1261,A,0629.3150,N,12449.1026,E,97.50,A,4,222*7B
$BNRDD,1326,2019-03-19T03:13:49Z,43,3,1264,A,0629.3150,N,12449.1026,E,97.70,A,4,222*71
$BNRDD,1326,2019-03-19T03:13:54Z,39,1,1265,A,0629.3136,N,12449.1032,E,98.00,A,4,222*7E
$BNRDD,1326,2019-03-19T03:13:59Z,46,8,1273,A,0629.3084,N,12449.1035,E,98.10,A,4,223*7A
$BNRDD,1326,2019-03-19T03:14:04Z,51,7,1280,A,0629.3062,N,12449.1029,E,98.10,A,4,222*74
$BNRDD,1326,2019-03-19T03:14:09Z,51,5,1285,A,0629.3074,N,12449.1041,E,98.00,A,5,220*75
$BNRDD,1326,2019-03-19T03:14:14Z,54,7,1292,A,0629.3072,N,12449.1048,E,98.00,A,5,220*77
$BNRDD,1326,2019-03-19T03:14:19Z,56,4,1296,A,0629.3067,N,12449.1053,E,98.00,A,5,220*71
$BNRDD,1326,2019-03-19T03:14:24Z,54,2,1298,A,0629.3070,N,12449.1051,E,98.10,A,5,220*70
$BNRDD,1326,2019-03-19T03:14:29Z,60,9,1307,A,0629.3081,N,12449.1051,E,98.00,A,5,220*79
$BNRDD,1326,2019-03-19T03:14:34Z,56,3,1310,A,0629.3082,N,12449.1052,E,98.00,A,5,220*7C
$BNRDD,1326,2019-03-19T03:14:39Z,56,4,1314,A,0629.3127,N,12449.1082,E,98.00,A,5,220*71
$BNRDD,1326,2019-03-19T03:14:44Z,57,4,1318,A,0629.3144,N,12449.1103,E,98.00,A,5,221*7A
$BNRDD,1326,2019-03-19T03:14:49Z,59,5,1323,A,0629.3144,N,12449.1103,E,98.00,V,5,221*67
$BNRDD,1326,2019-03-19T03:14:54Z,62,4,1327,A,0629.3162,N,12449.0962,E,98.30,A,5,286*75
$BNRDD,1326,2019-03-19T03:14:59Z,59,5,1332,A,0629.3139,N,12449.0889,E,98.50,A,5,221*74
$BNRDD,1326,2019-03-19T03:15:04Z,56,4,1336,A,0629.3147,N,12449.0801,E,98.70,A,5,221*7C
$BNRDD,1326,2019-03-19T03:15:09Z,58,7,1343,A,0629.3155,N,12449.0768,E,99.00,A,5,221*7B
$BNRDD,1326,2019-03-19T03:15:14Z,57,6,1349,A,0629.3275,N,12449.0667,E,99.30,A,5,221*7F
$BNRDD,1326,2019-03-19T03:15:19Z,56,3,1352,A,0629.3391,N,12449.0611,E,99.50,A,4,223*73
$BNRDD,1326,2019-03-19T03:15:24Z,55,1,1353,A,0629.3435,N,12449.0597,E,99.50,V,4,223*6E
$BNRDD,1326,2019-03-19T03:15:30Z,49,3,1356,A,0629.3349,N,12449.0702,E,100.00,V,4,223*57
$BNRDD,1326,2019-03-19T03:15:35Z,49,3,1359,A,0629.3349,N,12449.0702,E,100.00,V,4,223*5D
$BNRDD,1326,2019-03-19T03:15:40Z,47,2,1361,A,0629.3349,N,12449.0702,E,100.00,V,4,223*5B
$BNRDD,1326,2019-03-19T03:15:45Z,48,5,1366,A,0629.3349,N,12449.0702,E,100.00,V,4,223*51
$BNRDD,1326,2019-03-19T03:15:50Z,45,2,1368,A,0629.3349,N,12449.0702,E,100.00,V,4,223*51
$BNRDD,1326,2019-03-19T03:15:55Z,48,7,1375,A,0629.3349,N,12449.0702,E,100.00,V,4,223*50
$BNRDD,1326,2019-03-19T03:16:00Z,44,1,1376,A,0629.3349,N,12449.0702,E,100.00,V,4,223*5A
$BNRDD,1326,2019-03-19T03:16:05Z,43,3,1379,A,0629.3349,N,12449.0702,E,100.00,V,4,223*55
$BNRDD,1326,2019-03-19T03:16:10Z,42,6,1385,A,0629.3169,N,12449.0964,E,98.50,A,5,221*79
$BNRDD,1326,2019-03-19T03:16:15Z,38,2,1387,A,0629.3160,N,12449.0980,E,97.80,A,5,221*76
$BNRDD,1326,2019-03-19T03:16:20Z,39,4,1391,A,0629.3158,N,12449.0978,E,97.70,A,5,221*73
$BNRDD,1326,2019-03-19T03:16:25Z,43,5,1396,A,0629.3164,N,12449.0965,E,97.20,A,5,221*7B
$BNRDD,1326,2019-03-19T03:16:30Z,41,1,1397,A,0629.3172,N,12449.0961,E,96.90,A,5,221*71
$BNRDD,1326,2019-03-19T03:16:35Z,43,5,1402,A,0629.3176,N,12449.0976,E,96.30,A,5,221*71
$BNRDD,1326,2019-03-19T03:16:40Z,44,3,1405,A,0629.3159,N,12449.0998,E,95.40,A,5,221*7C
$BNRDD,1326,2019-03-19T03:16:45Z,43,4,1409,A,0629.3161,N,12449.1015,E,95.00,A,5,221*77
$BNRDD,1326,2019-03-19T03:16:50Z,44,3,1412,A,0629.3173,N,12449.1014,E,94.80,A,4,1248*4D
$BNRDD,1326,2019-03-19T03:16:55Z,41,4,1416,A,0629.3181,N,12449.1010,E,94.80,A,4,310*7A
$BNRDD,1326,2019-03-19T03:17:00Z,44,4,1420,A,0629.3180,N,12449.1005,E,94.80,A,4,310*7E
$BNRDD,1326,2019-03-19T03:17:05Z,44,3,1423,A,0629.3193,N,12449.1000,E,94.90,A,4,310*79
$BNRDD,1326,2019-03-19T03:17:10Z,43,5,1428,A,0629.3198,N,12449.0978,E,94.90,A,4,309*73
$BNRDD,1326,2019-03-19T03:17:15Z,44,3,1431,A,0629.3177,N,12449.0964,E,95.00,A,4,309*7B
$BNRDD,1326,2019-03-19T03:17:20Z,47,7,1438,A,0629.3211,N,12449.0957,E,95.00,A,4,308*71
$BNRDD,1326,2019-03-19T03:17:25Z,45,3,1441,A,0629.3222,N,12449.0941,E,95.00,A,4,308*7B
$BNRDD,1326,2019-03-19T03:17:30Z,50,6,1447,A,0629.3235,N,12449.0945,E,95.10,A,4,308*7B
$BNRDD,1326,2019-03-19T03:17:35Z,47,2,1449,A,0629.3286,N,12449.0956,E,95.30,A,4,307*75
$BNRDD,1326,2019-03-19T03:17:40Z,46,2,1451,A,0629.3286,N,12449.0956,E,95.30,V,4,307*68
$BNRDD,1326,2019-03-19T03:17:45Z,44,2,1453,A,0629.3310,N,12449.1012,E,95.60,A,4,307*79
$BNRDD,1326,2019-03-19T03:17:50Z,44,3,1456,A,0629.3274,N,12449.0994,E,95.70,A,4,306*7C
$BNRDD,1326,2019-03-19T03:17:55Z,42,2,1458,A,0629.3234,N,12449.1014,E,95.80,A,4,306*7B
$BNRDD,1326,2019-03-19T03:18:00Z,42,4,1462,A,0629.3230,N,12449.1005,E,95.80,A,4,305*7C
$BNRDD,1326,2019-03-19T03:18:05Z,43,4,1466,A,0629.3234,N,12449.0980,E,96.80,A,3,487*74
$BNRDD,1326,2019-03-19T03:18:10Z,43,5,1471,A,0629.3226,N,12449.0963,E,96.80,V,3,487*6E
$BNRDD,1326,2019-03-19T03:18:15Z,43,3,1474,A,0629.3459,N,12449.1016,E,97.70,V,3,264*69
$BNRDD,1326,2019-03-19T03:18:20Z,38,2,1476,A,0629.3435,N,12449.1021,E,97.80,A,3,263*71
$BNRDD,1326,2019-03-19T03:18:25Z,40,5,1481,A,0629.3429,N,12449.1047,E,98.00,A,3,264*79
$BNRDD,1326,2019-03-19T03:18:30Z,39,5,1486,A,0629.3423,N,12449.1051,E,98.00,A,3,264*79
$BNRDD,1326,2019-03-19T03:18:35Z,43,6,1492,A,0629.3415,N,12449.1048,E,98.00,V,3,265*6C
$BNRDD,1326,2019-03-19T03:18:40Z,43,2,1494,A,0629.3260,N,12449.1005,E,98.50,A,4,223*76
$BNRDD,1326,2019-03-19T03:18:45Z,46,5,1499,A,0629.3225,N,12449.1024,E,98.50,A,4,223*7E
$BNRDD,1326,2019-03-19T03:18:50Z,47,4,1503,A,0629.3255,N,12449.1074,E,98.40,A,4,223*7B
$BNRDD,1326,2019-03-19T03:18:55Z,47,2,1505,A,0629.3262,N,12449.1109,E,98.30,A,4,223*76
$BNRDD,1326,2019-03-19T03:19:00Z,56,13,1518,A,0629.3251,N,12449.1103,E,98.00,A,4,223*42
$BNRDD,1326,2019-03-19T03:19:05Z,58,6,1524,A,0629.3222,N,12449.1078,E,97.80,A,5,222*7C
$BNRDD,1326,2019-03-19T03:19:10Z,58,5,1529,A,0629.3221,N,12449.1092,E,97.90,A,5,222*70
$BNRDD,1326,2019-03-19T03:19:15Z,59,4,1533,A,0629.3244,N,12449.1097,E,98.00,A,5,222*7E
$BNRDD,1326,2019-03-19T03:19:20Z,62,5,1538,A,0629.3254,N,12449.1110,E,98.20,A,5,222*77
$BNRDD,1326,2019-03-19T03:19:25Z,62,5,1543,A,0629.3262,N,12449.1117,E,98.20,A,5,222*7C
$BNRDD,1326,2019-03-19T03:19:30Z,63,6,1549,A,0629.3245,N,12449.1107,E,98.30,A,5,222*75
$BNRDD,1326,2019-03-19T03:19:35Z,61,4,1553,A,0629.3241,N,12449.1093,E,98.40,A,5,222*74
$BNRDD,1326,2019-03-19T03:19:40Z,63,4,1557,A,0629.3223,N,12449.1092,E,98.40,A,5,222*75
$BNRDD,1326,2019-03-19T03:19:45Z,59,1,1558,A,0629.3226,N,12449.1071,E,98.70,A,5,222*78
$BNRDD,1326,2019-03-19T03:19:50Z,60,5,1563,A,0629.3228,N,12449.1055,E,98.80,A,5,222*7D
$BNRDD,1326,2019-03-19T03:19:56Z,67,9,1572,A,0629.3239,N,12449.1044,E,98.70,A,5,222*7F
$BNRDD,1326,2019-03-19T03:20:01Z,58,4,1576,A,0629.3239,N,12449.1041,E,98.70,A,5,222*77
$BNRDD,1326,2019-03-19T03:20:06Z,56,4,1580,A,0629.3230,N,12449.1055,E,98.70,A,5,222*7B
$BNRDD,1326,2019-03-19T03:20:11Z,55,4,1584,A,0629.3230,N,12449.1071,E,98.70,V,5,222*6B
$BNRDD,1326,2019-03-19T03:20:16Z,56,5,1589,A,0629.3230,N,12449.1071,E,98.70,V,5,222*63
$BNRDD,1326,2019-03-19T03:20:21Z,58,7,1596,A,0629.3230,N,12449.1071,E,98.70,V,5,222*65
$BNRDD,1326,2019-03-19T03:20:26Z,59,6,1602,A,0629.3135,N,12449.0990,E,98.90,A,4,223*74
$BNRDD,1326,2019-03-19T03:20:31Z,57,4,1606,A,0629.3114,N,12449.0944,E,99.00,A,4,222*79
$BNRDD,1326,2019-03-19T03:20:36Z,55,2,1608,A,0629.3105,N,12449.0927,E,99.00,A,4,222*71
$BNRDD,1326,2019-03-19T03:20:41Z,54,3,1611,A,0629.3175,N,12449.0976,E,99.10,A,4,222*7B
$BNRDD,1326,2019-03-19T03:20:46Z,54,1,1612,A,0629.3283,N,12449.1005,E,100.20,A,4,384*44
$BNRDD,1326,2019-03-19T03:20:51Z,57,8,1620,A,0629.3312,N,12449.0996,E,100.80,A,4,384*48
$BNRDD,1326,2019-03-19T03:20:56Z,53,5,1625,A,0629.3336,N,12449.0988,E,101.20,A,4,222*4C
$BNRDD,1326,2019-03-19T03:21:01Z,55,6,1631,A,0629.3312,N,12449.1004,E,101.40,A,4,222*43
$BNRDD,1326,2019-03-19T03:21:06Z,55,4,1635,A,0629.3298,N,12449.1011,E,101.50,A,5,222*45
$BNRDD,1326,2019-03-19T03:21:11Z,57,6,1641,A,0629.3298,N,12449.1010,E,101.80,A,5,222*4C
$BNRDD,1326,2019-03-19T03:21:16Z,57,5,1646,A,0629.3313,N,12449.1000,E,101.90,A,5,222*4D
$BNRDD,1326,2019-03-19T03:21:21Z,52,2,1648,A,0629.3317,N,12449.1002,E,101.90,A,5,221*40
$BNRDD,1326,2019-03-19T03:21:26Z,50,4,1652,A,0629.3317,N,12449.1003,E,101.90,A,5,222*4A
$BNRDD,1326,2019-03-19T03:21:31Z,47,1,1653,A,0629.3340,N,12449.0998,E,101.90,A,5,221*45
$BNRDD,1326,2019-03-19T03:21:36Z,47,2,1655,A,0629.3336,N,12449.0995,E,101.90,A,5,222*48
$BNRDD,1326,2019-03-19T03:21:41Z,48,4,1659,A,0629.3284,N,12449.1010,E,101.40,A,5,221*4E
$BNRDD,1326,2019-03-19T03:21:46Z,58,11,1670,A,0629.3291,N,12449.1016,E,101.60,A,5,221*77
$BNRDD,1326,2019-03-19T03:21:51Z,53,3,1673,A,0629.3312,N,12449.1025,E,101.70,A,5,221*41
$BNRDD,1326,2019-03-19T03:21:56Z,50,2,1675,A,0629.3304,N,12449.1027,E,101.80,A,5,316*4D
$BNRDD,1326,2019-03-19T03:22:01Z,47,3,1678,A,0629.3302,N,12449.1020,E,102.00,A,4,222*4B
$BNRDD,1326,2019-03-19T03:22:06Z,49,6,1684,A,0629.3296,N,12449.1011,E,102.20,A,4,222*48
$BNRDD,1326,2019-03-19T03:22:11Z,45,2,1686,A,0629.3295,N,12449.1013,E,102.30,A,4,222*44
$BNRDD,1326,2019-03-19T03:22:16Z,41,1,1687,A,0629.3290,N,12449.1015,E,102.30,A,4,222*46
$BNRDD,1326,2019-03-19T03:22:21Z,41,2,1689,A,0629.3226,N,12449.1027,E,102.10,A,4,222*41
$BNRDD,1326,2019-03-19T03:22:26Z,42,5,1694,A,0629.3189,N,12449.1054,E,101.80,A,4,222*46
$BNRDD,1326,2019-03-19T03:22:31Z,44,3,1697,A,0629.3187,N,12449.1075,E,101.60,A,4,222*40
$BNRDD,1326,2019-03-19T03:22:36Z,45,3,1700,A,0629.3206,N,12449.1102,E,101.30,A,5,221*45
$BNRDD,1326,2019-03-19T03:22:41Z,44,3,1703,A,0629.3246,N,12449.1121,E,101.00,A,5,221*41
$BNRDD,1326,2019-03-19T03:22:46Z,35,2,1705,A,0629.3246,N,12449.1098,E,100.80,A,5,320*4D
$BNRDD,1326,2019-03-19T03:22:51Z,38,6,1711,A,0629.3235,N,12449.1095,E,100.80,A,5,221*4E
$BNRDD,1326,2019-03-19T03:22:56Z,40,4,1715,A,0629.3227,N,12449.1084,E,100.80,A,5,221*43
$BNRDD,1326,2019-03-19T03:23:01Z,39,2,1717,A,0629.3212,N,12449.1070,E,100.80,A,5,221*47
$BNRDD,1326,2019-03-19T03:23:06Z,39,6,1723,A,0629.3210,N,12449.1070,E,100.80,A,5,221*41
$BNRDD,1326,2019-03-19T03:23:11Z,39,2,1725,A,0629.3209,N,12449.1069,E,100.80,A,5,322*47
$BNRDD,1326,2019-03-19T03:23:16Z,42,4,1729,A,0629.3210,N,12449.1071,E,100.80,A,5,221*45
$BNRDD,1326,2019-03-19T03:23:21Z,42,2,1731,A,0629.3201,N,12449.1077,E,100.80,A,5,221*48
$BNRDD,1326,2019-03-19T03:23:26Z,40,3,1734,A,0629.3197,N,12449.1071,E,99.90,A,5,221*73
$BNRDD,1326,2019-03-19T03:23:31Z,39,2,1736,A,0629.3213,N,12449.1067,E,98.90,A,5,221*71
$BNRDD,1326,2019-03-19T03:23:36Z,39,3,1739,A,0629.3217,N,12449.1078,E,99.20,A,5,221*78
$BNRDD,1326,2019-03-19T03:23:41Z,37,1,1740,A,0629.3145,N,12449.1097,E,99.60,A,5,221*7B
$BNRDD,1326,2019-03-19T03:23:46Z,39,4,1744,A,0629.3112,N,12449.1087,E,99.80,A,5,221*7E
$BNRDD,1326,2019-03-19T03:23:51Z,36,3,1747,A,0629.3061,N,12449.1088,E,99.90,A,5,221*78
$BNRDD,1326,2019-03-19T03:23:56Z,38,6,1753,A,0629.3057,N,12449.1102,E,100.10,A,5,221*4E
$BNRDD,1326,2019-03-19T03:24:01Z,40,4,1757,A,0629.3075,N,12449.1096,E,100.10,A,5,221*4E
$BNRDD,1326,2019-03-19T03:24:06Z,39,5,1762,A,0629.3100,N,12449.1088,E,100.10,A,5,221*4C
$BNRDD,1326,2019-03-19T03:24:11Z,41,4,1766,A,0629.3116,N,12449.1076,E,100.10,A,5,221*46
$BNRDD,1326,2019-03-19T03:24:16Z,42,5,1771,A,0629.3120,N,12449.1075,E,100.10,A,5,326*45
$BNRDD,1326,2019-03-19T03:24:21Z,40,0,1771,A,0629.3138,N,12449.1086,E,100.30,A,5,220*46
$BNRDD,1326,2019-03-19T03:24:26Z,39,2,1773,A,0629.3150,N,12449.1074,E,100.50,A,5,220*4A
$BNRDD,1326,2019-03-19T03:24:32Z,40,3,1776,A,0629.3171,N,12449.1058,E,100.20,A,5,220*4F
$BNRDD,1326,2019-03-19T03:24:37Z,39,2,1778,A,0629.3167,N,12449.1055,E,100.20,A,5,220*41
$BNRDD,1326,2019-03-19T03:24:42Z,40,2,1780,A,0629.3181,N,12449.1013,E,100.50,A,5,220*47
$BNRDD,1326,2019-03-19T03:24:47Z,38,2,1782,A,0629.3194,N,12449.0996,E,100.60,A,5,220*4D
$BNRDD,1326,2019-03-19T03:24:52Z,44,9,1791,A,0629.3192,N,12449.0984,E,100.60,A,4,220*4F
$BNRDD,1326,2019-03-19T03:24:57Z,40,2,1793,A,0629.3194,N,12449.0972,E,100.60,A,4,221*49
$BNRDD,1326,2019-03-19T03:25:02Z,40,4,1797,A,0629.3198,N,12449.0968,E,100.60,A,4,220*4C
$BNRDD,1326,2019-03-19T03:25:07Z,39,4,1801,A,0629.3150,N,12449.0936,E,100.70,A,4,220*49
$BNRDD,1326,2019-03-19T03:25:12Z,40,5,1806,A,0629.3111,N,12449.0906,E,100.70,A,4,220*43
$BNRDD,1326,2019-03-19T03:25:17Z,38,3,1809,A,0629.3122,N,12449.0906,E,101.10,A,4,220*47
$BNRDD,1326,2019-03-19T03:25:22Z,40,2,1811,A,0629.3161,N,12449.0936,E,101.40,A,4,220*47
$BNRDD,1326,2019-03-19T03:25:27Z,45,7,1818,A,0629.3167,N,12449.0948,E,101.50,A,4,220*45
$BNRDD,1326,2019-03-19T03:25:32Z,46,4,1822,A,0629.3217,N,12449.1012,E,102.00,A,4,220*4D
$BNRDD,1326,2019-03-19T03:25:37Z,48,4,1826,A,0629.3247,N,12449.1061,E,102.40,A,4,220*47
$BNRDD,1326,2019-03-19T03:25:42Z,54,8,1834,A,0629.3221,N,12449.1075,E,102.60,A,5,220*41
$BNRDD,1326,2019-03-19T03:25:47Z,53,1,1835,A,0629.3213,N,12449.1079,E,102.30,A,5,220*43
$BNRDD,1326,2019-03-19T03:25:52Z,47,3,1838,A,0629.3207,N,12449.1059,E,102.40,A,5,220*4D
$BNRDD,1326,2019-03-19T03:25:57Z,50,5,1843,A,0629.3195,N,12449.1054,E,102.40,A,5,220*41
$BNRDD,1326,2019-03-19T03:26:02Z,49,3,1846,A,0629.3194,N,12449.1041,E,102.50,A,5,220*4D
$BNRDD,1326,2019-03-19T03:26:07Z,50,5,1851,A,0629.3186,N,12449.1038,E,102.50,A,5,219*47
$BNRDD,1326,2019-03-19T03:26:12Z,47,2,1853,A,0629.3224,N,12449.1065,E,102.30,A,5,219*45
$BNRDD,1326,2019-03-19T03:26:17Z,50,6,1859,A,0629.3293,N,12449.1067,E,101.70,A,5,334*4F
$BNRDD,1326,2019-03-19T03:26:22Z,50,2,1861,A,0629.3374,N,12449.1066,E,101.50,A,5,335*4C
$BNRDD,1326,2019-03-19T03:26:27Z,52,9,1870,A,0629.3373,N,12449.1027,E,101.00,A,5,335*47
$BNRDD,1326,2019-03-19T03:26:32Z,52,4,1874,A,0629.3379,N,12449.1009,E,101.00,A,5,219*43
$BNRDD,1326,2019-03-19T03:26:37Z,53,5,1879,A,0629.3378,N,12449.1005,E,101.00,A,4,361*49
$BNRDD,1326,2019-03-19T03:26:42Z,48,3,1882,A,0629.3379,N,12449.1009,E,101.00,A,4,284*44
$BNRDD,1326,2019-03-19T03:26:47Z,49,2,1884,A,0629.3291,N,12449.1009,E,100.90,A,5,219*4D
$BNRDD,1326,2019-03-19T03:26:52Z,53,7,1891,A,0629.3165,N,12449.0990,E,100.90,A,5,219*43
$BNRDD,1326,2019-03-19T03:26:57Z,56,8,1899,A,0629.3118,N,12449.1002,E,101.00,A,5,219*45
$BNRDD,1326,2019-03-19T03:27:02Z,53,0,1899,A,0629.3111,N,12449.1012,E,101.00,A,5,219*41
$BNRDD,1326,2019-03-19T03:27:07Z,53,5,1904,A,0629.3064,N,12449.0966,E,101.10,A,5,219*4D
$BNRDD,1326,2019-03-19T03:27:12Z,53,2,1906,A,0629.3020,N,12449.0953,E,101.10,A,4,280*4B
$BNRDD,1326,2019-03-19T03:27:17Z,50,3,1909,A,0629.2994,N,12449.0944,E,101.10,V,4,280*55
$BNRDD,1326,2019-03-19T03:27:22Z,52,4,1913,A,0629.2990,N,12449.0947,E,101.10,A,4,279*4B
$BNRDD,1326,2019-03-19T03:27:27Z,48,5,1918,A,0629.2988,N,12449.0938,E,101.10,A,4,279*4E
$BNRDD,1326,2019-03-19T03:27:32Z,48,4,1922,A,0629.2999,N,12449.0943,E,101.10,A,4,279*4E
$BNRDD,1326,2019-03-19T03:27:37Z,44,1,1923,A,0629.3110,N,12449.0980,E,101.00,A,4,279*45
$BNRDD,1326,2019-03-19T03:27:42Z,46,5,1928,A,0629.3109,N,12449.0978,E,100.70,A,4,279*43
$BNRDD,1326,2019-03-19T03:27:47Z,44,0,1928,A,0629.3107,N,12449.0960,E,100.40,A,4,279*45
$BNRDD,1326,2019-03-19T03:27:52Z,43,6,1934,A,0629.3125,N,12449.0952,E,100.30,A,4,279*4B
$BNRDD,1326,2019-03-19T03:27:57Z,38,3,1937,A,0629.3131,N,12449.0948,E,100.10,A,4,278*49
$BNRDD,1326,2019-03-19T03:28:02Z,40,2,1939,A,0629.3120,N,12449.0934,E,100.00,A,4,278*4C
$BNRDD,1326,2019-03-19T03:28:07Z,37,2,1941,A,0629.3128,N,12449.0905,E,100.00,A,4,278*4C
$BNRDD,1326,2019-03-19T03:28:12Z,39,4,1945,A,0629.3172,N,12449.0892,E,100.10,A,4,278*45
$BNRDD,1326,2019-03-19T03:28:17Z,40,4,1949,A,0629.3190,N,12449.0917,E,100.00,A,4,278*43
$BNRDD,1326,2019-03-19T03:28:22Z,36,0,1949,A,0629.3201,N,12449.0935,E,99.90,A,4,278*73
$BNRDD,1326,2019-03-19T03:28:27Z,33,2,1951,A,0629.3220,N,12449.0937,E,99.80,A,4,278*78
$BNRDD,1326,2019-03-19T03:28:33Z,35,6,1957,A,0629.3241,N,12449.0932,E,99.80,A,4,1129*4D
$BNRDD,1326,2019-03-19T03:28:38Z,36,2,1959,A,0629.3208,N,12449.0930,E,99.80,A,4,278*76
$BNRDD,1326,2019-03-19T03:28:43Z,36,5,1964,A,0629.3197,N,12449.0919,E,99.80,A,4,278*7D
$BNRDD,1326,2019-03-19T03:28:48Z,42,6,1970,A,0629.3182,N,12449.0944,E,99.80,A,4,277*70
$BNRDD,1326,2019-03-19T03:28:53Z,42,6,1976,A,0629.3153,N,12449.0931,E,99.70,A,4,277*7D
$BNRDD,1326,2019-03-19T03:28:58Z,41,2,1978,A,0629.3144,N,12449.0939,E,99.70,A,4,277*71
$BNRDD,1326,2019-03-19T03:29:03Z,44,5,1983,A,0629.3176,N,12449.0935,E,99.50,A,4,277*77
$BNRDD,1326,2019-03-19T03:29:08Z,47,5,1988,A,0629.3172,N,12449.0949,E,99.50,A,4,277*7B
$BNRDD,1326,2019-03-19T03:29:13Z,47,4,1992,A,0629.3231,N,12449.1011,E,99.20,A,4,277*7D
$BNRDD,1326,2019-03-19T03:29:18Z,44,1,1993,A,0629.3306,N,12449.1093,E,98.70,A,4,277*7A
$BNRDD,1326,2019-03-19T03:29:23Z,50,6,1999,A,0629.3282,N,12449.1077,E,98.60,A,4,277*7C
$BNRDD,1326,2019-03-19T03:29:28Z,51,3,2002,A,0629.3278,N,12449.1063,E,98.40,A,4,277*79
$BNRDD,1326,2019-03-19T03:29:33Z,46,1,2003,A,0629.3249,N,12449.1036,E,98.50,A,4,276*74
$BNRDD,1326,2019-03-19T03:29:38Z,50,6,2009,A,0629.3211,N,12449.0974,E,98.50,A,4,276*76
$BNRDD,1326,2019-03-19T03:29:43Z,49,4,2013,A,0629.3183,N,12449.0934,E,98.60,A,4,276*74
$BNRDD,1326,2019-03-19T03:29:48Z,49,6,2019,A,0629.3181,N,12449.0962,E,98.60,A,4,276*76
$BNRDD,1326,2019-03-19T03:29:53Z,46,3,2022,A,0629.3183,N,12449.0991,E,99.00,V,3,286*68
$BNRDD,1326,2019-03-19T03:29:58Z,50,6,2028,A,0629.3183,N,12449.0991,E,99.00,V,3,286*6B
$BNRDD,1326,2019-03-19T03:30:03Z,49,4,2032,A,0629.3183,N,12449.0991,E,99.00,V,3,286*6C
$BNRDD,1326,2019-03-19T03:30:08Z,45,1,2033,A,0629.3243,N,12449.1028,E,99.80,A,3,286*75
$BNRDD,1326,2019-03-19T03:30:13Z,48,7,2040,A,0629.3245,N,12449.1060,E,100.10,A,3,286*42
$BNRDD,1326,2019-03-19T03:30:18Z,49,2,2042,A,0629.3219,N,12449.1043,E,100.40,A,3,286*42
$BNRDD,1326,2019-03-19T03:30:23Z,47,4,2046,A,0629.3184,N,12449.0993,E,100.60,A,3,286*46
$BNRDD,1326,2019-03-19T03:30:28Z,45,1,2047,A,0629.3160,N,12449.0940,E,100.80,A,3,286*41
$BNRDD,1326,2019-03-19T03:30:33Z,46,2,2049,A,0629.3160,N,12449.0950,E,101.00,A,3,286*4D
$BNRDD,1326,2019-03-19T03:30:38Z,43,3,2052,A,0629.3164,N,12449.0953,E,101.10,A,3,286*4E
$BNRDD,1326,2019-03-19T03:30:43Z,43,4,2056,A,0629.3206,N,12449.0978,E,101.10,A,4,1118*7D
$BNRDD,1326,2019-03-19T03:30:48Z,40,3,2059,A,0629.3212,N,12449.0979,E,101.20,A,4,275*43
$BNRDD,1326,2019-03-19T03:30:53Z,38,1,2060,A,0629.3241,N,12449.0997,E,101.30,A,4,275*49
$BNRDD,1326,2019-03-19T03:30:58Z,34,2,2062,A,0629.3258,N,12449.0961,E,101.80,A,4,275*45
$BNRDD,1326,2019-03-19T03:31:03Z,34,4,2066,A,0629.3235,N,12449.0938,E,102.30,A,4,275*47
$BNRDD,1326,2019-03-19T03:31:08Z,35,2,2068,A,0629.3191,N,12449.0953,E,102.60,A,4,275*40
$BNRDD,1326,2019-03-19T03:31:13Z,30,2,2070,A,0629.3074,N,12449.0920,E,103.10,A,5,215*49
$BNRDD,1326,2019-03-19T03:31:18Z,32,4,2074,A,0629.2968,N,12449.0976,E,105.60,A,5,215*45
$BNRDD,1326,2019-03-19T03:31:23Z,30,2,2076,A,0629.3084,N,12449.1072,E,106.50,A,5,215*4D
$BNRDD,1326,2019-03-19T03:31:28Z,33,4,2080,A,0629.3154,N,12449.1079,E,106.90,A,5,215*41
$BNRDD,1326,2019-03-19T03:31:33Z,33,2,2082,A,0629.3124,N,12449.1057,E,107.60,A,4,215*4B
$BNRDD,1326,2019-03-19T03:31:38Z,35,5,2087,A,0629.3116,N,12449.1033,E,107.70,A,3,285*48
$BNRDD,1326,2019-03-19T03:31:43Z,31,0,2087,A,0629.3122,N,12449.1007,E,108.10,A,4,215*42
$BNRDD,1326,2019-03-19T03:31:48Z,35,7,2094,A,0629.3122,N,12449.1025,E,108.30,A,4,215*4A
$BNRDD,1326,2019-03-19T03:31:53Z,36,2,2096,A,0629.3109,N,12449.1057,E,108.50,A,4,215*4E
# NEW LOG
# format=1.3.6nano
# deadtime=on
# NEW LOG
# format=1.3.6nano
# deadtime=on
